   5.0000000000000000        0.0000000000000000     
   15.000000000000000        0.0000000000000000     
   25.000000000000000        0.0000000000000000     
   35.000000000000000        279.26395605978138     
   45.000000000000000        87248.987243559546     
   55.000000000000000        175446.91881507915     
   65.000000000000000        220982.99730129627     
   75.000000000000000        263756.61215683655     
   85.000000000000000        293102.77217828692     
   95.000000000000000        302904.58182780084     
   105.00000000000000        293710.59589908755     
   115.00000000000000        267549.91262966447     
   125.00000000000000        230403.88513326392     
   135.00000000000000        189264.22274814991     
   145.00000000000000        149217.74615522893     
   155.00000000000000        114264.15209279093     
   165.00000000000000        85465.352686594808     
   175.00000000000000        63805.640182330622     
   185.00000000000000        47449.074463193814     
   195.00000000000000        35835.664497301754     
   205.00000000000000        27594.175444739874     
   215.00000000000000        21889.048269018112     
   225.00000000000000        17890.036559903296     
   235.00000000000000        15061.468115227182     
   245.00000000000000        13037.061565906220     
   255.00000000000000        11524.446583084418     
   265.00000000000000        10380.883824298211     
   275.00000000000000        9460.4399996603297     
   285.00000000000000        8711.2771208932008     
   295.00000000000000        8068.6620167868641     
   305.00000000000000        7514.7275001667313     
   315.00000000000000        7027.2499073622876     
   325.00000000000000        6586.4093423641662     
   335.00000000000000        6101.2634559177386     
   345.00000000000000        5643.2706193829226     
   355.00000000000000        5213.3640581739419     
   365.00000000000000        4810.2890178073176     
   375.00000000000000        4434.3990795634381     
   385.00000000000000        4084.5264670769557     
   395.00000000000000        3760.3998235768508     
   405.00000000000000        3460.1843991107439     
   415.00000000000000        3182.8582049363968     
   425.00000000000000        2926.8397608507908     
   435.00000000000000        2691.7854574247367     
   445.00000000000000        2475.7960047980919     
   455.00000000000000        2276.8721301378291     
   465.00000000000000        2094.4484024570829     
   475.00000000000000        1927.4057530963746     
   485.00000000000000        1773.9571344679346     
   495.00000000000000        1633.5084522228278     
