   5.0000000000000000        0.0000000000000000     
   15.000000000000000        0.0000000000000000     
   25.000000000000000        0.0000000000000000     
   35.000000000000000        114.05854907206530     
   45.000000000000000        35477.798127008966     
   55.000000000000000        71289.313336027641     
   65.000000000000000        89750.563344832655     
   75.000000000000000        107016.61168316368     
   85.000000000000000        118828.29046311488     
   95.000000000000000        122731.24767229470     
   105.00000000000000        118959.94859364751     
   115.00000000000000        108359.68006622817     
   125.00000000000000        93348.942684584574     
   135.00000000000000        76736.138580064566     
   145.00000000000000        60560.131821233648     
   155.00000000000000        46420.700667492390     
   165.00000000000000        34744.840606601967     
   175.00000000000000        25932.378869402939     
   185.00000000000000        19253.154847917180     
   195.00000000000000        14489.194601735640     
   205.00000000000000        11092.252110101923     
   215.00000000000000        8730.3592004177226     
   225.00000000000000        7068.1308340371979     
   235.00000000000000        5888.8057218658396     
   245.00000000000000        5043.9711427258389     
   255.00000000000000        4413.7169460783307     
   265.00000000000000        3939.8205035959177     
   275.00000000000000        3561.1053202240569     
   285.00000000000000        3256.3710051167654     
   295.00000000000000        2997.7203959049093     
   305.00000000000000        2777.9116752269624     
   315.00000000000000        2587.3618796944015     
   325.00000000000000        2417.0619255505135     
   335.00000000000000        2242.0817609898609     
   345.00000000000000        2079.1081542456914     
   355.00000000000000        1926.9309045778111     
   365.00000000000000        1784.4601068337015     
   375.00000000000000        1651.5053560897497     
   385.00000000000000        1527.3823027058559     
   395.00000000000000        1411.9342932007100     
   405.00000000000000        1304.3792091960547     
   415.00000000000000        1204.4287506925066     
   425.00000000000000        1111.5378887203033     
   435.00000000000000        1025.8041755258248     
   445.00000000000000        946.56965802705088     
   455.00000000000000        873.10439723218587     
   465.00000000000000        805.38360750578238     
   475.00000000000000        743.09663200204352     
   485.00000000000000        685.55507299222518     
   495.00000000000000        632.66023903334587     
