   8.7500000000000000        0.0000000000000000     
   26.250000000000000        7.0943774516236357E-007
   43.750000000000000        1.1411230231088702E-002
   61.250000000000000        12.257529154015684     
   78.750000000000000        114.19199609398190     
   96.250000000000000        475.57575713246194     
   113.75000000000000        1169.1995948381893     
   131.25000000000000        1974.7810237134088     
   148.75000000000000        2672.3882617018135     
   166.25000000000000        3165.4523441055298     
   183.75000000000000        3365.0187711364592     
   201.25000000000000        3165.3620775336058     
   218.75000000000000        2597.5040241605907     
   236.25000000000000        1872.3526057355871     
   253.75000000000000        1209.8105263213245     
   271.25000000000000        741.30464858111691     
   288.75000000000000        458.48081916565570     
   306.25000000000000        301.14224513038914     
   323.75000000000000        218.02052500674532     
   341.25000000000000        171.07375047475279     
   358.75000000000000        142.25213600463681     
   376.25000000000000        122.10273316873395     
   393.75000000000000        106.72815651332168     
   411.25000000000000        93.912346481187171     
   428.75000000000000        82.674952529575322     
   446.25000000000000        72.635665618336404     
   463.75000000000000        63.564611261298907     
   481.25000000000000        55.431894779575636     
   498.75000000000000        48.193320470719911     
   516.25000000000000        41.807008540906210     
   533.75000000000000        36.221720404614402     
   551.25000000000000        31.370450666106500     
   568.75000000000000        27.174531624999911     
   586.25000000000000        23.553608099907365     
   603.75000000000000        20.438434507641105     
