   8.7500000000000000        0.0000000000000000     
   26.250000000000000        0.0000000000000000     
   43.750000000000000        2.3235136774975133E-002
   61.250000000000000        7.2566934478808127     
   78.750000000000000        105.09031903654360     
   96.250000000000000        464.90015609302293     
   113.75000000000000        1064.5264892096861     
   131.25000000000000        1985.7033537400571     
   148.75000000000000        2612.3630075089145     
   166.25000000000000        3068.1226133993900     
   183.75000000000000        3276.2947202514802     
   201.25000000000000        3209.6837319207557     
   218.75000000000000        2706.2302382490848     
   236.25000000000000        1974.7606440018094     
   253.75000000000000        1379.5544429140232     
   271.25000000000000        838.89295928354352     
   288.75000000000000        532.27826925134434     
   306.25000000000000        307.79109870862709     
   323.75000000000000        208.70807271483784     
   341.25000000000000        152.06836937556471     
   358.75000000000000        120.97696210935582     
   376.25000000000000        106.33895757305586     
   393.75000000000000        95.088106992789506     
   411.25000000000000        84.811442111764507     
   428.75000000000000        75.303464689067113     
   446.25000000000000        65.977278624846704     
   463.75000000000000        57.813514452234529     
   481.25000000000000        50.331513816161277     
   498.75000000000000        44.044363271247427     
   516.25000000000000        38.457979640740248     
   533.75000000000000        33.760529020226784     
   551.25000000000000        29.454231356187037     
   568.75000000000000        25.984183553054287     
   586.25000000000000        22.592847885180472     
   603.75000000000000        19.845923402073215     
