   5.0000000000000000        0.0000000000000000     
   15.000000000000000        0.0000000000000000     
   25.000000000000000        0.0000000000000000     
   35.000000000000000        2.0500475189952634E-004
   45.000000000000000        2.5148418793604861E-002
   55.000000000000000        2.6770103973743384     
   65.000000000000000        14.019834038411533     
   75.000000000000000        48.942793333047547     
   85.000000000000000        132.44319887300824     
   95.000000000000000        282.76327736687279     
   105.00000000000000        502.95268178999459     
   115.00000000000000        780.37038668269565     
   125.00000000000000        1066.1963911896671     
   135.00000000000000        1341.5117091349773     
   145.00000000000000        1586.2396794323197     
   155.00000000000000        1785.9827644878746     
   165.00000000000000        1938.5245101221644     
   175.00000000000000        2033.7272830798372     
   185.00000000000000        2057.3867595772717     
   195.00000000000000        1998.6282512982038     
   205.00000000000000        1858.6334515084957     
   215.00000000000000        1650.1065527941025     
   225.00000000000000        1401.9849941292080     
   235.00000000000000        1143.9158997851832     
   245.00000000000000        905.42279994998808     
   255.00000000000000        694.04957130051218     
   265.00000000000000        522.34310257844641     
   275.00000000000000        391.78832440698545     
   285.00000000000000        294.63273040351038     
   295.00000000000000        225.86247581554520     
   305.00000000000000        177.67506652530429     
   315.00000000000000        144.38513206964353     
   325.00000000000000        120.88211084094335     
   335.00000000000000        104.03810941948404     
   345.00000000000000        91.727635876697420     
   355.00000000000000        82.180934430402047     
   365.00000000000000        74.525708840243482     
   375.00000000000000        68.272004380723729     
   385.00000000000000        62.923782576604381     
   395.00000000000000        58.254578843832910     
   405.00000000000000        54.075175930665701     
   415.00000000000000        50.247224689722266     
   425.00000000000000        46.714493577189501     
   435.00000000000000        43.398691842247395     
   445.00000000000000        40.303036117197166     
   455.00000000000000        37.390131370151835     
   465.00000000000000        34.657703812046442     
   475.00000000000000        32.093963195520672     
   485.00000000000000        29.690028734663475     
   495.00000000000000        27.446934359941533     
