   5.0000000000000000        0.0000000000000000     
   15.000000000000000        0.0000000000000000     
   25.000000000000000        0.0000000000000000     
   35.000000000000000        1.0583950372404349E-004
   45.000000000000000        1.3192381731425649E-002
   55.000000000000000        1.4227957207523148     
   65.000000000000000        7.4959008774667444     
   75.000000000000000        26.504521138880747     
   85.000000000000000        72.682533882484819     
   95.000000000000000        157.33961158057539     
   105.00000000000000        284.01445478089954     
   115.00000000000000        447.48528011279484     
   125.00000000000000        621.15266495635240     
   135.00000000000000        793.84977067702198     
   145.00000000000000        953.00833318815887     
   155.00000000000000        1088.8895678621107     
   165.00000000000000        1198.7958693887570     
   175.00000000000000        1275.1185363428476     
   185.00000000000000        1307.3495896576223     
   195.00000000000000        1286.6386796018917     
   205.00000000000000        1211.6845029266026     
   215.00000000000000        1088.9191777526948     
   225.00000000000000        936.11326865091019     
   235.00000000000000        772.55257560008488     
   245.00000000000000        618.35588161405599     
   255.00000000000000        479.36935262540374     
   265.00000000000000        365.02709614996235     
   275.00000000000000        277.22977503244948     
   285.00000000000000        211.36346620497883     
   295.00000000000000        164.49036082504159     
   305.00000000000000        131.52908505896633     
   315.00000000000000        108.72161355234584     
   325.00000000000000        92.606502056426862     
   335.00000000000000        80.846937014591006     
   345.00000000000000        72.156874553330155     
   355.00000000000000        65.327485319171601     
   365.00000000000000        59.762850175626035     
   375.00000000000000        55.127440573229165     
   385.00000000000000        51.084392598385108     
   395.00000000000000        47.481955169517690     
   405.00000000000000        44.196744125064406     
   415.00000000000000        41.139956283631541     
   425.00000000000000        38.278824704252457     
   435.00000000000000        35.566701713909907     
   445.00000000000000        33.009394750815183     
   455.00000000000000        30.586753930233272     
   465.00000000000000        28.300302655420200     
   475.00000000000000        26.145228512548719     
   485.00000000000000        24.117987330186683     
   495.00000000000000        22.220763247705833     
