   10.000000000000000        0.0000000000000000     
   30.000000000000000        6.1684555943266004E-007
   50.000000000000000        3.9962385842225463E-003
   70.000000000000000        1.1408733578239036     
   90.000000000000000        19.248414397418248     
   110.00000000000000        99.890841793655312     
   130.00000000000000        363.54631504464533     
   150.00000000000000        936.89848271029928     
   170.00000000000000        1759.6433380366207     
   190.00000000000000        2589.2664747188664     
   210.00000000000000        3253.5778380937522     
   230.00000000000000        3681.2735030081512     
   250.00000000000000        3830.3277131224340     
   270.00000000000000        3641.3536433130075     
   290.00000000000000        3126.5194910544174     
   310.00000000000000        2429.6836799816260     
   330.00000000000000        1735.6618993827512     
   350.00000000000000        1163.3264763912250     
   370.00000000000000        751.83473931275773     
   390.00000000000000        489.22686557255338     
   410.00000000000000        329.01497769342467     
   430.00000000000000        234.48357809942692     
   450.00000000000000        177.68224369328030     
   470.00000000000000        141.87643515405134     
   490.00000000000000        117.12384626975275     
   510.00000000000000        99.201334681474762     
   530.00000000000000        85.353029954347051     
   550.00000000000000        74.137824364774815     
   570.00000000000000        64.749035763853470     
   590.00000000000000        56.701102073129235     
   610.00000000000000        49.703002405547018     
   630.00000000000000        43.572943416232370     
   650.00000000000000        38.203085167328524     
   670.00000000000000        33.482320702510073     
   690.00000000000000        29.360645119887440     
   710.00000000000000        25.750852350403701     
   730.00000000000000        22.602774218870419     
   750.00000000000000        19.854165218173168     
   770.00000000000000        17.452915811788021     
   790.00000000000000        15.363589038100326     
