   2.2500000000000000        0.0000000000000000     
   6.7500000000000000        0.0000000000000000     
   11.250000000000000        0.0000000000000000     
   15.750000000000000        0.0000000000000000     
   20.250000000000000        0.0000000000000000     
   24.750000000000000        0.0000000000000000     
   29.250000000000000        2.5195003144014247E-091
   33.750000000000000        7.0419043813231403E-074
   38.250000000000000        1.3852746799703468E-006
   42.750000000000000        1.4409532434292009E-005
   47.250000000000000        7.6829504743465441E-005
   51.750000000000000        3.1606113750643714E-004
   56.250000000000000        1.1137389716946776E-003
   60.750000000000000        4.4886512220485963E-003
   65.250000000000000        1.3428295617617955E-002
   69.750000000000000        3.1302783880815956E-002
   74.250000000000000        9.6474806363956778E-002
   78.750000000000000       0.28812947342327927     
   83.250000000000000       0.63320404638115835     
   87.750000000000000        1.1157217207482508     
   92.250000000000000        1.7192208894596552     
   96.750000000000000        2.4144961844268260     
   101.25000000000000        3.2059993953258501     
   105.75000000000000        4.0751385817582069     
   110.25000000000000        5.0461750001391756     
   114.75000000000000        6.1338215337827569     
   119.25000000000000        7.3851665342469213     
   123.75000000000000        8.8943829991214027     
   128.25000000000000        10.679274024386817     
   132.75000000000000        12.952957924536406     
   137.25000000000000        15.827907813611496     
   141.75000000000000        19.622016445385672     
   146.25000000000000        24.435521828939116     
   150.75000000000000        30.639683034553759     
   155.25000000000000        38.648594154938039     
   159.75000000000000        48.997674403850489     
   164.25000000000000        62.328513007396936     
   168.75000000000000        79.305625476930899     
   173.25000000000000        98.783140500553330     
   177.75000000000000        124.27381218121029     
   182.25000000000000        154.20653621459272     
   186.75000000000000        188.96710794881244     
   191.25000000000000        229.91658059078571     
   195.75000000000000        277.09377209883013     
   200.25000000000000        330.17157001134882     
   204.75000000000000        386.35598907982597     
   209.25000000000000        451.47719099755301     
   213.75000000000000        518.79691372318484     
   218.25000000000000        591.01942882590538     
   222.75000000000000        668.06045255171227     
   227.25000000000000        748.85746289800875     
   231.75000000000000        826.67589307709727     
   236.25000000000000        905.31421416449950     
   240.75000000000000        989.25523684137397     
   245.25000000000000        1067.6550582602533     
   249.75000000000000        1143.8758175391529     
   254.25000000000000        1218.0098063881660     
   258.75000000000000        1288.8806877760699     
   263.25000000000000        1355.8796294761464     
   267.75000000000000        1418.5238311949633     
   272.25000000000000        1478.1417779818350     
   276.75000000000000        1532.9675291161104     
   281.25000000000000        1583.3576555229756     
   285.75000000000000        1628.3446836608014     
   290.25000000000000        1668.5817394314588     
   294.75000000000000        1705.0815568270639     
   299.25000000000000        1735.4916419578817     
   303.75000000000000        1761.5718080057482     
   308.25000000000000        1782.1560073812484     
   312.75000000000000        1797.7958168117593     
   317.25000000000000        1807.0684499422023     
   321.75000000000000        1810.4497220187839     
   326.25000000000000        1807.5929044070558     
   330.75000000000000        1798.0857820448366     
   335.25000000000000        1782.5544161841915     
   339.75000000000000        1759.5883781970961     
   344.25000000000000        1731.3791808950571     
   348.75000000000000        1694.8076060155247     
   353.25000000000000        1654.5145932268772     
   357.75000000000000        1606.4101299290178     
   362.25000000000000        1553.7236929976859     
   366.75000000000000        1498.3971299268230     
   371.25000000000000        1439.1822361526633     
   375.75000000000000        1374.1548249655591     
   380.25000000000000        1307.7522729349530     
   384.75000000000000        1240.5236800149219     
   389.25000000000000        1171.6794561157242     
   393.75000000000000        1105.2369519387921     
   398.25000000000000        1036.9038108578443     
   402.75000000000000        968.24070384369384     
   407.25000000000000        903.03746687667103     
   411.75000000000000        838.52103809698235     
   416.25000000000000        777.35792381195995     
   420.75000000000000        717.80901152103149     
   425.25000000000000        663.20015224768201     
   429.75000000000000        608.92580305297247     
   434.25000000000000        559.85913248313568     
   438.75000000000000        513.93748121667477     
   443.25000000000000        470.80121398080968     
   447.75000000000000        430.94594807504819     
