   4.0000000000000000        518.03347101521911        496.97248570606610     
   8.0000000000000000        554.01129452617226        531.45651869181825     
   12.000000000000000        591.28469233868577        567.18427892867351     
   16.000000000000000        629.80281878196138        604.10777236443391     
   20.000000000000000        669.50700708736849        642.17156184752696     
   24.000000000000000        710.33073504341428        681.31267655759257     
   28.000000000000000        752.19981903857308        721.46085337797319     
   32.000000000000000        795.48061757299956        762.97556044342832     
   36.000000000000000        846.51297491586240        811.99743487765261     
   40.000000000000000        987.02966918162588        947.70057768438312     
   44.000000000000000        1207.3224303573643        1160.8070257798306     
   48.000000000000000        1461.9571873905657        1408.2155004148924     
   52.000000000000000        1804.9577542299594        1741.7066171647125     
   56.000000000000000        2283.8519261126817        2207.5230690351395     
   60.000000000000000        2898.0034164660492        2804.6167231991267     
   64.000000000000000        3594.2901723393961        3479.6507784058631     
   68.000000000000000        4486.0981687392905        4343.1493502394333     
   72.000000000000000        5624.5719458320054        5444.0197177983382     
   76.000000000000000        6847.4804430997165        6623.5209151729905     
   80.000000000000000        8153.0571906704508        7879.1372621485834     
   84.000000000000000        9590.4574254269901        9258.8373749152670     
   88.000000000000000        11016.032076641986        10622.622849686068     
   92.000000000000000        12502.099812677032        12042.357910391231     
   96.000000000000000        13940.566373250556        13410.397061574558     
   100.00000000000000        15456.753766004389        14854.029062615122     
   104.00000000000000        16857.720223431868        16181.057060040508     
   108.00000000000000        18092.886567769809        17350.560008164553     
   112.00000000000000        19379.126223163064        18570.736570320554     
   116.00000000000000        20796.356976539893        19909.042779358642     
   120.00000000000000        21974.059977289060        21026.611795811670     
   124.00000000000000        22795.956036743730        21804.381592758662     
   128.00000000000000        23858.192008454465        22807.840396322867     
   132.00000000000000        24669.746156938545        23572.437748150893     
   136.00000000000000        25640.654198254630        24496.647721205256     
   140.00000000000000        26238.116153708739        25066.791111512965     
   144.00000000000000        26773.222326407533        25571.698961652397     
   148.00000000000000        27465.661778593032        26229.634946653325     
   152.00000000000000        27527.613796962887        26290.354971431294     
   156.00000000000000        28125.901361917677        26865.872457125664     
   160.00000000000000        28313.212551868626        27042.277782898236     
   164.00000000000000        28453.127198662667        27183.357395591440     
   168.00000000000000        28463.757707966666        27196.922768205481     
   172.00000000000000        28063.975237145489        26819.618992689619     
   176.00000000000000        27748.054052993182        26533.123204886459     
   180.00000000000000        27656.424433042146        26458.394377327659     
   184.00000000000000        26981.517973268874        25833.306803572414     
   188.00000000000000        26227.281670842152        25125.537613427674     
   192.00000000000000        25693.730673996539        24639.298673223111     
   196.00000000000000        24694.482953587558        23714.505713218387     
   200.00000000000000        23662.469354518184        22749.646530048823     
   204.00000000000000        23015.271460996897        22148.304933989719     
   208.00000000000000        21879.909904536158        21094.971897516909     
   212.00000000000000        21033.822994651095        20303.248454811244     
   216.00000000000000        19710.186401670693        19071.027511384611     
   220.00000000000000        18921.449623867971        18351.643286639464     
   224.00000000000000        17563.242136916855        17082.358868616880     
   228.00000000000000        16574.661837274685        16145.361150717681     
   232.00000000000000        15645.782380944824        15289.866769151458     
   236.00000000000000        14749.524595320772        14452.218373881800     
   240.00000000000000        13565.281686930932        13338.746808808950     
   244.00000000000000        12534.852812902176        12373.733323713121     
   248.00000000000000        11641.401320181005        11527.171116155634     
   252.00000000000000        10873.883880302159        10815.120977861381     
   256.00000000000000        10003.221984493146        9978.7734315438593     
   260.00000000000000        9208.5066513424463        9240.8668114021257     
   264.00000000000000        8458.8404184348383        8518.0672935680886     
   268.00000000000000        7815.8203091223386        7914.7220598485710     
   272.00000000000000        7133.0752352391828        7272.8290002788672     
   276.00000000000000        6606.6211696777891        6763.3436035696386     
   280.00000000000000        6133.0774953716282        6323.4703732916978     
   284.00000000000000        5616.0931854478958        5823.5811987302041     
   288.00000000000000        5138.4830951631839        5360.8868904187711     
   292.00000000000000        4723.9605048845988        4963.6702556941873     
   296.00000000000000        4372.4205280734259        4630.8337269172343     
   300.00000000000000        4036.1516706836860        4288.8258648374649     
   304.00000000000000        3656.4813651094573        3916.8138598198734     
   308.00000000000000        3430.7166033310023        3731.5189300844427     
   312.00000000000000        3126.5228545191048        3408.9659814398406     
   316.00000000000000        2901.2943467554928        3187.1015501383195     
   320.00000000000000        2689.1902294950532        2986.5420734501645     
   324.00000000000000        2441.8978935455289        2731.0684593939204     
   328.00000000000000        2321.7881481188456        2622.5746235877077     
   332.00000000000000        2071.7316063679427        2358.6321256250608     
   336.00000000000000        1984.2055903957994        2288.3659384328853     
   340.00000000000000        1810.4040817660057        2103.9526071625769     
   344.00000000000000        1676.3091759106505        1954.5806744005445     
   348.00000000000000        1558.8912923952721        1839.1047512590103     
   352.00000000000000        1490.3080738339997        1791.1478254821686     
   356.00000000000000        1367.7882488398934        1655.9343069783122     
   360.00000000000000        1274.3975784610370        1561.7993734050212     
   364.00000000000000        1201.2683302982487        1495.7594336455491     
   368.00000000000000        1174.1604515626209        1492.0422277780149     
   372.00000000000000        1081.6629571170342        1388.2313359922287     
   376.00000000000000        1011.8677145044558        1323.8162028880213     
   380.00000000000000        891.25342868750363        1150.0941415374477     
   384.00000000000000        870.94725098849347        1153.3358111163586     
   388.00000000000000        847.53198124910568        1151.8619660278296     
   392.00000000000000        759.18409295841639        1029.9856107909100     
   396.00000000000000        727.27930022468013        1005.1298800973286     
   400.00000000000000        675.29680360260477        940.93551970811041     
