   4.0000000000000000       0.45534944915383807        1.1318028933398612     
   8.0000000000000000       0.50470647814606351        1.2553357183406111     
   12.000000000000000       0.55978404458360831        1.3931966255306432     
   16.000000000000000       0.62116477857428576        1.5468221152662718     
   20.000000000000000       0.68946671229587575        1.7177319985926962     
   24.000000000000000       0.76534526112429702        1.9075317687801063     
   28.000000000000000       0.84949191683206804        2.1179103759006046     
   32.000000000000000       0.94262849121623682        2.3506256878875145     
   36.000000000000000        1.0455042875633820        2.6074994172698016     
   40.000000000000000        1.1588932403453838        2.8904075481203133     
   44.000000000000000        1.2836020760730158        3.2012974288368881     
   48.000000000000000        1.4203581518663688        3.5419265980056083     
   52.000000000000000        1.5698207780194882        3.9138872322251768     
   56.000000000000000        1.7325463010723585        4.3185229819792008     
   60.000000000000000        1.9094225786873282        4.7579488302966571     
   64.000000000000000        2.1014753476171557        5.2345964389684383     
   68.000000000000000        2.3096203278956278        5.7506318812893777     
   72.000000000000000        2.5464613682216988        6.3372031616487270     
   76.000000000000000        2.8078975625748543        6.9850801176960777     
   80.000000000000000        3.1121950440907389        7.7406646438654443     
   84.000000000000000        3.4896424213173645        8.6773636171909523     
   88.000000000000000        3.8656982562458735        9.5923777604438829     
   92.000000000000000        4.3257693427213333        10.729926101035931     
   96.000000000000000        4.8641397733253955        12.035907238433950     
   100.00000000000000        5.2899920559456390        13.084900065716596     
   104.00000000000000        6.0133960589900921        14.857218098888227     
   108.00000000000000        6.5516842024346165        16.131945272531993     
   112.00000000000000        7.2670026794378710        17.928668051527687     
   116.00000000000000        8.0226250372759313        19.749341013795870     
   120.00000000000000        8.7304518305349745        21.436699449267344     
   124.00000000000000        9.7010568379543862        23.875322071918710     
   128.00000000000000        10.712269739114303        26.371707991869414     
   132.00000000000000        11.869615499378909        29.279107012379640     
   136.00000000000000        12.943123242440109        31.892287842796208     
   140.00000000000000        14.160469278547724        34.995660964624420     
   144.00000000000000        15.542096485677323        38.517481853453205     
   148.00000000000000        17.241652161144074        42.918467455693765     
   152.00000000000000        19.460250942190573        48.496976950106173     
   156.00000000000000        22.188067964451534        55.469841092058800     
   160.00000000000000        25.184664804884740        63.133680248902209     
   164.00000000000000        28.807466860531619        72.641325557407328     
   168.00000000000000        32.806480668202568        82.822529242571179     
   172.00000000000000        37.702095374527758        95.415638636001034     
   176.00000000000000        43.407237689012980        109.99666942363625     
   180.00000000000000        49.764450982907206        126.28779878486142     
   184.00000000000000        57.938107379896614        147.19309521514168     
   188.00000000000000        67.840632171966647        172.41443818706486     
   192.00000000000000        77.089572521126925        195.64248983651981     
   196.00000000000000        89.089178012145538        226.00534037139607     
   200.00000000000000        102.00524858916094        258.33778990844650     
   204.00000000000000        115.28584356020110        291.66135333925371     
   208.00000000000000        128.80289784976870        325.05120814589066     
   212.00000000000000        147.12581578158756        370.85360506575199     
   216.00000000000000        162.65472075050167        408.89463517098829     
   220.00000000000000        178.08864340572893        446.75267053642347     
   224.00000000000000        196.95155629973175        492.55421245848675     
   228.00000000000000        215.75181074610410        537.80823636658386     
   232.00000000000000        235.36268023441406        585.14137251583622     
   236.00000000000000        255.71796107827049        634.34613295257179     
   240.00000000000000        272.35271553471523        673.66097225715362     
   244.00000000000000        291.04816954151732        717.90697692086360     
   248.00000000000000        310.16252509027504        763.08405853583793     
   252.00000000000000        327.69080505231568        804.17590493271132     
   256.00000000000000        351.10963902547320        859.41657850729359     
   260.00000000000000        361.91384610249611        883.43578782068744     
   264.00000000000000        380.00543738874399        925.37023972516351     
   268.00000000000000        395.16827528336012        959.97774489418430     
   272.00000000000000        404.19909690705970        979.72117976321522     
   276.00000000000000        423.99850900840630        1025.7037214093059     
   280.00000000000000        432.66026994031051        1044.0769986401197     
   284.00000000000000        445.56101877592590        1072.8474294040973     
   288.00000000000000        454.59373411017663        1092.2318818580839     
   292.00000000000000        463.79092577660077        1112.1385257991362     
   296.00000000000000        473.26055036249090        1132.4642778186962     
   300.00000000000000        486.11907568398493        1161.2614092571605     
   304.00000000000000        490.92972772912469        1170.8865122156794     
   308.00000000000000        491.25762667940137        1169.8552245350772     
   312.00000000000000        494.07771724171647        1174.0889217157171     
   316.00000000000000        498.44155179664500        1182.2464051289330     
   320.00000000000000        502.68772308932517        1190.8291419094455     
   324.00000000000000        505.06403896245217        1195.0990004397561     
   328.00000000000000        499.10432866258503        1178.9852370727597     
   332.00000000000000        501.63273139844296        1183.2846363055610     
   336.00000000000000        494.35636469816495        1164.5899097490542     
   340.00000000000000        489.71149141457204        1152.5097650638502     
   344.00000000000000        486.40578869600910        1143.4576991613912     
   348.00000000000000        478.49078076512990        1123.7951202286026     
   352.00000000000000        464.34982890355434        1089.7960369113237     
   356.00000000000000        455.24033538780617        1067.6952775874804     
   360.00000000000000        441.66496556942178        1035.2188035422319     
   364.00000000000000        429.36987749718935        1005.9779719391535     
   368.00000000000000        413.01709892652093        967.91426954830354     
   372.00000000000000        398.46269481329131        933.36507021057491     
   376.00000000000000        383.13904399740773        897.72481791124289     
   380.00000000000000        369.63006466257303        864.68971520621631     
   384.00000000000000        353.76564393983040        828.74256188375739     
   388.00000000000000        332.95300553116499        780.48466987467009     
   392.00000000000000        320.12697316382116        750.33887037667182     
   396.00000000000000        302.96494952354846        710.78209494514192     
   400.00000000000000        286.77288373018200        673.31678538020083     
