   4.0000000000000000        5.2996862366939235        11.027939584482056     
   8.0000000000000000        5.8057754045357566        12.067368641891953     
   12.000000000000000        6.3456767354425097        13.174528907449144     
   16.000000000000000        6.9199500903364566        14.350394765966428     
   20.000000000000000        7.5290112006253072        15.595646179414222     
   24.000000000000000        8.1731194012122081        16.910641962798874     
   28.000000000000000        8.8523710002967650        18.295410884807506     
   32.000000000000000        9.5666914939914989        19.749636362229239     
   36.000000000000000        10.315832470136694        21.272656959200297     
   40.000000000000000        11.099361860092127        22.863444223949301     
   44.000000000000000        11.916654580496854        24.520578220732908     
   48.000000000000000        12.766889707967586        26.242245315104878     
   52.000000000000000        13.681893128637595        28.102340787649794     
   56.000000000000000        14.646857142326649        30.066313463995712     
   60.000000000000000        15.741035102457783        32.322726619393265     
   64.000000000000000        17.063498781112926        35.101322002051468     
   68.000000000000000        18.656424747037903        38.485575377981874     
   72.000000000000000        20.604895945956244        42.659286415618553     
   76.000000000000000        23.166235086619039        48.232514215574739     
   80.000000000000000        26.315169118481428        55.069395275709439     
   84.000000000000000        30.832164750498272        65.064141741782635     
   88.000000000000000        35.755722447845613        75.833863299477599     
   92.000000000000000        43.134945265268804        92.189082006826951     
   96.000000000000000        51.272306402953149        110.01506308567181     
   100.00000000000000        63.560949484016191        137.24098043172907     
   104.00000000000000        77.178949865929184        166.87679613258143     
   108.00000000000000        94.244959680044303        204.08690053196034     
   112.00000000000000        113.62558332787229        245.98675785731655     
   116.00000000000000        136.05119211612791        293.97069313843377     
   120.00000000000000        163.80144700907192        353.28321215080246     
   124.00000000000000        191.77056327396699        412.21065831561265     
   128.00000000000000        224.58303308721688        480.97154133597797     
   132.00000000000000        256.30281719483082        546.52271238434480     
   136.00000000000000        290.48651092348553        616.65434494292106     
   140.00000000000000        325.69922780256059        688.42985366398159     
   144.00000000000000        366.52034555728227        771.25908379688121     
   148.00000000000000        402.03072659234419        841.97299722916057     
   152.00000000000000        432.09406576432968        900.48627979997593     
   156.00000000000000        467.31085809274794        969.43051249535824     
   160.00000000000000        499.24639967425526        1030.7629786752839     
   164.00000000000000        533.68900431832026        1097.2540924874654     
   168.00000000000000        563.13234947977980        1152.5459907975696     
   172.00000000000000        592.70602605773615        1207.9441369748422     
   176.00000000000000        614.87774122821315        1248.0840408581450     
   180.00000000000000        643.05411915571904        1299.8900590255046     
   184.00000000000000        659.39552283167450        1327.5268690132878     
   188.00000000000000        675.60393772052885        1354.6583690968037     
   192.00000000000000        696.66990131354487        1391.5370658018110     
   196.00000000000000        699.96928060094695        1393.2004267045943     
   200.00000000000000        709.13896669728831        1406.3058577139511     
   204.00000000000000        724.37159353416303        1431.2189026657793     
   208.00000000000000        721.19568207315399        1420.6118612251732     
   212.00000000000000        720.00396079355824        1413.4737992549474     
   216.00000000000000        714.22665528535799        1398.1887146212780     
   220.00000000000000        707.26833293253594        1380.7315679081571     
   224.00000000000000        681.36313496872037        1327.0952349226102     
   228.00000000000000        664.93608245372741        1291.6627643303864     
   232.00000000000000        645.54793946816994        1251.6067471969134     
   236.00000000000000        623.89739210430798        1207.6625611239538     
   240.00000000000000        591.29204898472028        1143.0239656747128     
   244.00000000000000        560.37422530073138        1082.2289042614789     
   248.00000000000000        531.12470478558851        1025.0125186693929     
   252.00000000000000        499.54449004147426        964.18104804027928     
   256.00000000000000        466.88422186984820        900.49160317804183     
   260.00000000000000        428.28669677247035        827.26274988682633     
   264.00000000000000        396.01323212778215        765.43287231525267     
   268.00000000000000        366.00544160645239        708.57909838863600     
   272.00000000000000        331.55544458406160        644.18118641761760     
   276.00000000000000        303.41620889874332        590.48756827655666     
   280.00000000000000        276.64716752875046        540.86540241754778     
   284.00000000000000        251.60751282762430        493.57664535480012     
   288.00000000000000        226.47530272361152        446.25842334370526     
   292.00000000000000        203.53923618774257        403.37074947677581     
   296.00000000000000        184.28908495663254        367.82120638932389     
   300.00000000000000        167.35438425890683        335.07039510325893     
   304.00000000000000        149.50091014871128        301.70593546829440     
   308.00000000000000        136.19356662546829        278.85574060943952     
   312.00000000000000        122.38940076691254        251.63017306578575     
   316.00000000000000        110.47406326052970        229.05199668267616     
   320.00000000000000        101.23401120371716        212.30819979381022     
   324.00000000000000        90.287145889366798        191.06449288578591     
   328.00000000000000        84.679905122169643        181.17582491020750     
   332.00000000000000        74.359089254517073        160.74917950382155     
   336.00000000000000        69.961266934876875        153.44673078166224     
   340.00000000000000        63.494002531143678        140.67136634578179     
   344.00000000000000        58.116330723950412        129.46158383012477     
   348.00000000000000        53.494136852380038        120.81844101963190     
   352.00000000000000        51.020511119299577        117.54982123700731     
   356.00000000000000        46.392824597039720        108.08452854202073     
   360.00000000000000        43.344439972231221        102.57126751615806     
   364.00000000000000        40.482452094966874        97.712934568851381     
   368.00000000000000        39.197297207447008        96.882521348009760     
   372.00000000000000        36.393536147163076        90.972748431429324     
   376.00000000000000        34.523750888565502        88.388043766426279     
   380.00000000000000        29.533495074999429        74.769357787180837     
   384.00000000000000        29.127027111559315        75.914578328704351     
   388.00000000000000        28.337102907745358        76.402618408504026     
   392.00000000000000        25.281767892967871        68.265883950786588     
   396.00000000000000        23.907031784061800        66.054645381628006     
   400.00000000000000        22.006341931122510        61.763692270961990     
