   4.0000000000000000        747.68143855852486        677.62332294879911     
   8.0000000000000000        797.18702146656688        722.49259349724719     
   12.000000000000000        848.26311611846040        768.79229837146920     
   16.000000000000000        900.82558253895752        816.44743686997901     
   20.000000000000000        954.78017633319803        865.37390548391681     
   24.000000000000000        1010.0226443720042        915.47851185682362     
   28.000000000000000        1066.4390505126012        966.65932703128567     
   32.000000000000000        1125.7246054819095        1020.4703778701873     
   36.000000000000000        1220.7152861919099        1106.8506336633720     
   40.000000000000000        1579.7894835009110        1434.0722547550342     
   44.000000000000000        2013.1272397366452        1829.9452667633695     
   48.000000000000000        2456.0838614948516        2235.7587878678337     
   52.000000000000000        3142.9899616333651        2865.1439442389214     
   56.000000000000000        4012.0457092620891        3661.0631608574458     
   60.000000000000000        5124.8182283979313        4679.4069070390287     
   64.000000000000000        6370.4019569406801        5815.9771920325802     
   68.000000000000000        7870.6841076976689        7183.1333972187067     
   72.000000000000000        9683.2848221183194        8831.3173780115339     
   76.000000000000000        11649.263512282583        10615.300612257952     
   80.000000000000000        13427.054747814196        12222.858102221790     
   84.000000000000000        15349.438345684226        13957.784623794307     
   88.000000000000000        17365.066618814355        15774.162234557472     
   92.000000000000000        19319.366095431647        17531.935293956874     
   96.000000000000000        21350.367104943107        19353.336346661792     
   100.00000000000000        23204.871317721154        21018.842304977014     
   104.00000000000000        24869.562453891565        22507.573472456646     
   108.00000000000000        26479.972713342151        23952.076343209879     
   112.00000000000000        28153.995840991145        25453.898862568632     
   116.00000000000000        29657.811344259699        26797.133178752691     
   120.00000000000000        30914.223620285265        27926.185772251472     
   124.00000000000000        32041.327542579955        28943.785333716834     
   128.00000000000000        33147.206694756744        29932.965379409427     
   132.00000000000000        34143.144338172089        30831.328001548089     
   136.00000000000000        35069.611700405774        31665.988496407615     
   140.00000000000000        35711.452049883701        32254.526586647677     
   144.00000000000000        36147.508832877873        32647.945148706949     
   148.00000000000000        36814.356252903162        33253.820177131056     
   152.00000000000000        36734.994796552332        33193.547860246981     
   156.00000000000000        37095.232799497506        33528.623895162156     
   160.00000000000000        36980.572140268669        33432.690185700783     
   164.00000000000000        37052.723911206420        33517.756875039689     
   168.00000000000000        36700.333023450446        33214.355803665028     
   172.00000000000000        35906.667369712115        32516.407673764475     
   176.00000000000000        35221.917787082493        31920.819048238820     
   180.00000000000000        34806.602500779671        31573.480056917644     
   184.00000000000000        33502.535536643838        30428.898754676080     
   188.00000000000000        32240.970225127519        29313.299035664881     
   192.00000000000000        31285.538535093434        28489.473345193961     
   196.00000000000000        29777.595392922878        27166.344022530691     
   200.00000000000000        28373.634653125177        25929.844899346645     
   204.00000000000000        27328.182206388374        25007.870765618285     
   208.00000000000000        25684.605418843941        23559.939450633305     
   212.00000000000000        24544.002114517247        22554.726516712661     
   216.00000000000000        22769.830454231425        20992.003124315903     
   220.00000000000000        21597.818846595183        19968.568656516076     
   224.00000000000000        19963.377931035706        18524.643266754691     
   228.00000000000000        18607.869521772525        17299.337769748468     
   232.00000000000000        17445.752269301789        16285.003712618016     
   236.00000000000000        16306.507286897364        15270.194321205394     
   240.00000000000000        14894.380640801004        14010.502683752231     
   244.00000000000000        13801.529189243469        13039.240425907206     
   248.00000000000000        12637.512837540209        11988.030907036831     
   252.00000000000000        11769.595760598137        11222.540482008149     
   256.00000000000000        10816.849218460757        10348.133157686099     
   260.00000000000000        9982.5886235578964        9617.0700598088715     
   264.00000000000000        9091.3873470772451        8797.4412037827042     
   268.00000000000000        8371.2051489812657        8152.4401771229050     
   272.00000000000000        7683.4429710421009        7545.8314341264395     
   276.00000000000000        7087.2957861790119        6986.7699085585518     
   280.00000000000000        6470.2175078807350        6435.5163862461959     
   284.00000000000000        5952.5981421309552        5960.1661321575275     
   288.00000000000000        5491.8768797180837        5534.4491170211377     
   292.00000000000000        5060.0690158273374        5138.7528723060213     
   296.00000000000000        4694.5236245824126        4811.2675325195869     
   300.00000000000000        4294.7584140175995        4417.1987617009809     
   304.00000000000000        3909.3277534675685        4057.5919133562998     
   308.00000000000000        3683.0570222942515        3891.5591850301525     
   312.00000000000000        3358.6949867406133        3557.5681306044676     
   316.00000000000000        3120.5790013182254        3332.6126660832315     
   320.00000000000000        2898.9921242398214        3134.8887000343998     
   324.00000000000000        2652.6784648441981        2888.7736585594803     
   328.00000000000000        2517.6322024696105        2774.2283445547346     
   332.00000000000000        2242.7837762085455        2491.5860993669721     
   336.00000000000000        2158.2916220863913        2432.7965458689569     
   340.00000000000000        1967.9386635982496        2234.6446097070120     
   344.00000000000000        1831.1750207334712        2087.6572009051315     
   348.00000000000000        1708.8195798710876        1971.5239385419641     
   352.00000000000000        1636.0868001529916        1925.3402338648966     
   356.00000000000000        1501.7489493940948        1784.0534776392406     
   360.00000000000000        1414.6542170092268        1702.1933196049738     
   364.00000000000000        1331.2115614862203        1629.7389848013704     
   368.00000000000000        1300.3849663678193        1627.9183961913084     
   372.00000000000000        1212.7609166472971        1532.4039682534406     
   376.00000000000000        1138.9283234095033        1471.6277501109932     
   380.00000000000000        994.04081405790134        1265.8669710195204     
   384.00000000000000        975.56435351578000        1275.6597553036472     
   388.00000000000000        955.50450225035229        1284.5580142928111     
   392.00000000000000        856.34168850507717        1150.1018360445387     
   396.00000000000000        819.41461511584816        1120.3744706984974     
   400.00000000000000        751.25891600729324        1037.8096907797060     
