   4.0000000000000000        931.44560388912453        507.48322330922628     
   8.0000000000000000        966.05535403049430        526.34153237198791     
   12.000000000000000        1000.0849008191555        544.89054364295384     
   16.000000000000000        1037.9227868277769        565.62915669288714     
   20.000000000000000        1077.4647501816467        587.32887450257624     
   24.000000000000000        1363.9083921027313        748.26353643560765     
   28.000000000000000        4549.6010043473752        2538.0536363069414     
   32.000000000000000        9659.7215500154853        5393.3151292109233     
   36.000000000000000        12558.181886648965        6993.2877726251272     
   40.000000000000000        14596.502919629076        8102.7388032123818     
   44.000000000000000        16327.190420788473        9034.6934503245520     
   48.000000000000000        18263.591057415779        10072.207054705521     
   52.000000000000000        20231.178438559160        11126.956436549895     
   56.000000000000000        21769.013947224859        11939.620057207092     
   60.000000000000000        23377.186902014662        12786.683575952073     
   64.000000000000000        24819.981825900217        13541.136201680618     
   68.000000000000000        25940.525199584397        14117.059149332030     
   72.000000000000000        26885.040652469110        14599.918055888540     
   76.000000000000000        27876.795345061793        15097.609990407527     
   80.000000000000000        28357.377079345737        15326.236187179780     
   84.000000000000000        28574.566960669552        15410.855960733314     
   88.000000000000000        28188.647057872480        15173.538118614788     
   92.000000000000000        27872.412426599567        14983.725705365754     
   96.000000000000000        27258.318654730945        14630.913455357346     
   100.00000000000000        26382.475902711187        14152.175404870608     
   104.00000000000000        24453.593535942349        13115.987904422103     
   108.00000000000000        23351.382323160826        12526.558619079371     
   112.00000000000000        21557.172342772195        11569.154209396609     
   116.00000000000000        20038.848691495608        10764.255227794447     
   120.00000000000000        18251.695819467939        9827.1760912413556     
   124.00000000000000        16538.603976626593        8931.7083564759287     
   128.00000000000000        15002.643881077127        8123.1755765757252     
   132.00000000000000        13403.229409069401        7280.8304365244758     
   136.00000000000000        11933.241676245054        6510.3578381692014     
   140.00000000000000        10581.700705026453        5807.3011772569525     
   144.00000000000000        9485.7488457187774        5235.2645432515847     
   148.00000000000000        8321.4886779213448        4623.0308582696662     
   152.00000000000000        7366.0592110152875        4122.8408285549913     
   156.00000000000000        6446.0342941029849        3640.1021566255936     
   160.00000000000000        5699.7884157043591        3243.6503125118306     
   164.00000000000000        5088.4378814670845        2920.7487375248497     
   168.00000000000000        4505.9074656759021        2610.7201759258869     
   172.00000000000000        3963.4228415779817        2323.5163814766524     
   176.00000000000000        3543.3003893406567        2104.0459717850681     
   180.00000000000000        3139.3396417432687        1882.1939305131527     
   184.00000000000000        2916.8714463129454        1775.9840678103542     
   188.00000000000000        2575.1999481734697        1585.6873260331458     
   192.00000000000000        2352.8773121192144        1472.0531542123474     
   196.00000000000000        2222.6514499621971        1413.5737890593191     
   200.00000000000000        2023.4170438780129        1307.2269682661297     
   204.00000000000000        1831.2014441601814        1188.9347174014331     
   208.00000000000000        1681.6015144448156        1116.3715277459735     
   212.00000000000000        1550.8737851820515        1041.6431340113095     
   216.00000000000000        1482.7926139825495        1021.6063117132113     
   220.00000000000000        1326.6727992071615        917.29591484535354     
   224.00000000000000        1299.1701245576946        930.01227851977660     
   228.00000000000000        1205.7725595597990        873.73146091952378     
   232.00000000000000        1119.0828886215163        824.17601885978752     
   236.00000000000000        1015.0394010035138        758.20755261610884     
   240.00000000000000        988.31453481410904        763.09530756017625     
   244.00000000000000        908.53213748602525        712.52089861463708     
   248.00000000000000        847.87594650862343        677.64119121426984     
   252.00000000000000        794.12602305457403        653.71924246490858     
   256.00000000000000        699.61665701450511        578.32044584724918     
   260.00000000000000        699.13583205124826        603.07555926373902     
   264.00000000000000        630.87604398479084        551.81416204797790     
   268.00000000000000        597.99882285040030        538.87264299100229     
   272.00000000000000        574.90397860751693        539.51677284824689     
   276.00000000000000        521.49044198819388        499.64522851850649     
   280.00000000000000        500.07034975580137        497.77257992860802     
   284.00000000000000        457.10866558032865        466.05361797072692     
   288.00000000000000        425.22186617667688        446.46144302312808     
   292.00000000000000        399.60077455091721        434.16758302824144     
   296.00000000000000        374.39267632842609        422.07513125408843     
   300.00000000000000        325.54568555499031        368.79117945492288     
   304.00000000000000        310.00557603989034        370.00790213808727     
   308.00000000000000        324.21955518881123        415.03092519106690     
   312.00000000000000        284.83869121683273        372.61993015377078     
   316.00000000000000        257.23083024860699        343.95074101972853     
   320.00000000000000        238.29104464774713        332.12413822393961     
   324.00000000000000        218.51432262892803        312.65710963343412     
   328.00000000000000        208.53549411546254        312.59731597703450     
   332.00000000000000        183.25790256280700        280.70243421858504     
   336.00000000000000        178.33335662778987        287.73936795320145     
   340.00000000000000        159.51748416964526        263.40385122140844     
   344.00000000000000        144.72307189030590        246.63610136214530     
   348.00000000000000        133.78037109512849        235.97256555712178     
   352.00000000000000        128.92731849081105        238.81803143009387     
   356.00000000000000        118.76350482677668        229.07424967927554     
   360.00000000000000        109.83570926799965        218.49703041026183     
   364.00000000000000        104.05347904999820        215.98958637108336     
   368.00000000000000        102.89019945133607        227.03616830489619     
   372.00000000000000        95.358781572591738        216.68919554813783     
   376.00000000000000        92.533407285435970        221.51389477905775     
   380.00000000000000        73.570144153803682        171.60089290852281     
   384.00000000000000        72.987466323922632        181.94791288245341     
   388.00000000000000        73.482941779623317        195.78403057840126     
   392.00000000000000        61.271341877596228        163.25705959307126     
   396.00000000000000        58.351297597646521        163.39941837479026     
   400.00000000000000        54.683196479175365        159.24824520822332     
