   6.0000000000000000        0.0000000000000000        3.6900442564163196     
   12.000000000000000        0.0000000000000000        4.0996442493114502     
   18.000000000000000        0.0000000000000000        4.5317179826361444     
   24.000000000000000        0.0000000000000000        4.9846859611120156     
   30.000000000000000        0.0000000000000000        5.4566414820392968     
   36.000000000000000        0.0000000000000000        5.9453603770445058     
   42.000000000000000        0.0000000000000000        6.4721127539573873     
   48.000000000000000        0.0000000000000000        7.2075399524888768     
   54.000000000000000        0.0000000000000000        8.4250859886986564     
   60.000000000000000        0.0000000000000000        10.339277705095448     
   66.000000000000000        0.0000000000000000        13.824027812315606     
   72.000000000000000        0.0000000000000000        19.239682965958210     
   78.000000000000000        0.0000000000000000        28.318741891627113     
   84.000000000000000        0.0000000000000000        41.013483030359957     
   90.000000000000000        0.0000000000000000        56.874424606968994     
   96.000000000000000        0.0000000000000000        76.782953540071247     
   102.00000000000000        0.0000000000000000        104.71955607591899     
   108.00000000000000        0.0000000000000000        127.55616372510576     
   114.00000000000000        0.0000000000000000        150.69321159658230     
   120.00000000000000        0.0000000000000000        172.80954102328249     
   126.00000000000000        0.0000000000000000        198.07793686521643     
   132.00000000000000        0.0000000000000000        203.54057566124845     
   138.00000000000000        0.0000000000000000        215.29301910109734     
   144.00000000000000        0.0000000000000000        221.06637397475683     
   150.00000000000000        0.0000000000000000        223.20075900203730     
   156.00000000000000        0.0000000000000000        232.69276490096203     
   162.00000000000000        0.0000000000000000        234.98867302083133     
   168.00000000000000        0.0000000000000000        230.90208833968515     
   174.00000000000000        0.0000000000000000        229.58672602618933     
   180.00000000000000        0.0000000000000000        205.30491235200716     
   186.00000000000000        0.0000000000000000        208.09691329146588     
   192.00000000000000        0.0000000000000000        199.96964889143362     
   198.00000000000000        0.0000000000000000        180.67488405917192     
   204.00000000000000        0.0000000000000000        169.62150601200509     
   210.00000000000000        0.0000000000000000        153.90415998846231     
   216.00000000000000        0.0000000000000000        139.12877304682098     
   222.00000000000000        0.0000000000000000        117.26113265847584     
   228.00000000000000        0.0000000000000000        104.98003465248858     
   234.00000000000000        0.0000000000000000        91.425283221050805     
   240.00000000000000        0.0000000000000000        76.758967008785547     
   246.00000000000000        0.0000000000000000        62.855284213623847     
   252.00000000000000        0.0000000000000000        56.408670625903703     
   258.00000000000000        0.0000000000000000        47.212792340056609     
   264.00000000000000        0.0000000000000000        39.716433162854500     
   270.00000000000000        0.0000000000000000        35.198957333040497     
   276.00000000000000        0.0000000000000000        27.375826386904762     
   282.00000000000000        0.0000000000000000        24.057251022557047     
   288.00000000000000        0.0000000000000000        19.048550763320151     
   294.00000000000000        0.0000000000000000        18.131794187075045     
   300.00000000000000        0.0000000000000000        14.309421588509004     
   306.00000000000000        0.0000000000000000        12.931022367809176     
   312.00000000000000        0.0000000000000000        9.5812860636540833     
   318.00000000000000        0.0000000000000000        8.4312132649097329     
   324.00000000000000        0.0000000000000000        7.2656155597104393     
   330.00000000000000        0.0000000000000000        6.0737264174677854     
   336.00000000000000        0.0000000000000000        5.5341586353572385     
   342.00000000000000        0.0000000000000000        4.9197162534373984     
   348.00000000000000        0.0000000000000000        3.8464351251928823     
   354.00000000000000        0.0000000000000000        3.6512859636272772     
   360.00000000000000        0.0000000000000000        2.9267395077406904     
   366.00000000000000        0.0000000000000000        2.5784631189156855     
   372.00000000000000        0.0000000000000000        2.1059652591875233     
   378.00000000000000        0.0000000000000000        1.6834023709500214     
   384.00000000000000        0.0000000000000000        1.5562045987848474     
   390.00000000000000        0.0000000000000000        1.3063496047769851     
   396.00000000000000        0.0000000000000000        1.0664885900104981     
   402.00000000000000        0.0000000000000000       0.92103404532968580     
   408.00000000000000        0.0000000000000000       0.77124947772795904     
   414.00000000000000        0.0000000000000000       0.70709557479804042     
   420.00000000000000        0.0000000000000000       0.57285085917458167     
   426.00000000000000        0.0000000000000000       0.51882095900675373     
   432.00000000000000        0.0000000000000000       0.44720893322584965     
   438.00000000000000        0.0000000000000000       0.39182103575267552     
   444.00000000000000        0.0000000000000000       0.34425572086984135     
   450.00000000000000        0.0000000000000000       0.28739671592646088     
   456.00000000000000        0.0000000000000000       0.23421868431987689     
   462.00000000000000        0.0000000000000000       0.22198881837174153     
   468.00000000000000        0.0000000000000000       0.19849134928340778     
   474.00000000000000        0.0000000000000000       0.15495278392005690     
   480.00000000000000        0.0000000000000000       0.14295331542561571     
   486.00000000000000        0.0000000000000000       0.11867100828692871     
   492.00000000000000        0.0000000000000000       0.10481478072354500     
   498.00000000000000        0.0000000000000000        9.1159131537919227E-002
   504.00000000000000        0.0000000000000000        7.9779801049900789E-002
   510.00000000000000        0.0000000000000000       0.14126074908954372     
   516.00000000000000        0.0000000000000000        7.2936939805983175E-002
   522.00000000000000        0.0000000000000000        6.8486305972837100E-002
   528.00000000000000        0.0000000000000000        9.3232101293403549E-002
   534.00000000000000        0.0000000000000000        5.8345640560187359E-002
   540.00000000000000        0.0000000000000000        5.4767619597284579E-002
   546.00000000000000        0.0000000000000000        4.2549088684784436E-002
   552.00000000000000        0.0000000000000000        2.4038074974420367E-002
   558.00000000000000        0.0000000000000000        5.0086766082949069E-002
   564.00000000000000        0.0000000000000000        5.6132231775060208E-002
   570.00000000000000        0.0000000000000000        2.9854778034571844E-002
   576.00000000000000        0.0000000000000000        2.8647640799931880E-002
   582.00000000000000        0.0000000000000000        9.7299748657713667E-003
   588.00000000000000        0.0000000000000000        4.8196193670914336E-002
   594.00000000000000        0.0000000000000000        1.8157575580675454E-002
   600.00000000000000        0.0000000000000000        5.5650931250542995E-003
