   4.0000000000000000        28764.480937773555        7405.1608363165487     
   8.0000000000000000        30057.279581853771        7736.0337183611109     
   12.000000000000000        33125.403433649793        8498.9483551957055     
   16.000000000000000        58904.504573565995        14823.635931952194     
   20.000000000000000        297409.84189446265        73700.878270900532     
   24.000000000000000        583781.71673912136        145084.58352970090     
   28.000000000000000        672859.92597635684        167759.33411582487     
   32.000000000000000        726759.15061549982        181466.43871541135     
   36.000000000000000        799856.32596065023        199977.22927952569     
   40.000000000000000        867775.92746338481        217349.70352774416     
   44.000000000000000        909056.45515206340        228291.91402761254     
   48.000000000000000        940516.46282638004        236713.73723601372     
   52.000000000000000        953981.48589872220        241116.56125353370     
   56.000000000000000        924614.79740444012        234619.24494773979     
   60.000000000000000        875582.22168233839        223265.89988035162     
   64.000000000000000        823097.89697691239        210888.42456375327     
   68.000000000000000        754298.47307870362        194441.77315950990     
   72.000000000000000        690139.63896872196        179037.44487711240     
   76.000000000000000        624840.80165032495        163111.47986131333     
   80.000000000000000        555533.17465718277        146183.93350804041     
   84.000000000000000        490347.91137524805        130148.55657504578     
   88.000000000000000        433511.49980484124        116021.57631342945     
   92.000000000000000        378310.54754566000        102332.35936762631     
   96.000000000000000        328765.45038042002        89744.944315392655     
   100.00000000000000        288747.01037620590        79650.199925816560     
   104.00000000000000        250765.70969002746        70061.985492273991     
   108.00000000000000        217519.94375004500        61428.241753725189     
   112.00000000000000        189270.89764694477        54162.387633971295     
   116.00000000000000        162803.11497216221        47125.334140346466     
   120.00000000000000        144976.19536115916        42521.067814331967     
   124.00000000000000        127089.05944823037        37837.011401531716     
   128.00000000000000        112437.69074142800        33916.145258177341     
   132.00000000000000        98200.927285524172        30029.655629410179     
   136.00000000000000        86061.991234112793        26657.997460311602     
   140.00000000000000        78676.888220421548        24773.260525949834     
   144.00000000000000        72806.476715247976        23240.156568341070     
   148.00000000000000        64637.679787517918        20899.278606207525     
   152.00000000000000        59105.952216983344        19434.421083596830     
   156.00000000000000        54329.513613316019        18197.230086897180     
   160.00000000000000        49575.093981013364        16798.964722059707     
   164.00000000000000        45559.894582751716        15660.886135193527     
   168.00000000000000        41538.218767581900        14451.988745666513     
   172.00000000000000        38680.172361662248        13769.040323760990     
   176.00000000000000        36881.013485415016        13401.796276917416     
   180.00000000000000        33576.664302035031        12311.683818907117     
   184.00000000000000        32733.956422199728        12360.850902111950     
   188.00000000000000        29964.877245332471        11475.501530471169     
   192.00000000000000        28524.063888331169        11216.343388565401     
   196.00000000000000        27417.246593760545        11113.949341265505     
   200.00000000000000        25804.230046774879        10706.195405773822     
   204.00000000000000        22693.980985237366        9420.5712073497798     
   208.00000000000000        22037.421778045100        9528.8660743150995     
   212.00000000000000        20088.993046470212        8800.8498216134321     
   216.00000000000000        19895.884085264821        9106.6584912415619     
   220.00000000000000        17297.292927686998        7928.9930476058507     
   224.00000000000000        17636.119667984534        8592.9072982060916     
   228.00000000000000        16007.475548286569        7935.1593467399152     
   232.00000000000000        14862.640046724962        7563.7374341224904     
   236.00000000000000        13338.929553409269        6911.3581803046945     
   240.00000000000000        13224.726682338769        7229.9776724409976     
   244.00000000000000        12073.649890230230        6751.2998738736260     
   248.00000000000000        11143.138649764047        6444.6525372781525     
   252.00000000000000        10613.488075986137        6388.6246701725286     
   256.00000000000000        9238.4684346626927        5634.5006121724246     
   260.00000000000000        9112.0371901714243        5880.9597288986861     
   264.00000000000000        8229.1560496686361        5401.6710226380665     
   268.00000000000000        7671.2457038384982        5244.4340744343199     
   272.00000000000000        7549.9377377506889        5458.1657326461582     
   276.00000000000000        6795.6046827248420        5052.0250375940122     
   280.00000000000000        6554.4573925756777        5117.4192872011554     
   284.00000000000000        5946.9938436090124        4770.7023073392775     
   288.00000000000000        5518.6819290112062        4590.7841666338209     
   292.00000000000000        5149.7600154470583        4449.1035460233616     
   296.00000000000000        4904.2555563432607        4420.9860966807719     
   300.00000000000000        4181.7366721479812        3794.3771919558712     
   304.00000000000000        4051.7905619715448        3879.8243492675465     
   308.00000000000000        4292.5334131835953        4387.0353245560646     
   312.00000000000000        3842.9412246204356        4018.7024829157272     
   316.00000000000000        3457.7831818612658        3680.1324831294137     
   320.00000000000000        3266.5940045057982        3604.3729756018629     
   324.00000000000000        2976.0533797499770        3349.2813584361938     
   328.00000000000000        2890.4702526211095        3372.1312278141963     
   332.00000000000000        2567.7673365093233        3041.4984826643836     
   336.00000000000000        2543.6343438077911        3136.8448630281391     
   340.00000000000000        2295.1964614771168        2861.6097062011927     
   344.00000000000000        2105.0200025852814        2680.7926423513618     
   348.00000000000000        2005.6878099302885        2612.8962272308531     
   352.00000000000000        1936.6190618178639        2610.7008410346907     
   356.00000000000000        1823.3087662480707        2527.2557065922247     
   360.00000000000000        1704.0573608229008        2402.6216962684903     
   364.00000000000000        1640.8861242384030        2386.8689925014814     
   368.00000000000000        1642.7316109437472        2509.0300797182995     
   372.00000000000000        1550.8957174442792        2415.5885065178427     
   376.00000000000000        1517.1576488325550        2462.0060965764851     
   380.00000000000000        1207.4513313204538        1896.3927782411581     
   384.00000000000000        1210.1965364724856        2015.9841542320523     
   388.00000000000000        1230.0975513492540        2163.6956379735539     
   392.00000000000000        1026.1973370930359        1801.1244128099202     
   396.00000000000000        986.58604537591634        1806.1451863148889     
   400.00000000000000        929.17872659942884        1755.7734006608459     
