   3.3333333333333335        0.0000000000000000        0.0000000000000000     
   6.6666666666666670        0.0000000000000000        0.0000000000000000     
   10.000000000000000        0.0000000000000000        0.0000000000000000     
   13.333333333333334        0.0000000000000000        0.0000000000000000     
   16.666666666666668        0.0000000000000000        0.0000000000000000     
   20.000000000000000        0.0000000000000000        0.0000000000000000     
   23.333333333333336        0.0000000000000000        0.0000000000000000     
   26.666666666666668        0.0000000000000000        0.0000000000000000     
   30.000000000000000        0.0000000000000000        0.0000000000000000     
   33.333333333333336        0.0000000000000000        0.0000000000000000     
   36.666666666666671        0.0000000000000000        0.0000000000000000     
   40.000000000000000        0.0000000000000000        0.0000000000000000     
   43.333333333333336        0.0000000000000000        0.0000000000000000     
   46.666666666666671        0.0000000000000000        0.0000000000000000     
   50.000000000000000        0.0000000000000000        0.0000000000000000     
   53.333333333333336        1.1077103373315342E-002   2.0038508601136935E-002
   56.666666666666671        0.0000000000000000        0.0000000000000000     
   60.000000000000000        4.8177312611046179E-002   8.9064133964843320E-002
   63.333333333333336        4.6956202383727177E-002   8.3481281240399885E-002
   66.666666666666671       0.11936269294610148       0.21885472577627774     
   70.000000000000000       0.13398973805401854       0.24531813278936987     
   73.333333333333343       0.29736715645155937       0.54707446818807859     
   76.666666666666671       0.40413676162819512       0.75204694550674178     
   80.000000000000000       0.68411913248330591        1.2689611167486403     
   83.333333333333343       0.84914624112661752        1.5720302879848937     
   86.666666666666671       0.86782147498766393        1.6046486087112188     
   90.000000000000000        1.2841021036742564        2.3856325040649167     
   93.333333333333343        4.1794113593879247        7.9222023537216177     
   96.666666666666671        5.2535512381701617        9.9450237859288571     
   100.00000000000000        11.234846422917753        21.375349099909258     
   103.33333333333334        13.801545342388390        26.140029222971926     
   106.66666666666667        24.713752782963908        46.889032766294015     
   110.00000000000000        26.729085216756364        50.451159508976595     
   113.33333333333334        45.468066578418089        85.885402114999223     
   116.66666666666667        50.186505334238070        94.332650629473889     
   120.00000000000000        54.104874371558040        101.36518470665456     
   123.33333333333334        83.249883870595369        155.77924532809558     
   126.66666666666667        90.537271094370141        168.93039397933390     
   130.00000000000000        132.19626271972524        246.34415510248192     
   133.33333333333334        138.00961859616220        256.11955322524852     
   136.66666666666669        151.09339678461774        279.52602925754587     
   140.00000000000000        206.64121142384167        381.53495460142409     
   143.33333333333334        228.72693958785266        421.08764543935968     
   146.66666666666669        237.14778755684341        435.03004279415717     
   150.00000000000000        314.30348997791560        575.33867846549310     
   153.33333333333334        335.77620249669388        613.14748126765255     
   156.66666666666669        419.79075141408327        764.75256314804415     
   160.00000000000000        440.08264830720378        798.99844888475388     
   163.33333333333334        473.58047172398295        857.75202877982770     
   166.66666666666669        569.66637577484971        1029.5138937569450     
   170.00000000000000        579.94844208262327        1044.1082462122490     
   173.33333333333334        627.54939957528632        1127.2763777867228     
   176.66666666666669        728.84860996051270        1306.5078008752500     
   180.00000000000000        743.61918475438631        1329.0838685389517     
   183.33333333333334        786.03115022472616        1401.0334802849500     
   186.66666666666669        886.57147607567117        1577.1453848657914     
   190.00000000000000        906.16040236877086        1608.5262320888730     
   193.33333333333334        934.25585543221530        1653.8922119683289     
   196.66666666666669        1013.7763605419535        1791.1097238834095     
   200.00000000000000        1048.7734182903407        1848.8906337058079     
   203.33333333333334        1066.7204993177393        1875.7962633776719     
   206.66666666666669        1124.5323320347945        1974.7861764238314     
   210.00000000000000        1148.0865579639585        2013.1135603523558     
   213.33333333333334        1180.3639813988298        2064.3098064446522     
   216.66666666666669        1200.3333193197250        2097.2136392371131     
   220.00000000000000        1226.7308274653899        2138.0369022751343     
   223.33333333333334        1263.7075448382482        2199.0326496162452     
   226.66666666666669        1293.7822807815403        2248.7758353983736     
   230.00000000000000        1298.7049118658870        2253.8463622697514     
   233.33333333333334        1324.2560880500953        2295.8426255454197     
   236.66666666666669        1318.2124830366633        2283.2750659655235     
   240.00000000000000        1347.5612406135765        2330.8633305956719     
   243.33333333333334        1353.0627493210516        2337.4182447477551     
   246.66666666666669        1371.4773768227747        2367.0808597579608     
   250.00000000000000        1380.6204495070720        2379.4992296018836     
   253.33333333333334        1362.7745061616047        2347.5293327467248     
   256.66666666666669        1370.3416697428834        2359.4403849824821     
   260.00000000000000        1357.5753140583699        2334.8346242567404     
   263.33333333333337        1357.1546744604768        2332.4564699722587     
   266.66666666666669        1332.2833015436304        2287.6096819615673     
   270.00000000000000        1329.4669255740957        2282.0268024288002     
   273.33333333333337        1310.1426855314542        2248.6398513483300     
   276.66666666666669        1306.1256898719087        2240.4145852456440     
   280.00000000000000        1254.0325206668692        2152.2542700612671     
   283.33333333333337        1245.8467747782422        2137.8317227681878     
   286.66666666666669        1212.0478738703923        2078.0884770341941     
   290.00000000000000        1191.3731385477997        2042.4023293366740     
   293.33333333333337        1113.8684004950351        1912.2981605222374     
   296.66666666666669        1104.4368191211199        1896.7573024614337     
   300.00000000000000        1044.0808923777636        1793.5787148447234     
   303.33333333333337        1034.2735981416324        1776.2880791847613     
   306.66666666666669        941.50934391392343        1623.1353140053006     
   310.00000000000000        925.48948699574021        1594.5412824587290     
   313.33333333333337        866.31095178874250        1494.4355294744410     
   316.66666666666669        857.22971972907089        1478.4974841018643     
   320.00000000000000        760.43365513257106        1318.2443500977138     
   323.33333333333337        737.64789172219059        1279.5163105444628     
   326.66666666666669        709.96756097497223        1231.9255894357013     
   330.00000000000000        686.85484078001559        1193.7254589584311     
   333.33333333333337        660.17072685061623        1148.1544848428650     
   336.66666666666669        572.31834908159908        1001.3251596191617     
   340.00000000000000        536.75353921554563        941.62443684088669     
   343.33333333333337        520.97111714691357        916.45839785032149     
   346.66666666666669        500.81081698489635        880.45963314963592     
   350.00000000000000        423.59349623505551        751.22991239658825     
   353.33333333333337        407.07033055449267        723.12630619757226     
   356.66666666666669        380.89982490900275        679.93826291130085     
   360.00000000000000        374.28674205475556        667.74519159092506     
   363.33333333333337        349.35355787326665        624.71662759279195     
   366.66666666666669        293.71915621378093        531.74171607077449     
   370.00000000000000        282.31557850098704        510.72378986241370     
   373.33333333333337        263.47588943351576        479.82465520622850     
   376.66666666666669        250.78135486255061        458.97960721498646     
   380.00000000000000        240.54231159490163        440.63067020073458     
   383.33333333333337        200.69445273166374        372.47869051475078     
   386.66666666666669        186.83305940121039        349.36074826365046     
   390.00000000000000        179.21294856433431        336.23222100261273     
   393.33333333333337        171.14969775720803        324.51301890705719     
   396.66666666666669        165.25078225032212        312.87843294592398     
   400.00000000000000        130.58315384502188        251.56969545152629     
   403.33333333333337        122.64043302364536        238.92114846773748     
   406.66666666666669        114.22579102316813        223.87122818838003     
   410.00000000000000        108.75404322879493        213.24010408132514     
   413.33333333333337        103.81855387538556        204.61843586332364     
   416.66666666666669        87.726645170988888        178.12049938527687     
   420.00000000000000        84.217574128165808        171.37287221552018     
   423.33333333333337        77.821202227798921        160.12000720818673     
   426.66666666666669        73.795925295203162        152.83349353116179     
   430.00000000000000        70.526781398155237        146.24080337364077     
   433.33333333333337        60.010094671839120        128.15888640979023     
   436.66666666666669        57.978634343595552        125.01104727910914     
   440.00000000000000        53.518168388365481        117.25289862609425     
   443.33333333333337        51.051474637334465        112.03277544857626     
   446.66666666666669        46.494796170544447        102.69153138655849     
   450.00000000000000        46.712190437618197        104.28680409838898     
   453.33333333333337        37.969422258416621        87.615925488679181     
   456.66666666666669        38.453568966537681        88.839153689513310     
   460.00000000000000        34.533698367387331        81.247114249329343     
   463.33333333333337        32.767922730808223        77.605699514620454     
   466.66666666666669        30.407160880826769        72.724111712960337     
   470.00000000000000        30.517930837261762        74.630759160547797     
   473.33333333333337        27.793081371886977        68.926158441851129     
   476.66666666666669        25.540232571834320        63.720492121019589     
   480.00000000000000        25.399591957095620        64.118288169014164     
   483.33333333333337        23.815659754023258        60.700647376749743     
   486.66666666666669        22.514162146765656        58.275680216890251     
   490.00000000000000        22.594862623451775        58.920960121175348     
   493.33333333333337        22.361987497545094        59.034696022570806     
   496.66666666666669        21.410561925215678        57.188432540572407     
   500.00000000000000        20.665283741565549        55.681551713546718     
