   4.0000000000000000        131.75971331122619        159.71740092790660     
   8.0000000000000000        142.88311543493376        173.15877842561832     
   12.000000000000000        154.62644942118669        187.34565312091732     
   16.000000000000000        166.99297485419959        202.28179081269599     
   20.000000000000000        179.98327467295550        217.96775169214743     
   24.000000000000000        193.59505292252291        234.40062347362041     
   28.000000000000000        207.82307599480379        251.57397670601489     
   32.000000000000000        222.65909158581101        269.47776902460043     
   36.000000000000000        238.24966151421776        288.29490806508477     
   40.000000000000000        254.40510244384512        307.78563328689376     
   44.000000000000000        273.09337339394557        330.38082867222863     
   48.000000000000000        297.10597260419866        359.50854552594672     
   52.000000000000000        326.18362180809834        394.97881977809459     
   56.000000000000000        363.51415295211211        440.64854373036644     
   60.000000000000000        416.63539054865657        506.02134197699525     
   64.000000000000000        476.17029486412974        579.13920508579906     
   68.000000000000000        573.28963087606121        698.88346366404335     
   72.000000000000000        682.01954691287665        832.48882595226746     
   76.000000000000000        835.04530067818496        1021.4056265925961     
   80.000000000000000        1016.7914793587929        1244.6353606600733     
   84.000000000000000        1260.3284432384701        1544.8809390191368     
   88.000000000000000        1504.4755866268561        1844.0021842700248     
   92.000000000000000        1844.6943621349626        2261.8154505280154     
   96.000000000000000        2193.1100883543986        2687.6585952813921     
   100.00000000000000        2627.1852752697605        3219.5106203110981     
   104.00000000000000        3075.1427988826772        3763.3190037249192     
   108.00000000000000        3572.1956461059031        4368.2914969135472     
   112.00000000000000        4102.4273957226897        5011.2415268112327     
   116.00000000000000        4645.4250535011179        5666.0928280831258     
   120.00000000000000        5200.6503652906667        6335.6137191443358     
   124.00000000000000        5716.9705656991446        6953.6751956390126     
   128.00000000000000        6321.8219186725428        7679.5647436696709     
   132.00000000000000        6887.8702614772219        8355.3603182610204     
   136.00000000000000        7428.0311217884628        8997.8951800394952     
   140.00000000000000        7898.5058412544076        9559.6597328108746     
   144.00000000000000        8524.3429789397069        10307.151838627185     
   148.00000000000000        8954.4004330704265        10814.056347369133     
   152.00000000000000        9328.7119637373089        11256.782114077580     
   156.00000000000000        9745.0167608880965        11749.359715112658     
   160.00000000000000        10183.973737071361        12269.164321163184     
   164.00000000000000        10540.590775254364        12690.708622214466     
   168.00000000000000        10853.839545690147        13058.893633399597     
   172.00000000000000        11188.351706094905        13453.639357914415     
   176.00000000000000        11397.288708780337        13700.011734750831     
   180.00000000000000        11677.855159801284        14030.138138231960     
   184.00000000000000        11809.273938478338        14182.530747632782     
   188.00000000000000        11895.119927837824        14278.147250810318     
   192.00000000000000        12104.962535312055        14526.084964125646     
   196.00000000000000        12025.904580025519        14431.128895626185     
   200.00000000000000        12047.809548896668        14454.221096406183     
   204.00000000000000        12198.081274756649        14629.725050303779     
   208.00000000000000        12044.873029586348        14449.069463729378     
   212.00000000000000        12002.116827579932        14396.154880461043     
   216.00000000000000        11856.710717565547        14226.415508081713     
   220.00000000000000        11762.920963853518        14119.823276911187     
   224.00000000000000        11362.813481240439        13644.506270428075     
   228.00000000000000        11198.018721811459        13448.813404030701     
   232.00000000000000        10898.354764012487        13097.417270604114     
   236.00000000000000        10659.530205823745        12820.509356005590     
   240.00000000000000        10252.380625001564        12341.704374022514     
   244.00000000000000        9875.4214920049253        11900.689604170324     
   248.00000000000000        9549.4012730326576        11520.116155017226     
   252.00000000000000        9124.2440259373216        11023.008904994113     
   256.00000000000000        8833.1706522132772        10678.952222569977     
   260.00000000000000        8354.9039507363159        10122.073042444397     
   264.00000000000000        7933.3931869331982        9624.8534882678669     
   268.00000000000000        7501.8170966341913        9119.3665372105861     
   272.00000000000000        7038.3175792230759        8578.9193663044480     
   276.00000000000000        6654.2536870697722        8127.9087866573873     
   280.00000000000000        6246.0532687429841        7652.2556947906369     
   284.00000000000000        5860.7127132252181        7196.1907094112812     
   288.00000000000000        5456.6524628232264        6717.3857140344244     
   292.00000000000000        5093.0162589425463        6290.1590841709340     
   296.00000000000000        4694.0910972688926        5819.0414451830793     
   300.00000000000000        4403.0153369328000        5469.3711027434410     
   304.00000000000000        4095.8958412670172        5107.4418705762246     
   308.00000000000000        3763.4838353812756        4726.7079268520829     
   312.00000000000000        3496.8864196294235        4399.2072710998500     
   316.00000000000000        3254.9103872660685        4112.7551792634058     
   320.00000000000000        2999.7216345514853        3809.5783270648863     
   324.00000000000000        2734.3160957597779        3488.4734563232860     
   328.00000000000000        2561.6567331210981        3286.8158689805441     
   332.00000000000000        2346.0222333079719        3021.3040251224465     
   336.00000000000000        2196.3019127045882        2849.5429813643141     
   340.00000000000000        2036.7462996677148        2653.0039605165089     
   344.00000000000000        1882.2622621859618        2461.6948268096294     
   348.00000000000000        1709.2035357381840        2249.0028399592702     
   352.00000000000000        1587.5138343756012        2113.3839664249476     
   356.00000000000000        1482.7969416383971        1982.1175077338758     
   360.00000000000000        1351.0935186781492        1817.8747604535743     
   364.00000000000000        1251.2114430514137        1699.5617435362972     
   368.00000000000000        1180.8448722132998        1622.9241809118087     
   372.00000000000000        1085.7564732252886        1503.7868241790550     
   376.00000000000000        1004.6067227616916        1407.7158678159244     
   380.00000000000000        914.21213794177970        1272.1461653871611     
   384.00000000000000        866.83658429953755        1225.6200563706325     
   388.00000000000000        818.28413842149735        1178.2367913686276     
   392.00000000000000        744.68115498799636        1072.2650905475293     
   396.00000000000000        706.84133489702333        1030.1336441973415     
   400.00000000000000        650.13248261009767        952.70365662383108     
