   6.0000000000000000        0.0000000000000000        37.704259669161992     
   12.000000000000000        0.0000000000000000        40.229604681244233     
   18.000000000000000        0.0000000000000000        42.740359214245579     
   24.000000000000000        0.0000000000000000        45.270777194833485     
   30.000000000000000        0.0000000000000000        50.947915952063632     
   36.000000000000000        0.0000000000000000        147.26817205037992     
   42.000000000000000        0.0000000000000000        279.14432907376954     
   48.000000000000000        0.0000000000000000        448.74475216035950     
   54.000000000000000        0.0000000000000000        608.34693108888428     
   60.000000000000000        0.0000000000000000        730.36918222109193     
   66.000000000000000        0.0000000000000000        895.10015834461808     
   72.000000000000000        0.0000000000000000        976.21939748322905     
   78.000000000000000        0.0000000000000000        1074.8857697790711     
   84.000000000000000        0.0000000000000000        1101.9063165315051     
   90.000000000000000        0.0000000000000000        1201.5262747397085     
   96.000000000000000        0.0000000000000000        1224.9090257501700     
   102.00000000000000        0.0000000000000000        1237.2109238070470     
   108.00000000000000        0.0000000000000000        1183.6243128569536     
   114.00000000000000        0.0000000000000000        1175.0012973477856     
   120.00000000000000        0.0000000000000000        1113.8840557327349     
   126.00000000000000        0.0000000000000000        1145.5906588238026     
   132.00000000000000        0.0000000000000000        969.65959708105800     
   138.00000000000000        0.0000000000000000        884.35206364281316     
   144.00000000000000        0.0000000000000000        797.22355785921047     
   150.00000000000000        0.0000000000000000        642.76384726104027     
   156.00000000000000        0.0000000000000000        604.95496151518364     
   162.00000000000000        0.0000000000000000        552.20499160119755     
   168.00000000000000        0.0000000000000000        448.62288868292046     
   174.00000000000000        0.0000000000000000        409.52460722931932     
   180.00000000000000        0.0000000000000000        306.28313671997677     
   186.00000000000000        0.0000000000000000        280.74505912638944     
   192.00000000000000        0.0000000000000000        240.06148850592888     
   198.00000000000000        0.0000000000000000        198.16544680730033     
   204.00000000000000        0.0000000000000000        169.62444551165422     
   210.00000000000000        0.0000000000000000        145.49374089668942     
   216.00000000000000        0.0000000000000000        123.47963237045838     
   222.00000000000000        0.0000000000000000        100.12518378292410     
   228.00000000000000        0.0000000000000000        85.755557571929913     
   234.00000000000000        0.0000000000000000        75.643374147649141     
   240.00000000000000        0.0000000000000000        56.790588686487908     
   246.00000000000000        0.0000000000000000        49.886373965329653     
   252.00000000000000        0.0000000000000000        46.513373236859486     
   258.00000000000000        0.0000000000000000        39.568712470530606     
   264.00000000000000        0.0000000000000000        32.401565952904420     
   270.00000000000000        0.0000000000000000        30.047168431607851     
   276.00000000000000        0.0000000000000000        23.674809375341638     
   282.00000000000000        0.0000000000000000        20.234013333431729     
   288.00000000000000        0.0000000000000000        16.864451644737461     
   294.00000000000000        0.0000000000000000        16.935688806301076     
   300.00000000000000        0.0000000000000000        13.565162639990310     
   306.00000000000000        0.0000000000000000        12.536888909059666     
   312.00000000000000        0.0000000000000000        9.9572042007823605     
   318.00000000000000        0.0000000000000000        8.4141857084741503     
   324.00000000000000        0.0000000000000000        7.0739631864590704     
   330.00000000000000        0.0000000000000000        6.2308291168856842     
   336.00000000000000        0.0000000000000000        5.9720139840726389     
   342.00000000000000        0.0000000000000000        4.4967125525667155     
   348.00000000000000        0.0000000000000000        3.8295948639367934     
   354.00000000000000        0.0000000000000000        3.2702972170400688     
   360.00000000000000        0.0000000000000000        2.9329967088560269     
   366.00000000000000        0.0000000000000000        2.4956041896390859     
   372.00000000000000        0.0000000000000000        2.0305113970811215     
   378.00000000000000        0.0000000000000000        1.7321971720831295     
   384.00000000000000        0.0000000000000000        1.5061327933902087     
   390.00000000000000        0.0000000000000000        1.3210966383379066     
   396.00000000000000        0.0000000000000000        1.1681226990272164     
   402.00000000000000        0.0000000000000000       0.94732122106162753     
   408.00000000000000        0.0000000000000000       0.85592484595850016     
   414.00000000000000        0.0000000000000000       0.85271166664214071     
   420.00000000000000        0.0000000000000000       0.66681690782186176     
   426.00000000000000        0.0000000000000000       0.58355607679374277     
   432.00000000000000        0.0000000000000000       0.49088334707912129     
   438.00000000000000        0.0000000000000000       0.52251926089774681     
   444.00000000000000        0.0000000000000000       0.47326232002111546     
   450.00000000000000        0.0000000000000000       0.36514363220975432     
   456.00000000000000        0.0000000000000000       0.28405311227237334     
   462.00000000000000        0.0000000000000000       0.29791200271081708     
   468.00000000000000        0.0000000000000000       0.26868819685969214     
   474.00000000000000        0.0000000000000000       0.17787514661959317     
   480.00000000000000        0.0000000000000000       0.17099175582481774     
   486.00000000000000        0.0000000000000000       0.12648189939275770     
   492.00000000000000        0.0000000000000000       0.10821176812096853     
   498.00000000000000        0.0000000000000000        8.8735038972468191E-002
   504.00000000000000        0.0000000000000000        7.3922189754037540E-002
   510.00000000000000        0.0000000000000000       0.24860563416693768     
   516.00000000000000        0.0000000000000000        8.2614368004372787E-002
   522.00000000000000        0.0000000000000000        8.1778114981841954E-002
   528.00000000000000        0.0000000000000000       0.15519527357609775     
   534.00000000000000        0.0000000000000000        7.5888295699481939E-002
   540.00000000000000        0.0000000000000000        7.6387976158781623E-002
   546.00000000000000        0.0000000000000000        5.2933975748116889E-002
   552.00000000000000        0.0000000000000000        1.6465783792456612E-002
   558.00000000000000        0.0000000000000000        8.3068815287176953E-002
   564.00000000000000        0.0000000000000000       0.10158490347062779     
   570.00000000000000        0.0000000000000000        4.7338472051406448E-002
   576.00000000000000        0.0000000000000000        4.8947472475685441E-002
   582.00000000000000        0.0000000000000000        7.2564555655145243E-003
   588.00000000000000        0.0000000000000000       0.10495781471744359     
   594.00000000000000        0.0000000000000000        3.0319256848295777E-002
   600.00000000000000        0.0000000000000000        4.9121504718709240E-003
