   3.3333333333333335        0.0000000000000000        0.0000000000000000     
   6.6666666666666670        0.0000000000000000        0.0000000000000000     
   10.000000000000000        0.0000000000000000        0.0000000000000000     
   13.333333333333334        0.0000000000000000        0.0000000000000000     
   16.666666666666668        0.0000000000000000        0.0000000000000000     
   20.000000000000000        0.0000000000000000        0.0000000000000000     
   23.333333333333336        0.0000000000000000        0.0000000000000000     
   26.666666666666668        0.0000000000000000        0.0000000000000000     
   30.000000000000000        0.0000000000000000        0.0000000000000000     
   33.333333333333336        0.0000000000000000        0.0000000000000000     
   36.666666666666671        0.0000000000000000        0.0000000000000000     
   40.000000000000000        0.0000000000000000        0.0000000000000000     
   43.333333333333336        0.0000000000000000        0.0000000000000000     
   46.666666666666671        3.5008344281540350E-002   5.0850976230514537E-002
   50.000000000000000       0.52973479010881475       0.76783709346834728     
   53.333333333333336        2.3020525620055978        3.3257172543265701     
   56.666666666666671        4.1378533126839363        5.9859403659549608     
   60.000000000000000        6.9448311151850284        10.042608343802490     
   63.333333333333336        11.401702830829823        16.475380648930297     
   66.666666666666671        17.709060957452003        25.604916671860856     
   70.000000000000000        27.997421539394932        40.400305772161829     
   73.333333333333343        41.764430177594157        60.103376699355678     
   76.666666666666671        59.678926534992442        85.794883340172660     
   80.000000000000000        83.104483017869640        119.17528104768208     
   83.333333333333343        114.66253643706582        164.17885457811985     
   86.666666666666671        158.78701515560087        226.71205387030759     
   90.000000000000000        203.52087317171464        289.98277210671057     
   93.333333333333343        257.72866682777851        366.24280793609614     
   96.666666666666671        327.64967181059825        464.46463980038959     
   100.00000000000000        399.55497018382385        565.15760258180592     
   103.33333333333334        489.86193547031536        690.85804575511906     
   106.66666666666667        588.21210432680084        827.42045487857456     
   110.00000000000000        689.56904623582250        966.92691777896709     
   113.33333333333334        797.83996582252666        1115.6673022480466     
   116.66666666666667        917.34983021941230        1279.2655038511705     
   120.00000000000000        1058.6275778029276        1472.2156429215765     
   123.33333333333334        1183.3530458954679        1641.0275463024698     
   126.66666666666667        1306.1260506393551        1806.0759180964060     
   130.00000000000000        1428.4555860803591        1969.5388992807002     
   133.33333333333334        1560.8121541734906        2146.1628974726682     
   136.66666666666669        1714.4771139340401        2352.0168575660346     
   140.00000000000000        1843.0024447501771        2521.5428134067379     
   143.33333333333334        1965.9289376826098        2683.2265607357713     
   146.66666666666669        2057.1632582743555        2801.2237455936306     
   150.00000000000000        2195.1651805266670        2982.4065336047001     
   153.33333333333334        2298.6836475881819        3116.7946798409994     
   156.66666666666669        2390.8674039744546        3234.5826850839953     
   160.00000000000000        2499.5487487676605        3374.4802317761432     
   163.33333333333334        2551.9028186764444        3439.4695553519173     
   166.66666666666669        2626.3477564627751        3532.3751565038451     
   170.00000000000000        2771.1916197807232        3721.2672459237219     
   173.33333333333334        2794.2474848681568        3745.5981916187980     
   176.66666666666669        2865.7222704591327        3834.5940797575954     
   180.00000000000000        2906.6255770638586        3883.3224786327464     
   183.33333333333334        3015.0875111983651        4023.6185249357900     
   186.66666666666669        2976.3925126540212        3965.1705121537334     
   190.00000000000000        3019.7732326685850        4016.3377221829655     
   193.33333333333334        3038.8658747631284        4036.9711137947015     
   196.66666666666669        3100.0148338888634        4113.8975653424777     
   200.00000000000000        3058.9367618979995        4053.4613795649157     
   203.33333333333334        3061.6740671365014        4052.4747532589918     
   206.66666666666669        3056.5418655954750        4041.4259169714996     
   210.00000000000000        3031.6878053213131        4005.9437976388117     
   213.33333333333334        3014.1003361806088        3976.9293965054953     
   216.66666666666669        2918.9809205716151        3849.5457399608022     
   220.00000000000000        2916.1030127408594        3843.6736451418710     
   223.33333333333334        2827.3738341582803        3724.4899242437245     
   226.66666666666669        2731.4244824091129        3598.7902335996514     
   230.00000000000000        2686.3092559874558        3538.4181923424876     
   233.33333333333334        2573.5110584638369        3389.2114535470400     
   236.66666666666669        2465.6338722020473        3247.5097766245526     
   240.00000000000000        2369.1601174381817        3121.9758037041929     
   243.33333333333334        2268.1698552965768        2989.8325209228196     
   246.66666666666669        2151.3466707120710        2836.6941140211652     
   250.00000000000000        2063.9667672176665        2724.5971296597850     
   253.33333333333334        1950.9158468942721        2577.5885880039941     
   256.66666666666669        1819.0993438995558        2409.4023978469090     
   260.00000000000000        1723.9491247869512        2283.9493911705035     
   263.33333333333337        1610.4218989561896        2139.0194288383809     
   266.66666666666669        1500.3264502023596        1996.5516577924759     
   270.00000000000000        1402.6854124384649        1871.1353356807404     
   273.33333333333337        1301.9448176681717        1741.7606644814230     
   276.66666666666669        1209.9058695343115        1621.7579678288205     
   280.00000000000000        1122.5722277463904        1510.6824422265743     
   283.33333333333337        1045.7264226456716        1411.6701204027049     
   286.66666666666669        965.30375118429572        1307.3009629232286     
   290.00000000000000        876.15909545489512        1191.3622109200660     
   293.33333333333337        810.50944398534193        1110.2614578856990     
   296.66666666666669        751.63732211989691        1033.9632275955646     
   300.00000000000000        686.03749708907685        947.91516361325398     
   303.33333333333337        622.74091887218697        866.56784873511754     
   306.66666666666669        569.11413504625307        799.40053826547319     
   310.00000000000000        526.79656932580758        745.10514804317950     
   313.33333333333337        474.18063825097761        677.69910487352274     
   316.66666666666669        434.14354981020432        619.51265464108837     
   320.00000000000000        406.02313816173358        586.93607487464192     
   323.33333333333337        373.91407257241565        548.18938929974979     
   326.66666666666669        338.82686498870197        498.61294616297084     
   330.00000000000000        317.61842198467127        472.75068981534264     
   333.33333333333337        288.56975365157342        433.06076053785517     
   336.66666666666669        254.24523524791249        385.42377825375638     
   340.00000000000000        249.74108249760152        384.41157336386419     
   343.33333333333337        229.95875596686639        358.67524681105027     
   346.66666666666669        199.14011498912916        313.16932567726741     
   350.00000000000000        195.50581374417800        312.67674526638933     
   353.33333333333337        179.30054099141023        290.04137110786007     
   356.66666666666669        165.95994317649121        272.97400262049672     
   360.00000000000000        158.09823881218981        263.24966056950194     
   363.33333333333337        139.02979200440669        234.23051200331955     
   366.66666666666669        135.48691050745163        231.94363958174165     
   370.00000000000000        125.67312606836833        217.61158132877071     
   373.33333333333337        119.14791784450183        209.20415918602274     
   376.66666666666669        107.40007743021788        192.43125873004064     
   380.00000000000000        100.37720807147409        180.51649345817916     
   383.33333333333337        99.048302754317547        183.30919865358177     
   386.66666666666669        92.856463114260961        173.15379799155457     
   390.00000000000000        85.853115481244188        162.17724935969082     
   393.33333333333337        84.496636930919237        163.54366040592643     
   396.66666666666669        78.437496162624612        153.38661158867009     
   400.00000000000000        74.739334397831286        148.91403399531760     
   403.33333333333337        71.950121508743109        144.63087026066663     
   406.66666666666669        63.764867961554287        129.89952139027011     
   410.00000000000000        63.690518873549507        131.65105249360309     
   413.33333333333337        59.470769398926365        125.02194479243714     
   416.66666666666669        60.076438683486167        128.01320577845823     
   420.00000000000000        55.636534104626783        120.72390132713298     
   423.33333333333337        51.622331724576441        113.57177017396803     
   426.66666666666669        47.121722854379655        104.56629711520436     
   430.00000000000000        47.941337023963342        108.77089828308324     
   433.33333333333337        47.089472697781822        107.99848162716080     
   436.66666666666669        43.191394658651063        101.19813032106401     
   440.00000000000000        40.922296545733239        97.134971146191660     
   443.33333333333337        43.348286321082448        104.94643105793669     
   446.66666666666669        36.537148921783981        88.948351968824554     
   450.00000000000000        38.569321183093976        95.850058590123624     
   453.33333333333337        38.549179946111593        98.195933612344518     
   456.66666666666669        32.293624742327069        81.869400126094916     
   460.00000000000000        30.549407242434746        78.384752316753463     
   463.33333333333337        33.053590916464813        87.651832353580616     
   466.66666666666669        30.871329889879068        82.772135241951503     
   470.00000000000000        27.675289705636548        74.083967097725875     
   473.33333333333337        25.761809869393961        70.464296011155142     
   476.66666666666669        27.083110011311167        75.356202637649602     
   480.00000000000000        25.488779666801765        72.412827380972175     
   483.33333333333337        23.460566961575758        67.475640062297401     
   486.66666666666669        24.877720267779726        73.097667571950026     
   490.00000000000000        22.000799293196611        65.040130878372167     
   493.33333333333337        22.132111314626201        66.437418328074628     
   496.66666666666669        20.874128890313180        63.710833471369874     
   500.00000000000000        19.289980143466916        59.560776314320002     
