   4.0000000000000000        18892.850736527107        6376.0091682657512     
   8.0000000000000000        19452.226647084124        6568.7528235029777     
   12.000000000000000        20540.788029807736        6933.7910444052095     
   16.000000000000000        21861.594235959288        7373.4709791107025     
   20.000000000000000        45703.688780069810        15156.294764470380     
   24.000000000000000        202589.73429724053        66481.235495260058     
   28.000000000000000        330588.20835538371        108632.54161853943     
   32.000000000000000        372875.30255824729        122703.05145493770     
   36.000000000000000        402263.10886938713        132579.49637911571     
   40.000000000000000        437030.57236250286        144247.10549785735     
   44.000000000000000        464953.84967717057        153763.98274381965     
   48.000000000000000        508220.38306252897        168235.49081206345     
   52.000000000000000        545322.72705978830        180898.07226181749     
   56.000000000000000        559461.43115970015        185985.64228794959     
   60.000000000000000        565544.75963395822        188421.43423907447     
   64.000000000000000        565213.66278101120        188752.01061492195     
   68.000000000000000        557538.60157527297        186654.69130688437     
   72.000000000000000        537602.77121962572        180594.62030490133     
   76.000000000000000        516874.51649562642        174120.08592485878     
   80.000000000000000        493963.51321225293        167004.64416687549     
   84.000000000000000        458138.36694101145        155547.09776455842     
   88.000000000000000        425318.94596878067        145062.15107672726     
   92.000000000000000        393917.04841347632        135041.43662743876     
   96.000000000000000        356677.90622637467        122933.21010725221     
   100.00000000000000        326988.12811675598        113366.28188913118     
   104.00000000000000        288468.89807503414        100740.57942812840     
   108.00000000000000        262178.41167315515        92129.890794834282     
   112.00000000000000        231513.65611615530        82000.648974333322     
   116.00000000000000        204866.01762634297        73104.091910040195     
   120.00000000000000        183614.32773219285        66085.080957020487     
   124.00000000000000        163666.54848582225        59458.121968445004     
   128.00000000000000        143040.89500876720        52467.266995308259     
   132.00000000000000        125715.20683806160        46522.576851018821     
   136.00000000000000        110558.58662647579        41308.364464402395     
   140.00000000000000        98676.161884790461        37294.456115143308     
   144.00000000000000        88163.868187813743        33705.615541050523     
   148.00000000000000        78212.728573353728        30191.089172248929     
   152.00000000000000        69586.405141649462        27230.187177322805     
   156.00000000000000        62207.248874757075        24639.474076859919     
   160.00000000000000        56382.520711465128        22555.865774136386     
   164.00000000000000        50600.158712732926        20488.140272144952     
   168.00000000000000        46226.609854168208        18921.546131311647     
   172.00000000000000        41417.857886129801        17211.558277811091     
   176.00000000000000        38548.413014744743        16262.410697172385     
   180.00000000000000        34803.287332441498        14832.765629470619     
   184.00000000000000        32912.724672868258        14304.475257501466     
   188.00000000000000        30082.262742534163        13218.738196203445     
   192.00000000000000        28044.169731056885        12559.907899678878     
   196.00000000000000        26581.280141021303        12154.244183494509     
   200.00000000000000        25126.525331134893        11696.983509026721     
   204.00000000000000        22509.466397301301        10503.041328132489     
   208.00000000000000        21060.741484585349        10107.828004392395     
   212.00000000000000        19565.972371842756        9487.0274311763405     
   216.00000000000000        19061.029258839382        9530.9717934181917     
   220.00000000000000        16879.420765409690        8461.8728360545974     
   224.00000000000000        16887.087176156183        8842.8381613661386     
   228.00000000000000        15574.720685318849        8262.1572225401651     
   232.00000000000000        14533.659256095561        7846.7279350684876     
   236.00000000000000        13156.662206121233        7219.3922141624134     
   240.00000000000000        12947.795054368160        7379.7668986249464     
   244.00000000000000        11839.213490940212        6872.6859208350052     
   248.00000000000000        10993.037152541525        6518.1676584268462     
   252.00000000000000        10410.793156348755        6383.6235215428778     
   256.00000000000000        9140.4524570675821        5625.4686163573242     
   260.00000000000000        9156.9049689643143        5912.3756040744292     
   264.00000000000000        8307.6085046995031        5438.3037810181750     
   268.00000000000000        7831.1502897453938        5293.5646998152533     
   272.00000000000000        7609.5410441945278        5369.0747806534928     
   276.00000000000000        6855.4773330863891        4939.3400371702792     
   280.00000000000000        6644.6276660368485        4979.8437152379847     
   284.00000000000000        6072.0311883211480        4655.8045208659005     
   288.00000000000000        5660.7186159620005        4464.1508551275820     
   292.00000000000000        5341.6800140118230        4350.9371283110768     
   296.00000000000000        5062.3745726094276        4268.8191037933457     
   300.00000000000000        4380.5675924692086        3705.1833206766491     
   304.00000000000000        4218.0063151840332        3744.1602638580439     
   308.00000000000000        4483.4332596207569        4223.2650893593718     
   312.00000000000000        3962.9575878247942        3800.9597553791104     
   316.00000000000000        3592.4003163447610        3501.3060829643023     
   320.00000000000000        3371.3556608215308        3400.6360763837874     
   324.00000000000000        3132.9558873916089        3219.0439404731055     
   328.00000000000000        3051.0570910456763        3247.3028754125407     
   332.00000000000000        2692.0500031486167        2905.9297692419268     
   336.00000000000000        2669.7992108335511        2996.8095290076203     
   340.00000000000000        2421.5866444165695        2756.6560648634945     
   344.00000000000000        2216.1108360321291        2567.9753897670253     
   348.00000000000000        2103.6906474378184        2493.9847807626375     
   352.00000000000000        2043.1522137687748        2501.5244454028766     
   356.00000000000000        1911.2280235957062        2405.7890539303148     
   360.00000000000000        1793.4165590420473        2297.5556303739127     
   364.00000000000000        1744.6924374062348        2303.1439891454320     
   368.00000000000000        1747.6194803756866        2403.0611824597577     
   372.00000000000000        1657.5309287758857        2321.4178824405371     
   376.00000000000000        1638.4913244175582        2368.9992268003957     
   380.00000000000000        1297.4691944253063        1830.0333312882030     
   384.00000000000000        1318.7536036772885        1946.6030645990704     
   388.00000000000000        1360.7266252350162        2104.3395684175121     
   392.00000000000000        1148.6397469873825        1774.7295924168707     
   396.00000000000000        1108.6702491725930        1772.2648042217118     
   400.00000000000000        1049.7409797664684        1719.7517614448575     
