   6.0000000000000000        0.0000000000000000        1.4019733190613992     
   12.000000000000000        0.0000000000000000        1.6199610461147838     
   18.000000000000000        0.0000000000000000        1.8629215938660850     
   24.000000000000000        0.0000000000000000        2.1320110040253981     
   30.000000000000000        0.0000000000000000        2.4282065251192759     
   36.000000000000000        0.0000000000000000        2.7522879138176335     
   42.000000000000000        0.0000000000000000        3.1048077931866795     
   48.000000000000000        0.0000000000000000        3.4860561054679406     
   54.000000000000000        0.0000000000000000        3.8960440525347857     
   60.000000000000000        0.0000000000000000        4.3538728451924396     
   66.000000000000000        0.0000000000000000        4.8302240032776380     
   72.000000000000000        0.0000000000000000        5.3950819354579780     
   78.000000000000000        0.0000000000000000        6.0905907334902016     
   84.000000000000000        0.0000000000000000        7.1834995429263326     
   90.000000000000000        0.0000000000000000        8.2289306082006561     
   96.000000000000000        0.0000000000000000        10.750197508011418     
   102.00000000000000        0.0000000000000000        13.166791858341636     
   108.00000000000000        0.0000000000000000        16.839821333485098     
   114.00000000000000        0.0000000000000000        22.620381616738349     
   120.00000000000000        0.0000000000000000        29.187738431698435     
   126.00000000000000        0.0000000000000000        41.277040307357964     
   132.00000000000000        0.0000000000000000        54.536991391915606     
   138.00000000000000        0.0000000000000000        65.921536609175604     
   144.00000000000000        0.0000000000000000        80.117334289290156     
   150.00000000000000        0.0000000000000000        98.413163723324658     
   156.00000000000000        0.0000000000000000        124.48618811491312     
   162.00000000000000        0.0000000000000000        143.35973123378136     
   168.00000000000000        0.0000000000000000        153.81205541353899     
   174.00000000000000        0.0000000000000000        182.28463879744425     
   180.00000000000000        0.0000000000000000        183.90661284642385     
   186.00000000000000        0.0000000000000000        209.54447940894579     
   192.00000000000000        0.0000000000000000        219.01327060819955     
   198.00000000000000        0.0000000000000000        224.70854392920873     
   204.00000000000000        0.0000000000000000        240.07831933268784     
   210.00000000000000        0.0000000000000000        243.06119740394195     
   216.00000000000000        0.0000000000000000        250.52184989433846     
   222.00000000000000        0.0000000000000000        242.60324604159857     
   228.00000000000000        0.0000000000000000        250.65491951602010     
   234.00000000000000        0.0000000000000000        247.41216733180451     
   240.00000000000000        0.0000000000000000        234.70873994703001     
   246.00000000000000        0.0000000000000000        230.37112663825297     
   252.00000000000000        0.0000000000000000        222.07832346803497     
   258.00000000000000        0.0000000000000000        227.39947803217495     
   264.00000000000000        0.0000000000000000        207.06253582540612     
   270.00000000000000        0.0000000000000000        210.44717395996378     
   276.00000000000000        0.0000000000000000        199.95938181244000     
   282.00000000000000        0.0000000000000000        186.05161305938273     
   288.00000000000000        0.0000000000000000        176.02504569353385     
   294.00000000000000        0.0000000000000000        166.48046320695042     
   300.00000000000000        0.0000000000000000        153.53892021829913     
   306.00000000000000        0.0000000000000000        140.86634034259066     
   312.00000000000000        0.0000000000000000        129.77338057361143     
   318.00000000000000        0.0000000000000000        116.86051115515809     
   324.00000000000000        0.0000000000000000        110.47318450166225     
   330.00000000000000        0.0000000000000000        99.254898765554557     
   336.00000000000000        0.0000000000000000        86.009313514974551     
   342.00000000000000        0.0000000000000000        81.748258268644520     
   348.00000000000000        0.0000000000000000        70.072734049679099     
   354.00000000000000        0.0000000000000000        61.491624681804318     
   360.00000000000000        0.0000000000000000        56.381010261221064     
   366.00000000000000        0.0000000000000000        47.498948870007979     
   372.00000000000000        0.0000000000000000        43.574295109565888     
   378.00000000000000        0.0000000000000000        36.712422375716706     
   384.00000000000000        0.0000000000000000        33.103450523837310     
   390.00000000000000        0.0000000000000000        30.392227295771804     
   396.00000000000000        0.0000000000000000        26.869322650264358     
   402.00000000000000        0.0000000000000000        21.326524113753365     
   408.00000000000000        0.0000000000000000        19.445840215598658     
   414.00000000000000        0.0000000000000000        16.152017281638390     
   420.00000000000000        0.0000000000000000        15.552325119678649     
   426.00000000000000        0.0000000000000000        13.208823156948654     
   432.00000000000000        0.0000000000000000        11.062986919470841     
   438.00000000000000        0.0000000000000000        9.1721423361477576     
   444.00000000000000        0.0000000000000000        8.4182297736949732     
   450.00000000000000        0.0000000000000000        7.1001485376802300     
   456.00000000000000        0.0000000000000000        6.3350377304165013     
   462.00000000000000        0.0000000000000000        5.9442519211917997     
   468.00000000000000        0.0000000000000000        3.9076476996596212     
   474.00000000000000        0.0000000000000000        3.6169257626678126     
   480.00000000000000        0.0000000000000000        3.1704683277440204     
   486.00000000000000        0.0000000000000000        2.6531882971596223     
   492.00000000000000        0.0000000000000000        2.2036995560747532     
   498.00000000000000        0.0000000000000000        2.0497336732127369     
   504.00000000000000        0.0000000000000000        1.7208999887097942     
   510.00000000000000        0.0000000000000000        1.3833891988784288     
   516.00000000000000        0.0000000000000000        1.2449522131582593     
   522.00000000000000        0.0000000000000000        1.2519728023868091     
   528.00000000000000        0.0000000000000000        1.0059008034042352     
   534.00000000000000        0.0000000000000000       0.98463149699891206     
   540.00000000000000        0.0000000000000000       0.83292716999165850     
   546.00000000000000        0.0000000000000000       0.67839548631874391     
   552.00000000000000        0.0000000000000000       0.37809199006825389     
   558.00000000000000        0.0000000000000000       0.36959556268573374     
   564.00000000000000        0.0000000000000000       0.35541055155979362     
   570.00000000000000        0.0000000000000000       0.26428698634796083     
   576.00000000000000        0.0000000000000000       0.27229814329570357     
   582.00000000000000        0.0000000000000000       0.24208301147782160     
   588.00000000000000        0.0000000000000000       0.22099047951550327     
   594.00000000000000        0.0000000000000000       0.16712677754100252     
   600.00000000000000        0.0000000000000000       0.13397641277841163     
