   6.0000000000000000        16.208194454238672        0.0000000000000000     
   12.000000000000000        18.783221103569119        0.0000000000000000     
   18.000000000000000        21.677766088255307        0.0000000000000000     
   24.000000000000000        24.911567215839991        0.0000000000000000     
   30.000000000000000        28.502634799559594        0.0000000000000000     
   36.000000000000000        32.466857627977674        0.0000000000000000     
   42.000000000000000        36.817601927797327        0.0000000000000000     
   48.000000000000000        41.565290556132624        0.0000000000000000     
   54.000000000000000        46.780640570271437        0.0000000000000000     
   60.000000000000000        52.449278198193916        0.0000000000000000     
   66.000000000000000        58.737288066965462        0.0000000000000000     
   72.000000000000000        66.423040719072176        0.0000000000000000     
   78.000000000000000        76.370318029580957        0.0000000000000000     
   84.000000000000000        89.552601659635485        0.0000000000000000     
   90.000000000000000        103.65759788505466        0.0000000000000000     
   96.000000000000000        129.84110154145355        0.0000000000000000     
   102.00000000000000        162.82424526315009        0.0000000000000000     
   108.00000000000000        201.69577802890950        0.0000000000000000     
   114.00000000000000        255.89820133035533        0.0000000000000000     
   120.00000000000000        337.85790585838038        0.0000000000000000     
   126.00000000000000        446.49953581712191        0.0000000000000000     
   132.00000000000000        550.85371422435355        0.0000000000000000     
   138.00000000000000        727.81268834897935        0.0000000000000000     
   144.00000000000000        880.77568339354411        0.0000000000000000     
   150.00000000000000        1086.9782502704188        0.0000000000000000     
   156.00000000000000        1312.6552014640831        0.0000000000000000     
   162.00000000000000        1545.1432328804974        0.0000000000000000     
   168.00000000000000        1757.5771802465829        0.0000000000000000     
   174.00000000000000        2006.2096899081273        0.0000000000000000     
   180.00000000000000        2254.2935504328293        0.0000000000000000     
   186.00000000000000        2434.6701519856142        0.0000000000000000     
   192.00000000000000        2635.9512680508742        0.0000000000000000     
   198.00000000000000        2820.4823869406837        0.0000000000000000     
   204.00000000000000        3006.3683453240524        0.0000000000000000     
   210.00000000000000        3133.3439878337267        0.0000000000000000     
   216.00000000000000        3289.4828181802141        0.0000000000000000     
   222.00000000000000        3378.2772181977966        0.0000000000000000     
   228.00000000000000        3420.1157211773798        0.0000000000000000     
   234.00000000000000        3514.0138487915228        0.0000000000000000     
   240.00000000000000        3560.5832059887884        0.0000000000000000     
   246.00000000000000        3609.5778518640450        0.0000000000000000     
   252.00000000000000        3594.8288446492302        0.0000000000000000     
   258.00000000000000        3503.4732184382106        0.0000000000000000     
   264.00000000000000        3423.8890361100375        0.0000000000000000     
   270.00000000000000        3385.6394234140380        0.0000000000000000     
   276.00000000000000        3182.7315037705634        0.0000000000000000     
   282.00000000000000        3070.3151210815840        0.0000000000000000     
   288.00000000000000        2892.8155629899143        0.0000000000000000     
   294.00000000000000        2712.3767957665445        0.0000000000000000     
   300.00000000000000        2505.5802682741050        0.0000000000000000     
   306.00000000000000        2348.6376362608071        0.0000000000000000     
   312.00000000000000        2119.4365675230983        0.0000000000000000     
   318.00000000000000        1949.0323590802236        0.0000000000000000     
   324.00000000000000        1747.6100752426689        0.0000000000000000     
   330.00000000000000        1581.9969909355430        0.0000000000000000     
   336.00000000000000        1414.5387849474528        0.0000000000000000     
   342.00000000000000        1260.5791236194550        0.0000000000000000     
   348.00000000000000        1117.4313461912561        0.0000000000000000     
   354.00000000000000        1004.3792758436462        0.0000000000000000     
   360.00000000000000        885.35259266158107        0.0000000000000000     
   366.00000000000000        779.15428267450011        0.0000000000000000     
   372.00000000000000        693.63004219323648        0.0000000000000000     
   378.00000000000000        611.53049084354552        0.0000000000000000     
   384.00000000000000        539.40800761374408        0.0000000000000000     
   390.00000000000000        486.49280446487370        0.0000000000000000     
   396.00000000000000        427.60262596680519        0.0000000000000000     
   402.00000000000000        397.60223756686884        0.0000000000000000     
   408.00000000000000        353.01590803453206        0.0000000000000000     
   414.00000000000000        319.38661767261004        0.0000000000000000     
   420.00000000000000        285.09732854904348        0.0000000000000000     
   426.00000000000000        262.71237133377633        0.0000000000000000     
   432.00000000000000        231.64966121819447        0.0000000000000000     
   438.00000000000000        218.60981858863732        0.0000000000000000     
   444.00000000000000        211.27009829403974        0.0000000000000000     
   450.00000000000000        179.08418934940559        0.0000000000000000     
   456.00000000000000        165.24898093174295        0.0000000000000000     
   462.00000000000000        167.02898610918533        0.0000000000000000     
   468.00000000000000        142.05429177547089        0.0000000000000000     
   474.00000000000000        130.84902526509029        0.0000000000000000     
   480.00000000000000        124.57566038704074        0.0000000000000000     
   486.00000000000000        117.83333798651967        0.0000000000000000     
   492.00000000000000        118.06607211119783        0.0000000000000000     
   498.00000000000000        96.213172814508226        0.0000000000000000     
   504.00000000000000        94.433240037624230        0.0000000000000000     
   510.00000000000000        84.001131700691246        0.0000000000000000     
   516.00000000000000        80.705728582539848        0.0000000000000000     
   522.00000000000000        76.850104325463235        0.0000000000000000     
   528.00000000000000        78.029743765637221        0.0000000000000000     
   534.00000000000000        65.407304867732677        0.0000000000000000     
   540.00000000000000        60.899163952877785        0.0000000000000000     
   546.00000000000000        66.600483376858989        0.0000000000000000     
   552.00000000000000        62.233806723892080        0.0000000000000000     
   558.00000000000000        59.198957703190615        0.0000000000000000     
   564.00000000000000        59.858132753409528        0.0000000000000000     
   570.00000000000000        46.010332082333392        0.0000000000000000     
   576.00000000000000        50.125288044034335        0.0000000000000000     
   582.00000000000000        51.415552314056072        0.0000000000000000     
   588.00000000000000        39.095383089956599        0.0000000000000000     
   594.00000000000000        41.782503718704092        0.0000000000000000     
   600.00000000000000        36.133154160085716        0.0000000000000000     
