   4.0000000000000000        320.11074398808961        253.33317046324305     
   8.0000000000000000        336.43490459625548        266.17669506294277     
   12.000000000000000        352.89646233926402        279.12506979824929     
   16.000000000000000        369.44722416329216        292.14057628805597     
   20.000000000000000        386.24328950748452        305.35798540991641     
   24.000000000000000        403.21929557711900        318.72132890454441     
   28.000000000000000        421.32596286570117        333.03428381434185     
   32.000000000000000        532.57928658012725        425.08263578826262     
   36.000000000000000        1006.7995683223039        818.35756253372051     
   40.000000000000000        1592.5742880285525        1301.8944375904423     
   44.000000000000000        2152.4617833786838        1761.4465152477292     
   48.000000000000000        2676.7770593384821        2188.2404788298791     
   52.000000000000000        3468.7334905165112        2831.0122909694223     
   56.000000000000000        4222.0879332230161        3436.9454792830174     
   60.000000000000000        4950.0591846625175        4016.9623549796829     
   64.000000000000000        5669.0048670772594        4584.6694644271092     
   68.000000000000000        6363.3668644038880        5128.5555027189530     
   72.000000000000000        7040.2358842530393        5655.2224539649360     
   76.000000000000000        7762.1226237001683        6214.5042418125413     
   80.000000000000000        8377.0625848365944        6687.3330621704545     
   84.000000000000000        8936.0741539369683        7112.7408477725494     
   88.000000000000000        9460.5283314063036        7509.7174788644688     
   92.000000000000000        9933.6823984239891        7865.2142816240221     
   96.000000000000000        10442.763049946938        8245.5348223715137     
   100.00000000000000        10903.446285810795        8590.1011256697275     
   104.00000000000000        11022.202209598559        8659.8460753766485     
   108.00000000000000        11414.844647288539        8950.5419225109072     
   112.00000000000000        11595.810626280299        9071.0778927769861     
   116.00000000000000        11750.800619076614        9171.3766786614560     
   120.00000000000000        11657.077576534397        9080.4811658591880     
   124.00000000000000        11534.573483690368        8971.2883319908833     
   128.00000000000000        11408.301403799825        8859.6512109868545     
   132.00000000000000        11132.872402054831        8631.6249327427340     
   136.00000000000000        10766.917954254233        8336.2991811555912     
   140.00000000000000        10302.007114476213        7973.2338337731917     
   144.00000000000000        9884.7782676546649        7648.6403629465221     
   148.00000000000000        9392.4266056700908        7267.1475224885435     
   152.00000000000000        8771.7143078640784        6791.1314970977719     
   156.00000000000000        8195.7135649073443        6350.3034010289048     
   160.00000000000000        7528.2315202485070        5841.0857286316941     
   164.00000000000000        7044.9577452023159        5472.9073856760324     
   168.00000000000000        6404.0224979254290        4985.4843262828372     
   172.00000000000000        5857.8130150649404        4574.4525921297063     
   176.00000000000000        5263.7592556021891        4124.9061263493404     
   180.00000000000000        4820.6898514613977        3788.9836527666453     
   184.00000000000000        4320.8193771761144        3415.5469923852497     
   188.00000000000000        3888.1565968745531        3085.3854335605056     
   192.00000000000000        3498.2713390227655        2792.7063785022215     
   196.00000000000000        3140.7483922003394        2526.8642050339940     
   200.00000000000000        2818.9781828597206        2282.5842946268217     
   204.00000000000000        2523.7984444720214        2055.8292267481097     
   208.00000000000000        2268.7882687995989        1864.4410041703316     
   212.00000000000000        2013.5274466330870        1668.9061649572586     
   216.00000000000000        1855.2350215812455        1554.7282370871321     
   220.00000000000000        1633.4075831290547        1378.6576167624337     
   224.00000000000000        1508.7126226784978        1294.1542082988049     
   228.00000000000000        1336.0372709265393        1155.8768828098898     
   232.00000000000000        1235.4293359685748        1080.3697120598738     
   236.00000000000000        1108.4045869536453        977.36808292190779     
   240.00000000000000        1023.9333092522293        919.47935565297712     
   244.00000000000000        951.08682061838078        863.27339120740862     
   248.00000000000000        865.57424129801859        794.30091775397034     
   252.00000000000000        798.73350333148483        746.12944223794727     
   256.00000000000000        722.25005891232172        677.69403783383689     
   260.00000000000000        698.95669598372035        670.64922282404814     
   264.00000000000000        622.04036412172718        603.04560838395548     
   268.00000000000000        593.71742956817786        584.84148600542687     
   272.00000000000000        563.88970245989265        569.38306983064808     
   276.00000000000000        511.34792210895921        521.93209541279975     
   280.00000000000000        494.14507370830074        515.23299481070546     
   284.00000000000000        455.42524744354336        481.48965657265944     
   288.00000000000000        426.92370891253086        459.70561037600805     
   292.00000000000000        399.39950642674069        438.02931627487999     
   296.00000000000000        376.46790846503336        421.62090336639903     
   300.00000000000000        335.86129036264265        377.55203546090570     
   304.00000000000000        316.62658946380884        366.90969232220158     
   308.00000000000000        328.41543310988982        397.70073538658380     
   312.00000000000000        287.64810540148835        351.64147342634334     
   316.00000000000000        265.70470350846796        329.53579959346575     
   320.00000000000000        251.99262045137164        321.93966142733620     
   324.00000000000000        228.15124381980536        294.83740630163629     
   328.00000000000000        225.46072951487457        300.80701874005314     
   332.00000000000000        199.68830496376876        270.08639722554182     
   336.00000000000000        194.05715063453255        272.06387513362841     
   340.00000000000000        176.32630345758633        251.39100980990949     
   344.00000000000000        159.13105760379923        230.27013592433616     
   348.00000000000000        150.69783280716226        223.88830829354697     
   352.00000000000000        145.63891031893093        224.30441391033506     
   356.00000000000000        133.17484484746399        211.69499940206219     
   360.00000000000000        124.91836326256414        202.65333039492373     
   364.00000000000000        120.57761050989878        203.04862339094703     
   368.00000000000000        119.20998541236503        209.82477707724124     
   372.00000000000000        112.32527381094971        202.64647654714906     
   376.00000000000000        108.44835973056462        202.84171100725999     
   380.00000000000000        86.573369035942051        159.03906876073830     
   384.00000000000000        87.475261240095094        168.81493902754539     
   388.00000000000000        89.511401130521989        182.12794780239446     
   392.00000000000000        75.426527112688873        154.16695117758556     
   396.00000000000000        72.820787821682615        154.40405876686339     
   400.00000000000000        67.574366413802622        147.35960399708307     
