   4.0000000000000000        14.048820767144127        24.434681405856757     
   8.0000000000000000        15.186364048468613        26.385072741120325     
   12.000000000000000        16.378111375655660        28.425806210654144     
   16.000000000000000        17.623157527747232        30.555157727371942     
   20.000000000000000        18.920289341144962        32.770885385340385     
   24.000000000000000        20.267979671840386        35.070215940070646     
   28.000000000000000        21.664386659758108        37.449849994259651     
   32.000000000000000        23.107352421316431        39.905960623650252     
   36.000000000000000        24.594409713255708        42.434215343671426     
   40.000000000000000        26.143795696464920        45.071232607979951     
   44.000000000000000        27.860479709533678        48.023197103555866     
   48.000000000000000        30.027955799442676        51.841512203661445     
   52.000000000000000        32.685667811599728        56.608817652196421     
   56.000000000000000        35.926699511024545        62.481014891931537     
   60.000000000000000        40.952605999289247        71.802844386049671     
   64.000000000000000        47.210836321769690        83.428659690924434     
   68.000000000000000        57.192948809127600        102.13012176371905     
   72.000000000000000        68.453653783836359        123.05522063621729     
   76.000000000000000        85.282904243444023        154.46750884725958     
   80.000000000000000        106.72937342850341        194.19888445115311     
   84.000000000000000        134.93363062399956        246.30850454951212     
   88.000000000000000        165.90721909277624        302.93262836273732     
   92.000000000000000        206.71344922675937        377.25420757772139     
   96.000000000000000        247.41441604897750        450.34163552237391     
   100.00000000000000        300.85211955482805        546.15902676540509     
   104.00000000000000        353.32052164284534        638.69776665850793     
   108.00000000000000        412.24761356700702        742.05201637478535     
   112.00000000000000        470.33619065880919        842.67414043590793     
   116.00000000000000        534.90291758162391        953.54552065433211     
   120.00000000000000        601.60374241557372        1067.4590470194421     
   124.00000000000000        652.16325676330064        1151.0552470507259     
   128.00000000000000        712.63648651576136        1251.6312293880380     
   132.00000000000000        769.89405676781348        1345.3739171326895     
   136.00000000000000        824.92691447933316        1434.6970897787787     
   140.00000000000000        874.12210868862257        1513.5762793793033     
   144.00000000000000        926.71906831907268        1597.1950602982270     
   148.00000000000000        975.61460412605368        1673.9225682647721     
   152.00000000000000        1005.9091375452751        1718.4692772845190     
   156.00000000000000        1048.7744163051022        1784.2047051246111     
   160.00000000000000        1081.7778994680614        1832.3540494637650     
   164.00000000000000        1111.6976375922773        1875.5601602943550     
   168.00000000000000        1134.9818124240596        1907.1005839403786     
   172.00000000000000        1143.8826229110448        1914.4045766875706     
   176.00000000000000        1153.9458372954114        1924.2091382850831     
   180.00000000000000        1164.5432452203968        1934.9774320132756     
   184.00000000000000        1151.2263357276533        1906.6959226927509     
   188.00000000000000        1136.4245684897176        1875.9582264085006     
   192.00000000000000        1118.6471310551526        1841.2277816871022     
   196.00000000000000        1082.1068629374540        1777.1515430308486     
   200.00000000000000        1038.2064089923806        1700.9764271300860     
   204.00000000000000        1008.8367863544489        1648.8105955173064     
   208.00000000000000        954.32934783584972        1557.7392094451143     
   212.00000000000000        913.66857841307979        1488.7181531604915     
   216.00000000000000        846.60866760385170        1379.2878656898492     
   220.00000000000000        801.62909492863321        1305.5773473239676     
   224.00000000000000        734.45187938088770        1197.2182695051363     
   228.00000000000000        678.47216643873560        1105.3441648306825     
   232.00000000000000        625.01910109332107        1020.3657384153408     
   236.00000000000000        578.75321658845758        945.70022471261746     
   240.00000000000000        519.12938053297216        851.08560147853620     
   244.00000000000000        468.13093204465548        770.23945087111258     
   248.00000000000000        420.37045326355337        694.04851346253747     
   252.00000000000000        381.11843098963033        632.35787779730435     
   256.00000000000000        343.59490240101587        571.84603178465170     
   260.00000000000000        309.09671889707272        518.86275180847008     
   264.00000000000000        275.63169720114803        465.12969979633147     
   268.00000000000000        249.86502741252235        425.12925391124816     
   272.00000000000000        222.98452772503217        384.16855293756919     
   276.00000000000000        203.07955339302868        351.41502607889419     
   280.00000000000000        179.85174709647706        315.74277381655179     
   284.00000000000000        164.46395435613044        291.26712834746650     
   288.00000000000000        148.34126027394538        265.85566125293627     
   292.00000000000000        136.14056251905498        246.32846630712521     
   296.00000000000000        125.36401148141931        230.20513242206357     
   300.00000000000000        112.26552747217531        207.27163996192493     
   304.00000000000000        100.79444816409259        189.06059322659226     
   308.00000000000000        98.137504461133588        188.92908178553648     
   312.00000000000000        88.150482798352272        170.73263950829187     
   316.00000000000000        80.888226572262681        158.56922003877685     
   320.00000000000000        75.098873527765662        150.03228747652878     
   324.00000000000000        69.129765746668625        139.41339695214734     
   328.00000000000000        65.488469159577164        135.05626778740194     
   332.00000000000000        58.673212933817396        122.37872337096894     
   336.00000000000000        56.677916657058276        120.90178393511601     
   340.00000000000000        51.723660467282841        111.52500588630727     
   344.00000000000000        47.597910282330560        103.59101905817646     
   348.00000000000000        44.587802583597934        98.665091544776800     
   352.00000000000000        42.929577243928222        97.727971722631978     
   356.00000000000000        39.245011649584271        91.121851006472610     
   360.00000000000000        36.800315794312894        86.815356555617228     
   364.00000000000000        35.557709350420886        86.377276114819011     
   368.00000000000000        34.307401764301638        86.441406687486321     
   372.00000000000000        32.264233024107035        82.897945594791523     
   376.00000000000000        30.883263114469660        81.825859275614192     
   380.00000000000000        25.650902669617082        66.930858350940056     
   384.00000000000000        25.347175613796971        69.193530771552417     
   388.00000000000000        25.597946489712655        73.321031737332191     
   392.00000000000000        21.861265754691736        62.825729374342593     
   396.00000000000000        21.039238123906305        62.633993025330582     
   400.00000000000000        19.347554052402760        59.146847272096210     
