   3.3333333333333335        0.0000000000000000        0.0000000000000000     
   6.6666666666666670        0.0000000000000000        0.0000000000000000     
   10.000000000000000        0.0000000000000000        0.0000000000000000     
   13.333333333333334        0.0000000000000000        0.0000000000000000     
   16.666666666666668        0.0000000000000000        0.0000000000000000     
   20.000000000000000        0.0000000000000000        0.0000000000000000     
   23.333333333333336        0.0000000000000000        0.0000000000000000     
   26.666666666666668        0.0000000000000000        0.0000000000000000     
   30.000000000000000        0.0000000000000000        0.0000000000000000     
   33.333333333333336        0.0000000000000000        0.0000000000000000     
   36.666666666666671        0.0000000000000000        0.0000000000000000     
   40.000000000000000        0.0000000000000000        0.0000000000000000     
   43.333333333333336        0.0000000000000000        0.0000000000000000     
   46.666666666666671        6.6430342895660216E-002   9.4806496005675145E-002
   50.000000000000000        6.7804482492484885E-002   9.7317423217493593E-002
   53.333333333333336       0.35224075503562119       0.50417244545062823     
   56.666666666666671       0.28971139652686412       0.41679489105507750     
   60.000000000000000       0.62549991752275158       0.88471229382453342     
   63.333333333333336        7.3377852561135857        10.675512611735599     
   66.666666666666671        9.3003358939456060        13.453572110813953     
   70.000000000000000        23.484496550104893        34.020302470467193     
   73.333333333333343        49.702025456345275        72.042470607570948     
   76.666666666666671        52.229747049969198        75.331725020903363     
   80.000000000000000        96.381250573241914        138.91752026846061     
   83.333333333333343        105.36385594221041        151.24689101351467     
   86.666666666666671        172.86902470441331        248.02274824622305     
   90.000000000000000        184.83056819791730        264.10250734181312     
   93.333333333333343        279.93754288717662        399.54014341420623     
   96.666666666666671        295.91558704782483        420.67255070632211     
   100.00000000000000        325.28722285955666        460.96002063903791     
   103.33333333333334        462.32045401259552        653.99246816872892     
   106.66666666666667        505.62044960087366        712.88533664814247     
   110.00000000000000        672.54804141997010        946.11504837171287     
   113.33333333333334        722.63187074195469        1013.5738237970868     
   116.66666666666667        909.34084503968427        1271.7960246317884     
   120.00000000000000        957.93808594182576        1335.9144581779758     
   123.33333333333334        1041.7923919403900        1448.9142357655237     
   126.66666666666667        1257.0762657643249        1743.4842974475989     
   130.00000000000000        1354.0380313743981        1872.8950463143294     
   133.33333333333334        1568.9689928069213        2163.7924684873615     
   136.66666666666669        1620.1729286352831        2229.2922023785918     
   140.00000000000000        1729.2029249997058        2373.8932470648028     
   143.33333333333334        1950.3267140199885        2670.6237354808954     
   146.66666666666669        2025.1982796368131        2765.4218716264131     
   150.00000000000000        2100.5716782247268        2862.0797785978116     
   153.33333333333334        2272.1504843801163        3088.9145083041926     
   156.66666666666669        2355.5876671812753        3196.7285249654460     
   160.00000000000000        2462.5428168035319        3333.3309436723807     
   163.33333333333334        2503.2984469746211        3383.0087039321747     
   166.66666666666669        2583.3817967110595        3485.8858143156253     
   170.00000000000000        2649.4747030684603        3567.6857602265172     
   173.33333333333334        2722.7894208743346        3660.1981434284303     
   176.66666666666669        2790.0627474593784        3746.9985521176172     
   180.00000000000000        2853.6399174750836        3825.7292116812655     
   183.33333333333334        2882.7696043585993        3859.0297991385319     
   186.66666666666669        2940.0043889162157        3929.7424398791836     
   190.00000000000000        2959.3433643290800        3953.1465018566291     
   193.33333333333334        2966.9621726078058        3958.3855562458161     
   196.66666666666669        2978.1362173888406        3968.8347942553983     
   200.00000000000000        3078.4780683185318        4098.1285174517825     
   203.33333333333334        2988.2018394583652        3973.5342980898026     
   206.66666666666669        3005.5506902352736        3995.2376366778217     
   210.00000000000000        3017.0428000458878        4009.1590259947770     
   213.33333333333334        2983.5443685736955        3962.4016463477610     
   216.66666666666669        2900.8733912064636        3851.0713397537697     
   220.00000000000000        2915.1202847611048        3865.7777948610906     
   223.33333333333334        2881.9845339916187        3818.0522963678563     
   226.66666666666669        2761.7458943698916        3661.6578800856491     
   230.00000000000000        2697.4061472511207        3577.6108217270698     
   233.33333333333334        2676.4842914906912        3548.8672883384315     
   236.66666666666669        2463.8238282848756        3275.0664566052837     
   240.00000000000000        2431.6844806843069        3230.6415326914494     
   243.33333333333334        2355.3181474534840        3129.2662112998241     
   246.66666666666669        2274.7312010372975        3024.6307337993435     
   250.00000000000000        2069.5039777581233        2759.2453415383579     
   253.33333333333334        2043.8753457149021        2727.6008985891399     
   256.66666666666669        1982.4425836768914        2649.6976904164640     
   260.00000000000000        1889.9043290230413        2525.6893785601583     
   263.33333333333337        1671.5445636776903        2246.1357724777940     
   266.66666666666669        1570.5960114496506        2114.5636451006408     
   270.00000000000000        1528.1429931948871        2058.6458688446546     
   273.33333333333337        1482.3187438885352        2000.6298943325187     
   276.66666666666669        1272.5550087339529        1729.3223245835493     
   280.00000000000000        1194.4767772885825        1628.5763073399291     
   283.33333333333337        1146.0693153289080        1565.0393290432257     
   286.66666666666669        1095.8945167265060        1497.9790866827300     
   290.00000000000000        927.50082635593833        1280.2460896276502     
   293.33333333333337        897.67664639337522        1241.9922105940714     
   296.66666666666669        836.43721734865630        1161.9390377824577     
   300.00000000000000        796.21070215083228        1109.8820168889172     
   303.33333333333337        665.29699093926467        937.38186216339204     
   306.66666666666669        641.27646781205749        908.42588507336495     
   310.00000000000000        600.39692009986845        853.02275586789892     
   313.33333333333337        561.63700492518308        803.26334019811145     
   316.66666666666669        536.80851868974719        767.73604126528880     
   320.00000000000000        441.50832791798149        644.45259972812823     
   323.33333333333337        403.05392993536827        591.85864733752715     
   326.66666666666669        381.85815210386875        561.64173252683202     
   330.00000000000000        369.17344370009005        546.15055717898986     
   333.33333333333337        300.78591759246962        454.84424951679927     
   336.66666666666669        280.97197750341581        426.32542839119401     
   340.00000000000000        263.40950607640912        404.34314386425507     
   343.33333333333337        251.39745681034287        389.56941903036295     
   346.66666666666669        232.25193595170165        361.09909855461535     
   350.00000000000000        193.94026193885023        308.93342597419360     
   353.33333333333337        185.50157590602137        297.08863368829702     
   356.66666666666669        171.81319041472238        279.54053738114652     
   360.00000000000000        163.51459796176431        266.76355959229414     
   363.33333333333337        149.63850132626152        246.92797041992046     
   366.66666666666669        128.82973276311412        219.60448382712275     
   370.00000000000000        119.83743553524786        204.00652432552775     
   373.33333333333337        113.94713063271247        198.20463035966338     
   376.66666666666669        111.88236885854000        197.10328981717711     
   380.00000000000000        98.720899505611129        176.15049955179629     
   383.33333333333337        84.131240584434750        154.13843222953747     
   386.66666666666669        83.456335221081034        154.64946362765215     
   390.00000000000000        78.904535710559117        148.72916424626294     
   393.33333333333337        79.634579024611114        153.54587546067089     
   396.66666666666669        72.978736725336873        141.25824472145925     
   400.00000000000000        62.925506565203484        125.00848401761640     
   403.33333333333337        63.136925390044532        127.58177336773730     
   406.66666666666669        59.492604273840335        121.66819225945747     
   410.00000000000000        51.807492695941392        107.00796789172284     
   413.33333333333337        50.199979718495278        105.10584836985774     
   416.66666666666669        51.971478429427485        111.51176086947014     
   420.00000000000000        50.407310861387437        108.90073576717641     
   423.33333333333337        48.887074029690815        106.93551727271200     
   426.66666666666669        45.023595308108384        99.701530412246271     
   430.00000000000000        42.118104068033631        93.953172930190917     
   433.33333333333337        43.303923082814727        98.138927057601023     
   436.66666666666669        41.796484855548243        96.375888546133297     
   440.00000000000000        41.377527902265363        96.381838990928046     
   443.33333333333337        37.996466455249255        89.592973910971637     
   446.66666666666669        35.004775003239352        83.456012736155458     
   450.00000000000000        36.223421804866014        87.242356659829539     
   453.33333333333337        33.342006238314099        81.933890176484027     
   456.66666666666669        32.767684846131168        81.429049288367864     
   460.00000000000000        31.268619992739339        78.758146545363019     
   463.33333333333337        29.076264102628322        74.609519378142593     
   466.66666666666669        27.085690813707433        70.163781737300170     
   470.00000000000000        29.263046532913521        76.800617826717172     
   473.33333333333337        27.283097082056727        72.780696953084913     
   476.66666666666669        24.548638147679728        66.105581838411496     
   480.00000000000000        24.109431517476114        66.234588191771152     
   483.33333333333337        23.084608160473575        64.062363481134710     
   486.66666666666669        22.583330299031196        63.721268673966009     
   490.00000000000000        21.951884155088436        63.135879904675953     
   493.33333333333337        22.374287219790912        65.078112824917000     
   496.66666666666669        20.840980923080863        61.917829894078544     
   500.00000000000000        20.069709852498114        60.402214509052662     
