   4.0000000000000000        13860.498060761034        5549.4991832208507     
   8.0000000000000000        14325.705576477176        5738.7360337906139     
   12.000000000000000        14861.332291524301        5955.5761048525846     
   16.000000000000000        15438.560047683657        6188.5118890800240     
   20.000000000000000        17970.025337645158        7182.8570847042611     
   24.000000000000000        61342.160741180429        24107.346855206033     
   28.000000000000000        167869.93539156776        65781.835601613289     
   32.000000000000000        220932.95278253400        86621.150163249244     
   36.000000000000000        248478.59064117115        97489.639113086072     
   40.000000000000000        269675.20729861892        105907.79086473254     
   44.000000000000000        289777.85349618667        113945.49499588432     
   48.000000000000000        316619.96666324837        124603.47241744139     
   52.000000000000000        343485.01335831033        135396.84069372565     
   56.000000000000000        362987.45712189132        143300.18176135380     
   60.000000000000000        378180.35800716246        149524.49002743344     
   64.000000000000000        389770.91607834311        154341.40118208228     
   68.000000000000000        398559.22477540612        158064.79625141414     
   72.000000000000000        397402.96981429477        157951.42031422677     
   76.000000000000000        399012.27929282212        158833.75340196991     
   80.000000000000000        393506.27546668815        157004.77292194765     
   84.000000000000000        383897.20609180018        153495.63531996298     
   88.000000000000000        366445.82567894022        146937.05314372198     
   92.000000000000000        352515.70618818118        141800.69320466358     
   96.000000000000000        336038.19170658168        135541.80218087757     
   100.00000000000000        315782.46898694360        127902.46675144423     
   104.00000000000000        288053.19632424286        117169.10928581039     
   108.00000000000000        270751.24234540923        110606.75935884485     
   112.00000000000000        246333.69618918642        101103.25543810423     
   116.00000000000000        224949.44691738224        92799.980889346101     
   120.00000000000000        203187.90485904645        84352.639454591990     
   124.00000000000000        184268.38906944520        77022.257275708340     
   128.00000000000000        165863.18435053044        69742.820404517595     
   132.00000000000000        147318.15608389548        62352.828952667158     
   136.00000000000000        131815.35652709109        56198.856093676077     
   140.00000000000000        117104.11235039000        50369.159709857595     
   144.00000000000000        105811.19999977358        45865.657526388924     
   148.00000000000000        94338.695218040011        41235.677211949922     
   152.00000000000000        83383.973815589023        36807.985798536392     
   156.00000000000000        74728.586026861740        33296.277623143673     
   160.00000000000000        66849.612493335488        30043.475621121615     
   164.00000000000000        59765.127266847870        27130.166000962668     
   168.00000000000000        54198.906442515086        24822.626297676885     
   172.00000000000000        48134.870597905487        22307.827768839088     
   176.00000000000000        43645.717140889392        20479.151109663326     
   180.00000000000000        39015.605509197674        18470.410889862353     
   184.00000000000000        36586.220574551378        17594.034023575372     
   188.00000000000000        32675.135455620093        15861.252641832483     
   192.00000000000000        30134.524842971849        14852.047401180294     
   196.00000000000000        28533.123630035756        14298.507425029289     
   200.00000000000000        26152.488743865302        13293.376358269208     
   204.00000000000000        23792.737118871279        12149.449392057155     
   208.00000000000000        21954.561233004337        11439.412518906536     
   212.00000000000000        20351.975611942438        10719.402566558492     
   216.00000000000000        19373.856246205123        10450.110542944913     
   220.00000000000000        17339.913330740594        9388.7097400467301     
   224.00000000000000        17070.047411980195        9560.1664088108610     
   228.00000000000000        15768.688992226311        8922.6082308807254     
   232.00000000000000        14637.325164018208        8406.6022673629559     
   236.00000000000000        13357.478202586557        7771.8053936948236     
   240.00000000000000        12833.384874432202        7697.8743814514492     
   244.00000000000000        11894.971710396316        7241.0446687410531     
   248.00000000000000        11153.629309884640        6897.5106923372741     
   252.00000000000000        10444.576193929408        6641.7872009748789     
   256.00000000000000        9248.2051634867894        5894.6333891822787     
   260.00000000000000        9225.6826852326922        6114.5400958394312     
   264.00000000000000        8367.0264504024035        5605.3091757276852     
   268.00000000000000        7925.4537213048516        5443.4441061913758     
   272.00000000000000        7670.5451582867190        5474.9954996126344     
   276.00000000000000        6964.7938087737493        5048.4464947950892     
   280.00000000000000        6778.0584640408269        5077.2966494213442     
   284.00000000000000        6233.4725956663333        4760.9855583007165     
   288.00000000000000        5774.6672413581382        4518.7425554627534     
   292.00000000000000        5439.8282860152112        4375.9895659519134     
   296.00000000000000        5139.4497261038305        4255.2290403587976     
   300.00000000000000        4537.1006620472517        3768.9377929902494     
   304.00000000000000        4329.7769768794433        3743.3325978458638     
   308.00000000000000        4551.3719588128542        4157.8033309934099     
   312.00000000000000        4047.3918010233674        3754.1102033611260     
   316.00000000000000        3695.9597405411232        3478.6321785037330     
   320.00000000000000        3477.1235212363258        3381.7754242851915     
   324.00000000000000        3215.2226025718624        3177.4642356570748     
   328.00000000000000        3159.4748867041803        3223.9337777039864     
   332.00000000000000        2788.8472495054757        2891.5160684825914     
   336.00000000000000        2750.3493563539596        2955.6434541204180     
   340.00000000000000        2506.6845392116829        2733.2702245577398     
   344.00000000000000        2274.7322682940685        2521.0900084631248     
   348.00000000000000        2179.6489120554897        2466.4690095216411     
   352.00000000000000        2126.2007832311156        2486.3790301107019     
   356.00000000000000        1966.4408958792164        2362.8018455419642     
   360.00000000000000        1858.1689401977903        2268.9151305228202     
   364.00000000000000        1801.6019252270416        2270.1178052555592     
   368.00000000000000        1806.4984867826647        2362.9214330330942     
   372.00000000000000        1730.5635110397393        2305.4577789561054     
   376.00000000000000        1706.7594642625465        2337.5477194353407     
   380.00000000000000        1345.8687476912799        1803.0684728924464     
   384.00000000000000        1381.3240907244440        1929.0710157322287     
   388.00000000000000        1434.3766994419143        2091.8401539659844     
   392.00000000000000        1221.0189731338132        1782.3713305393603     
   396.00000000000000        1182.8163269747549        1775.7008745493940     
   400.00000000000000        1107.1551672824803        1697.2918050379885     
