   4.0000000000000000        1395.5577882649482        628.11640232407228     
   8.0000000000000000        1440.0853875568691        648.24996130101067     
   12.000000000000000        1488.5370272914722        670.25193365368534     
   16.000000000000000        1546.8752324280429        696.82517739772709     
   20.000000000000000        1798.9079510687602        812.78766889666178     
   24.000000000000000        6284.0185401953304        2875.4577599480599     
   28.000000000000000        17286.004329426545        7919.1245654036338     
   32.000000000000000        23051.890378628294        10532.174161847766     
   36.000000000000000        25855.032475897802        11776.461202104638     
   40.000000000000000        28349.872525060691        12873.609913818967     
   44.000000000000000        30866.384159162775        13978.410659205272     
   48.000000000000000        33853.781819279422        15283.899018220198     
   52.000000000000000        36884.728614994376        16614.125220468432     
   56.000000000000000        39284.328189438216        17649.923563033801     
   60.000000000000000        40901.784328204107        18331.386499474156     
   64.000000000000000        42089.828404374894        18819.888419571231     
   68.000000000000000        42840.431442503032        19112.832233608355     
   72.000000000000000        42465.401417000467        18917.015548673477     
   76.000000000000000        42138.245658924003        18733.129934561446     
   80.000000000000000        41152.656659467939        18274.964355503824     
   84.000000000000000        39117.575594143142        17359.628898229388     
   88.000000000000000        36725.560099970746        16299.828139343916     
   92.000000000000000        34663.568096784409        15389.865702659850     
   96.000000000000000        32076.239828771137        14248.714238897357     
   100.00000000000000        29823.087766538541        13266.860430713114     
   104.00000000000000        26280.206957600647        11729.166257721914     
   108.00000000000000        23922.874225412223        10705.340763708266     
   112.00000000000000        20980.637222229074        9429.4819141524840     
   116.00000000000000        18661.476703140142        8421.8823904849814     
   120.00000000000000        16588.722950675194        7530.3480575622771     
   124.00000000000000        14666.443080715613        6702.7553200691455     
   128.00000000000000        12762.520614019031        5875.3067609722011     
   132.00000000000000        11053.549796966276        5125.8089154269765     
   136.00000000000000        9595.4546527228085        4487.2588130913591     
   140.00000000000000        8464.9473727099903        4000.0711253444902     
   144.00000000000000        7516.9496191618264        3588.8610119054010     
   148.00000000000000        6529.5179305342299        3149.4664961293711     
   152.00000000000000        5768.0058623705982        2819.3809607897883     
   156.00000000000000        5122.3773000475358        2535.0753548013226     
   160.00000000000000        4546.0069835006325        2275.6174345964050     
   164.00000000000000        4069.1663644485179        2062.8031850430821     
   168.00000000000000        3645.0415659884798        1869.9995261555841     
   172.00000000000000        3276.7169276380728        1709.3289263115557     
   176.00000000000000        3018.4233813845740        1600.5178540754664     
   180.00000000000000        2715.2375280916663        1456.6492182464422     
   184.00000000000000        2562.0827989371992        1403.0832333574424     
   188.00000000000000        2357.3718786695154        1307.4790859505738     
   192.00000000000000        2190.9419426487484        1239.3911980253101     
   196.00000000000000        2065.6439872159403        1195.6738188634674     
   200.00000000000000        1940.5189485706469        1144.4884629366586     
   204.00000000000000        1727.2731705178933        1022.5748695542618     
   208.00000000000000        1644.6793340612003        1005.1766464168261     
   212.00000000000000        1512.2131553133690        933.84133467307367     
   216.00000000000000        1483.6161431167827        947.11676613616191     
   220.00000000000000        1300.6174312855906        834.22187519695785     
   224.00000000000000        1309.2792336969378        880.68133283492591     
   228.00000000000000        1197.5888068876118        817.94648596067964     
   232.00000000000000        1111.9385375868010        775.16294435722989     
   236.00000000000000        996.66112939405980        707.25780264894195     
   240.00000000000000        989.80189348971089        733.82187718208161     
   244.00000000000000        905.35009302821175        685.04095681266358     
   248.00000000000000        830.54054153149673        646.19362481012809     
   252.00000000000000        790.06152686970188        638.09717418587343     
   256.00000000000000        692.02650683780394        564.59146404511125     
   260.00000000000000        680.32309230157648        586.11671303756270     
   264.00000000000000        615.92343496604553        539.42020150293263     
   268.00000000000000        570.73479513721236        519.09363067085633     
   272.00000000000000        556.82224549748298        535.65693755512086     
   276.00000000000000        500.85998576380712        495.54977621763743     
   280.00000000000000        478.06615313254883        497.34225876443531     
   284.00000000000000        432.11030131731627        463.19783274917228     
   288.00000000000000        398.75360976869365        444.79135370710407     
   292.00000000000000        369.23793200515627        429.73964227037163     
   296.00000000000000        346.69819727070046        423.86107127730344     
   300.00000000000000        295.67540196624401        364.78345146702009     
   304.00000000000000        282.03426527960306        370.96584105346665     
   308.00000000000000        289.97948571893807        414.23549856783467     
   312.00000000000000        257.58967889742348        379.96970733170315     
   316.00000000000000        228.67942381582935        346.39375160067129     
   320.00000000000000        211.14783570836468        336.02548142333461     
   324.00000000000000        189.63747023582897        311.60204990654347     
   328.00000000000000        181.87655364877227        315.87469276562717     
   332.00000000000000        158.77517043318801        283.22782467901891     
   336.00000000000000        153.46337060203427        291.33418045056385     
   340.00000000000000        135.39801091136093        263.04795414867635     
   344.00000000000000        122.23418212841057        246.36155534560277     
   348.00000000000000        113.94154038999707        239.72940194537378     
   352.00000000000000        108.16319383844122        239.98176446046307     
   356.00000000000000        99.513459889841741        230.80707563333965     
   360.00000000000000        91.303041028061998        218.73285613910167     
   364.00000000000000        85.989165146372130        216.89636898215593     
   368.00000000000000        84.026956551743794        227.40646880122890     
   372.00000000000000        78.196534533754459        218.89796069282193     
   376.00000000000000        74.596146285992731        222.00387219974758     
   380.00000000000000        60.027740981606286        171.26737796041553     
   384.00000000000000        58.732060602845721        182.85175834028118     
   388.00000000000000        58.200797110249013        196.43932288753521     
   392.00000000000000        48.914892084280638        164.43292348291104     
   396.00000000000000        45.930707357661660        164.45100240736826     
   400.00000000000000        42.492709537371923        159.55864060728854     
