   4.6666666666666670        2.2071608418809072E-004   1.1693911370404854E-003
   9.3333333333333339        2.4975794456415511E-004   1.3242169994658539E-003
   14.000000000000000        2.8257445620647663E-004   1.4993089724757238E-003
   18.666666666666668        3.1960269004004371E-004   1.6971029580339686E-003
   23.333333333333336        3.6134777981337884E-004   1.9203540535631537E-003
   28.000000000000000        4.0834126187948825E-004   2.1720136733218601E-003
   32.666666666666671        4.6117995614109006E-004   2.4553047427222255E-003
   37.333333333333336        5.2052272554607053E-004   2.7738124487219885E-003
   42.000000000000000        5.8707715903526985E-004   3.1313852705461922E-003
   46.666666666666671        6.6178910329434343E-004   3.5332131576392761E-003
   51.333333333333336        7.4564349193004492E-004   3.9847241822985506E-003
   56.000000000000000        8.3973218557436224E-004   4.4917307312819406E-003
   60.666666666666671        9.4509625228250964E-004   5.0599214827508534E-003
   65.333333333333343        1.0628181474881379E-003   5.6950925826852817E-003
   70.000000000000000        1.1942184515545242E-003   6.4043601791710265E-003
   74.666666666666671        1.3405834362698829E-003   7.1944519807539469E-003
   79.333333333333343        1.5033195661391927E-003   8.0727974168609707E-003
   84.000000000000000        1.6839688495496803E-003   9.0475410285584430E-003
   88.666666666666671        1.8843314591580158E-003   1.0128228797803994E-002
   93.333333333333343        2.1063297169304374E-003   1.1325090651081218E-002
   98.000000000000000        2.3519815788176435E-003   1.2648722783355644E-002
   102.66666666666667        2.6231338704211802E-003   1.4108751415855967E-002
   107.33333333333334        3.1440995076736792E-003   1.6944165269433147E-002
   112.00000000000000        4.0765937928616391E-003   2.1766167669923168E-002
   116.66666666666667        4.6988016292321610E-003   2.4900689699726020E-002
   121.33333333333334        5.5541938269172185E-003   2.9627708211215714E-002
   126.00000000000001        5.5496118184029308E-003   2.9475693279665642E-002
   130.66666666666669        6.9501694221924468E-003   3.7122275446710332E-002
   135.33333333333334        9.0562755332567208E-003   4.8444056138799561E-002
   140.00000000000000        1.1358243083155481E-002   5.9888397696648069E-002
   144.66666666666669        1.2361871094350312E-002   6.6187503247112117E-002
   149.33333333333334        1.5207029048574378E-002   8.1140322412324051E-002
   154.00000000000000        1.6974687010921162E-002   9.1083176237665403E-002
   158.66666666666669        1.9313285141583918E-002  0.10462310694272120     
   163.33333333333334        1.9447324096349534E-002  0.10345072672245226     
   168.00000000000000        2.2347597884516589E-002  0.12014685518319529     
   172.66666666666669        2.5033820013780864E-002  0.13414211818208718     
   177.33333333333334        2.9308700009672707E-002  0.15635365027375137     
   182.00000000000000        3.7827257958881200E-002  0.20492545264145692     
   186.66666666666669        4.0121066490488765E-002  0.21236022413263697     
   191.33333333333334        3.9607346261912861E-002  0.21571103250417425     
   196.00000000000000        4.7552921727507302E-002  0.25664847366126459     
   200.66666666666669        5.2537216561933386E-002  0.28288894928577191     
   205.33333333333334        5.8021411481443463E-002  0.31088885395229771     
   210.00000000000000        6.1172143248650793E-002  0.32879972793347179     
   214.66666666666669        6.9892313060387012E-002  0.37522590359770658     
   219.33333333333334        7.7236226364933533E-002  0.40780606471649017     
   224.00000000000000        8.8561422921278832E-002  0.47206056533775842     
   228.66666666666669        9.3977767334825879E-002  0.50025156797803805     
   233.33333333333334       0.11060037897439882       0.58657251726366633     
   238.00000000000003       0.10763083877790920       0.57937295251828247     
   242.66666666666669       0.12562197392166430       0.66727806942636470     
   247.33333333333334       0.12505703505781868       0.66715092783528029     
   252.00000000000003       0.13989949913151548       0.75423412326111428     
   256.66666666666669       0.13860016027288696       0.73822827744949304     
   261.33333333333337       0.17305461755938623       0.92428013670047204     
   266.00000000000000       0.20065096017776168        1.0644395676120877     
   270.66666666666669       0.21767132721420751        1.1513656848599942     
   275.33333333333337       0.20489040345034665        1.0912415305443808     
   280.00000000000000       0.23463147308832116        1.2526991009129849     
   284.66666666666669       0.25788938386644444        1.3694267664935889     
   289.33333333333337       0.27424777796952637        1.4444745036184616     
   294.00000000000000       0.28800494395619725        1.5304568572088337     
   298.66666666666669       0.30994294510816955        1.6531336815259305     
   303.33333333333337       0.34463213327954262        1.8171530068690602     
   308.00000000000000       0.36292135706828565        1.9168420328683613     
   312.66666666666669       0.39244353916538471        2.0775118769974807     
   317.33333333333337       0.43755359777822256        2.3021111719253962     
   322.00000000000000       0.46212623891495064        2.4485812624511025     
   326.66666666666669       0.50455481910160438        2.6682706287024556     
   331.33333333333337       0.52503620099919601        2.8103143189716215     
   336.00000000000000       0.57678601313315947        3.0628096272501066     
   340.66666666666669       0.62731802821629479        3.3380312864236568     
   345.33333333333337       0.69796291641157882        3.7363615272770057     
   350.00000000000000       0.74767951999024829        4.0209462928833783     
   354.66666666666669       0.80194527070532051        4.3149407712098267     
   359.33333333333337       0.90771614919715105        4.8651247502241457     
   364.00000000000000       0.99739060545280012        5.3794211579272515     
   368.66666666666669        1.1160973529224103        6.0298403882998075     
   373.33333333333337        1.2209165430159201        6.6486212787241783     
   378.00000000000000        1.3580095314798237        7.4061640145729486     
   382.66666666666669        1.5261985293317279        8.3669412669199659     
   387.33333333333337        1.6590240843046069        9.1042857872500509     
   392.00000000000000        1.8982561590324862        10.426751591329356     
   396.66666666666669        2.1240578249189777        11.768083191508545     
   401.33333333333337        2.4498733509347228        13.550133047307511     
   406.00000000000000        2.8001567841401203        15.528775411544116     
   410.66666666666669        3.0826582518554728        17.089270672549375     
   415.33333333333337        3.4964930153091274        19.448747553703758     
   420.00000000000000        3.9399681114185157        21.877765598589558     
   424.66666666666669        4.3991122263583735        24.399139176348736     
   429.33333333333337        4.9202682193507199        27.266679303100112     
   434.00000000000000        5.5430836039673910        30.658379806651268     
   438.66666666666669        6.1541019210035257        34.014803529039987     
   443.33333333333337        7.0375091404283747        38.859593275654490     
   448.00000000000000        7.8295614611327409        43.139544979183242     
   452.66666666666669        8.4937630562732096        46.648504750269403     
   457.33333333333337        9.6265794132679900        52.864015876830265     
   462.00000000000006        10.591821351315184        57.961704304538756     
   466.66666666666669        11.512694669076406        62.806015237215504     
   471.33333333333337        12.572195141782432        68.467489860476192     
   476.00000000000006        13.631038610716809        73.956094223611899     
   480.66666666666669        14.755750797992803        79.831278657094401     
   485.33333333333337        15.972172732682040        86.196706906811997     
   490.00000000000006        17.118039620392725        92.034117165512612     
   494.66666666666669        18.315991000513264        98.235252303540648     
   499.33333333333337        19.420920662084761        103.88876245324749     
   504.00000000000006        20.626251682714877        109.90122982752638     
   508.66666666666669        22.021257021713581        117.06362346468582     
   513.33333333333337        23.065337319937910        122.27037061442027     
   518.00000000000000        24.172238504843513        127.81447899437987     
   522.66666666666674        25.275185387367365        133.19408600794864     
   527.33333333333337        26.393471389222224        138.71387108681421     
   532.00000000000000        27.519638223065542        144.24657303742427     
   536.66666666666674        28.315472738067321        147.98322833649081     
   541.33333333333337        29.325558820315656        152.88427535843346     
   546.00000000000000        30.304958879191172        157.55013407313314     
   550.66666666666674        31.014040706145266        160.87317052573846     
   555.33333333333337        31.924534162185580        165.18159592204950     
   560.00000000000000        32.560324751267586        168.03847479484867     
   564.66666666666674        33.282295394139922        171.26617715673302     
   569.33333333333337        34.223332358216879        175.82132863501420     
   574.00000000000000        34.451341286412436        176.44220904067663     
   578.66666666666674        35.243969421230695        180.27303023393847     
   583.33333333333337        35.534706975673238        181.34590891530553     
   588.00000000000000        35.989369023094881        183.30401808409226     
   592.66666666666674        36.437447912230937        185.25023092547849     
   597.33333333333337        36.985691841128684        187.74274878578987     
   602.00000000000000        37.001850288341885        187.48703216429269     
   606.66666666666674        37.012879460004498        187.21898985484256     
   611.33333333333337        37.196612132101421        187.73689943894587     
   616.00000000000000        37.462667622366652        189.03547686612373     
   620.66666666666674        36.745432258009814        184.93964565435240     
   625.33333333333337        37.008853157197741        185.97133996220168     
   630.00000000000000        36.638495156830572        183.86635356693566     
   634.66666666666674        36.404389675110224        182.54042924452770     
   639.33333333333337        36.365760388033692        182.00477065248901     
   644.00000000000000        35.906582491717742        179.56844524915039     
   648.66666666666674        35.151294393645173        175.54646471611861     
   653.33333333333337        34.480672965402974        171.98988150623791     
   658.00000000000000        34.285351359945139        170.96752854400046     
   662.66666666666674        33.583500927408309        167.28698627938002     
   667.33333333333337        32.718214551505234        162.84477752808010     
   672.00000000000000        31.756705152787617        157.81634269638656     
   676.66666666666674        30.943853218814240        153.72531462577263     
   681.33333333333337        29.853572194808546        148.35290816271515     
   686.00000000000000        28.950707536627405        143.70611617220726     
   690.66666666666674        27.697601169902910        137.31134548511818     
   695.33333333333337        26.753243113527709        132.68752454429887     
   700.00000000000000        25.979792916393606        128.84857173508621     
