   6.0000000000000000        587.08178279375784        0.0000000000000000     
   12.000000000000000        631.06593759548957        0.0000000000000000     
   18.000000000000000        675.40208385832477        0.0000000000000000     
   24.000000000000000        719.78714279863823        0.0000000000000000     
   30.000000000000000        795.53619946708466        0.0000000000000000     
   36.000000000000000        1874.4533423850503        0.0000000000000000     
   42.000000000000000        3325.3204599204582        0.0000000000000000     
   48.000000000000000        4904.5629319727168        0.0000000000000000     
   54.000000000000000        6810.9370647815913        0.0000000000000000     
   60.000000000000000        8904.0336030555791        0.0000000000000000     
   66.000000000000000        10917.358542643087        0.0000000000000000     
   72.000000000000000        12803.437242805403        0.0000000000000000     
   78.000000000000000        14569.091392421029        0.0000000000000000     
   84.000000000000000        16017.516395162922        0.0000000000000000     
   90.000000000000000        17427.733753307686        0.0000000000000000     
   96.000000000000000        18601.810927040529        0.0000000000000000     
   102.00000000000000        19507.331653940772        0.0000000000000000     
   108.00000000000000        20144.323608600604        0.0000000000000000     
   114.00000000000000        20827.586912118673        0.0000000000000000     
   120.00000000000000        20745.518585173173        0.0000000000000000     
   126.00000000000000        20421.761062138354        0.0000000000000000     
   132.00000000000000        19907.525473406360        0.0000000000000000     
   138.00000000000000        18821.957563003158        0.0000000000000000     
   144.00000000000000        17410.765816804815        0.0000000000000000     
   150.00000000000000        16241.149526968593        0.0000000000000000     
   156.00000000000000        14307.000922087516        0.0000000000000000     
   162.00000000000000        13098.264440678657        0.0000000000000000     
   168.00000000000000        11282.852845065672        0.0000000000000000     
   174.00000000000000        9898.8785673686580        0.0000000000000000     
   180.00000000000000        8591.2757698944315        0.0000000000000000     
   186.00000000000000        7375.4401568338553        0.0000000000000000     
   192.00000000000000        6241.4553674625286        0.0000000000000000     
   198.00000000000000        5370.2756853929332        0.0000000000000000     
   204.00000000000000        4536.5310226652946        0.0000000000000000     
   210.00000000000000        3868.5455461822426        0.0000000000000000     
   216.00000000000000        3328.6212071464970        0.0000000000000000     
   222.00000000000000        2889.2310701503179        0.0000000000000000     
   228.00000000000000        2522.5744857673717        0.0000000000000000     
   234.00000000000000        2218.9316337435885        0.0000000000000000     
   240.00000000000000        1959.1464134958010        0.0000000000000000     
   246.00000000000000        1712.5913945681041        0.0000000000000000     
   252.00000000000000        1482.9437421185930        0.0000000000000000     
   258.00000000000000        1382.9214675107121        0.0000000000000000     
   264.00000000000000        1305.1185536348887        0.0000000000000000     
   270.00000000000000        1069.5166887926689        0.0000000000000000     
   276.00000000000000        1069.1990588693732        0.0000000000000000     
   282.00000000000000        936.12578858215443        0.0000000000000000     
   288.00000000000000        877.12424076323498        0.0000000000000000     
   294.00000000000000        830.95314470803191        0.0000000000000000     
   300.00000000000000        784.31141469034014        0.0000000000000000     
   306.00000000000000        654.58133327366886        0.0000000000000000     
   312.00000000000000        643.31181369497790        0.0000000000000000     
   318.00000000000000        570.28435868350084        0.0000000000000000     
   324.00000000000000        563.50993657596223        0.0000000000000000     
   330.00000000000000        502.79770658860292        0.0000000000000000     
   336.00000000000000        537.87025490777592        0.0000000000000000     
   342.00000000000000        458.64196923456393        0.0000000000000000     
   348.00000000000000        424.91243758599558        0.0000000000000000     
   354.00000000000000        373.63644810311632        0.0000000000000000     
   360.00000000000000        383.83178708976743        0.0000000000000000     
   366.00000000000000        365.42154523411318        0.0000000000000000     
   372.00000000000000        322.80370179906362        0.0000000000000000     
   378.00000000000000        309.39804048454522        0.0000000000000000     
   384.00000000000000        246.52056941419667        0.0000000000000000     
   390.00000000000000        279.82349391262437        0.0000000000000000     
   396.00000000000000        217.56180830198923        0.0000000000000000     
   402.00000000000000        227.47836107930618        0.0000000000000000     
   408.00000000000000        210.42505289841139        0.0000000000000000     
   414.00000000000000        197.06533060873517        0.0000000000000000     
   420.00000000000000        185.76893597066100        0.0000000000000000     
   426.00000000000000        169.20702850269174        0.0000000000000000     
   432.00000000000000        157.67989230153447        0.0000000000000000     
   438.00000000000000        151.54517017983545        0.0000000000000000     
   444.00000000000000        158.65564253371846        0.0000000000000000     
   450.00000000000000        122.10395778467255        0.0000000000000000     
   456.00000000000000        119.56036097173303        0.0000000000000000     
   462.00000000000000        126.78284506321263        0.0000000000000000     
   468.00000000000000        115.59536094317259        0.0000000000000000     
   474.00000000000000        104.51018465603902        0.0000000000000000     
   480.00000000000000        98.206447976885030        0.0000000000000000     
   486.00000000000000        98.670991013791223        0.0000000000000000     
   492.00000000000000        96.185947154601536        0.0000000000000000     
   498.00000000000000        77.779029673111381        0.0000000000000000     
   504.00000000000000        75.869604061168261        0.0000000000000000     
   510.00000000000000        68.327260780929038        0.0000000000000000     
   516.00000000000000        66.184203726622215        0.0000000000000000     
   522.00000000000000        63.247482236616150        0.0000000000000000     
   528.00000000000000        64.459875722791082        0.0000000000000000     
   534.00000000000000        53.385813145392930        0.0000000000000000     
   540.00000000000000        49.347579256181042        0.0000000000000000     
   546.00000000000000        56.295245220121501        0.0000000000000000     
   552.00000000000000        51.531824894652324        0.0000000000000000     
   558.00000000000000        48.738595330948918        0.0000000000000000     
   564.00000000000000        47.205735787329246        0.0000000000000000     
   570.00000000000000        35.723269152987754        0.0000000000000000     
   576.00000000000000        39.823936447462437        0.0000000000000000     
   582.00000000000000        40.337033683692638        0.0000000000000000     
   588.00000000000000        30.708480987084783        0.0000000000000000     
   594.00000000000000        33.488577597438486        0.0000000000000000     
   600.00000000000000        27.946576342353087        0.0000000000000000     
