   4.0000000000000000        6274.8216751303935        3192.6317032738393     
   8.0000000000000000        6527.8714587160366        3322.6110057598976     
   12.000000000000000        6778.5707130995797        3451.5203959647770     
   16.000000000000000        7041.1938221253204        3586.5345913839915     
   20.000000000000000        7323.2205418713565        3731.3577960631460     
   24.000000000000000        8382.3820382539925        4266.5907218806306     
   28.000000000000000        23181.746832261746        11706.396205351224     
   32.000000000000000        54396.510383894383        27399.315416225676     
   36.000000000000000        74004.444743461790        37262.990045799874     
   40.000000000000000        87824.281959911503        44215.352073253547     
   44.000000000000000        100005.87953819730        50340.616005452554     
   48.000000000000000        111107.17677017671        55918.953970199218     
   52.000000000000000        123550.47270248791        62195.219250959664     
   56.000000000000000        134109.39658433254        67529.420134542350     
   60.000000000000000        143939.94782978916        72501.613020530742     
   64.000000000000000        152387.39713552644        76807.800993235316     
   68.000000000000000        160019.29648785319        80709.368523692305     
   72.000000000000000        166097.43624936027        83863.115102983851     
   76.000000000000000        173361.30816350144        87580.115194796410     
   80.000000000000000        178986.15344968543        90508.087876944046     
   84.000000000000000        182475.86487069825        92351.065931821184     
   88.000000000000000        183358.24827161687        92887.720101682527     
   92.000000000000000        185043.06732648451        93865.308554152478     
   96.000000000000000        184788.74403800556        93830.972916831161     
   100.00000000000000        183328.01177242308        93232.950674091466     
   104.00000000000000        175475.80568798847        89376.605868793093     
   108.00000000000000        172918.27832035723        88253.872016236666     
   112.00000000000000        165145.33048659947        84450.692205510175     
   116.00000000000000        159261.08478334188        81615.549554453901     
   120.00000000000000        149596.45142909783        76880.052769777481     
   124.00000000000000        140833.22743439663        72630.360004230955     
   128.00000000000000        131577.82377813300        68070.379253485356     
   132.00000000000000        122503.63326102214        63579.351964391863     
   136.00000000000000        112615.87994777816        58674.720562239316     
   140.00000000000000        103953.73431741791        54400.407673146903     
   144.00000000000000        96330.586085361778        50642.832251395084     
   148.00000000000000        87557.299754307911        46261.930112413313     
   152.00000000000000        78648.813071936325        41803.070168293882     
   156.00000000000000        71289.241261145507        38113.595275624706     
   160.00000000000000        65082.003999023895        34984.914072467247     
   164.00000000000000        59045.596136355198        31940.444220326997     
   168.00000000000000        53135.867788528136        28930.786094430558     
   172.00000000000000        47469.276350793873        26042.826684021231     
   176.00000000000000        42608.106750468854        23570.042886608113     
   180.00000000000000        38170.266631760540        21259.258289564965     
   184.00000000000000        34973.437731828373        19686.313298299217     
   188.00000000000000        31420.976068221633        17800.749688595544     
   192.00000000000000        28443.454014216033        16284.460696190101     
   196.00000000000000        25913.479844318190        15014.359677046667     
   200.00000000000000        23669.341061914740        13841.078150190146     
   204.00000000000000        21274.906611072089        12523.161191884274     
   208.00000000000000        19398.987627401297        11574.653444024365     
   212.00000000000000        17606.295883066923        10604.754418322116     
   216.00000000000000        16304.113006619744        9974.5799487172280     
   220.00000000000000        14867.884634862872        9146.7931437642746     
   224.00000000000000        13951.857460825784        8774.8533686320825     
   228.00000000000000        12730.715842799431        8070.2017788840067     
   232.00000000000000        11847.279280277595        7599.5237729949222     
   236.00000000000000        10698.605007800648        6934.9464424504731     
   240.00000000000000        10095.067157369296        6684.1284047504296     
   244.00000000000000        9460.8161826598844        6333.4003643239457     
   248.00000000000000        8678.6585110410633        5883.1543928373067     
   252.00000000000000        8166.8320402629306        5642.7489768170772     
   256.00000000000000        7328.4116604230603        5081.5160865752769     
   260.00000000000000        7199.0794352115981        5128.5738008092576     
   264.00000000000000        6480.9646252546099        4660.0434859768711     
   268.00000000000000        6156.6169877419206        4508.3401264488384     
   272.00000000000000        5913.0478291215013        4459.9821034887800     
   276.00000000000000        5376.3857088420891        4098.4380307892670     
   280.00000000000000        5227.9459137424346        4080.8786108445979     
   284.00000000000000        4832.1194070801757        3829.3612915212116     
   288.00000000000000        4516.3233028535396        3651.7714516826200     
   292.00000000000000        4214.5262961915942        3475.5074965725298     
   296.00000000000000        3983.9655621141810        3359.0435429153258     
   300.00000000000000        3576.5074170261710        3027.4613109200955     
   304.00000000000000        3373.7131912766099        2947.0167835928123     
   308.00000000000000        3520.3725137848696        3221.1388798831940     
   312.00000000000000        3083.4691739124114        2848.2836909799748     
   316.00000000000000        2849.8912368579463        2668.0146175249347     
   320.00000000000000        2716.0797344925641        2617.8818694018678     
   324.00000000000000        2463.3987697165335        2399.2076413230093     
   328.00000000000000        2457.7010307003357        2464.4551276219572     
   332.00000000000000        2171.2819369885015        2207.9886044276732     
   336.00000000000000        2126.0472657814739        2232.2097229040828     
   340.00000000000000        1941.2844756364589        2068.8589049316083     
   344.00000000000000        1769.3148510402152        1906.8623084854871     
   348.00000000000000        1682.1638886377259        1855.1353705742308     
   352.00000000000000        1631.0711525716481        1852.3211656027884     
   356.00000000000000        1506.2112564484673        1758.4584637077876     
   360.00000000000000        1433.4903216086054        1698.1417149323904     
   364.00000000000000        1393.5310664989074        1700.8590380172695     
   368.00000000000000        1391.4354399636513        1759.5439654212055     
   372.00000000000000        1316.5969694829132        1695.9503061491441     
   376.00000000000000        1296.7820238721959        1714.5886730243233     
   380.00000000000000        1042.4287070070091        1351.0852749505648     
   384.00000000000000        1074.1766245148028        1446.7968333331121     
   388.00000000000000        1102.7369279668699        1546.2451765241676     
   392.00000000000000        932.14054714625343        1306.6341267650064     
   396.00000000000000        916.56468800326093        1321.1351409525935     
   400.00000000000000        854.34584462874261        1253.7782730387607     
