   4.0000000000000000        60.020965424247272        74.350887524064362     
   8.0000000000000000        63.522640661318263        78.630235930292926     
   12.000000000000000        67.087868975776999        82.983394357560215     
   16.000000000000000        70.707405311139169        87.399002866465509     
   20.000000000000000        74.371439165820433        91.865039194410855     
   24.000000000000000        78.069632354360110        96.368854305673949     
   28.000000000000000        81.791165508664676        100.89723840759363     
   32.000000000000000        85.811977289517628        105.83505587461470     
   36.000000000000000        97.232291309383029        120.98402718414394     
   40.000000000000000        135.15024608642165        172.34367983566543     
   44.000000000000000        181.63430124413679        235.01947556715405     
   48.000000000000000        234.40049994408281        305.70061475749651     
   52.000000000000000        312.86483059785849        410.32173137525899     
   56.000000000000000        414.64318689054625        545.01646665720716     
   60.000000000000000        533.42001002204563        700.56937379981491     
   64.000000000000000        661.06293371880270        865.68120498107169     
   68.000000000000000        822.15178993700101        1072.5863975942509     
   72.000000000000000        986.35291746529242        1280.6030580203997     
   76.000000000000000        1157.0150321670228        1494.1790047938364     
   80.000000000000000        1321.2034071182570        1696.7945283565093     
   84.000000000000000        1481.7555442771363        1892.3270898354986     
   88.000000000000000        1631.1922956142967        2071.5904053796962     
   92.000000000000000        1793.0897489178456        2264.9812209893380     
   96.000000000000000        1935.9449707376668        2432.0297715855118     
   100.00000000000000        2087.2161453764293        2608.8716564250235     
   104.00000000000000        2180.3621530674241        2710.5657206327983     
   108.00000000000000        2309.0271293066812        2857.3047042964699     
   112.00000000000000        2410.8456191466526        2968.5530688864765     
   116.00000000000000        2518.7532216191139        3085.9187560526079     
   120.00000000000000        2581.8054499781188        3148.5275070320404     
   124.00000000000000        2651.0558935792596        3218.9983512872363     
   128.00000000000000        2695.6739924622352        3258.0290199128112     
   132.00000000000000        2713.3865502719714        3265.0588138246949     
   136.00000000000000        2685.6839771069140        3217.6375191535217     
   140.00000000000000        2655.2978082888549        3170.1375339994047     
   144.00000000000000        2610.7754345208750        3106.0281472743418     
   148.00000000000000        2547.0434669149113        3021.0543158287151     
   152.00000000000000        2436.3624961137780        2882.2363317453005     
   156.00000000000000        2329.2526482582089        2748.7195220291333     
   160.00000000000000        2197.0422079163127        2587.8119616430909     
   164.00000000000000        2070.9569269469894        2435.7777415369642     
   168.00000000000000        1916.7512250799359        2252.1242813233562     
   172.00000000000000        1765.9727703059675        2075.4960969764093     
   176.00000000000000        1603.6452824365520        1885.8943692678113     
   180.00000000000000        1463.6755056258669        1722.8153791341304     
   184.00000000000000        1317.1065280938619        1555.0881692526636     
   188.00000000000000        1180.9021397472961        1396.9909518674540     
   192.00000000000000        1058.9275106600653        1257.5773343741821     
   196.00000000000000        946.28144656043696        1130.4458980688669     
   200.00000000000000        842.37354051607451        1011.4699470422588     
   204.00000000000000        744.45596069281805        898.55576325873255     
   208.00000000000000        662.92947332822803        806.68824768512934     
   212.00000000000000        583.32691533570994        715.27748678611340     
   216.00000000000000        528.99703459079569        655.71890167947117     
   220.00000000000000        457.13305675101645        571.47077507837480     
   224.00000000000000        417.77739701403766        530.87468313325599     
   228.00000000000000        364.68532356358855        468.06889216104673     
   232.00000000000000        334.68105353334056        434.35209929316767     
   236.00000000000000        295.83239408059694        388.14106752568352     
   240.00000000000000        271.47591931909960        363.18010345055001     
   244.00000000000000        250.50621119647832        339.27378366120053     
   248.00000000000000        225.30791704617127        309.36471514768249     
   252.00000000000000        207.85975473537627        290.98299876143835     
   256.00000000000000        186.68038430985069        263.16262009093799     
   260.00000000000000        179.79552177594235        259.57494846650548     
   264.00000000000000        160.08261275715978        233.98939879880854     
   268.00000000000000        152.67182410095924        227.14063257680289     
   272.00000000000000        144.38453889039573        221.10766952925024     
   276.00000000000000        131.17126646780633        203.44113585170840     
   280.00000000000000        126.97944383808797        201.61541966369469     
   284.00000000000000        116.56671355320114        188.34916707584043     
   288.00000000000000        108.84926429617747        179.60976508785907     
   292.00000000000000        101.52693144095933        171.33298269880808     
   296.00000000000000        95.664913658437158        165.42678426873834     
   300.00000000000000        85.315582490639315        148.46081037015549     
   304.00000000000000        80.508865486854290        145.00754080763582     
   308.00000000000000        82.967866470499530        157.54997366749657     
   312.00000000000000        73.365227032689162        141.46364092725250     
   316.00000000000000        66.965617531900421        131.50037125161873     
   320.00000000000000        62.716703057419352        127.50528872599460     
   324.00000000000000        57.540720712384768        119.41303227288685     
   328.00000000000000        55.831513831474297        120.73677436096438     
   332.00000000000000        49.252317875631825        108.53037370648507     
   336.00000000000000        47.329483426178754        109.23200220149640     
   340.00000000000000        42.760884810949086        101.10742701137988     
   344.00000000000000        38.392916920842111        93.135173160970567     
   348.00000000000000        36.007503148687647        90.617356698159497     
   352.00000000000000        34.089157496610810        90.217626807720436     
   356.00000000000000        31.092881000220391        85.800456404447189     
   360.00000000000000        28.495684707116823        81.575604574925478     
   364.00000000000000        26.802905700532435        80.846405413355143     
   368.00000000000000        26.027714069847157        83.925039686574721     
   372.00000000000000        24.013024808612727        80.792188746927692     
   376.00000000000000        22.904770216933105        81.836234355671408     
   380.00000000000000        18.130429746603681        63.723182556803501     
   384.00000000000000        17.695742847702057        67.271794500609701     
   388.00000000000000        17.494724703430887        72.264847460749024     
   392.00000000000000        14.570140273425501        61.042703962350316     
   396.00000000000000        13.550025774924258        60.498499480135131     
   400.00000000000000        12.399543887258147        58.453656964721027     
