   3.3333333333333335        0.0000000000000000        0.0000000000000000     
   6.6666666666666670        0.0000000000000000        0.0000000000000000     
   10.000000000000000        0.0000000000000000        0.0000000000000000     
   13.333333333333334        0.0000000000000000        0.0000000000000000     
   16.666666666666668        0.0000000000000000        0.0000000000000000     
   20.000000000000000        0.0000000000000000        0.0000000000000000     
   23.333333333333336        0.0000000000000000        0.0000000000000000     
   26.666666666666668        0.0000000000000000        0.0000000000000000     
   30.000000000000000        0.0000000000000000        0.0000000000000000     
   33.333333333333336        0.0000000000000000        0.0000000000000000     
   36.666666666666671        0.0000000000000000        0.0000000000000000     
   40.000000000000000        0.0000000000000000        0.0000000000000000     
   43.333333333333336        0.0000000000000000        0.0000000000000000     
   46.666666666666671        0.0000000000000000        0.0000000000000000     
   50.000000000000000        0.0000000000000000        0.0000000000000000     
   53.333333333333336        1.1773799882808680E-002   2.1901106256948095E-002
   56.666666666666671        0.0000000000000000        0.0000000000000000     
   60.000000000000000        3.7092078044870497E-002   7.0257157452626270E-002
   63.333333333333336        9.8536612359058542E-002  0.18353854721295562     
   66.666666666666671       0.20059621990064422       0.37466186680763536     
   70.000000000000000       0.38037169083306704       0.70589419165923117     
   73.333333333333343       0.92122186819968011        1.7004487484779711     
   76.666666666666671        1.3615221524448131        2.5095049605350335     
   80.000000000000000        2.1769128104699007        3.9894288889851026     
   83.333333333333343        3.5372997410086775        6.5330216763439637     
   86.666666666666671        5.3986097806915421        9.9433990530230787     
   90.000000000000000        6.4058157481700455        11.754250237234771     
   93.333333333333343        9.6290653308561946        17.713390645305370     
   96.666666666666671        12.517287043874203        23.058977322512693     
   100.00000000000000        15.659613471418982        28.963387939842672     
   103.33333333333334        21.344568227330033        39.443084604700175     
   106.66666666666667        27.252095667970796        50.445431141692794     
   110.00000000000000        35.178477983382088        65.034850691524440     
   113.33333333333334        42.932849188199711        79.389560694023331     
   116.66666666666667        54.381087471842861        100.65637651429388     
   120.00000000000000        69.402276670863785        128.55958476625267     
   123.33333333333334        85.850868893877220        159.21023029209690     
   126.66666666666667        100.08090607234632        185.06480480402570     
   130.00000000000000        125.82361519474797        232.29715174266718     
   133.33333333333334        150.54454544166097        277.41525590936044     
   136.66666666666669        181.56723791228157        334.24834559660326     
   140.00000000000000        211.98070152299817        389.16827043659555     
   143.33333333333334        245.98430866032351        450.63158681696967     
   146.66666666666669        284.13405557854293        519.22919794275663     
   150.00000000000000        330.12659377776350        602.04350727950202     
   153.33333333333334        372.02594722449817        676.57409562879639     
   156.66666666666669        421.47161618192814        764.24998046579265     
   160.00000000000000        468.98521271036964        847.87815243657849     
   163.33333333333334        513.17370478050225        925.27410316018188     
   166.66666666666669        566.64255712544514        1018.9537438231889     
   170.00000000000000        618.79532116643452        1110.0801344390270     
   173.33333333333334        667.99178378620149        1195.1723078926896     
   176.66666666666669        734.04201106664721        1310.0547603831687     
   180.00000000000000        772.82388742574449        1375.8469885736649     
   183.33333333333334        828.89057339252406        1472.7225925667476     
   186.66666666666669        873.36749920963916        1547.7061876260270     
   190.00000000000000        921.76740679805869        1629.1364019225064     
   193.33333333333334        968.40508108929771        1707.9586454534099     
   196.66666666666669        1012.9705972004666        1783.0444127121225     
   200.00000000000000        1052.0090061865169        1847.9457162735830     
   203.33333333333334        1096.3760296585965        1921.9076703415776     
   206.66666666666669        1142.9993150428847        2000.1330914641885     
   210.00000000000000        1169.7963832594221        2043.4834055994418     
   213.33333333333334        1219.3569689187025        2125.3553474870814     
   216.66666666666669        1230.8003872526979        2141.8383036635714     
   220.00000000000000        1272.5698284944801        2210.8017130536864     
   223.33333333333334        1292.6943176560371        2242.3022133024187     
   226.66666666666669        1306.9533306524627        2263.6481908641690     
   230.00000000000000        1334.4410397432978        2307.8927495297576     
   233.33333333333334        1346.8411370481201        2325.7218727543864     
   236.66666666666669        1364.1498566164310        2351.7698449666677     
   240.00000000000000        1372.2222095867178        2362.7161760782792     
   243.33333333333334        1389.0354655201556        2388.7770373802905     
   246.66666666666669        1386.2422187926406        2379.9219797164264     
   250.00000000000000        1418.8854547053138        2434.2390671982371     
   253.33333333333334        1406.6874420761385        2410.5016500421543     
   256.66666666666669        1386.2329605969537        2373.5202176334697     
   260.00000000000000        1370.0590920993714        2342.5452695911595     
   263.33333333333337        1367.5507259456160        2336.1563013979335     
   266.66666666666669        1355.1490068449714        2312.8935156001185     
   270.00000000000000        1345.2243237955545        2295.1749220390675     
   273.33333333333337        1305.4808714652354        2225.8063710325723     
   276.66666666666669        1295.4005467608549        2206.5812854854171     
   280.00000000000000        1250.2563596493810        2128.8523411283199     
   283.33333333333337        1224.7290321927449        2084.7716665819498     
   286.66666666666669        1193.9057006252453        2031.7597484936020     
   290.00000000000000        1153.7129190919131        1962.9864329810380     
   293.33333333333337        1106.5931364552398        1883.6152150636328     
   296.66666666666669        1066.3561101872479        1815.3492088570781     
   300.00000000000000        1022.5411968221622        1741.8874927205416     
   303.33333333333337        975.92783725848199        1662.9761419296594     
   306.66666666666669        924.58950592710914        1577.5204758882362     
   310.00000000000000        887.45943134993513        1515.6188074896434     
   313.33333333333337        834.65973310723791        1427.3526443384583     
   316.66666666666669        797.49128053214952        1362.5472183246968     
   320.00000000000000        760.43434142547119        1302.4393438829575     
   323.33333333333337        697.97531195791282        1198.5962271298649     
   326.66666666666669        671.63473158932561        1154.0979769046269     
   330.00000000000000        624.40640526245988        1075.4102641968520     
   333.33333333333337        586.51913033623566        1012.0970375098377     
   336.66666666666669        547.75712044927980        946.92836721667004     
   340.00000000000000        511.97767833200288        889.10300862092060     
   343.33333333333337        474.16738152981208        825.72631966902281     
   346.66666666666669        441.83970549883139        770.44539989201837     
   350.00000000000000        409.92969395526706        718.69676315289587     
   353.33333333333337        377.08239853542290        663.16869203782164     
   356.66666666666669        347.02672671304015        613.96386073362783     
   360.00000000000000        328.64203937624910        583.33585804906488     
   363.33333333333337        302.98517019135562        539.35331125122821     
   366.66666666666669        278.38490189278303        498.75602068327959     
   370.00000000000000        255.13564442738328        460.08170063180933     
   373.33333333333337        237.61930686873632        430.62176810983249     
   376.66666666666669        216.95552512610215        395.51744503058183     
   380.00000000000000        199.32361950052118        365.02758561863283     
   383.33333333333337        184.34498353962820        341.65881677175577     
   386.66666666666669        172.64686278365019        321.69565475470142     
   390.00000000000000        157.68029064528440        295.36652359548060     
   393.33333333333337        148.34595862235182        281.51937851288545     
   396.66666666666669        136.73681429747649        261.44240288263842     
   400.00000000000000        125.10678833087383        241.60517443027302     
   403.33333333333337        117.10945856100795        227.72621390978210     
   406.66666666666669        105.20726305571969        206.21199163331957     
   410.00000000000000        100.41903480457808        198.57484081263487     
   413.33333333333337        93.599373967459172        186.51147653360499     
   416.66666666666669        86.559518735216329        175.87346903954247     
   420.00000000000000        81.785042650443842        167.57540170853008     
   423.33333333333337        75.881400098087269        156.71839117254794     
   426.66666666666669        70.368578556787682        146.19791246173750     
   430.00000000000000        67.011575959230598        141.30725776475154     
   433.33333333333337        63.313537114605680        135.91702907173485     
   436.66666666666669        57.151891763768077        123.98291572175683     
   440.00000000000000        54.780922775137498        120.00898224505379     
   443.33333333333337        53.999450602015898        120.96895294152937     
   446.66666666666669        47.575744558887308        106.94506689439433     
   450.00000000000000        46.427100948420915        106.31460514289451     
   453.33333333333337        44.500560172054406        103.91589005605610     
   456.66666666666669        39.658686223964224        91.829249723683844     
   460.00000000000000        37.817676069409359        88.303419065027967     
   463.33333333333337        38.131690184012946        91.750324560256487     
   466.66666666666669        35.292821096158981        85.940127413016668     
   470.00000000000000        32.810055777661844        79.702856734092279     
   473.33333333333337        30.543047352192211        75.020438172205758     
   476.66666666666669        30.604913406133623        76.882283165896951     
   480.00000000000000        28.936437773729988        73.569535200921678     
   483.33333333333337        27.177688286468783        69.602959104867537     
   486.66666666666669        27.140607002758838        71.511013653306392     
   490.00000000000000        24.662416730463161        65.073110861557410     
   493.33333333333337        24.732333900929902        65.960943739924176     
   496.66666666666669        23.469766062634992        63.375725149697772     
   500.00000000000000        21.105310357635211        57.712217065775874     
