   6.0000000000000000        4.2067373692919872E-002  0.13853000576557703     
   12.000000000000000        4.8370529906637615E-002  0.15912256445357789     
   18.000000000000000        5.5495648513695588E-002  0.18243401501203302     
   24.000000000000000        6.3587273310813389E-002  0.20895808116212808     
   30.000000000000000        7.2823703403487802E-002  0.23930179035616458     
   36.000000000000000        8.3420107084861250E-002  0.27419437366041960     
   42.000000000000000        9.5629118258507465E-002  0.31449136742499190     
   48.000000000000000       0.10975701368847672       0.36122473458003074     
   54.000000000000000       0.12615241050424444       0.41556568335775379     
   60.000000000000000       0.14521785320528738       0.47886146420027920     
   66.000000000000000       0.16741455448328185       0.55264760278732061     
   72.000000000000000       0.19326274046547601       0.63864887485858890     
   78.000000000000000       0.22425263612064833       0.74182587900965113     
   84.000000000000000       0.26286301655446825       0.87020041606002407     
   90.000000000000000       0.32548660443130084        1.0789181805697430     
   96.000000000000000       0.38215135345132323        1.2650846241563911     
   102.00000000000000       0.49141895954742371        1.6244994846272958     
   108.00000000000000       0.59002707752565664        1.9455618856258770     
   114.00000000000000       0.71381916520361544        2.3476451112469743     
   120.00000000000000       0.84980681927859358        2.7872012885495927     
   126.00000000000000       0.98998490871356193        3.2462172845826198     
   132.00000000000000        1.1564338793876090        3.7988038685207117     
   138.00000000000000        1.3604702332445817        4.4550699666352642     
   144.00000000000000        1.6339381843361336        5.3239044019335964     
   150.00000000000000        1.7317560941042447        5.6565543338139870     
   156.00000000000000        2.0700562853524214        6.7718566366408801     
   162.00000000000000        2.3085029364622116        7.5344413937739372     
   168.00000000000000        2.6119554182461044        8.5472572574433165     
   174.00000000000000        2.9980469224114135        9.8173798086559749     
   180.00000000000000        3.3434017545819454        10.911707024103990     
   186.00000000000000        3.8516633431470728        12.604883167100271     
   192.00000000000000        4.3621535427361708        14.321662133662251     
   198.00000000000000        5.0199245273760509        16.539061365888113     
   204.00000000000000        5.6555016368883155        18.614758340572727     
   210.00000000000000        6.6138307067576463        21.936005304613435     
   216.00000000000000        7.5963229327361983        25.285554392467052     
   222.00000000000000        9.0290643827739849        30.234221282078074     
   228.00000000000000        10.676515111346182        35.787077992296901     
   234.00000000000000        12.973788160757938        43.648199061338858     
   240.00000000000000        15.617265424291162        52.611080364446941     
   246.00000000000000        18.931731672645292        64.035847655630874     
   252.00000000000000        22.798394266171101        77.071525702543497     
   258.00000000000000        27.486039480230815        92.911978487626740     
   264.00000000000000        32.730059542581841        110.43831983749671     
   270.00000000000000        38.939017880058081        131.19731641587191     
   276.00000000000000        46.224902005801695        155.34917060852905     
   282.00000000000000        54.522215378000681        182.59133036757314     
   288.00000000000000        62.981210358143407        210.12918140732035     
   294.00000000000000        71.514762195374587        237.65091489429579     
   300.00000000000000        81.586381290922205        270.09580457516523     
   306.00000000000000        91.562889946261890        302.02277745186740     
   312.00000000000000        100.96923224345518        331.58776974651431     
   318.00000000000000        113.01293745167999        369.79917696468590     
   324.00000000000000        121.10673984775896        394.67380089873177     
   330.00000000000000        131.67038474987572        427.76440068107422     
   336.00000000000000        139.61096662009302        451.53309205648429     
   342.00000000000000        148.43761898806014        478.07510806842953     
   348.00000000000000        156.48905633074867        502.27338049623125     
   354.00000000000000        164.59750397657490        526.63307280135211     
   360.00000000000000        170.37674324067831        543.33727322601942     
   366.00000000000000        177.05652433939855        562.80921220163145     
   372.00000000000000        182.86748479211121        579.55324718384225     
   378.00000000000000        187.63339582545382        593.14760799575174     
   384.00000000000000        193.31118893109218        609.03176740511230     
   390.00000000000000        194.03934109824547        609.76498629239188     
   396.00000000000000        199.41463164811609        625.37342149928020     
   402.00000000000000        199.11458504789675        622.77134876712933     
   408.00000000000000        199.49069982270922        622.95245429544138     
   414.00000000000000        199.10522784247144        620.26030343206469     
   420.00000000000000        196.81623646514268        611.90292948425520     
   426.00000000000000        195.52019598597224        606.80716823377543     
   432.00000000000000        192.22584609556071        595.73479956027222     
   438.00000000000000        188.31167729428577        582.81311991767609     
   444.00000000000000        182.76093584676198        564.60768068801156     
   450.00000000000000        177.83934079130171        548.91251516553791     
   456.00000000000000        171.51228473930365        529.20697461419468     
   462.00000000000000        160.59081953876290        495.47428932747391     
   468.00000000000000        154.52395798878771        476.22503731975451     
   474.00000000000000        145.87056081840655        449.44225063795687     
   480.00000000000000        136.23533041362856        419.87265783959168     
   486.00000000000000        128.41542436433230        395.91879443763474     
   492.00000000000000        118.55212506705402        365.76531929152043     
   498.00000000000000        110.16419163660464        340.14588241000382     
   504.00000000000000        100.74936753608571        311.69931421098983     
   510.00000000000000        93.693009345757275        290.24463664279068     
   516.00000000000000        84.908466458123826        263.23818125859702     
   522.00000000000000        76.803493017191926        238.49544946247505     
   528.00000000000000        70.469251454465820        220.03457123958967     
   534.00000000000000        63.802686132711024        199.76395964814250     
   540.00000000000000        57.605902466184105        180.81202240491837     
   546.00000000000000        51.422806236732349        162.16479609709137     
   552.00000000000000        46.307891564685022        147.08378004040628     
   558.00000000000000        41.715348617643414        133.03593786745850     
   564.00000000000000        37.200079484607620        119.46587991331700     
   570.00000000000000        33.186115052595945        106.27184469638719     
   576.00000000000000        30.329652076475654        98.161415072961447     
   582.00000000000000        27.208606056839923        89.131685431685938     
   588.00000000000000        24.141866222854777        79.263967169622489     
   594.00000000000000        22.033571101981401        73.063569507141295     
   600.00000000000000        19.763158302663875        65.741384550102381     
