   4.0000000000000000        5.4354201700849867        9.9265002998319787     
   8.0000000000000000        6.0064717353097778        10.963639106983784     
   12.000000000000000        6.6259802810924029        12.087532328373619     
   16.000000000000000        7.2962026631468930        13.302077793500459     
   20.000000000000000        8.0193100404212903        14.611009538806080     
   24.000000000000000        8.7973660827605009        16.017855228216966     
   28.000000000000000        9.6323045799241704        17.525900768457571     
   32.000000000000000        10.525916285230910        19.138166800582745     
   36.000000000000000        11.479830777195641        20.857383106122484     
   40.000000000000000        12.495486727541660        22.685932171804435     
   44.000000000000000        13.574113605010767        24.625811292841099     
   48.000000000000000        14.716685492692932        26.678553248340702     
   52.000000000000000        15.933586665039105        28.863066741352185     
   56.000000000000000        17.247100386088523        31.223164256181768     
   60.000000000000000        18.562347406575249        33.573019390976668     
   64.000000000000000        20.058945817278083        36.266665861755165     
   68.000000000000000        21.730861187379254        39.281412693947260     
   72.000000000000000        23.710140465413918        42.862069730533058     
   76.000000000000000        26.132808861862834        47.286820113070064     
   80.000000000000000        28.865813860349874        52.244901757242602     
   84.000000000000000        32.245150950123268        58.475348492410966     
   88.000000000000000        36.052465031493000        65.479813592564255     
   92.000000000000000        40.064001936869104        72.839975581951805     
   96.000000000000000        46.194173037347511        84.295373928851603     
   100.00000000000000        51.206190390964345        93.636544460649787     
   104.00000000000000        62.112918260782152        114.18423263644974     
   108.00000000000000        71.195186739933604        131.24386927043895     
   112.00000000000000        83.411011041702494        154.28290970173128     
   116.00000000000000        100.10598428032085        185.70306890049142     
   120.00000000000000        117.14873450107373        217.67984458903481     
   124.00000000000000        141.11584431484630        262.77444732941080     
   128.00000000000000        166.65884910609319        310.48937440886840     
   132.00000000000000        194.80472049642734        362.79873210791840     
   136.00000000000000        227.60916321876681        423.57384870686809     
   140.00000000000000        264.25714034686325        491.43587438919315     
   144.00000000000000        309.69863411314401        575.16206923515256     
   148.00000000000000        356.94855689766740        661.71865664535198     
   152.00000000000000        405.60531881321145        750.03749036529962     
   156.00000000000000        456.04471669113354        840.83670460321514     
   160.00000000000000        506.04530782375247        930.50507968326042     
   164.00000000000000        571.17027885541131        1047.8460749453384     
   168.00000000000000        626.45444293515266        1145.7004252682977     
   172.00000000000000        679.33744641038993        1238.8543183138747     
   176.00000000000000        733.77399967608892        1334.4473522498454     
   180.00000000000000        793.49148853622341        1438.9849135569052     
   184.00000000000000        844.01139512007887        1526.4447036837012     
   188.00000000000000        891.56436201256406        1607.5079782191428     
   192.00000000000000        944.92535923209198        1699.2724451642785     
   196.00000000000000        978.73108576675361        1755.6517079086204     
   200.00000000000000        1022.5301422344128        1829.2768539775047     
   204.00000000000000        1084.4321424034895        1936.0506493494420     
   208.00000000000000        1105.4680215511535        1968.6164240715732     
   212.00000000000000        1144.7336684938357        2033.7649629304756     
   216.00000000000000        1176.0136542049117        2085.1803264540372     
   220.00000000000000        1216.9842717957599        2153.9955998321257     
   224.00000000000000        1214.1327325863590        2143.7571826152639     
   228.00000000000000        1241.7879652554163        2187.7430470846321     
   232.00000000000000        1257.3228951493761        2211.1700219194558     
   236.00000000000000        1285.1389714857526        2256.4015648368177     
   240.00000000000000        1280.0310003684342        2243.2201154913878     
   244.00000000000000        1291.1505318124161        2258.9923090671464     
   248.00000000000000        1297.0103826808454        2265.7654828006116     
   252.00000000000000        1291.4166580701369        2253.0880921739999     
   256.00000000000000        1290.2058059501769        2246.4573586436436     
   260.00000000000000        1258.8996843420971        2189.5986186022742     
   264.00000000000000        1261.7829686628158        2192.3414034145667     
   268.00000000000000        1232.2339717642010        2138.5645178225896     
   272.00000000000000        1195.8267037719197        2074.6848913644867     
   276.00000000000000        1177.3929742291509        2041.0363201359107     
   280.00000000000000        1135.9210527253601        1967.8331361284193     
   284.00000000000000        1094.9324169994495        1895.8039375670141     
   288.00000000000000        1055.8434098839850        1828.0565385873549     
   292.00000000000000        1012.2531695609377        1752.2274073162957     
   296.00000000000000        965.90496024019990        1671.6427711915012     
   300.00000000000000        927.35731923922117        1605.5493479957956     
   304.00000000000000        875.87975492599821        1517.3123233934393     
   308.00000000000000        822.23020945093231        1427.1944583558352     
   312.00000000000000        780.51229800809006        1354.6402543048491     
   316.00000000000000        731.60303752538448        1271.8281631659706     
   320.00000000000000        681.75362119633235        1186.7051440859550     
   324.00000000000000        634.93063388218104        1107.4034660948937     
   328.00000000000000        591.96583419146089        1034.8099595635877     
   332.00000000000000        549.93216825669913        962.75263805883071     
   336.00000000000000        511.43203631312576        898.25449009930583     
   340.00000000000000        474.27303921115578        834.91975852780104     
   344.00000000000000        437.46811208743395        772.05844225597798     
   348.00000000000000        399.38938446669567        706.81127173894072     
   352.00000000000000        370.65600918764710        660.26506793785779     
   356.00000000000000        342.20491036828213        611.85764381737772     
   360.00000000000000        314.08860508043358        563.54297200853773     
   364.00000000000000        287.31868364442209        518.30317328446688     
   368.00000000000000        263.89300651250898        480.02875148460686     
   372.00000000000000        243.95878862911349        445.71298643222156     
   376.00000000000000        221.23356556231386        407.72643343130278     
   380.00000000000000        201.63702999986396        370.28003310017255     
   384.00000000000000        189.05331506292310        351.27730736998342     
   388.00000000000000        174.78173843214881        328.59618773050312     
   392.00000000000000        158.64934524178204        298.75316252914092     
   396.00000000000000        149.04373528566322        283.27587608147365     
   400.00000000000000        136.92499056293730        261.54888281229751     
