   4.0000000000000000        9543.1156191819282        4049.6450168354968     
   8.0000000000000000        9876.8685056031445        4193.1982089148623     
   12.000000000000000        10211.590121994279        4337.2793513167571     
   16.000000000000000        10604.073887685952        4505.4756681771387     
   20.000000000000000        11340.787183616148        4816.6126831844967     
   24.000000000000000        26204.689405422574        11000.415954811806     
   28.000000000000000        91508.681543717918        38196.497599327289     
   32.000000000000000        138031.78491877503        57607.530358823686     
   36.000000000000000        159332.77920984552        66517.322074159281     
   40.000000000000000        175630.68809208021        73348.257550116148     
   44.000000000000000        189395.66256001929        79154.873902342442     
   48.000000000000000        207776.84491261252        86870.545593037517     
   52.000000000000000        225650.53548903464        94455.346133692627     
   56.000000000000000        239161.56103710938        100219.26136095186     
   60.000000000000000        251742.91915729755        105601.92117885550     
   64.000000000000000        261628.33300895261        109870.44260572751     
   68.000000000000000        269376.22036024294        113256.81580809639     
   72.000000000000000        272400.52197298734        114719.86024055205     
   76.000000000000000        276506.22005308664        116563.52835367502     
   80.000000000000000        275647.98998361861        116399.06605126185     
   84.000000000000000        271760.57846049051        114941.23476188649     
   88.000000000000000        263853.80888297589        111820.79960958865     
   92.000000000000000        255454.66167666911        108526.34653853152     
   96.000000000000000        245855.44833555134        104676.78891855587     
   100.00000000000000        234256.28969524318        100053.91314918303     
   104.00000000000000        215447.48315481510        92346.133082346962     
   108.00000000000000        204443.13710666011        87941.124715509868     
   112.00000000000000        188094.53485837093        81206.603866503123     
   116.00000000000000        173210.45366520653        75099.387919144545     
   120.00000000000000        157918.81681279271        68834.763170472477     
   124.00000000000000        143509.77254482973        62925.924186792043     
   128.00000000000000        130332.63500606384        57452.160041078510     
   132.00000000000000        117083.89652551600        51890.297429760234     
   136.00000000000000        105086.71162035405        46872.058242872496     
   140.00000000000000        93691.332341122630        42120.395950204133     
   144.00000000000000        84980.222509954590        38470.336491605172     
   148.00000000000000        75590.080595421212        34480.881638125349     
   152.00000000000000        67035.779725351080        30854.118350864337     
   156.00000000000000        60258.278890399321        27963.832887248282     
   160.00000000000000        53365.276504377660        24980.334569468705     
   164.00000000000000        48527.111738259147        22906.382901073102     
   168.00000000000000        43264.797500441986        20607.008816120124     
   172.00000000000000        38639.667666427682        18601.738701381990     
   176.00000000000000        34634.172295712924        16877.144589776661     
   180.00000000000000        31135.081146298122        15294.688694594202     
   184.00000000000000        28871.366129245765        14393.745794459774     
   188.00000000000000        25661.565409742310        12912.228382403004     
   192.00000000000000        23659.948212394367        12078.077799016632     
   196.00000000000000        22187.157296678633        11501.615237407257     
   200.00000000000000        20380.682672628533        10707.115272979634     
   204.00000000000000        18446.666896919371        9744.2185133647599     
   208.00000000000000        17014.592843253587        9153.0427920846214     
   212.00000000000000        15663.755262554872        8515.3984361481489     
   216.00000000000000        14910.755294162733        8284.2582858630758     
   220.00000000000000        13332.572313070857        7449.4396424617380     
   224.00000000000000        13064.209533751371        7524.1844884727316     
   228.00000000000000        12023.938301164206        6998.0008574562989     
   232.00000000000000        11192.459019973823        6603.4006684318065     
   236.00000000000000        10218.939215231498        6106.0418655404246     
   240.00000000000000        9780.1995737088964        6014.1149979714264     
   244.00000000000000        9106.7816561906857        5675.6768921067451     
   248.00000000000000        8472.5448323674591        5359.9238396550736     
   252.00000000000000        7949.8046467078466        5161.6419079957013     
   256.00000000000000        7065.5279636158075        4600.7109041486456     
   260.00000000000000        7017.4747152619057        4742.0714159015706     
   264.00000000000000        6363.2988699223934        4339.4508523579561     
   268.00000000000000        6026.3679725787861        4210.1228952198317     
   272.00000000000000        5819.1249045033237        4218.8317730758399     
   276.00000000000000        5303.6508559072736        3904.3293531765366     
   280.00000000000000        5149.7199705780395        3909.3231214321349     
   284.00000000000000        4756.7412307331515        3678.1346838438171     
   288.00000000000000        4389.2143157208902        3473.1087335515881     
   292.00000000000000        4134.6814614679452        3361.2759285782831     
   296.00000000000000        3915.9334092897993        3272.9515255551464     
   300.00000000000000        3467.3594731581115        2907.5875443579475     
   304.00000000000000        3308.8429371362818        2883.1700769204108     
   308.00000000000000        3466.2973044170203        3189.5536436035454     
   312.00000000000000        3083.5170495741590        2878.6883957110663     
   316.00000000000000        2797.3919350848200        2647.4692741011718     
   320.00000000000000        2636.9801220956770        2578.4842955008276     
   324.00000000000000        2444.4959810171495        2430.0119039440187     
   328.00000000000000        2407.7021786178839        2471.1320427412970     
   332.00000000000000        2122.5090449193012        2211.1841448434539     
   336.00000000000000        2090.2019770968168        2256.5608951570689     
   340.00000000000000        1902.7348932526363        2085.6186408722701     
   344.00000000000000        1724.0286213208806        1921.4991665324160     
   348.00000000000000        1649.0226686118579        1876.7324381564804     
   352.00000000000000        1604.4894204984441        1886.4609621794939     
   356.00000000000000        1485.6841836688195        1795.9602868155243     
   360.00000000000000        1401.5785400204118        1722.1989445024967     
   364.00000000000000        1358.9686471651203        1725.0034868050573     
   368.00000000000000        1367.3562194892452        1798.9282368924714     
   372.00000000000000        1308.0128918102137        1754.4925323001441     
   376.00000000000000        1285.3291369718236        1772.4641475677709     
   380.00000000000000        1017.3465787274183        1374.6826904895925     
   384.00000000000000        1038.1580049145623        1460.6781382462211     
   388.00000000000000        1083.7649305385974        1592.3663823710231     
   392.00000000000000        916.99498386468372        1347.7781359477503     
   396.00000000000000        891.59742915613060        1347.9991585221264     
   400.00000000000000        837.71895863369855        1294.3502485019114     
