   6.0000000000000000        4.1543244397141306E-002  0.13698643794639567     
   12.000000000000000        4.7773598590448746E-002  0.15736554653822094     
   18.000000000000000        5.4813901221217716E-002  0.18042629323074530     
   24.000000000000000        6.2806034330851454E-002  0.20665398914846828     
   30.000000000000000        7.1925592633212979E-002  0.23664726476018233     
   36.000000000000000        8.2383983189457527E-002  0.27112370025925825     
   42.000000000000000        9.4429826418338011E-002  0.31092659423057106     
   48.000000000000000       0.10836506671992988       0.35707488433650486     
   54.000000000000000       0.12453347389301579       0.41072528745487435     
   60.000000000000000       0.14333220182067571       0.47320908246178700     
   66.000000000000000       0.16521653480024495       0.54604445165066495     
   72.000000000000000       0.19070040903340715       0.63093805214688847     
   78.000000000000000       0.22126178690016485       0.73281972225180536     
   84.000000000000000       0.25936153501644010       0.85966957321794935     
   90.000000000000000       0.32129207302560647        1.0664209637965238     
   96.000000000000000       0.37725708711270745        1.2505412161892417     
   102.00000000000000       0.48547039381283519        1.6071087031375197     
   108.00000000000000       0.58304130651119968        1.9252826218213877     
   114.00000000000000       0.70463364324340605        2.3204300721696449     
   120.00000000000000       0.83509056672204951        2.7404487421501726     
   126.00000000000000       0.97787255446176735        3.2106421102169049     
   132.00000000000000        1.1437883040911729        3.7629730359862288     
   138.00000000000000        1.3437984872205977        4.4061844422257401     
   144.00000000000000        1.6147722211302762        5.2681614495855218     
   150.00000000000000        1.7096023080775589        5.5902230649823110     
   156.00000000000000        2.0463635678152987        6.7031822662595246     
   162.00000000000000        2.2826982019219209        7.4602193850998599     
   168.00000000000000        2.5797852354472304        8.4516415401279055     
   174.00000000000000        2.9627357598647599        9.7139110658320860     
   180.00000000000000        3.3050132788164621        10.799633334726650     
   186.00000000000000        3.8084669898972177        12.480180969630023     
   192.00000000000000        4.3137540660788467        14.181819070669679     
   198.00000000000000        4.9602087471259511        16.362021717022895     
   204.00000000000000        5.5898038434055675        18.421405400834164     
   210.00000000000000        6.5006653532100369        21.572826962113155     
   216.00000000000000        7.4875386498575640        24.949602849805984     
   222.00000000000000        8.8628577221476306        29.697296408355928     
   228.00000000000000        10.521101802205365        35.307718831033284     
   234.00000000000000        12.738251084663659        42.896010035096239     
   240.00000000000000        15.350944730475792        51.769224301248158     
   246.00000000000000        18.571241002645710        62.884278250266235     
   252.00000000000000        22.609335978749897        76.569018994715378     
   258.00000000000000        26.990010119896979        91.349704033710694     
   264.00000000000000        32.229682692417931        108.90708222896120     
   270.00000000000000        38.278958997470625        129.15309198950652     
   276.00000000000000        45.417013424345726        152.84513810558411     
   282.00000000000000        53.661386689114259        179.97336013790888     
   288.00000000000000        62.343645607298164        208.34969249003871     
   294.00000000000000        70.570651993430360        234.88152643372871     
   300.00000000000000        80.472999018035054        266.81644446460763     
   306.00000000000000        90.491215919456280        298.95503311193971     
   312.00000000000000        99.891766817262607        328.56032425506174     
   318.00000000000000        111.79859296232577        366.39684033650997     
   324.00000000000000        119.91614311061993        391.40441938792696     
   330.00000000000000        130.54659187593879        424.79425431155676     
   336.00000000000000        138.46396101930631        448.53304001347050     
   342.00000000000000        147.13898793171867        474.63282532524721     
   348.00000000000000        155.31576237540270        499.28054362722969     
   354.00000000000000        163.30213299202069        523.28707420242529     
   360.00000000000000        169.17584940310525        540.33105783389703     
   366.00000000000000        175.82214373362277        559.73556476978467     
   372.00000000000000        181.58226406891745        576.33665790621183     
   378.00000000000000        186.56252123901879        590.65415534930457     
   384.00000000000000        192.13501595527168        606.21257414284833     
   390.00000000000000        192.94995326777806        607.24340477206908     
   396.00000000000000        198.39615012674176        623.10067867324369     
   402.00000000000000        198.18060921862781        620.76559374708972     
   408.00000000000000        198.65173618035297        621.23640358047567     
   414.00000000000000        198.31030239927742        618.67358218440131     
   420.00000000000000        196.14947163249946        610.71249882045265     
   426.00000000000000        194.88457176949109        605.70910261701420     
   432.00000000000000        191.63804006717331        594.74121709896167     
   438.00000000000000        187.83929476438570        582.16470538218334     
   444.00000000000000        182.26932009623496        563.84891568447711     
   450.00000000000000        177.45874563654078        548.47047293549133     
   456.00000000000000        171.30952573164933        529.30054101930921     
   462.00000000000000        160.44450090226027        495.65496833530142     
   468.00000000000000        154.51954710060204        476.81016625115558     
   474.00000000000000        145.99011924737161        450.39441699817223     
   480.00000000000000        136.00490040852236        419.66314506656619     
   486.00000000000000        128.77999776746975        397.52469362128232     
   492.00000000000000        118.53958163673111        366.15642038934993     
   498.00000000000000        110.45054117996648        341.42548855531680     
   504.00000000000000        100.96596272572700        312.72736549789698     
   510.00000000000000        94.170841026256667        292.06637522268750     
   516.00000000000000        84.898378114411770        263.52155906658311     
   522.00000000000000        76.728507793805477        238.53474990204148     
   528.00000000000000        70.838074456517703        221.40836264011082     
   534.00000000000000        64.032546274992086        200.68283345042124     
   540.00000000000000        57.981482984502719        182.17147291418894     
   546.00000000000000        51.592970847224372        162.84371141988521     
   552.00000000000000        46.506830509997620        147.82808824553186     
   558.00000000000000        41.874244230906257        133.65678121874143     
   564.00000000000000        37.357591924399443        120.05310791676671     
   570.00000000000000        33.417156362384489        107.08909292954826     
   576.00000000000000        30.399355195409754        98.491496929654843     
   582.00000000000000        27.337098621812430        89.612800111940459     
   588.00000000000000        24.231622172737300        79.607086821876166     
   594.00000000000000        22.126330083202738        73.415529543499602     
   600.00000000000000        19.803049875245662        65.908376885532036     
