   4.0000000000000000        15797.545251866846        5125.9015242302194     
   8.0000000000000000        16285.179197707159        5286.8007448204044     
   12.000000000000000        17221.616841150833        5588.7129237296040     
   16.000000000000000        18828.512115696201        6098.8336236435116     
   20.000000000000000        49684.342994725797        15797.342085351858     
   24.000000000000000        196883.07804108987        62198.943412754561     
   28.000000000000000        293265.42452551349        92804.084805447099     
   32.000000000000000        324673.96487128380        102874.34840640846     
   36.000000000000000        350314.02366591297        111148.52292580456     
   40.000000000000000        382570.91456103011        121521.55003968629     
   44.000000000000000        406710.55519765744        129420.50697428311     
   48.000000000000000        443532.47833359812        141237.62944351559     
   52.000000000000000        472196.34765241749        150662.68908065456     
   56.000000000000000        480555.78168336529        153655.69568605270     
   60.000000000000000        481458.81785646378        154286.28073302907     
   64.000000000000000        478580.85626816942        153693.09337903030     
   68.000000000000000        465659.33688861481        149949.07402774401     
   72.000000000000000        445774.00522767543        144046.61768437483     
   76.000000000000000        422404.51136584679        136916.53082762359     
   80.000000000000000        398339.20912038756        129627.97032993176     
   84.000000000000000        365628.67912538559        119549.34506400402     
   88.000000000000000        336011.41020170617        110384.89792162890     
   92.000000000000000        306847.20945432514        101404.11726599006     
   96.000000000000000        276956.32302807807        92017.272360325151     
   100.00000000000000        251962.23496356900        84243.997468951973     
   104.00000000000000        219752.44950963953        74086.095162037615     
   108.00000000000000        196931.70042759454        66846.740331747686     
   112.00000000000000        173025.74595751439        59247.589127582280     
   116.00000000000000        152191.46361119213        52516.826421494850     
   120.00000000000000        136579.59234517926        47558.217436714636     
   124.00000000000000        120621.63544942479        42441.198666408825     
   128.00000000000000        105299.80837250104        37438.616297529639     
   132.00000000000000        91731.767105901803        32932.362721816906     
   136.00000000000000        80972.214132121080        29357.415710633417     
   140.00000000000000        71818.551324542364        26371.099895250733     
   144.00000000000000        64568.067210901499        23999.774190744793     
   148.00000000000000        57203.676266936367        21479.077082225500     
   152.00000000000000        51118.047522798486        19473.126517447228     
   156.00000000000000        46201.218866375420        17824.370171310995     
   160.00000000000000        41601.758728895613        16229.541610990802     
   164.00000000000000        37963.254951006369        14983.677045634297     
   168.00000000000000        34118.975060203622        13624.758271283290     
   172.00000000000000        31083.808982669714        12613.743555319415     
   176.00000000000000        28983.019579348394        11952.519675086258     
   180.00000000000000        26207.623358817949        10923.239486242006     
   184.00000000000000        24909.000821504997        10600.473665084755     
   188.00000000000000        23015.617893024573        9915.9093718101158     
   192.00000000000000        21520.446672207574        9452.0646161714667     
   196.00000000000000        20337.619651439083        9135.5573464672889     
   200.00000000000000        19266.493764798339        8825.5521166378494     
   204.00000000000000        17143.716880630545        7862.6620696068130     
   208.00000000000000        16243.673122342692        7689.3890582989015     
   212.00000000000000        15041.573058824508        7187.3883473513724     
   216.00000000000000        14709.397703087136        7267.4917977732202     
   220.00000000000000        12941.619874164029        6409.3030774539329     
   224.00000000000000        13128.815704530531        6820.8625773572912     
   228.00000000000000        11967.981640431452        6297.1707794581234     
   232.00000000000000        11187.446396933043        6005.3959169707905     
   236.00000000000000        10061.332106313679        5488.0070801224902     
   240.00000000000000        9996.8182085754888        5679.5570064731737     
   244.00000000000000        9132.3807946286852        5287.4758639311312     
   248.00000000000000        8423.7940588614638        4996.7813921037505     
   252.00000000000000        8020.8618653512749        4924.6790297921170     
   256.00000000000000        7003.6294254938903        4328.8904223435138     
   260.00000000000000        6995.4693570167401        4542.9577489711191     
   264.00000000000000        6346.6034643048470        4183.1708535206872     
   268.00000000000000        5977.4432531607781        4074.6194135414535     
   272.00000000000000        5806.4433428890416        4143.4434312348949     
   276.00000000000000        5237.9865320009176        3822.5725510934412     
   280.00000000000000        5073.9210193267108        3862.1742639477789     
   284.00000000000000        4604.4016465524483        3590.8457562876483     
   288.00000000000000        4302.1868485587074        3455.4241012284783     
   292.00000000000000        4056.8083694661718        3372.1795531689186     
   296.00000000000000        3828.7264781903477        3302.8940476791190     
   300.00000000000000        3308.2658509642101        2865.1803242113947     
   304.00000000000000        3181.7531755388864        2895.0505910829179     
   308.00000000000000        3394.9611783867094        3288.9711053118854     
   312.00000000000000        3003.6294345831016        2966.7595484697904     
   316.00000000000000        2723.7986889881181        2734.8726089028742     
   320.00000000000000        2549.5566952339386        2651.2433818827758     
   324.00000000000000        2356.0711325801512        2497.2980858817027     
   328.00000000000000        2283.6572226747508        2510.9019869932854     
   332.00000000000000        2016.5832602762380        2249.8443981097244     
   336.00000000000000        1997.4618746597425        2319.2295539296852     
   340.00000000000000        1807.2256224699331        2127.9342137181188     
   344.00000000000000        1663.0524959771792        1999.3791710060730     
   348.00000000000000        1564.3436387348593        1922.9110404742116     
   352.00000000000000        1529.4873633106508        1945.1575987091678     
   356.00000000000000        1429.6227675807909        1870.2885268550199     
   360.00000000000000        1342.3521487479338        1789.3743068147523     
   364.00000000000000        1294.4023440216774        1776.2453250677738     
   368.00000000000000        1306.9879500003435        1872.5893705524495     
   372.00000000000000        1226.2607087214765        1790.1277824673534     
   376.00000000000000        1211.8643393851307        1833.3093115456222     
   380.00000000000000        963.53471186804131        1418.2223151447558     
   384.00000000000000        971.38166700954253        1499.1291157091503     
   388.00000000000000        1000.0537776147861        1623.5923142081133     
   392.00000000000000        844.66611552515496        1369.5143938112342     
   396.00000000000000        809.57291255635778        1360.1641071540280     
   400.00000000000000        763.06388573170761        1315.8597919562683     
