   4.0000000000000000        599.46435414654661        388.98988642474239     
   8.0000000000000000        625.32941233390125        405.72361709944363     
   12.000000000000000        651.06984669634403        422.37736719905644     
   16.000000000000000        677.04730411309242        439.20283588901486     
   20.000000000000000        702.99750127900336        456.01809966012360     
   24.000000000000000        734.77293710208198        476.80074803096767     
   28.000000000000000        967.68514399916978        633.79892588499092     
   32.000000000000000        2606.3130235874573        1738.3152481867673     
   36.000000000000000        4662.3198796960296        3115.6402691249850     
   40.000000000000000        6164.2428184937871        4112.5142779586276     
   44.000000000000000        7525.7732149135300        5007.8710293092881     
   48.000000000000000        8754.0198059864560        5807.2928579829631     
   52.000000000000000        10269.507347067400        6791.0862981593746     
   56.000000000000000        11479.110074492770        7566.5579483510592     
   60.000000000000000        12604.304458759991        8281.3346214836329     
   64.000000000000000        13722.071719356964        8989.2548016162855     
   68.000000000000000        14678.585861046315        9588.5926415943304     
   72.000000000000000        15568.692410272793        10144.470120859427     
   76.000000000000000        16584.714983563288        10777.248937440027     
   80.000000000000000        17390.317280472780        11274.604556334532     
   84.000000000000000        18125.659412773068        11722.140850889667     
   88.000000000000000        18610.910210452865        12007.621847329956     
   92.000000000000000        18997.309540938448        12232.061887829439     
   96.000000000000000        19279.057639774946        12383.538159024820     
   100.00000000000000        19528.985059700663        12521.388395670059     
   104.00000000000000        18989.655109142634        12152.431348466242     
   108.00000000000000        19016.350760130386        12153.185904503936     
   112.00000000000000        18399.124250639030        11742.650461562929     
   116.00000000000000        17896.345635491725        11409.363144873652     
   120.00000000000000        16907.565444589349        10776.334202608821     
   124.00000000000000        16027.848183764123        10219.027893423219     
   128.00000000000000        15096.595198029705        9626.9951980495880     
   132.00000000000000        14091.692199395851        8990.0830178688975     
   136.00000000000000        12957.006260749626        8274.9543914099449     
   140.00000000000000        11855.896321844408        7587.9566229315151     
   144.00000000000000        10995.720784083976        7052.4257842204206     
   148.00000000000000        9949.2194010079602        6399.0880259817131     
   152.00000000000000        8872.8315005612985        5731.0745112890354     
   156.00000000000000        7970.2578105765078        5169.8762306411900     
   160.00000000000000        7188.4873595064473        4681.7214606002417     
   164.00000000000000        6463.2716393098053        4231.0590535498650     
   168.00000000000000        5739.5625345781973        3778.8588786878113     
   172.00000000000000        5060.5360450696453        3356.0122349823901     
   176.00000000000000        4499.5555483352018        3007.9382245592096     
   180.00000000000000        3985.8705357622625        2682.7321495369342     
   184.00000000000000        3609.9758350245465        2456.2977312691410     
   188.00000000000000        3201.6595252912080        2193.9187747623355     
   192.00000000000000        2869.6544947471284        1989.2898556276261     
   196.00000000000000        2621.1588490040490        1840.5957543178852     
   200.00000000000000        2347.5498075717533        1667.3737154774710     
   204.00000000000000        2106.2252938017941        1505.4972157077991     
   208.00000000000000        1914.5066346638032        1389.7803436540132     
   212.00000000000000        1727.8684290837284        1267.9515057111141     
   216.00000000000000        1607.6806700343541        1201.6063950745006     
   220.00000000000000        1438.3121581309433        1081.7576370230240     
   224.00000000000000        1377.6242587230715        1063.1873717291430     
   228.00000000000000        1246.0877388405390        971.14522279909215     
   232.00000000000000        1161.8355467762967        916.98756952831206     
   236.00000000000000        1051.0758989020774        839.52930091079736     
   240.00000000000000        1001.5448902689936        819.35522541444220     
   244.00000000000000        934.29994011259612        774.77876298956926     
   248.00000000000000        864.24290808618662        726.34661899418495     
   252.00000000000000        803.70578968118502        691.49999634990343     
   256.00000000000000        717.83875363631705        620.21172926719328     
   260.00000000000000        706.81948102384854        630.09618520468700     
   264.00000000000000        640.78334131618089        576.93763318657398     
   268.00000000000000        606.41954699427561        557.97933512459031     
   272.00000000000000        585.75783212009014        557.77870639214814     
   276.00000000000000        532.10953658009510        513.74051894927879     
   280.00000000000000        518.63015732008944        515.69259946005707     
   284.00000000000000        476.87430497879870        483.01351671713536     
   288.00000000000000        439.78314628026737        455.30038016992586     
   292.00000000000000        413.26125441029637        439.37478208678044     
   296.00000000000000        390.40132826299282        426.86238415212426     
   300.00000000000000        345.97498878013960        379.85287520376289     
   304.00000000000000        328.10036617814160        374.64932134349971     
   308.00000000000000        339.84883402874681        410.73668078369519     
   312.00000000000000        302.41403858500007        371.43665426095504     
   316.00000000000000        274.74362325147200        343.22642827389370     
   320.00000000000000        257.14582868975964        332.95849389730040     
   324.00000000000000        236.61554995170832        312.47171741405941     
   328.00000000000000        229.61118770606799        315.14201080437977     
   332.00000000000000        202.24763205615380        282.61380443365130     
   336.00000000000000        196.30112611373590        286.38686961689717     
   340.00000000000000        177.28109653293598        264.08054814612581     
   344.00000000000000        159.71813688909302        243.32664379414683     
   348.00000000000000        151.06654239918896        237.32799825830631     
   352.00000000000000        144.66908439090182        236.86263470629422     
   356.00000000000000        133.17565578999273        225.76717237845543     
   360.00000000000000        123.46105441653120        215.16150592921724     
   364.00000000000000        117.98151758775190        214.09822094018602     
   368.00000000000000        116.97449496192090        223.34593504686012     
   372.00000000000000        109.40491814928541        215.07963504789106     
   376.00000000000000        106.88275195770827        219.03447286555604     
   380.00000000000000        84.288462348339564        169.34552427685352     
   384.00000000000000        84.320905565501334        179.31087168163222     
   388.00000000000000        86.535173201712894        194.79707816121783     
   392.00000000000000        72.622145174876266        164.22135254265217     
   396.00000000000000        69.206733677647705        163.23576919829452     
   400.00000000000000        64.895050223818416        158.15340135362558     
