   4.0000000000000000        34.186793681490379        48.920835240712520     
   8.0000000000000000        36.479826904030595        52.156021086669341     
   12.000000000000000        38.841444904468020        55.484530957338997     
   16.000000000000000        41.266967855429542        58.899637470814838     
   20.000000000000000        43.751227461260235        62.393945017609973     
   24.000000000000000        46.288578982143527        65.959399731682296     
   28.000000000000000        48.872921264871898        69.587325656730783     
   32.000000000000000        51.497717853910785        73.268455245905628     
   36.000000000000000        54.303863820361933        77.230433255478545     
   40.000000000000000        60.450990533275956        86.536926515717369     
   44.000000000000000        70.643256519876871        102.23444257533680     
   48.000000000000000        83.497854831043341        122.11181475709952     
   52.000000000000000        102.30576818781427        151.27527762720766     
   56.000000000000000        129.35018717435497        193.17266394297079     
   60.000000000000000        165.63538459404407        249.14352389796278     
   64.000000000000000        211.99731020128240        320.12281921140379     
   68.000000000000000        275.57282330902467        416.96435051333981     
   72.000000000000000        354.26997037526019        535.85098001883387     
   76.000000000000000        439.48745835200759        663.12655379859370     
   80.000000000000000        531.06370414364403        798.32113292366557     
   84.000000000000000        629.91697688434795        942.75652942051795     
   88.000000000000000        736.27656009598695        1096.6011080882431     
   92.000000000000000        846.68540851362457        1254.5851347482617     
   96.000000000000000        956.94549222111846        1410.2635036537611     
   100.00000000000000        1066.9224169163294        1564.1619119404763     
   104.00000000000000        1166.1170627175222        1700.3454558984677     
   108.00000000000000        1264.7624162379605        1834.7940639672347     
   112.00000000000000        1361.1428637755512        1964.5247993732710     
   116.00000000000000        1454.1128949051088        2087.8637390494282     
   120.00000000000000        1535.1987034409751        2193.8451155564130     
   124.00000000000000        1612.2640931410383        2293.4893544592251     
   128.00000000000000        1684.3306308471044        2384.6155822749574     
   132.00000000000000        1749.2072770141610        2465.1574327761259     
   136.00000000000000        1803.3417740951118        2529.9505460215232     
   140.00000000000000        1835.6921647058205        2564.4352768255708     
   144.00000000000000        1867.4387844350356        2597.6106166950080     
   148.00000000000000        1898.3235542441216        2629.5316095391131     
   152.00000000000000        1886.6015763355688        2603.7770433404958     
   156.00000000000000        1881.9535326405453        2587.6166161148858     
   160.00000000000000        1865.4852993206639        2555.9109173548964     
   164.00000000000000        1830.4103172283760        2500.1811383930776     
   168.00000000000000        1782.0208224596124        2426.3563696917518     
   172.00000000000000        1710.1654486674379        2323.3003043540730     
   176.00000000000000        1615.4376721804683        2190.0558137583657     
   180.00000000000000        1541.0495475325572        2085.3664565573035     
   184.00000000000000        1442.9675899347428        1951.6628848534408     
   188.00000000000000        1347.1619846319531        1819.4794870249173     
   192.00000000000000        1249.2071972889617        1687.5631707223720     
   196.00000000000000        1136.8954414689283        1537.4775646170638     
   200.00000000000000        1034.7754948796667        1401.5328779267975     
   204.00000000000000        941.53541100062125        1276.7541672663369     
   208.00000000000000        857.21354803071995        1165.4747436452092     
   212.00000000000000        775.42182213339095        1057.0393361715389     
   216.00000000000000        689.21513517157553        944.95602654082791     
   220.00000000000000        617.98002957377844        850.69296808217109     
   224.00000000000000        552.56360093191950        766.90275959632208     
   228.00000000000000        483.19211421992156        673.95709078142613     
   232.00000000000000        442.09974167404357        621.18111867010055     
   236.00000000000000        393.58719709286771        556.87838705826664     
   240.00000000000000        345.72741272232361        495.37985830767559     
   244.00000000000000        312.58464666065532        452.20816042399798     
   248.00000000000000        278.62385812830195        407.14040421302803     
   252.00000000000000        251.78947805138273        372.35867304389740     
   256.00000000000000        225.70187713950901        336.25950315594025     
   260.00000000000000        208.57545889458336        316.46480787316483     
   264.00000000000000        186.73105196728801        286.13886564928589     
   268.00000000000000        173.66580182221577        270.14147510666049     
   272.00000000000000        160.89911250180870        255.89677382504959     
   276.00000000000000        144.59918888327442        232.23602719962278     
   280.00000000000000        136.07791729259063        223.07063677676524     
   284.00000000000000        125.15769974352315        207.85379041484873     
   288.00000000000000        116.44542778005057        196.54759803238053     
   292.00000000000000        107.97930648901010        185.04644689879649     
   296.00000000000000        102.15841466540435        178.65063144953498     
   300.00000000000000        91.883527527292728        161.73386522720548     
   304.00000000000000        85.371939328402775        154.07159888781246     
   308.00000000000000        86.198083110197345        161.69227317562863     
   312.00000000000000        76.083644255556180        144.06248886633108     
   316.00000000000000        70.923056498814475        136.20442112347561     
   320.00000000000000        66.510875543752945        131.39835389749379     
   324.00000000000000        60.944706044002842        121.80657325529924     
   328.00000000000000        59.641718920357377        122.86859968053921     
   332.00000000000000        53.184673329236169        111.38183896407040     
   336.00000000000000        51.429421945622074        111.40185177710417     
   340.00000000000000        46.726474746420273        103.05167136409244     
   344.00000000000000        42.399431571703516        94.941250743567537     
   348.00000000000000        39.843709473993222        91.827556989209938     
   352.00000000000000        38.165125382517836        91.341261416965423     
   356.00000000000000        34.771288482449947        85.995014345324194     
   360.00000000000000        32.526739525708280        82.498463537952333     
   364.00000000000000        31.075424931169405        82.206783935394412     
   368.00000000000000        30.355762657593811        84.548420644830131     
   372.00000000000000        28.408482105924818        81.661045463203308     
   376.00000000000000        27.096667566062592        81.465457553358135     
   380.00000000000000        21.681286245418310        64.128062044284675     
   384.00000000000000        21.476607286825953        67.548823856287058     
   388.00000000000000        21.614691138703652        72.755159443401581     
   392.00000000000000        18.095187050888498        61.530352932196195     
   396.00000000000000        17.205391403142258        61.497612480689654     
   400.00000000000000        15.775601966162608        58.765371125626132     
