   6.0000000000000000        40.058209317011425        0.0000000000000000     
   12.000000000000000        44.860775299884615        0.0000000000000000     
   18.000000000000000        49.983039280143053        0.0000000000000000     
   24.000000000000000        55.412554460684710        0.0000000000000000     
   30.000000000000000        61.132644491472412        0.0000000000000000     
   36.000000000000000        67.122378012567850        0.0000000000000000     
   42.000000000000000        73.414218999424065        0.0000000000000000     
   48.000000000000000        82.169143805755866        0.0000000000000000     
   54.000000000000000        94.204829639443375        0.0000000000000000     
   60.000000000000000        114.79218024189410        0.0000000000000000     
   66.000000000000000        143.43957400435437        0.0000000000000000     
   72.000000000000000        190.44359332155588        0.0000000000000000     
   78.000000000000000        264.02383552564004        0.0000000000000000     
   84.000000000000000        374.80103291252738        0.0000000000000000     
   90.000000000000000        519.37481256810611        0.0000000000000000     
   96.000000000000000        695.26554359457452        0.0000000000000000     
   102.00000000000000        922.57340209267875        0.0000000000000000     
   108.00000000000000        1157.8177703822057        0.0000000000000000     
   114.00000000000000        1421.2549210442944        0.0000000000000000     
   120.00000000000000        1643.7112344020302        0.0000000000000000     
   126.00000000000000        1892.3724056681294        0.0000000000000000     
   132.00000000000000        2134.4895587318265        0.0000000000000000     
   138.00000000000000        2334.7315875697154        0.0000000000000000     
   144.00000000000000        2516.7259936685614        0.0000000000000000     
   150.00000000000000        2716.4653260857363        0.0000000000000000     
   156.00000000000000        2805.7705478297617        0.0000000000000000     
   162.00000000000000        2955.4099795697921        0.0000000000000000     
   168.00000000000000        3046.5688261834139        0.0000000000000000     
   174.00000000000000        3100.6366570841169        0.0000000000000000     
   180.00000000000000        3106.5578127915355        0.0000000000000000     
   186.00000000000000        3037.9072286012843        0.0000000000000000     
   192.00000000000000        2939.7173325230719        0.0000000000000000     
   198.00000000000000        2800.4031349704815        0.0000000000000000     
   204.00000000000000        2648.0761199277840        0.0000000000000000     
   210.00000000000000        2452.0336409296269        0.0000000000000000     
   216.00000000000000        2268.9639021137464        0.0000000000000000     
   222.00000000000000        2007.3207032888040        0.0000000000000000     
   228.00000000000000        1783.5058698780272        0.0000000000000000     
   234.00000000000000        1579.7677624456833        0.0000000000000000     
   240.00000000000000        1380.7458121854722        0.0000000000000000     
   246.00000000000000        1193.4889221294427        0.0000000000000000     
   252.00000000000000        1008.6379461333223        0.0000000000000000     
   258.00000000000000        866.92603092085005        0.0000000000000000     
   264.00000000000000        748.37978268160577        0.0000000000000000     
   270.00000000000000        629.46021217658495        0.0000000000000000     
   276.00000000000000        557.68061160400487        0.0000000000000000     
   282.00000000000000        466.41217116007459        0.0000000000000000     
   288.00000000000000        412.73180166606562        0.0000000000000000     
   294.00000000000000        370.63013618090315        0.0000000000000000     
   300.00000000000000        330.27306422731886        0.0000000000000000     
   306.00000000000000        286.10501701098781        0.0000000000000000     
   312.00000000000000        257.55860304038418        0.0000000000000000     
   318.00000000000000        229.87559028299296        0.0000000000000000     
   324.00000000000000        219.51241725857744        0.0000000000000000     
   330.00000000000000        189.74000347049204        0.0000000000000000     
   336.00000000000000        197.35494373767168        0.0000000000000000     
   342.00000000000000        171.28984782020618        0.0000000000000000     
   348.00000000000000        158.44179637427433        0.0000000000000000     
   354.00000000000000        140.90990291352668        0.0000000000000000     
   360.00000000000000        140.03689376038176        0.0000000000000000     
   366.00000000000000        132.47112362951631        0.0000000000000000     
   372.00000000000000        117.23341322649102        0.0000000000000000     
   378.00000000000000        113.11025537160110        0.0000000000000000     
   384.00000000000000        93.458511987307290        0.0000000000000000     
   390.00000000000000        101.03369883712658        0.0000000000000000     
   396.00000000000000        80.752316353957553        0.0000000000000000     
   402.00000000000000        82.694650492419896        0.0000000000000000     
   408.00000000000000        76.459616911566883        0.0000000000000000     
   414.00000000000000        72.173218476249829        0.0000000000000000     
   420.00000000000000        68.424321742955627        0.0000000000000000     
   426.00000000000000        62.562905144508719        0.0000000000000000     
   432.00000000000000        56.018427375267400        0.0000000000000000     
   438.00000000000000        55.033126246645644        0.0000000000000000     
   444.00000000000000        57.427902706524904        0.0000000000000000     
   450.00000000000000        44.813702625445359        0.0000000000000000     
   456.00000000000000        43.670522983055477        0.0000000000000000     
   462.00000000000000        46.122062650850495        0.0000000000000000     
   468.00000000000000        42.384443535021155        0.0000000000000000     
   474.00000000000000        38.431769495813711        0.0000000000000000     
   480.00000000000000        36.191737747164403        0.0000000000000000     
   486.00000000000000        35.682713849546985        0.0000000000000000     
   492.00000000000000        35.110972457046593        0.0000000000000000     
   498.00000000000000        28.744833174471928        0.0000000000000000     
   504.00000000000000        28.070002498638146        0.0000000000000000     
   510.00000000000000        25.268980864275534        0.0000000000000000     
   516.00000000000000        24.609397660030361        0.0000000000000000     
   522.00000000000000        23.563328467988292        0.0000000000000000     
   528.00000000000000        23.943501552106873        0.0000000000000000     
   534.00000000000000        19.970174204225067        0.0000000000000000     
   540.00000000000000        18.478823624445646        0.0000000000000000     
   546.00000000000000        21.136341088393657        0.0000000000000000     
   552.00000000000000        19.234795371706845        0.0000000000000000     
   558.00000000000000        18.146250241009209        0.0000000000000000     
   564.00000000000000        17.426559376252929        0.0000000000000000     
   570.00000000000000        13.401175324756149        0.0000000000000000     
   576.00000000000000        14.924995143877027        0.0000000000000000     
   582.00000000000000        14.890508111702109        0.0000000000000000     
   588.00000000000000        11.472125706964057        0.0000000000000000     
   594.00000000000000        12.589222072057542        0.0000000000000000     
   600.00000000000000        10.456764997083754        0.0000000000000000     
