   4.0000000000000000        1.3886320306341236E-003   6.5926537948153188E-002
   8.0000000000000000        1.4955406082736362E-003   7.1100002742608054E-002
   12.000000000000000        1.6123100405920155E-003   7.6806624480391258E-002
   16.000000000000000        1.7410717926801933E-003   8.3156370150573533E-002
   20.000000000000000        1.8843681536184300E-003   9.0277792914263397E-002
   24.000000000000000        2.0452004589689410E-003   9.8319512131754785E-002
   28.000000000000000        2.2269959584756641E-003  0.10744889639316450     
   32.000000000000000        2.4336263440408157E-003  0.11785259012937478     
   36.000000000000000        2.6693955685493016E-003  0.12973635556436894     
   40.000000000000000        2.9390015415028470E-003  0.14332285090624144     
   44.000000000000000        3.2475483681024707E-003  0.15885132194092441     
   48.000000000000000        3.6003444857314959E-003  0.17656906230780445     
   52.000000000000000        4.0028902069229617E-003  0.19673038818849728     
   56.000000000000000        4.4608107798894733E-003  0.21959320567666943     
   60.000000000000000        4.9806460431576589E-003  0.24545545596211119     
   64.000000000000000        5.5693983595505410E-003  0.27463465192451619     
   68.000000000000000        6.2340335579627532E-003  0.30744502602120477     
   72.000000000000000        6.9817118393189310E-003  0.34420797739076825     
   76.000000000000000        7.8253689857756669E-003  0.38562929386447975     
   80.000000000000000        8.7552193312146771E-003  0.43088594825745968     
   84.000000000000000        9.7955941748070329E-003  0.48144534177169201     
   88.000000000000000        1.0991358131535124E-002  0.54003661075980514     
   92.000000000000000        1.2283969061036988E-002  0.60265776485565870     
   96.000000000000000        1.3869567156694086E-002  0.68140908124598687     
   100.00000000000000        1.5408494512238602E-002  0.75485181507381061     
   104.00000000000000        1.7213768934588019E-002  0.84268476108642709     
   108.00000000000000        1.9335208170904030E-002  0.94672829846177042     
   112.00000000000000        2.1416404762110038E-002   1.0475508856475610     
   116.00000000000000        2.3931088548873079E-002   1.1697054783841696     
   120.00000000000000        2.6720361607394237E-002   1.3068790451096455     
   124.00000000000000        2.9484089802552651E-002   1.4405843477300899     
   128.00000000000000        3.2452315659309811E-002   1.5813483285034065     
   132.00000000000000        3.5866752058762476E-002   1.7478653079584536     
   136.00000000000000        3.9530921769885229E-002   1.9268314186423867     
   140.00000000000000        4.2923630520267236E-002   2.0856933136896165     
   144.00000000000000        4.6759769146965245E-002   2.2700049572906948     
   148.00000000000000        5.0239060284847065E-002   2.4276346244515512     
   152.00000000000000        5.5223156994963621E-002   2.6706745852975322     
   156.00000000000000        6.0138331072119515E-002   2.9051606054905781     
   160.00000000000000        6.5064804989968597E-002   3.1389054595634218     
   164.00000000000000        6.9394086883099101E-002   3.3437620503874657     
   168.00000000000000        7.4773638110013141E-002   3.5915200953524007     
   172.00000000000000        8.1146085885454161E-002   3.9078785825333506     
   176.00000000000000        8.7690200492478984E-002   4.2230243593100383     
   180.00000000000000        9.4410828489823795E-002   4.5515370288416364     
   184.00000000000000       0.10299781767303982        4.9895363270657782     
   188.00000000000000       0.11264785341528361        5.4769275601842793     
   192.00000000000000       0.12429954157937584        6.0740508665892028     
   196.00000000000000       0.13776881823798995        6.7793262180807030     
   200.00000000000000       0.15554755741662529        7.7097244233638502     
   204.00000000000000       0.17733216521687362        8.8965706421249067     
   208.00000000000000       0.20265916814121421        10.230948848766529     
   212.00000000000000       0.23462454374494923        11.943351467094374     
   216.00000000000000       0.27635361147386989        14.147515840294886     
   220.00000000000000       0.32191137181738122        16.557366223903657     
   224.00000000000000       0.38864849528159023        20.030203988271840     
   228.00000000000000       0.46915325966584498        24.192840390881525     
   232.00000000000000       0.56350666390637583        29.022972803897030     
   236.00000000000000       0.67261061449570603        34.584027866485854     
   240.00000000000000       0.78483212740066621        40.135529100871217     
   244.00000000000000       0.92326947702377915        46.954769271365194     
   248.00000000000000        1.0812126789856196        54.662951192333836     
   252.00000000000000        1.2434860635586702        62.416265936082581     
   256.00000000000000        1.4402054527015107        71.760336026573924     
   260.00000000000000        1.6213368506712358        80.146363107208003     
   264.00000000000000        1.8222150553727867        89.361001554151599     
   268.00000000000000        2.0112464444511424        97.806939722924994     
   272.00000000000000        2.1825766636549675        105.25809566344651     
   276.00000000000000        2.3880152293129919        114.23534913301854     
   280.00000000000000        2.5768301789667714        122.25931929421560     
   284.00000000000000        2.7710981795729235        130.41042837217725     
   288.00000000000000        2.9388458523493406        137.17182433986792     
   292.00000000000000        3.1048225768076949        143.76747335037115     
   296.00000000000000        3.2694516374168696        150.18506434965968     
   300.00000000000000        3.4534004219086465        157.44930045508445     
   304.00000000000000        3.5734357667863836        161.72344520956335     
   308.00000000000000        3.6687179589888248        164.87523825930938     
   312.00000000000000        3.7359607137208131        166.61040861056361     
   316.00000000000000        3.8073852746325132        168.59427066952370     
   320.00000000000000        3.8569336348552792        169.67360905383654     
   324.00000000000000        3.8795462572606119        169.63111594761216     
   328.00000000000000        3.7983900578953724        165.05825923071299     
   332.00000000000000        3.7588172141918301        162.34442593164272     
   336.00000000000000        3.5964340253640996        154.54858585020813     
   340.00000000000000        3.4754661768860027        148.62678452370452     
   344.00000000000000        3.2930847595580088        140.21664573092923     
   348.00000000000000        3.0919331686368823        131.15622272320354     
   352.00000000000000        2.8595672520794193        121.08763778478387     
   356.00000000000000        2.6286689422895346        111.09007762516464     
   360.00000000000000        2.3962976358869801        101.15903671679789     
   364.00000000000000        2.1402797096256845        90.373173092757284     
   368.00000000000000        1.8909764218476288        80.083136965501538     
   372.00000000000000        1.6799817650049920        71.318213352175619     
   376.00000000000000        1.4675266269735281        62.656881720677859     
   380.00000000000000        1.2940933467394706        55.215896991759756     
   384.00000000000000        1.1419222729598180        49.242369657913805     
   388.00000000000000       0.99296517789531447        43.372640202788780     
   392.00000000000000       0.86830539812829244        38.138421742448571     
   396.00000000000000       0.76929480568196951        34.268618441854983     
   400.00000000000000       0.67007974291331684        30.192845424121305     
