   4.0000000000000000        0.0000000000000000     
   12.000000000000000        0.0000000000000000     
   20.000000000000000       0.17463037878102938     
   28.000000000000000        1.7033733836540383     
   36.000000000000000        355.46243121320691     
   44.000000000000000        1303.4326559373560     
   52.000000000000000        2201.9305032944926     
   60.000000000000000        4921.0151398042262     
   68.000000000000000        7253.6811179324086     
   76.000000000000000        11430.776573452302     
   84.000000000000000        14285.887564660097     
   92.000000000000000        16724.582594812360     
   100.00000000000000        18822.478406931885     
   108.00000000000000        20410.152213060377     
   116.00000000000000        21907.480288996838     
   124.00000000000000        22784.332192929000     
   132.00000000000000        23151.981451216696     
   140.00000000000000        22842.439035989697     
   148.00000000000000        21873.211641489124     
   156.00000000000000        21186.085000711169     
   164.00000000000000        18903.321796942706     
   172.00000000000000        16380.611510231340     
   180.00000000000000        14044.869154444144     
   188.00000000000000        12418.893565482971     
   196.00000000000000        10174.426779775864     
   204.00000000000000        8185.7547495976460     
   212.00000000000000        6350.6103202303893     
   220.00000000000000        5566.9793806668731     
   228.00000000000000        4392.7222077404458     
   236.00000000000000        3760.3634466408043     
   244.00000000000000        2906.1565958421065     
   252.00000000000000        2368.3370947525596     
   260.00000000000000        2056.4728714693629     
   268.00000000000000        1705.6738063128473     
   276.00000000000000        1504.5467968369262     
   284.00000000000000        1289.4807204557385     
   292.00000000000000        1180.1236324147842     
   300.00000000000000        1066.7504664407058     
   308.00000000000000        990.62751392693929     
   316.00000000000000        942.13624411330784     
   324.00000000000000        901.22134974459232     
   332.00000000000000        862.62116989840069     
   340.00000000000000        833.34880775997817     
   348.00000000000000        801.01793023705238     
   356.00000000000000        774.89503360072354     
   364.00000000000000        748.90395488387969     
   372.00000000000000        720.35370492522702     
   380.00000000000000        694.62853424154594     
   388.00000000000000        671.13393627705329     
   396.00000000000000        647.21765428257265     
