8.079563238013918 0.000015772118911929617
12.191456821738498 0.000010421821038508056
16.527635510029853 0.000009349541654123106
20.41524398918763 0.000010421821038508056
23.993125419181737 0.000006135326992741039
28.639031156636776 0.000008147289011025197
32.32371501737697 0.0000049124883309253214
37.205476122729635 0.0000018733715018981467
40.60090340019916 0.0000012308548866524216
46.20803101436903 0.000015783217960422397
50.31992459809359 0.000011234153905465352
54.61872243562382 0.000015783217960422397
58.792917437283634 0.000021144614882338472
64.30659292455067 0.000021323328113069875
67.32821169440888 0.000020251048728684926
73.1222435623844 0.000021144614882338472
76.29961587708067 0.000019357482575033114
82.09364774505619 0.000026506011804252813
85.0841158059468 0.000026506011804252813
91.06505192772798 0.000026506011804252813
94.05551998861858 0.000026506011804252813
99.66264760278844 0.000026506011804252813
102.84001991748471 0.000026506011804252813
108.63405178546023 0.00003138000900599486
111.8114241001565 0.00003186740872616889
117.60545596813202 0.00003186740872616889
120.78282828282829 0.000032760974879822435
126.57686015080381 0.000037228805648084964
129.75423246550005 0.000037228805648084964
135.5482643334756 0.000037228805648084964
138.5387323943662 0.00004151792318561609
144.61312064305025 0.000041622668523514164
147.9907475153954 0.000037389858892579106
153.19736601426737 0.00004045351427652867
156.48154075970976 0.0000419800949849735
162.30672333665294 0.00004200988052342931
166.25396317297725 0.00004280231673755956
170.6862640489401 0.000045266561669575836
174.05054061744204 0.000053312996413831457
179.28385972400056 0.000046503931119117395
182.83504054630816 0.000053060315290266724
189.002880921895 0.00006403579025766187
193.0773936548584 0.00006534833776290251
197.22666808934414 0.00005738919153634031
201.3385616730687 0.00005772139007698476
205.45045525679328 0.00006503965127345815
209.56234884051784 0.0000713685822418611
214.22979797979795 0.00007577697590501441
218.41435926163038 0.00008164896963575204
223.15291320573007 0.00008282755906345758
226.00992317541616 0.00008986797542689072
230.12181675914073 0.00009084277486723878
234.2337103428653 0.00009571677206898083
237.0372741499502 0.00009754452101963344
242.45749751031443 0.00010254036815141726
245.63486982501067 0.00010692696563298527
251.42890169298622 0.00011228836255489962
254.4193697538768 0.00011657748009243248
260.400305875658 0.00012203635695838197
263.3907739365486 0.00012301115639873177
268.99790155071844 0.00012934735276099417
272.17527386541474 0.00013373395024256218
277.96930573339023 0.00014250714520569648
281.1466780480865 0.0001444567440863926
286.940709916062 0.00015517953793022302
290.1180822307583 0.00015964736869848555
295.9121140987338 0.00016882673009509935
299.0894864134301 0.00017305086100327487
304.8835182814056 0.00018393612142049605
307.87398634229623 0.000187347919461716
313.48111395646606 0.0001995329124660685
316.65848627116236 0.0002034321102274625
322.45251813913785 0.00021269270491077082
325.62989045383415 0.00021951630099320898
331.42392232180964 0.00023267609343790956
334.60129463650594 0.00024006832252721627
340.39532650448143 0.0002541216811255721
343.57269881917773 0.00025883321175392167
349.3667306871532 0.0002711806713316667
352.35719874804386 0.00027741938774989393
357.9643263622137 0.0002882396615377595
361.14169867691 0.00029457585790002364
366.9357305448855 0.0003057860514640281
370.1131028595818 0.0003115536148194237
375.90713472755726 0.00032333244139029667
379.08450704225356 0.00032763780558517017
384.87853891022905 0.00033892923243586913
388.05591122492535 0.00034104129788995775
393.84994309290084 0.00035257642460074547
396.8404111537915 0.00035569578280985996
402.4475387679613 0.00036290929866843527
406.5594323516859 0.00036554468889660706
410.67132593541044 0.00037641546821344865
414.78321951913506 0.00038018847668341675
418.89511310285957 0.00038360027472463497
423.0070066865842 0.0003806758764035908
427.1189002703087 0.00038913140361380646
431.2307938540333 0.00038230780753136656
435.34268743775795 0.00037158501368753614
439.45458102148245 0.0003749968117287561
443.5664746052071 0.0003823296037129553
447.6783681889316 0.0003808674045524315
451.7902617726562 0.00037908753763898906
455.9021553563807 0.0003719244776220435
460.01404894010534 0.0003709714743632825
464.12594252382996 0.0003632973340060453
468.2378361075545 0.00036388530827165255
472.3497296912791 0.00035357302022268056
476.4616232750036 0.00035145368937473075
480.5735168587282 0.00035732428219840615
484.68541044245273 0.0003454264820426274
488.79730402617736 0.000343568307874971
492.90919760990187 0.0003435073580662796
497.1768447384645 0.0003409832123112775
499.73120287380857 0.0003343792634271543
