   5.7000000000000002        1.0354408990607138E-004   2.0042759194471567E-004
   11.400000000000000        1.1544134503401855E-004   2.2291461683280201E-004
   17.100000000000001        1.2816835222795268E-004   2.4687686069049640E-004
   22.800000000000001        1.4171272825187463E-004   2.7227834728644633E-004
   28.500000000000000        1.5605331961673151E-004   2.9906676018423616E-004
   34.200000000000003        1.7126927021532829E-004   3.2740440539348695E-004
   39.899999999999999        1.8815190014842139E-004   3.5896408519675972E-004
   45.600000000000001        2.1967523916585665E-004   4.2120099716512163E-004
   51.300000000000004        2.5994921834203042E-004   5.0193677502035771E-004
   57.000000000000000        3.1994541970573032E-004   6.2433766457654243E-004
   62.700000000000003        4.0460939143021279E-004   7.9851316685279963E-004
   68.400000000000006        5.3447056169771969E-004   1.0673824792742377E-003
   74.100000000000009        7.1586349872427093E-004   1.4424905233224917E-003
   79.799999999999997        9.5360062169802821E-004   1.9326728372080913E-003
   85.500000000000000        1.2584568539136384E-003   2.5584526017248012E-003
   91.200000000000003        1.6233095217451177E-003   3.3016656699006771E-003
   96.900000000000006        2.0319806731117569E-003   4.1259447154471905E-003
   102.60000000000001        2.4961591610156587E-003   5.0514905787251829E-003
   108.30000000000000        3.0217125969226608E-003   6.0887462220560844E-003
   114.00000000000000        3.4994411813092921E-003   7.0117539235180337E-003
   119.70000000000000        3.9939548465920882E-003   7.9543260096358853E-003
   125.40000000000001        4.5306630668074830E-003   8.9645448862405459E-003
   131.09999999999999        5.0198853234334276E-003   9.8616857151413509E-003
   136.80000000000001        5.5016978734893952E-003   1.0728855763771750E-002
   142.50000000000000        5.9522657328519258E-003   1.1519317984191577E-002
   148.20000000000002        6.3522864760573927E-003   1.2192596756966887E-002
   153.90000000000001        6.7574329111966848E-003   1.2863743328740273E-002
   159.59999999999999        7.1140064291541913E-003   1.3423533884045288E-002
   165.30000000000001        7.4279633505974609E-003   1.3887651456046974E-002
   171.00000000000000        7.6739737488641440E-003   1.4212147036094729E-002
   176.70000000000002        7.9543708354642261E-003   1.4586834157896689E-002
   182.40000000000001        8.1062378816922891E-003   1.4716524139059727E-002
   188.09999999999999        8.2307498641455562E-003   1.4784344532874623E-002
   193.80000000000001        8.2147886835600443E-003   1.4595152155277964E-002
   199.50000000000000        8.1920451584790912E-003   1.4397394482374017E-002
   205.20000000000002        8.0885128406248882E-003   1.4056510276010471E-002
   210.90000000000001        7.8450638558677788E-003   1.3483721655601251E-002
   216.59999999999999        7.6147148662911715E-003   1.2938873476494799E-002
   222.30000000000001        7.2590290548407424E-003   1.2195559414858640E-002
   228.00000000000000        6.8419497561793942E-003   1.1365231569777355E-002
   233.70000000000002        6.4128166495028352E-003   1.0534728483067607E-002
   239.40000000000001        5.9101772593584427E-003   9.6041237239709414E-003
   245.09999999999999        5.4407256580226585E-003   8.7495686111876952E-003
   250.80000000000001        4.9425586257197240E-003   7.8695046425916043E-003
   256.50000000000000        4.4667318568617602E-003   7.0401752269745503E-003
   262.19999999999999        3.9925786809459907E-003   6.2398707303233094E-003
   267.90000000000003        3.5595759442060525E-003   5.5195640261471359E-003
   273.60000000000002        3.1736166902153105E-003   4.8863261033307535E-003
   279.30000000000001        2.8143933800574184E-003   4.3124581827730258E-003
   285.00000000000000        2.4797129499047259E-003   3.7801651730870710E-003
   290.69999999999999        2.1828666084906614E-003   3.3134155946437801E-003
   296.40000000000003        1.9493108728890819E-003   2.9506237472585327E-003
   302.10000000000002        1.7086411390855600E-003   2.5821818751419405E-003
   307.80000000000001        1.5264414373486771E-003   2.3082037219035382E-003
   313.50000000000000        1.3670773838170499E-003   2.0684114087797510E-003
   319.19999999999999        1.2383876497229021E-003   1.8802527411748322E-003
   324.90000000000003        1.1109455260364621E-003   1.6878270871303392E-003
   330.60000000000002        1.0255146145530670E-003   1.5638652683803271E-003
   336.30000000000001        9.1914659275915732E-004   1.4029100154392608E-003
   342.00000000000000        8.5558083505281161E-004   1.3093069047823154E-003
   347.69999999999999        7.9705586547076772E-004   1.2244200666153397E-003
   353.40000000000003        7.3222981532785182E-004   1.1218928611855064E-003
   359.10000000000002        6.9378183238460306E-004   1.0653934833293112E-003
   364.80000000000001        6.3120125057135616E-004   9.6442529911510929E-004
   370.50000000000000        6.1882872816469616E-004   9.5034795963434837E-004
   376.19999999999999        5.7299937502509868E-004   8.7606767500910429E-004
   381.90000000000003        5.4741453106742070E-004   8.3712492369904397E-004
   387.60000000000002        5.2207255830667568E-004   7.9566776608566410E-004
   393.30000000000001        5.0031779626248066E-004   7.6016478168132169E-004
   399.00000000000000        4.6341047131611687E-004   7.0060131118604950E-004
   404.69999999999999        4.5194267742431721E-004   6.7936342518234842E-004
   410.40000000000003        4.5324515491891820E-004   6.8060913702795614E-004
   416.10000000000002        4.3192745139422866E-004   6.4382811837746965E-004
   421.80000000000001        3.9749161756486186E-004   5.8863982201489600E-004
   427.50000000000000        3.7207684074720205E-004   5.4516754860067318E-004
   433.19999999999999        3.8286711033473484E-004   5.5999565614710397E-004
   438.90000000000003        3.8921943886261986E-004   5.6705172770739527E-004
   444.60000000000002        3.6714221630634029E-004   5.2949732573028126E-004
   450.30000000000001        3.4351495942134744E-004   4.8872660431294288E-004
   456.00000000000000        3.4292987624067925E-004   4.8526609131182110E-004
   461.69999999999999        3.2197853506203515E-004   4.5051081516345198E-004
   467.40000000000003        3.1889096527549458E-004   4.4497423635787088E-004
   473.10000000000002        3.0695337324036944E-004   4.2343844006522454E-004
   478.80000000000001        2.9306642942521390E-004   3.9930660917769488E-004
   484.50000000000000        2.8565857481546096E-004   3.8517890034754437E-004
   490.19999999999999        2.7463432434794412E-004   3.6633055534962121E-004
   495.90000000000003        2.6361444230984507E-004   3.4805353101990391E-004
   501.60000000000002        2.6360492044602335E-004   3.4655860980041249E-004
   507.30000000000001        2.4877345455229683E-004   3.2357793874417779E-004
   513.00000000000000        2.4184166364741964E-004   3.1252157451544592E-004
   518.70000000000005        2.3617619414793086E-004   3.0239316117978185E-004
   524.39999999999998        2.3297923769484039E-004   2.9589847299664202E-004
   530.10000000000002        2.3208599861259681E-004   2.9074717335138099E-004
   535.80000000000007        2.2087862925309259E-004   2.7534751065394801E-004
   541.50000000000000        2.1286144033784253E-004   2.6160924648165469E-004
   547.20000000000005        2.1321633542268958E-004   2.5955538276191414E-004
   552.89999999999998        2.0773629258285083E-004   2.5160419096110495E-004
   558.60000000000002        1.8652674810936716E-004   2.2311596280761320E-004
   564.30000000000007        1.8841386030510478E-004   2.2346079279923553E-004
   570.00000000000000        1.8200533326150745E-004   2.1372472035854480E-004
