   3.7999999999999998       -9.4539150835438680E-006   1.0851148434190306E-004
   7.5999999999999996       -9.7368437706276013E-006   1.1207272476199523E-004
   11.399999999999999       -1.0011593832754676E-005   1.1555684272223316E-004
   15.199999999999999       -1.0340723887268668E-005   1.1945205616980079E-004
   19.000000000000000       -1.0671706525773172E-005   1.2344542902691973E-004
   22.799999999999997       -1.1969989706216942E-005   1.3609262426688253E-004
   26.599999999999998       -4.2146509465626864E-005   3.9859917211193806E-004
   30.399999999999999       -1.2125182106323591E-004   1.1281445996656175E-003
   34.199999999999996       -1.7702885958404183E-004   1.6839795832761068E-003
   38.000000000000000       -2.0634692660600359E-004   2.0121777488158687E-003
   41.799999999999997       -2.2920600247031727E-004   2.2621775723040099E-003
   45.599999999999994       -2.4520679876568249E-004   2.4551556251600241E-003
   49.399999999999999       -2.6052899281783722E-004   2.6610080850090804E-003
   53.199999999999996       -2.6435708613768699E-004   2.7784615974593930E-003
   57.000000000000000       -2.7557119298658180E-004   2.9203492846968269E-003
   60.799999999999997       -2.8156160269070637E-004   3.0498978041139753E-003
   64.599999999999994       -2.8265603305816650E-004   3.1130402586060108E-003
   68.399999999999991       -2.7792361497166703E-004   3.0929689888393661E-003
   72.200000000000003       -2.8212777680266729E-004   3.1831808338981791E-003
   76.000000000000000       -2.7674031150630424E-004   3.1337062451996861E-003
   79.799999999999997       -2.7111118325581752E-004   3.1199887486147103E-003
   83.599999999999994       -2.6811203129231188E-004   3.0715991754551924E-003
   87.399999999999991       -2.5759840350216256E-004   3.0256994743613347E-003
   91.199999999999989       -2.4656438421623712E-004   2.9925659179807704E-003
   95.000000000000000       -2.2982488734457949E-004   2.8102506392812471E-003
   98.799999999999997       -2.1809921194255503E-004   2.6792210550457248E-003
   102.59999999999999       -1.9714292352360704E-004   2.5119116150917700E-003
   106.39999999999999       -1.8222893946340796E-004   2.3771204593585884E-003
   110.19999999999999       -1.6230840442795153E-004   2.1812397500383923E-003
   114.00000000000000       -1.4245968987301077E-004   2.0177697846003322E-003
   117.80000000000000       -1.2490818632753889E-004   1.8384404127291150E-003
   121.59999999999999       -1.1025800948768629E-004   1.6722359616383273E-003
   125.39999999999999       -9.2188532340192915E-005   1.5353849569756811E-003
   129.19999999999999       -8.1212331963148669E-005   1.3659797751812547E-003
   133.00000000000000       -6.5436705783789093E-005   1.2340304538237302E-003
   136.79999999999998       -5.5539599139669157E-005   1.0757829761283057E-003
   140.59999999999999       -4.4907234713976576E-005   9.4983387211995088E-004
   144.40000000000001       -3.6654907690497714E-005   8.3883953725791261E-004
   148.19999999999999       -2.9559340590032122E-005   7.3930672629091186E-004
   152.00000000000000       -2.3550078900284723E-005   6.5600408103502815E-004
   155.79999999999998       -1.6882697149953612E-005   5.7206624864557080E-004
   159.59999999999999       -1.4679912945666476E-005   5.1008152018166674E-004
   163.40000000000001       -1.0991432383567973E-005   4.5328710221467230E-004
   167.19999999999999       -7.9176545637291811E-006   3.9568261504873998E-004
   171.00000000000000       -6.8388269563143445E-006   3.5202868584679103E-004
   174.79999999999998       -4.4332848594950431E-006   3.0616531071983989E-004
   178.59999999999999       -4.4021725596783481E-006   2.6822689888026773E-004
   182.39999999999998       -3.4750660115485352E-006   2.4406055675909081E-004
   186.19999999999999       -2.5899657959534790E-006   2.1384373322791016E-004
   190.00000000000000       -2.9237938590748647E-006   1.8774973699000664E-004
   193.79999999999998       -2.9317257395815797E-006   1.7259394255070867E-004
   197.59999999999999       -2.6126273955698670E-006   1.5341477296646234E-004
   201.39999999999998       -2.5483165458097978E-006   1.3519404451502973E-004
   205.19999999999999       -2.1174770560099681E-006   1.2255654951760680E-004
   209.00000000000000       -2.5380267029290310E-006   1.1121505501988917E-004
   212.79999999999998       -2.3621419885122022E-006   1.0088406839060826E-004
   216.59999999999999       -2.0303626061910578E-006   9.1726753863280471E-005
   220.39999999999998       -2.3824400903967327E-006   8.1475226420548721E-005
   224.19999999999999       -2.0769118339972598E-006   7.5391262561404785E-005
   228.00000000000000       -2.1015089295123624E-006   6.6991929952034998E-005
   231.79999999999998       -1.8845793404917771E-006   6.2157763321285935E-005
   235.59999999999999       -1.8892479480575537E-006   5.5559062773321014E-005
   239.39999999999998       -1.5294691816767751E-006   5.1625923210276044E-005
   243.19999999999999       -1.9356645588802942E-006   4.6986275877738745E-005
   247.00000000000000       -1.6196101169491940E-006   4.1850017071877170E-005
   250.79999999999998       -1.6378901280583405E-006   3.8446029332429847E-005
   254.59999999999999       -1.6987930048251162E-006   3.5608476778915070E-005
   258.39999999999998       -1.1399176090664596E-006   3.2858233125421802E-005
   262.19999999999999       -1.1481991786559627E-006   2.9671871996748342E-005
   266.00000000000000       -1.1206155655687906E-006   2.6971169907818775E-005
   269.80000000000001       -1.0423533542495664E-006   2.4442409773251546E-005
   273.59999999999997       -9.1155776547137191E-007   2.2296302841492177E-005
   277.39999999999998       -8.7075624374806771E-007   1.9973039199315757E-005
   281.19999999999999       -8.2960555681244711E-007   1.8425387862851097E-005
   285.00000000000000       -6.3567136509424989E-007   1.6914014055766765E-005
   288.80000000000001       -6.0973765064167961E-007   1.4905262493704863E-005
   292.59999999999997       -5.5799590895002450E-007   1.3636415973951710E-005
   296.39999999999998       -5.1250453966087482E-007   1.2156710257714550E-005
   300.19999999999999       -4.1536320691069564E-007   1.1061599595897965E-005
   304.00000000000000       -3.8738543285909383E-007   1.0026431849059766E-005
   307.80000000000001       -3.3940653022088698E-007   9.1496207492992663E-006
   311.59999999999997       -3.0303267026276310E-007   8.0571202077737354E-006
   315.39999999999998       -2.4405642088861783E-007   7.4494117653784962E-006
   319.19999999999999       -2.1634244970986923E-007   6.6435777510938577E-006
   323.00000000000000       -1.8439055193647535E-007   6.1604732633800660E-006
   326.80000000000001       -1.8116150565700640E-007   5.4110814876075581E-006
   330.59999999999997       -1.4535117829888799E-007   5.0437154956238640E-006
   334.39999999999998       -1.2616092450093182E-007   4.4002828134262086E-006
   338.19999999999999       -1.2567996563867873E-007   3.9413770201748879E-006
   342.00000000000000       -6.7373155321899463E-008   3.7869517532022199E-006
   345.80000000000001       -5.3380090009032992E-008   3.4971037723310523E-006
   349.59999999999997       -4.3745093981954912E-008   3.3632023164746186E-006
   353.39999999999998       -7.3960381442922277E-008   2.8549250456955264E-006
   357.19999999999999       -5.9168618082627901E-008   2.5442421160246639E-006
   361.00000000000000       -7.1868647942972064E-008   2.4205793753187643E-006
   364.79999999999995       -5.1812738995076365E-008   2.2321957376322119E-006
   368.59999999999997       -5.4730879735364742E-008   2.1224677440631763E-006
   372.39999999999998       -4.7375725815809951E-008   1.9608914988983572E-006
   376.19999999999999       -7.5637597370734091E-008   1.7643240592038395E-006
   380.00000000000000       -6.6548769861098967E-008   1.6227804312580844E-006
