   3.0000000000000000       -8.4859743397227503E-006   9.8113446437558769E-005
   6.0000000000000000       -8.6343120743615400E-006   1.0039476636069217E-004
   9.0000000000000000       -9.0084741215253034E-006   1.0350276198030950E-004
   12.000000000000000       -9.7206102089735334E-006   1.0992613181347233E-004
   15.000000000000000       -1.0459862626373035E-005   1.1556104790663963E-004
   18.000000000000000       -2.1703973778505821E-005   2.0095380878057075E-004
   21.000000000000000       -1.0300569306081487E-004   8.3444569668502376E-004
   24.000000000000000       -2.2648560438706878E-004   1.9164251283312675E-003
   27.000000000000000       -2.8064321690553343E-004   2.4725979350460042E-003
   30.000000000000000       -2.8947249404090165E-004   2.6729184188455575E-003
   33.000000000000000       -2.9119389157564738E-004   2.7877949030739669E-003
   36.000000000000000       -2.8490755338896805E-004   2.7995199054766662E-003
   39.000000000000000       -2.9716860355449311E-004   2.9468926385625401E-003
   42.000000000000000       -2.9464781901721840E-004   3.0190584184788837E-003
   45.000000000000000       -3.0726273678270466E-004   3.1358648300117324E-003
   48.000000000000000       -3.1059846058400245E-004   3.2247249423819047E-003
   51.000000000000000       -3.1248459450334480E-004   3.2878916399606299E-003
   54.000000000000000       -3.0064326428588589E-004   3.2056998535857600E-003
   57.000000000000000       -2.9381736644563537E-004   3.2149448935611807E-003
   60.000000000000000       -2.7592320685568207E-004   3.0866091513016363E-003
   63.000000000000000       -2.5711684293191253E-004   2.9507791301888464E-003
   66.000000000000000       -2.4150523872941231E-004   2.8073257218661973E-003
   69.000000000000000       -2.2189986343859123E-004   2.6933356955475014E-003
   72.000000000000000       -1.9558686971974260E-004   2.5261496924486935E-003
   75.000000000000000       -1.6808576294071430E-004   2.2895414532861590E-003
   78.000000000000000       -1.5295420333624448E-004   2.1094560982039641E-003
   81.000000000000000       -1.2899682649764551E-004   1.9348444344396982E-003
   84.000000000000000       -1.0948754815536003E-004   1.7603525535146017E-003
   87.000000000000000       -9.0126803543236884E-005   1.5795168421536038E-003
   90.000000000000000       -7.3355467573432166E-005   1.4161014904288107E-003
   93.000000000000000       -5.9281905785011636E-005   1.2792322526911130E-003
   96.000000000000000       -4.9047221376139872E-005   1.1312365631794869E-003
   99.000000000000000       -3.6464960172427442E-005   1.0287842299234894E-003
   102.00000000000000       -3.0644363620806493E-005   9.0372494823500436E-004
   105.00000000000000       -1.9831104175553777E-005   8.1662667143773211E-004
   108.00000000000000       -1.4988065906362918E-005   7.0648324830905175E-004
   111.00000000000000       -1.1577017332482246E-005   6.1889440419108971E-004
   114.00000000000000       -7.4807297265264630E-006   5.5317472114846085E-004
   117.00000000000000       -3.7747275937130930E-006   4.8696581834983425E-004
   120.00000000000000       -2.7102080246100206E-006   4.2847955866919457E-004
   123.00000000000000       -5.6581663491861627E-007   3.8401011467010035E-004
   126.00000000000000       -4.3340349108258064E-007   3.4141346183617628E-004
   129.00000000000000        4.7364710127764096E-007   3.0856665160994756E-004
   132.00000000000000        6.5501626895141347E-007   2.7258777142112454E-004
   135.00000000000000        1.1362705195895662E-006   2.4598727627442042E-004
   138.00000000000000        1.0580876035022195E-006   2.1873790485931157E-004
   141.00000000000000        5.0888043129055619E-007   1.9524501150561258E-004
   144.00000000000000        6.1040198274929287E-007   1.8083976738127665E-004
   147.00000000000000        7.1756358897504013E-007   1.6198452485539742E-004
   150.00000000000000       -2.8739341033101075E-007   1.4548613844468636E-004
   153.00000000000000       -6.3501735639910892E-007   1.3676395751196490E-004
   156.00000000000000       -9.9038705275574134E-007   1.2319478249570961E-004
   159.00000000000000       -1.1323396648638356E-006   1.1170622620144599E-004
   162.00000000000000       -1.0967175790377514E-006   1.0377488836363854E-004
   165.00000000000000       -1.2601891857011492E-006   9.6618956715603389E-005
   168.00000000000000       -1.6136998277717557E-006   8.9403008035670136E-005
   171.00000000000000       -1.5701168475086512E-006   8.4346787038830248E-005
   174.00000000000000       -2.1427888983408437E-006   7.6187177992741186E-005
   177.00000000000000       -1.7730795172273002E-006   7.2566882432301664E-005
   180.00000000000000       -1.9426879085436899E-006   6.6499917997515435E-005
   183.00000000000000       -1.8476845165869223E-006   6.2878967994232530E-005
   186.00000000000000       -1.9907494702614417E-006   5.7941771155443972E-005
   189.00000000000000       -1.6424888846258276E-006   5.5028980767395997E-005
   192.00000000000000       -2.3035816085316657E-006   5.1339765191484852E-005
   195.00000000000000       -1.9553896059165623E-006   4.7437339955065848E-005
   198.00000000000000       -2.0197900063757998E-006   4.4614860429907719E-005
   201.00000000000000       -2.0838603993335481E-006   4.2476180696049680E-005
   204.00000000000000       -1.5675910650421993E-006   4.0195711618316036E-005
   207.00000000000000       -1.5980912093628439E-006   3.7533176328473220E-005
   210.00000000000000       -1.6473889482684413E-006   3.4920822036228432E-005
   213.00000000000000       -1.5141567523327017E-006   3.2911248486654481E-005
   216.00000000000000       -1.4612857268468356E-006   3.0822119025192992E-005
   219.00000000000000       -1.3967646382112529E-006   2.8744605870456433E-005
   222.00000000000000       -1.3531193221893055E-006   2.6904022648417825E-005
   225.00000000000000       -1.1309531565369200E-006   2.5541946836272904E-005
   228.00000000000000       -1.1471388605368505E-006   2.3482804224087126E-005
   231.00000000000000       -1.0660043911358821E-006   2.1992913291365191E-005
   234.00000000000000       -1.0151094493757916E-006   2.0320063291596924E-005
   237.00000000000000       -9.0186013888747975E-007   1.8972395748305726E-005
   240.00000000000000       -8.3167087891634517E-007   1.7791698889212646E-005
   243.00000000000000       -7.6252482657257708E-007   1.6617235284042565E-005
   246.00000000000000       -7.2069323184335656E-007   1.5284641210587740E-005
   249.00000000000000       -6.0314968973599088E-007   1.4270617860589295E-005
   252.00000000000000       -5.2388539876264035E-007   1.3145235207193420E-005
   255.00000000000000       -4.9364980974540209E-007   1.2241625791502929E-005
   258.00000000000000       -4.7145096097233193E-007   1.1181141940013784E-005
   261.00000000000000       -3.9577519760658465E-007   1.0453799692919474E-005
   264.00000000000000       -3.7157260760175875E-007   9.4770660931140996E-006
   267.00000000000000       -3.4093677012969167E-007   8.6250546981437326E-006
   270.00000000000000       -2.4113574429231051E-007   8.1311236775023017E-006
   273.00000000000000       -2.0046943173407713E-007   7.4600505746834595E-006
   276.00000000000000       -1.7244953200634458E-007   6.9629816764536870E-006
   279.00000000000000       -1.9470811583456485E-007   6.1779846695201775E-006
   282.00000000000000       -1.5514122888572788E-007   5.5891390491069151E-006
   285.00000000000000       -1.3843242896955848E-007   5.1235170895843441E-006
   288.00000000000000       -1.1234716764430213E-007   4.6957164301631355E-006
   291.00000000000000       -9.5962408103746310E-008   4.3098858156199399E-006
   294.00000000000000       -8.8275765474695578E-008   3.9042809515005085E-006
   297.00000000000000       -8.9774032118985634E-008   3.5201062845840622E-006
   300.00000000000000       -8.0196912212591014E-008   3.1774921989121617E-006
