   5.0000000000000000       -4.4219075328914587E-006   6.1060943802141354E-005
   10.000000000000000       -4.7172930790958601E-006   6.5358394610909941E-005
   15.000000000000000       -5.0164439065678219E-006   6.9740686301061981E-005
   20.000000000000000       -5.3179711028294275E-006   7.4189901703220721E-005
   25.000000000000000       -5.6225660315248075E-006   7.8692745377413191E-005
   30.000000000000000       -5.9414109599449881E-006   8.3418258811214762E-005
   35.000000000000000       -6.9580453885318198E-006   9.5062878821173594E-005
   40.000000000000000       -1.2684681168938565E-005   1.5796722020887882E-004
   45.000000000000000       -1.9559443315683683E-005   2.4094867505039649E-004
   50.000000000000000       -2.6807956980282703E-005   3.3114353670061602E-004
   55.000000000000000       -3.8581484278862660E-005   4.7848302015697324E-004
   60.000000000000000       -5.2687547185168953E-005   6.4413630489443578E-004
   65.000000000000000       -6.7735897320729183E-005   8.4694556841010185E-004
   70.000000000000000       -8.2509433939309526E-005   1.0393945562811948E-003
   75.000000000000000       -9.9616715208950294E-005   1.2696291188729998E-003
   80.000000000000000       -1.1468932921691947E-004   1.4899696888048604E-003
   85.000000000000000       -1.2749088259892519E-004   1.6761106382184201E-003
   90.000000000000000       -1.3954392581324803E-004   1.8336908986011273E-003
   95.000000000000000       -1.5094120818933137E-004   2.0173375889920033E-003
   100.00000000000000       -1.5412285321291492E-004   2.0799770716830863E-003
   105.00000000000000       -1.6125031305874805E-004   2.1872664183371308E-003
   110.00000000000000       -1.6335984776241725E-004   2.2266526823420058E-003
   115.00000000000000       -1.6651774365418479E-004   2.3119427407078119E-003
   120.00000000000000       -1.6579611013130833E-004   2.3718746088569552E-003
   125.00000000000000       -1.6544291088342602E-004   2.3507494703125320E-003
   130.00000000000000       -1.6400693077753956E-004   2.3458759337751213E-003
   135.00000000000000       -1.5999434636195612E-004   2.3290634503665528E-003
   140.00000000000000       -1.6031308722957286E-004   2.3374128250141660E-003
   145.00000000000000       -1.5256589625054938E-004   2.2652101354013422E-003
   150.00000000000000       -1.4410136327529103E-004   2.1864835284482512E-003
   155.00000000000000       -1.3592749592606181E-004   2.0912330602442289E-003
   160.00000000000000       -1.2923650353032762E-004   2.0133908247549101E-003
   165.00000000000000       -1.1795657453630817E-004   1.9059807367598428E-003
   170.00000000000000       -1.1018563685203407E-004   1.8063589626374249E-003
   175.00000000000000       -9.6359198025867612E-005   1.6826618405541309E-003
   180.00000000000000       -8.4183629006320828E-005   1.5189705590654904E-003
   185.00000000000000       -7.2148309357470902E-005   1.3879034739371708E-003
   190.00000000000000       -5.9890746043740759E-005   1.2405528604412380E-003
   195.00000000000000       -5.0226891051360846E-005   1.1125338895038766E-003
   200.00000000000000       -4.2159762438678945E-005   1.0008997191313751E-003
   205.00000000000000       -3.2880748580477184E-005   8.9715071148072567E-004
   210.00000000000000       -2.7442842506130120E-005   7.9055173739680986E-004
   215.00000000000000       -2.0877505999632280E-005   7.0293813015812479E-004
   220.00000000000000       -1.5080197521885341E-005   6.1719947118352213E-004
   225.00000000000000       -1.1691559941248787E-005   5.3740988928644719E-004
   230.00000000000000       -7.0789281738055179E-006   4.6467763519550062E-004
   235.00000000000000       -5.7225185265557861E-006   4.0640925135767284E-004
   240.00000000000000       -3.9911229465767428E-006   3.5378600355540736E-004
   245.00000000000000       -2.6584481402167841E-006   3.0671926158436669E-004
   250.00000000000000       -1.6859302333382869E-006   2.6422295063496527E-004
   255.00000000000000       -1.2976377100640936E-006   2.3498744628027817E-004
   260.00000000000000       -4.7127854390253714E-007   2.0321013717143578E-004
   265.00000000000000       -7.1786258843872470E-007   1.7332116610389075E-004
   270.00000000000000       -2.2968990421435091E-007   1.5433371143562264E-004
   275.00000000000000       -8.5015208820914194E-007   1.3423718438063475E-004
   280.00000000000000       -1.7607225937122844E-007   1.1530482380787777E-004
   285.00000000000000       -2.9194053007711512E-007   1.0229663455190883E-004
   290.00000000000000       -4.9512428741670298E-007   8.6831910795051150E-005
   295.00000000000000       -9.6468788934326376E-008   7.7480348750484434E-005
   300.00000000000000       -4.6507197144998337E-007   6.5144640752201540E-005
   305.00000000000000       -4.4034575741301846E-007   5.7812713458145496E-005
   310.00000000000000       -2.0530327558322738E-007   5.0968504287867653E-005
   315.00000000000000        7.4742065557549822E-008   4.5000549388234886E-005
   320.00000000000000       -3.7704184988506889E-007   3.9512928335031213E-005
   325.00000000000000       -3.6035869463188050E-007   3.2791494682777636E-005
   330.00000000000000       -4.3808838328119475E-007   2.9242521617052125E-005
   335.00000000000000       -6.1403820701823733E-007   2.6113617470643842E-005
   340.00000000000000       -1.0579288308966090E-007   2.3439837623624684E-005
   345.00000000000000       -1.7175400627442693E-007   2.0313961581926565E-005
   350.00000000000000       -2.2615751664492252E-007   1.7518028748230054E-005
   355.00000000000000       -1.9002089402628459E-007   1.5228083544808970E-005
   360.00000000000000       -1.5404179270409729E-007   1.3487019780103496E-005
   365.00000000000000       -1.8109379117642079E-007   1.1542606043216437E-005
   370.00000000000000       -1.8116874855099018E-007   1.0575319207661537E-005
   375.00000000000000       -1.0860965406508949E-007   9.3381493858630439E-006
   380.00000000000000       -1.1687547778806500E-007   7.9040233485342174E-006
   385.00000000000000       -1.0978055109642881E-007   7.0792289292591888E-006
   390.00000000000000       -8.2955764704099125E-008   6.1154022939661102E-006
   395.00000000000000       -5.0611228849291940E-008   5.3914383147468209E-006
   400.00000000000000       -5.6294776411471861E-008   4.8287588196874977E-006
   405.00000000000000       -5.4936833032342604E-008   4.3493735612929924E-006
   410.00000000000000       -4.2610518717469618E-008   3.7755418421388537E-006
   415.00000000000000       -2.3562833726427235E-008   3.5142230746005699E-006
   420.00000000000000       -2.0512784387921109E-008   3.0933109980211593E-006
   425.00000000000000       -2.1110806719031473E-008   2.9513267613205020E-006
   430.00000000000000       -4.0533486940480539E-008   2.5084174765721850E-006
   435.00000000000000       -2.4530750084831193E-008   2.3787377516133713E-006
   440.00000000000000       -1.2733409048314009E-008   1.9966118769228525E-006
   445.00000000000000       -1.6979720940858728E-008   1.7502933475331540E-006
   450.00000000000000        3.0417021419422622E-008   1.7893901057186064E-006
   455.00000000000000        3.3140560592718204E-008   1.6435810054593822E-006
   460.00000000000000        4.8891390344340661E-008   1.6673219148518360E-006
   465.00000000000000        1.1960211758536742E-008   1.2522868346360164E-006
   470.00000000000000        1.0484811817319468E-008   1.0569912103943426E-006
   475.00000000000000        6.1097360857073282E-009   1.0133836806129571E-006
   480.00000000000000        1.0299353777286936E-008   9.5590170440381223E-007
   485.00000000000000        1.8966225205229977E-008   9.0534869925417530E-007
   490.00000000000000        2.6990222859508012E-008   8.2901385146765830E-007
   495.00000000000000       -1.5556381014742472E-008   6.6926645770231787E-007
   500.00000000000000       -9.3501047928457112E-009   5.8437808207088625E-007
