   5.7000000000000002       -2.0782260395299889E-006   3.2096240700297414E-005
   11.400000000000000       -2.2863513374017704E-006   3.5428877866157406E-005
   17.100000000000001       -2.5041778875006126E-006   3.8940299019593764E-005
   22.800000000000001       -2.7308769133243590E-006   4.2620614073452036E-005
   28.500000000000000       -2.9654830741990820E-006   4.6457734182561222E-005
   34.200000000000003       -3.2068987097527163E-006   5.0437389815961999E-005
   39.899999999999999       -3.5077456318999623E-006   5.5192772903785769E-005
   45.600000000000001       -4.2882858465532131E-006   6.5055887194157786E-005
   51.300000000000004       -5.4084204779627167E-006   8.0675822744218981E-005
   57.000000000000000       -6.8628145103028601E-006   1.0053140812623313E-004
   62.700000000000003       -9.7012581975495131E-006   1.3888268810534433E-004
   68.400000000000006       -1.3274657086956053E-005   1.8984877334100438E-004
   74.100000000000009       -1.8344596468812329E-005   2.6200391834042851E-004
   79.799999999999997       -2.5556045859058227E-005   3.6477844950041352E-004
   85.500000000000000       -3.3643727891623775E-005   4.8445880925998352E-004
   91.200000000000003       -4.2685533622380904E-005   6.2177950901570137E-004
   96.900000000000006       -5.3063617945236569E-005   7.8257213351634190E-004
   102.60000000000001       -6.3812772862560549E-005   9.3333761815786226E-004
   108.30000000000000       -7.6709951016930964E-005   1.1413234762487055E-003
   114.00000000000000       -8.4125505638440974E-005   1.2567325443805298E-003
   119.70000000000000       -9.4242454980816406E-005   1.4107735701981395E-003
   125.40000000000001       -1.0063724424628946E-004   1.5181493813125964E-003
   131.09999999999999       -1.0696243651927873E-004   1.6360491986662452E-003
   136.80000000000001       -1.1107294296886999E-004   1.7505487217071519E-003
   142.50000000000000       -1.1259413168695103E-004   1.7778091449709179E-003
   148.20000000000002       -1.1475629571731828E-004   1.8272850092494108E-003
   153.90000000000001       -1.1484803540016588E-004   1.8429906032881580E-003
   159.59999999999999       -1.1670578960190758E-004   1.8876226616482473E-003
   165.30000000000001       -1.1526523870313167E-004   1.8989720772355030E-003
   171.00000000000000       -1.1301639430733333E-004   1.8817349562213893E-003
   176.70000000000002       -1.0964580328828974E-004   1.8544669633886398E-003
   182.40000000000001       -1.0779660097484103E-004   1.8324031229747298E-003
   188.09999999999999       -1.0206947071613725E-004   1.7876758353818324E-003
   193.80000000000001       -1.0040676577772385E-004   1.7497197685759427E-003
   199.50000000000000       -9.0942899801107956E-005   1.6669931304757264E-003
   205.20000000000002       -8.1549283844409675E-005   1.5523186744376511E-003
   210.90000000000001       -7.3986347998264760E-005   1.4694256765524290E-003
   216.59999999999999       -6.3052231160674158E-005   1.3454838304690110E-003
   222.30000000000001       -5.4345303673047031E-005   1.2445353357891293E-003
   228.00000000000000       -4.5550810277044133E-005   1.1338902243601741E-003
   233.70000000000002       -3.7425912746288248E-005   1.0386074826623196E-003
   239.40000000000001       -3.2148352336393295E-005   9.3400074520082763E-004
   245.09999999999999       -2.5087979637871449E-005   8.3175597162709843E-004
   250.80000000000001       -1.9459061123242235E-005   7.4717773869374259E-004
   256.50000000000000       -1.2798444120741771E-005   6.5838114194495686E-004
   262.19999999999999       -8.5261039362721181E-006   5.7522068668073364E-004
   267.90000000000003       -6.3501356499132866E-006   5.0698831111865633E-004
   273.60000000000002       -3.9772686769028536E-006   4.3606704886315240E-004
   279.30000000000001       -2.0318996029274918E-006   3.8405383408326012E-004
   285.00000000000000       -7.3613087493808392E-007   3.2690884753467275E-004
   290.69999999999999       -1.3449763389510962E-007   2.8617173162822176E-004
   296.40000000000003        9.3095194689370703E-007   2.4799423420854662E-004
   302.10000000000002        1.2121287017430605E-006   2.0868905743544797E-004
   307.80000000000001        8.7963716190043968E-007   1.8453675076565284E-004
   313.50000000000000        8.7868425751835040E-007   1.5873561897900300E-004
   319.19999999999999        6.1580442513674982E-007   1.3303740406494022E-004
   324.90000000000003        7.7550541439441134E-007   1.1587444475314816E-004
   330.60000000000002        5.4542129475030587E-007   9.8237625142788448E-005
   336.30000000000001        7.4410049590289349E-007   8.3320435140024621E-005
   342.00000000000000        1.9146191644757444E-007   6.9575650019074953E-005
   347.69999999999999        3.1153964324117699E-007   6.0565411001893808E-005
   353.40000000000003        3.8076016542007227E-007   5.1820358625205841E-005
   359.10000000000002        7.3262339924428128E-007   4.5245756282152305E-005
   364.80000000000001        1.8038033765353646E-007   3.7812822627849869E-005
   370.50000000000000        1.5130459601622310E-007   3.0679668939490710E-005
   376.19999999999999        9.1177861726668265E-008   2.7439552888223119E-005
   381.90000000000003       -2.4027599279744266E-007   2.4045335817522459E-005
   387.60000000000002        2.5773891420847589E-007   2.1064528623009993E-005
   393.30000000000001        9.6739563350539352E-008   1.7896497491809287E-005
   399.00000000000000        3.1715906614846096E-008   1.5020807483327963E-005
   404.69999999999999        3.7079054319212593E-008   1.2664593395296041E-005
   410.40000000000003        5.6636426938820364E-008   1.1209300932807921E-005
   416.10000000000002       -3.5002937692903863E-009   9.2588267380632255E-006
   421.80000000000001       -2.1211420871248023E-008   8.4668946276241975E-006
   427.50000000000000       -9.7791678030780466E-010   7.3870301492297557E-006
   433.19999999999999       -6.3579682933408036E-009   6.0935124965857942E-006
   438.90000000000003       -1.5824507534875931E-009   5.4317011250103132E-006
   444.60000000000002        2.7529587099270309E-009   4.5841441051763625E-006
   450.30000000000001        1.9808484281176782E-008   3.9558879692747601E-006
   456.00000000000000        1.2286096771279991E-008   3.5491593756778097E-006
   461.69999999999999        1.0706853343414208E-008   3.1091627840699636E-006
   467.40000000000003        9.1239404836796111E-009   2.6904484819320379E-006
   473.10000000000002        2.4826930282841760E-008   2.4845523088436280E-006
   478.80000000000001        1.9184490210242321E-008   2.1930229030788806E-006
   484.50000000000000        1.0229548277830462E-008   2.1305008052774995E-006
   490.19999999999999       -1.3991242998222886E-008   1.7583628390397787E-006
   495.90000000000003        2.4060701108972346E-009   1.7015540558568675E-006
   501.60000000000002        1.0220452494598615E-008   1.3366209751145303E-006
   507.30000000000001        6.8112808653412406E-011   1.1223879954858956E-006
   513.00000000000000        2.7924445689203973E-008   1.1964835825189818E-006
   518.70000000000005        4.1399474493829074E-008   1.0698923155633321E-006
   524.39999999999998        4.3394094813103515E-008   1.1521031641936986E-006
   530.10000000000002        1.3629490429920671E-008   7.4870192627717769E-007
   535.80000000000007        2.9760129552993690E-008   6.6352942487600633E-007
   541.50000000000000        7.5370960743635726E-009   6.2824971492672699E-007
   547.20000000000005        1.9445441337362901E-008   5.9185422108710268E-007
   552.89999999999998        6.5794475126063443E-009   4.8791616829539195E-007
   558.60000000000002        2.3189132737541679E-008   5.4579251493557360E-007
   564.30000000000007       -6.0585447903958527E-009   3.8022556917880805E-007
   570.00000000000000        1.0166770299395925E-008   3.2065310989233773E-007
