   3.0000000000000000        1.1036901730904847E-003   6.3398568813127039E-004
   6.0000000000000000        1.1309177032435087E-003   6.4944316845736403E-004
   9.0000000000000000        1.1640890322739390E-003   6.6843644663929272E-004
   12.000000000000000        1.2068102358645122E-003   6.9304744735746663E-004
   15.000000000000000        1.2984458345264229E-003   7.4660416144539373E-004
   18.000000000000000        1.9543738035214331E-003   1.1344368882936469E-003
   21.000000000000000        6.2708927848666440E-003   3.6972581536018857E-003
   24.000000000000000        1.4177956863339961E-002   8.4051361903328629E-003
   27.000000000000000        1.9015245840559199E-002   1.1292800575023340E-002
   30.000000000000000        2.0941038417174630E-002   1.2438479795713359E-002
   33.000000000000000        2.2174504414783185E-002   1.3164516864053066E-002
   36.000000000000000        2.3676087786653508E-002   1.4038163919404477E-002
   39.000000000000000        2.5171881735702589E-002   1.4903224780982351E-002
   42.000000000000000        2.7287659909257949E-002   1.6122938753140106E-002
   45.000000000000000        2.9024521637463493E-002   1.7113706768997414E-002
   48.000000000000000        3.0583847979235398E-002   1.7986800992800502E-002
   51.000000000000000        3.2207431798178039E-002   1.8883744195724764E-002
   54.000000000000000        3.3010275132965956E-002   1.9299693893343114E-002
   57.000000000000000        3.3843895855745793E-002   1.9717168290657550E-002
   60.000000000000000        3.3937136824989229E-002   1.9700292066066181E-002
   63.000000000000000        3.3658147562020270E-002   1.9460753097665196E-002
   66.000000000000000        3.3567064362602199E-002   1.9327499050078727E-002
   69.000000000000000        3.2865076907471535E-002   1.8845876810330790E-002
   72.000000000000000        3.1906795426212650E-002   1.8212203049222931E-002
   75.000000000000000        3.0875315015099745E-002   1.7547087142803709E-002
   78.000000000000000        2.9229483335234428E-002   1.6535238494527919E-002
   81.000000000000000        2.7910798811642011E-002   1.5716791443267607E-002
   84.000000000000000        2.6415574981638733E-002   1.4800969117834498E-002
   87.000000000000000        2.4788301296917746E-002   1.3824000351830866E-002
   90.000000000000000        2.3177863635716906E-002   1.2865057516345103E-002
   93.000000000000000        2.1606504620420405E-002   1.1939106372305873E-002
   96.000000000000000        2.0001387746136485E-002   1.1001330451128907E-002
   99.000000000000000        1.8514144187063968E-002   1.0138502563725489E-002
   102.00000000000000        1.6755819980352048E-002   9.1378075393650851E-003
   105.00000000000000        1.5395713234310188E-002   8.3673357086240588E-003
   108.00000000000000        1.4082731498518386E-002   7.6206854537431085E-003
   111.00000000000000        1.2839782415269752E-002   6.9251752172480212E-003
   114.00000000000000        1.1638122377347642E-002   6.2582735789889557E-003
   117.00000000000000        1.0503920622298674E-002   5.6361644000310577E-003
   120.00000000000000        9.5694145808756566E-003   5.1215723457301897E-003
   123.00000000000000        8.7109431512257529E-003   4.6526223109339578E-003
   126.00000000000000        7.8628197786053990E-003   4.1924706654598853E-003
   129.00000000000000        7.1119792398117495E-003   3.7902429955594648E-003
   132.00000000000000        6.5223369312935979E-003   3.4769540376748801E-003
   135.00000000000000        5.9282566807317494E-003   3.1577931238920944E-003
   138.00000000000000        5.4779204378494926E-003   2.9235943341974929E-003
   141.00000000000000        4.9952174916692692E-003   2.6679128477971243E-003
   144.00000000000000        4.5927906333944040E-003   2.4595038069693950E-003
   147.00000000000000        4.2850594701079863E-003   2.3050318508674563E-003
   150.00000000000000        3.9617602104194110E-003   2.1369821878084675E-003
   153.00000000000000        3.7106100225878331E-003   2.0026822369151303E-003
   156.00000000000000        3.4652907033191831E-003   1.8785822517203106E-003
   159.00000000000000        3.2506996922020623E-003   1.7651232913501813E-003
   162.00000000000000        3.0822705631443148E-003   1.6832547926759259E-003
   165.00000000000000        2.9026631864866571E-003   1.5876545636936028E-003
   168.00000000000000        2.8061160682869217E-003   1.5452734353636542E-003
   171.00000000000000        2.6604475960175554E-003   1.4690824700608804E-003
   174.00000000000000        2.5775915963340487E-003   1.4272746172812544E-003
   177.00000000000000        2.4263378964187814E-003   1.3460655150270835E-003
   180.00000000000000        2.3641945950793335E-003   1.3170014022125043E-003
   183.00000000000000        2.2644702563110091E-003   1.2681363053481385E-003
   186.00000000000000        2.1711415242988497E-003   1.2165020175054100E-003
   189.00000000000000        2.1260545284638513E-003   1.1947319793190042E-003
   192.00000000000000        2.0198556590598164E-003   1.1362465497935833E-003
   195.00000000000000        2.0064608281527888E-003   1.1329042022685000E-003
   198.00000000000000        1.9184609005970096E-003   1.0863494638620921E-003
   201.00000000000000        1.8703111984167430E-003   1.0591983289504002E-003
   204.00000000000000        1.8412337134495614E-003   1.0461832020045847E-003
   207.00000000000000        1.7898992726700759E-003   1.0193949006365591E-003
   210.00000000000000        1.7136013399893387E-003   9.7579946901203013E-004
   213.00000000000000        1.7067320531285440E-003   9.7507130308043292E-004
   216.00000000000000        1.6972239654020069E-003   9.7130998619786735E-004
   219.00000000000000        1.6344964513820073E-003   9.3738838901104705E-004
   222.00000000000000        1.5665190127903054E-003   8.9734978418960548E-004
   225.00000000000000        1.5116466293635083E-003   8.6677127822285395E-004
   228.00000000000000        1.5258518898119096E-003   8.7814119942402778E-004
   231.00000000000000        1.5575656962146531E-003   8.9814459787726053E-004
   234.00000000000000        1.4756296927216385E-003   8.5253984554751236E-004
   237.00000000000000        1.4404954288128272E-003   8.3299232756489682E-004
   240.00000000000000        1.4470139581903008E-003   8.3694117592887141E-004
   243.00000000000000        1.3841800051005236E-003   7.9990255092413239E-004
   246.00000000000000        1.3623341980026527E-003   7.8820418384451646E-004
   249.00000000000000        1.3310267725018523E-003   7.6957952082589559E-004
   252.00000000000000        1.2908546536217042E-003   7.4755616320814212E-004
   255.00000000000000        1.3063975824345936E-003   7.5464381251495033E-004
   258.00000000000000        1.2572290141478638E-003   7.2908168463221650E-004
   261.00000000000000        1.2281303352446849E-003   7.1246121524157343E-004
   264.00000000000000        1.2504447475563264E-003   7.2334254826471257E-004
   267.00000000000000        1.1776063039652283E-003   6.8297066092241443E-004
   270.00000000000000        1.1577866145252717E-003   6.7147048973199147E-004
   273.00000000000000        1.1614863519287381E-003   6.7306192574307310E-004
   276.00000000000000        1.1681061563086070E-003   6.7729864824336470E-004
   279.00000000000000        1.1796383079887929E-003   6.8315285384261057E-004
   282.00000000000000        1.1574428977177513E-003   6.6993804843598485E-004
   285.00000000000000        1.1067772642316799E-003   6.4119736519883572E-004
   288.00000000000000        1.1145297610380691E-003   6.4795588572574543E-004
   291.00000000000000        1.1152289589285642E-003   6.4732934031251188E-004
   294.00000000000000        1.0514277572917954E-003   6.0849617268382431E-004
   297.00000000000000        1.0579355641814486E-003   6.1360551587072703E-004
   300.00000000000000        1.0396558932591706E-003   6.0353765138121060E-004
