   3.7999999999999998        7.3574410964998265E-004   6.5706312536781850E-004
   7.5999999999999996        7.6409702525564950E-004   6.8181754104048740E-004
   11.399999999999999        7.9266726454254341E-004   7.0674857192001264E-004
   15.199999999999999        8.2161305090826893E-004   7.3201170648829069E-004
   19.000000000000000        8.5446900502133183E-004   7.6094395290991204E-004
   22.799999999999997        9.2027456518738995E-004   8.2097280283056537E-004
   26.599999999999998        1.9910052156901130E-003   1.8301268625790031E-003
   30.399999999999999        5.1456910431547393E-003   4.8060888449311277E-003
   34.199999999999996        7.8362010691076511E-003   7.3387502382655746E-003
   38.000000000000000        9.3525833292281754E-003   8.7562483533931597E-003
   41.799999999999997        1.0703366436829374E-002   1.0009185772644773E-002
   45.599999999999994        1.1967478603040763E-002   1.1172193389450503E-002
   49.399999999999999        1.3058023393035805E-002   1.2165027113194655E-002
   53.199999999999996        1.4373237679180514E-002   1.3358606732797595E-002
   57.000000000000000        1.5541128816262796E-002   1.4405438166227046E-002
   60.799999999999997        1.6594583122861831E-002   1.5336114627709648E-002
   64.599999999999994        1.7760478195996372E-002   1.6358318253892314E-002
   68.399999999999991        1.8572193241183178E-002   1.7044305222829723E-002
   72.200000000000003        1.9610778780492215E-002   1.7922292150418261E-002
   76.000000000000000        2.0338222069129039E-002   1.8504840344051702E-002
   79.799999999999997        2.0900597433350647E-002   1.8922112534186637E-002
   83.599999999999994        2.1622296007365389E-002   1.9471748350527188E-002
   87.399999999999991        2.1937858453406064E-002   1.9649908201822795E-002
   91.199999999999989        2.2138159408082028E-002   1.9709244481132596E-002
   95.000000000000000        2.2217991718631081E-002   1.9663071391608500E-002
   98.799999999999997        2.1922126468329584E-002   1.9273183588035727E-002
   102.59999999999999        2.1607932616020550E-002   1.8875629855101734E-002
   106.39999999999999        2.1085060293658107E-002   1.8295166491965883E-002
   110.19999999999999        2.0442840232088057E-002   1.7617444362852060E-002
   114.00000000000000        1.9584386020130108E-002   1.6760639883731214E-002
   117.80000000000000        1.8729585637169709E-002   1.5919629112938476E-002
   121.59999999999999        1.7654848701367160E-002   1.4906564130824879E-002
   125.39999999999999        1.6583358255246136E-002   1.3906446711643627E-002
   129.19999999999999        1.5367277326578922E-002   1.2796346768506207E-002
   133.00000000000000        1.4285307738501798E-002   1.1821051652938784E-002
   136.79999999999998        1.3203416424198262E-002   1.0852600698145512E-002
   140.59999999999999        1.2082905230499303E-002   9.8731750935169907E-003
   144.40000000000001        1.1012514993656550E-002   8.9470506901230054E-003
   148.19999999999999        9.9751608890485122E-003   8.0620607718065399E-003
   152.00000000000000        9.0866638405611763E-003   7.3036362504510389E-003
   155.79999999999998        8.1926858226790134E-003   6.5585110859038946E-003
   159.59999999999999        7.3829130007782642E-003   5.8832360458661477E-003
   163.40000000000001        6.5794405530465935E-003   5.2313027579604654E-003
   167.19999999999999        5.9976724583758138E-003   4.7550942890631871E-003
   171.00000000000000        5.3830195804978600E-003   4.2563410916528254E-003
   174.79999999999998        4.8734771369162606E-003   3.8539994033285506E-003
   178.59999999999999        4.3828490918780020E-003   3.4652036951730797E-003
   182.39999999999998        3.9886389881783214E-003   3.1548891584643663E-003
   186.19999999999999        3.6674962927105426E-003   2.9105851087953454E-003
   190.00000000000000        3.3196771921062814E-003   2.6403874759317581E-003
   193.79999999999998        3.0611527699031717E-003   2.4354222796696924E-003
   197.59999999999999        2.8108196109358171E-003   2.2453586736455771E-003
   201.39999999999998        2.6024028559472811E-003   2.0814820639117426E-003
   205.19999999999999        2.4210884997067253E-003   1.9476917693971004E-003
   209.00000000000000        2.2479513044991206E-003   1.8121037465294787E-003
   212.79999999999998        2.1559986820969181E-003   1.7489757895059500E-003
   216.59999999999999        2.0086234282284737E-003   1.6341438244642491E-003
   220.39999999999998        1.9398930438125131E-003   1.5826270202101028E-003
   224.19999999999999        1.8074149154286613E-003   1.4771491150459906E-003
   228.00000000000000        1.7339276632188463E-003   1.4234085340630895E-003
   231.79999999999998        1.6683898847337873E-003   1.3757598677902284E-003
   235.59999999999999        1.5793065034118113E-003   1.3026248312493520E-003
   239.39999999999998        1.5309835259575985E-003   1.2671327348747791E-003
   243.19999999999999        1.4388277152601241E-003   1.1899118786899618E-003
   247.00000000000000        1.4339599025995067E-003   1.1898240760015685E-003
   250.79999999999998        1.3573714053726649E-003   1.1289944349417280E-003
   254.59999999999999        1.3149222476886992E-003   1.0938536297047073E-003
   258.39999999999998        1.2773033160857225E-003   1.0634502056687013E-003
   262.19999999999999        1.2446238364379220E-003   1.0385837957210878E-003
   266.00000000000000        1.1819923605425914E-003   9.8608329357712746E-004
   269.80000000000001        1.1721550014287441E-003   9.7841945328912337E-004
   273.59999999999997        1.1732138565587803E-003   9.7998180383913197E-004
   277.39999999999998        1.1332965117396626E-003   9.4692104749053568E-004
   281.19999999999999        1.0606443837549088E-003   8.8540477309811006E-004
   285.00000000000000        1.0077235356240923E-003   8.3780840149603390E-004
   288.80000000000001        1.0338948224633449E-003   8.6262429071576384E-004
   292.59999999999997        1.0631326356405164E-003   8.8935103056286531E-004
   296.39999999999998        1.0166782309735300E-003   8.4871732341953348E-004
   300.19999999999999        9.6297514782940196E-004   8.0053313257277933E-004
   304.00000000000000        9.6868876973424086E-004   8.0681666832018828E-004
   307.80000000000001        9.3233709620355607E-004   7.7381214664469576E-004
   311.59999999999997        9.2089149304381375E-004   7.6472872403803157E-004
   315.39999999999998        8.9130937906077221E-004   7.3672732760222894E-004
   319.19999999999999        8.5706794614609765E-004   7.0680004474810859E-004
   323.00000000000000        8.4589927748168444E-004   6.9523179039716952E-004
   326.80000000000001        8.0542252151362967E-004   6.6297282145183923E-004
   330.59999999999997        7.7755230418685532E-004   6.3734628759733744E-004
   334.39999999999998        7.9737432549205789E-004   6.5279453676059273E-004
   338.19999999999999        7.4961449696067184E-004   6.1218545203612642E-004
   342.00000000000000        7.2139723331298810E-004   5.8932774226257709E-004
   345.80000000000001        7.2384409278652582E-004   5.8847283142501330E-004
   349.59999999999997        7.1377006364347739E-004   5.8026578627027529E-004
   353.39999999999998        7.2235388547199034E-004   5.8349706860892452E-004
   357.19999999999999        6.8831132183022809E-004   5.5620217074439540E-004
   361.00000000000000        6.6256295142744454E-004   5.3148564944179434E-004
   364.79999999999995        6.6389819163748518E-004   5.3307309957488871E-004
   368.59999999999997        6.6037406289819504E-004   5.2820156052256018E-004
   372.39999999999998        6.0223585370544391E-004   4.7946725712451013E-004
   376.19999999999999        6.0873142057525978E-004   4.8458010573673434E-004
   380.00000000000000        5.8969754568636353E-004   4.6838340031070299E-004
