10.042684247194394 0.000059479981853096525
13.374623629561455 0.00007951253431198735
16.93064857677534 0.00009273038892898197
20.125511592280958 0.00008982423985487084
23.49821943021766 0.00009706809826222004
26.654950636835366 0.00010142103789573254
30.497759282970563 0.00010252813118704837
34.1667333546735 0.00011027628219912808
36.97108074583868 0.00011974886995762962
40.71735098088533 0.00012557114538567712
45.982539412612 0.00015928875166474482
48.85403329065298 0.00017694948448162412
52.500650208066546 0.00018587124245423095
55.9711964971648 0.00020142900577682296
57.976052336747756 0.00016616051098042317
61.46732338963852 0.00019088843701402583
64.5451544494238 0.00019938420428316367
67.82970550576184 0.00021138731557370644
70.06917213508322 0.0002366830964503977
74.3988076184379 0.000255276093944469
76.93686979833547 0.00026650936326380603
81.56510083226632 0.000292462088932615
84.10316301216389 0.0003048574205953315
88.73139404609475 0.00033081014626413704
95.89768725992317 0.0003679961412522831
98.28645166453265 0.00038496225146561827
102.76538492317542 0.0004191268843609826
105.30344710307298 0.00043481472599660176
109.93167813700384 0.00047141968981305807
112.46974031690141 0.00048807591673482795
117.09797135083227 0.0005237124952651336
119.63603353072983 0.0005370762122139973
124.26426456466069 0.0005748432383738296
126.65302896927017 0.0005945982982112838
131.13196222791294 0.0006294601685126675
133.6700244078105 0.0006521203842085668
138.29825544174136 0.0007026700961455766
140.83631762163893 0.0007266860512420842
145.46454865556979 0.0007747179614351028
147.85331306017926 0.0008016778078015104
152.332246318822 0.000847927889068012
155.31820182458387 0.0009090523683297769
159.19994398207425 0.0009288848989901163
162.25225405463078 0.0009051702193159615
166.01787572023048 0.0009206278004502098
168.82135616730685 0.0009780788715265144
173.5325304097311 0.0010815024200872894
176.07059258962866 0.0011165579674459053
180.69882362355952 0.0011826018439613055
183.23688580345708 0.0012124281107747138
187.56652128681176 0.0012825392054919421
190.10458346670933 0.0013125591493625827
194.7328145006402 0.001376666255305685
197.27087668053775 0.0014041683974323309
201.8991077144686 0.001476603616836318
204.2878721190781 0.0015149516741678436
208.76680537772086 0.0015997822252345473
211.30486755761842 0.0016363871890510001
215.63450304097307 0.001724122895976149
218.17256522087064 0.0017663444944522738
222.50220070422534 0.0018565980031214138
225.0402628841229 0.0019005626951126044
229.66849391805374 0.0019960454843269554
232.2065560979513 0.002036911343402465
236.536191581306 0.0021378170902192524
238.92495598591546 0.0022026601689798288
243.10529369398205 0.0023295573768768695
245.6433558738796 0.002399087440422408
249.97299135723432 0.0025317562246249016
252.5110535371319 0.0025929581747095518
256.84068902048654 0.0027211723865957563
259.22945342509604 0.0027829941032635475
263.7083866837388 0.002897805862789444
266.09715108834826 0.002954282092677684
270.27748879641484 0.0030697910896096067
272.8155509763124 0.003142613663128055
276.8465909090909 0.0033289309921832357
279.6334827144686 0.0034430067788916545
283.35170826092923 0.0036258629540057256
289.984795134443 0.0038739382312282175
293.0205165653009 0.004011836295975919
296.55389724711904 0.0041691020664466096
299.8384483034571 0.004325012097516692
303.12299935979513 0.0044665900263517605
306.65638004161326 0.004629666108539352
309.69210147247117 0.00476640211094367
313.47431177976955 0.004944972357709652
316.26120358514726 0.005065052133192201
321.0387323943662 0.005292816352494581
323.82562419974386 0.005415801283835578
327.60783450704224 0.0056251661827011155
330.8923855633803 0.005803542752409869
334.1769366197183 0.0059877296338355195
337.95914692701666 0.006197675563872747
340.74603873239437 0.006342158648566267
345.22497199103714 0.006615243299260446
348.4242100329248 0.00679967919404539
351.79407410371317 0.006990589436172024
355.33456420340224 0.007195942453137798
358.3631762163892 0.007361287323710081
363.14070502560816 0.007596023917072741
365.92759683098586 0.007710293380838392
369.70980713828425 0.007888863627604374
372.74552856914215 0.008025599630008692
376.2789092509603 0.008181703338136007
379.38430297695265 0.008302557821847474
382.8480113636363 0.008433870866649356
386.13256241997436 0.008562472432650022
389.4171134763124 0.008684876332819329
392.5225072023047 0.00879085641853554
395.98621558898844 0.008874292494790187
398.6735755441741 0.00892379635061815
