   4.0000000000000000        5.9288980596191795E-004  -1.4012948310859093E-004   5.1374980317667097E-005   3.8398372111340053E-003   1.7686474299726217E-003
   8.0000000000000000        6.1912655150310068E-004  -1.4736654834610990E-004   5.4195648229408321E-005   4.0049402426225681E-003   1.8445482921203289E-003
   12.000000000000000        6.4531365464699927E-004  -1.5467644451396095E-004   5.7060863123922059E-005   4.1693154797140053E-003   1.9201016038674855E-003
   16.000000000000000        6.7225225155955100E-004  -1.6208234634865288E-004   5.9988715002266265E-005   4.3389037710430747E-003   1.9980621417284485E-003
   20.000000000000000        6.9798285102399464E-004  -1.6947727590606911E-004   6.2918325269381114E-005   4.4991562413784327E-003   2.0716846998893070E-003
   24.000000000000000        7.4523566252843686E-004  -1.7836361674627985E-004   6.6521584196602032E-005   4.8147943413571767E-003   2.2172773639483425E-003
   28.000000000000000        1.2729389339778152E-003  -2.2494667093588444E-004   8.5058801638215225E-005   8.6031678089058226E-003   3.9714462666511291E-003
   32.000000000000000        3.2972939206656706E-003  -4.1058540506307649E-004   1.5296301415219953E-004   2.3036681259219288E-002   1.0653592473714472E-002
   36.000000000000000        4.9870562162420374E-003  -6.0299000115897642E-004   2.1643445927740262E-004   3.4863096152689316E-002   1.6125519290978493E-002
   40.000000000000000        6.3375838320853042E-003  -7.9393483942619299E-004   2.7535938944151769E-004   4.4171367514048203E-002   2.0430275851187684E-002
   44.000000000000000        7.5858162294813770E-003  -1.0004304112382295E-003   3.3709958281550570E-004   5.2633754903885575E-002   2.4341248180794230E-002
   48.000000000000000        8.5128121191328475E-003  -1.1911341549272960E-003   3.9300905704366817E-004   5.8783119886306093E-002   2.7180183939610487E-002
   52.000000000000000        9.8639213514948535E-003  -1.4577593369141026E-003   4.7298233784797658E-004   6.7757462394961651E-002   3.1322975100717049E-002
   56.000000000000000        1.0852409144689941E-002  -1.6965626399574277E-003   5.4467402022367840E-004   7.4079738740344958E-002   3.4235995343164197E-002
   60.000000000000000        1.1796177133090557E-002  -1.9490293988749091E-003   6.2233785277908567E-004   8.0045889117849156E-002   3.6982564141696213E-002
   64.000000000000000        1.2804420889524009E-002  -2.2295134054660880E-003   7.1106042932193283E-004   8.6405423630231640E-002   3.9909100607983798E-002
   68.000000000000000        1.3781401300999521E-002  -2.5247547371628283E-003   8.0695892786668082E-004   9.2442828594395662E-002   4.2683890718675926E-002
   72.000000000000000        1.4429813188384615E-002  -2.7766500574951118E-003   8.9188703644681676E-004   9.6160202927102589E-002   4.4384947154064290E-002
   76.000000000000000        1.5533933459680802E-002  -3.1344240729750728E-003   1.0149511375422105E-003  0.10299251267724532        4.7523309056035558E-002
   80.000000000000000        1.6292578134370482E-002  -3.4401619787037398E-003   1.1254971741026644E-003  0.10742883757792727        4.9553257843589195E-002
   84.000000000000000        1.7114072341180696E-002  -3.7761184601351892E-003   1.2504504513717511E-003  0.11218430083481348        5.1726940107986841E-002
   88.000000000000000        1.7627487383079052E-002  -4.0576944881156205E-003   1.3620648449278972E-003  0.11486826789224563        5.2943765575021472E-002
   92.000000000000000        1.8026805896506338E-002  -4.3218722514057166E-003   1.4722198577402481E-003  0.11674125923781328        5.3784280299975951E-002
   96.000000000000000        1.8215597574485994E-002  -4.5421907616786054E-003   1.5729923274287439E-003  0.11719833161134645        5.3969387817122849E-002
   100.00000000000000        1.8819508660495667E-002  -4.8759144995554459E-003   1.7168411159747109E-003  0.12041999645039558        5.5429524417545187E-002
   104.00000000000000        1.8390760495049469E-002  -4.9368726758366975E-003   1.7687848447203898E-003  0.11665030279130485        5.3662515824462610E-002
   108.00000000000000        1.8682171362857616E-002  -5.1983288894853381E-003   1.8952185053781325E-003  0.11787751355449989        5.4204123902108554E-002
   112.00000000000000        1.8301671152684520E-002  -5.2673947934306613E-003   1.9563595907645891E-003  0.11471617818649889        5.2722981974063436E-002
   116.00000000000000        1.8075798792425348E-002  -5.3752830622238023E-003   2.0332627670893687E-003  0.11250268165575621        5.1677483046959176E-002
   120.00000000000000        1.7470038346575702E-002  -5.3616178830351701E-003   2.0646943271076541E-003  0.10789991839315352        4.9535277427575040E-002
   124.00000000000000        1.6639180552353729E-002  -5.2590868185931269E-003   2.0630008129226820E-003  0.10198403675712350        4.6792768482396385E-002
   128.00000000000000        1.5843939557485330E-002  -5.1543312853370386E-003   2.0597373154863639E-003   9.6384246510689733E-002   4.4197408466528552E-002
   132.00000000000000        1.5028473431364766E-002  -5.0254864089632340E-003   2.0459143298363260E-003   9.0729239548332591E-002   4.1579582191719214E-002
   136.00000000000000        1.4173581755650358E-002  -4.8717006807348813E-003   2.0192616195901960E-003   8.4931558096539198E-002   3.8899555610083326E-002
   140.00000000000000        1.3049932838331705E-002  -4.5968950262985815E-003   1.9407931758002384E-003   7.7521786379103896E-002   3.5482475858133120E-002
   144.00000000000000        1.2410113825340009E-002  -4.4846076196429063E-003   1.9265078993660665E-003   7.3203762260546243E-002   3.3487691393705686E-002
   148.00000000000000        1.1146252151279488E-002  -4.1184645374529386E-003   1.8007019501889595E-003   6.5230250692573544E-002   2.9822445150604417E-002
   152.00000000000000        1.0155213462247022E-002  -3.8300844999334329E-003   1.7039438446544710E-003   5.8932933805547059E-002   2.6927045480527465E-002
   156.00000000000000        9.3296314963504413E-003  -3.5976996275177671E-003   1.6275026936932208E-003   5.3818763034258123E-002   2.4578403950140184E-002
   160.00000000000000        8.5865637245872671E-003  -3.3768155318798024E-003   1.5534201475024987E-003   4.9083384025548397E-002   2.2400744092181218E-002
   164.00000000000000        7.8226805593117413E-003  -3.1353755104860520E-003   1.4655786802963791E-003   4.4373790695363180E-002   2.0239772689985752E-002
   168.00000000000000        6.9897568241201469E-003  -2.8482294629800682E-003   1.3531590910889277E-003   3.9325859824655134E-002   1.7926700469194361E-002
   172.00000000000000        6.2732399411881976E-003  -2.5904281178309274E-003   1.2495179012408885E-003   3.4988336488865186E-002   1.5941027230793114E-002
   176.00000000000000        5.6511971609949198E-003  -2.3653157537746011E-003   1.1588200730966937E-003   3.1341634229681170E-002   1.4274282481696396E-002
   180.00000000000000        5.0842550318146692E-003  -2.1676342128427763E-003   1.0774857797906216E-003   2.8054666336459314E-002   1.2771117452779122E-002
   184.00000000000000        4.6953992262575650E-003  -2.0190957279302021E-003   1.0188656295378135E-003   2.5698800129841534E-002   1.1693990846033613E-002
   188.00000000000000        4.1032817299445426E-003  -1.7843038735364206E-003   9.1116992158346208E-004   2.2308623328776825E-002   1.0147158083619974E-002
   192.00000000000000        3.8012483039987751E-003  -1.6665097658905435E-003   8.6527900394537370E-004   2.0583907096421845E-002   9.3606774589139463E-003
   196.00000000000000        3.4779818049972709E-003  -1.5393524583237933E-003   8.0875004818572159E-004   1.8705711079166038E-002   8.5039375288345036E-003
   200.00000000000000        3.2414538323002457E-003  -1.4448289622442829E-003   7.7002502435144103E-004   1.7326336926418037E-002   7.8747424560496968E-003
   204.00000000000000        2.9339024126259221E-003  -1.3251018456137209E-003   7.1380703932490358E-004   1.5583458371555744E-002   7.0795495094238929E-003
   208.00000000000000        2.7099094450542299E-003  -1.2287885197127422E-003   6.7143337296855668E-004   1.4316721135628404E-002   6.5024884431497103E-003
   212.00000000000000        2.4473882635751201E-003  -1.1184603538632798E-003   6.1868600344761342E-004   1.2879371649128609E-002   5.8483231648076813E-003
   216.00000000000000        2.3846702831083547E-003  -1.1019427104714671E-003   6.1630820917615750E-004   1.2502241807746268E-002   5.6776935077868370E-003
   220.00000000000000        2.0945533983598346E-003  -9.7142138784108768E-004   5.5000531627490655E-004   1.0997682441768386E-002   4.9949800967279108E-003
   224.00000000000000        2.1674593411017224E-003  -1.0092399899138307E-003   5.8180895545392568E-004   1.1235483563705247E-002   5.1006819314394110E-003
   228.00000000000000        2.0079611418738581E-003  -9.4798200883309191E-004   5.5281871351149647E-004   1.0359969334575985E-002   4.7012959760522896E-003
   232.00000000000000        1.8990542122931701E-003  -8.9899778679428078E-004   5.3129906298516954E-004   9.6879798411095980E-003   4.3940551093854157E-003
   236.00000000000000        1.7830712613200197E-003  -8.5685015303081961E-004   5.1341769693325704E-004   9.1319777118264150E-003   4.1425729361424185E-003
   240.00000000000000        1.7235140845353707E-003  -8.3709880133172113E-004   5.0826760685115404E-004   8.8110852910498211E-003   3.9974528109013889E-003
   244.00000000000000        1.6753987948854121E-003  -8.1552262644634115E-004   5.0209570879518122E-004   8.3854570119508490E-003   3.7996968612825197E-003
   248.00000000000000        1.5910732827906144E-003  -7.9030130158838218E-004   4.9141940741004796E-004   7.9571742817852072E-003   3.6050589283747082E-003
   252.00000000000000        1.5852869975788626E-003  -7.9226991987428196E-004   5.0224156141269146E-004   7.9141601945384270E-003   3.5864525614305682E-003
   256.00000000000000        1.3852645401081596E-003  -6.9985106963681414E-004   4.4589931867450636E-004   6.8619252613209246E-003   3.1072900803910709E-003
   260.00000000000000        1.5152463020780044E-003  -7.8229962831467814E-004   5.1018318591968719E-004   7.4889755334982240E-003   3.3912776347025803E-003
   264.00000000000000        1.3125578711482356E-003  -6.7846574900472570E-004   4.4468581721482191E-004   6.3620988582831130E-003   2.8770807274508888E-003
   268.00000000000000        1.3436850289080264E-003  -7.1154529154920931E-004   4.7537018501211877E-004   6.5472555495726071E-003   2.9617562859564580E-003
   272.00000000000000        1.2994078046874020E-003  -6.9202768894551078E-004   4.6906113827387792E-004   6.2483746593923603E-003   2.8242376787642482E-003
   276.00000000000000        1.2460693097743249E-003  -6.7386155089155242E-004   4.6033064498435803E-004   5.9399732185437077E-003   2.6836503225933874E-003
   280.00000000000000        1.2334355388826834E-003  -6.7604944071073371E-004   4.6982908779808277E-004   5.8678122726530928E-003   2.6506548369706075E-003
   284.00000000000000        1.2140479467067267E-003  -6.7868806430985756E-004   4.7821546055314384E-004   5.7373107361343868E-003   2.5904005218339915E-003
   288.00000000000000        1.1635079662025254E-003  -6.5381574448669492E-004   4.6584019311734343E-004   5.4006490446622977E-003   2.4352913517027177E-003
   292.00000000000000        1.1529494891226804E-003  -6.6106578172102218E-004   4.7789818368958919E-004   5.3558979610437993E-003   2.4153288623063774E-003
   296.00000000000000        1.2471252674911954E-003  -7.3183380497047221E-004   5.3723351149190213E-004   5.7828425389234144E-003   2.6079832197355335E-003
   300.00000000000000        1.0272172247187258E-003  -6.0176164400790888E-004   4.4496050519290443E-004   4.6485731103196436E-003   2.0920507615411624E-003
   304.00000000000000        1.0066706201954431E-003  -6.0545848406764894E-004   4.5324226411598404E-004   4.6498598769299255E-003   2.0959331335062407E-003
   308.00000000000000        1.1276455831105148E-003  -6.9360747730872710E-004   5.2843298898256187E-004   5.1730636401667741E-003   2.3307946723279344E-003
   312.00000000000000        1.0560498857335936E-003  -6.4713396376335020E-004   5.0004929197493015E-004   4.7655402211921639E-003   2.1449257155128727E-003
   316.00000000000000        1.0476070125716062E-003  -6.4964018210443271E-004   5.0837565783521039E-004   4.6279189458654285E-003   2.0790816146966989E-003
   320.00000000000000        1.0462499273201688E-003  -6.6054334806343808E-004   5.2329057799487748E-004   4.6018318864987336E-003   2.0667415313996235E-003
   324.00000000000000        1.0560465127022476E-003  -6.7104290693138563E-004   5.3772763327524214E-004   4.5235151103740394E-003   2.0271930229351222E-003
   328.00000000000000        1.0692856158665063E-003  -6.9727516424996792E-004   5.6451538637451195E-004   4.6417175332123103E-003   2.0827058330700004E-003
   332.00000000000000        9.2790316922982405E-004  -6.0337448147780896E-004   4.9180759875956908E-004   3.8868303393397520E-003   1.7386840410215877E-003
   336.00000000000000        9.2424019280468151E-004  -6.1033182480113937E-004   5.0626237645209177E-004   3.9380714307673580E-003   1.7639456487775998E-003
   340.00000000000000        8.7533846969849323E-004  -5.8564430536528435E-004   4.8836727214687098E-004   3.6524344876672776E-003   1.6332032245610847E-003
   344.00000000000000        9.0017936116389488E-004  -6.0391767312817737E-004   5.0899266531907543E-004   3.6417741128263125E-003   1.6241258467385804E-003
   348.00000000000000        8.8905716803339466E-004  -6.0973946937004802E-004   5.1860368498337327E-004   3.6275260384332703E-003   1.6190290025012738E-003
   352.00000000000000        9.2002771909178776E-004  -6.3619190942070674E-004   5.5012738653330317E-004   3.7355337762360126E-003   1.6662058461410544E-003
   356.00000000000000        7.8938007243290484E-004  -5.5321583912869179E-004   4.8090779668770136E-004   3.2375904242072742E-003   1.4458085652694634E-003
   360.00000000000000        7.3516684416970516E-004  -5.1770638572539427E-004   4.5377190329669493E-004   2.9364885710102930E-003   1.3082805653015931E-003
   364.00000000000000        8.8936370324302339E-004  -6.3346307958943044E-004   5.6373816590411926E-004   3.5064603996868516E-003   1.5604059534248733E-003
   368.00000000000000        8.1777039990840554E-004  -5.9014230499875953E-004   5.2967261919366717E-004   3.2307598154841812E-003   1.4381019541331547E-003
   372.00000000000000        8.0177592380122390E-004  -5.8061564417626282E-004   5.2565044935523207E-004   3.0678710591281098E-003   1.3612723649301128E-003
   376.00000000000000        8.3832180603849327E-004  -6.1969408342015973E-004   5.6878232305075074E-004   3.3105361104635456E-003   1.4734565308621432E-003
   380.00000000000000        6.8031880457701283E-004  -5.0418276190207164E-004   4.6362167304354966E-004   2.5516159720770045E-003   1.1294142097815593E-003
   384.00000000000000        7.6687246091728485E-004  -5.7370566322324974E-004   5.3541039272780920E-004   2.9023341985863539E-003   1.2862959911241786E-003
   388.00000000000000        7.7807834063396675E-004  -5.9153441561930037E-004   5.5877108115300219E-004   2.9594825119676166E-003   1.3119330086809394E-003
   392.00000000000000        5.9682351973525268E-004  -4.5044042017189205E-004   4.2491512879021834E-004   2.1978287140359347E-003   9.7151493182356659E-004
   396.00000000000000        7.1113342768460287E-004  -5.4335684685751884E-004   5.2241591326273565E-004   2.6219460339329745E-003   1.1590253972255933E-003
   400.00000000000000        6.0531802181734652E-004  -4.6791903783159801E-004   4.5035782733154401E-004   2.1946826091120888E-003   9.6833259452666154E-004
