   5.0000000000000000        0.0000000000000000        0.0000000000000000        0.0000000000000000        0.0000000000000000        0.0000000000000000     
   10.000000000000000        0.0000000000000000        0.0000000000000000        0.0000000000000000        0.0000000000000000        0.0000000000000000     
   15.000000000000000        0.0000000000000000        0.0000000000000000        0.0000000000000000        0.0000000000000000        0.0000000000000000     
   20.000000000000000        0.0000000000000000        0.0000000000000000        0.0000000000000000        0.0000000000000000        0.0000000000000000     
   25.000000000000000        0.0000000000000000        0.0000000000000000        0.0000000000000000        0.0000000000000000        0.0000000000000000     
   30.000000000000000        3.0930444600958098E-007  -1.7266325164923441E-008   4.8836630197722233E-009   2.7924871250577593E-006   1.3577687431429042E-006
   35.000000000000000        1.5514203093391149E-005  -1.1173056656366333E-006   2.8820558410744558E-007   1.5382424266659032E-004   7.4942003776566111E-005
   40.000000000000000        1.6898512316800007E-004  -1.3588495634307568E-005   3.3386937476831712E-006   1.6431622137664909E-003   8.0023074294697334E-004
   45.000000000000000        3.5627088890369675E-004  -3.2158127156127668E-005   7.6307644632204295E-006   3.4435355132213124E-003   1.6769395014738727E-003
   50.000000000000000        6.0553670495543251E-004  -6.0751673334472565E-005   1.4116402260741091E-005   5.8195600813120618E-003   2.8338367595591068E-003
   55.000000000000000        9.8523152334023339E-004  -1.0918630456201915E-004   2.5137488913957127E-005   9.4476464292140242E-003   4.6004234484345657E-003
   60.000000000000000        1.3678426764844071E-003  -1.6548236938466305E-004   3.8102629944745316E-005   1.3034019234622184E-002   6.3458582628363866E-003
   65.000000000000000        1.9703934572087188E-003  -2.5839401537681197E-004   5.9940177040563137E-005   1.8658189830333013E-002   9.0825744745259684E-003
   70.000000000000000        2.5896293772645651E-003  -3.6553408005443128E-004   8.5779795787113973E-005   2.4315100470982585E-002   1.1833596022535682E-002
   75.000000000000000        3.2672304158551792E-003  -4.9432040718526806E-004   1.1783258808601823E-004   3.0434517506704645E-002   1.4808262381618229E-002
   80.000000000000000        3.9020339353603240E-003  -6.2858331810884953E-004   1.5269642658926613E-004   3.5967245615607803E-002   1.7494947289329026E-002
   85.000000000000000        4.6425090624043408E-003  -7.9418465592191148E-004   1.9700430575753377E-004   4.2391096822014737E-002   2.0613513476465485E-002
   90.000000000000000        5.3393080919814460E-003  -9.6655758082555003E-004   2.4517139457887671E-004   4.8289054610159310E-002   2.3474433396770727E-002
   95.000000000000000        6.0718259078257090E-003  -1.1605619010596044E-003   3.0126037666014071E-004   5.4428916303127566E-002   2.6451295172106849E-002
   100.00000000000000        6.7066433104105254E-003  -1.3483435973813838E-003   3.5874307216887815E-004   5.9580174055789983E-002   2.8945786384954559E-002
   105.00000000000000        7.3447879489106837E-003  -1.5498510901951442E-003   4.2261126858334175E-004   6.4606458082607288E-002   3.1377176182107447E-002
   110.00000000000000        7.9921542862661874E-003  -1.7665410386942032E-003   4.9428014135922840E-004   6.9735773781868335E-002   3.3857962529483115E-002
   115.00000000000000        8.5222216572658216E-003  -1.9679382280918334E-003   5.6506085419183655E-004   7.3648366853365704E-002   3.5745042903107302E-002
   120.00000000000000        9.0638984468209127E-003  -2.1832707002827660E-003   6.4389285969465560E-004   7.7691109174672493E-002   3.7694405560650901E-002
   125.00000000000000        9.6381460406272206E-003  -2.4193155564786284E-003   7.3199100739684126E-004   8.1917831895933130E-002   3.9731654415860837E-002
   130.00000000000000        9.8972581993969095E-003  -2.5799933794790537E-003   8.0125197099687395E-004   8.3145644859047504E-002   4.0309174088408325E-002
   135.00000000000000        1.0433919905687398E-002  -2.8266506888347796E-003   9.0068588485771252E-004   8.7059293782186159E-002   4.2193032118792002E-002
   140.00000000000000        1.0769902799217058E-002  -3.0259017281128414E-003   9.8980087520315571E-004   8.9174388732772877E-002   4.3201877497540099E-002
   145.00000000000000        1.1039949584766316E-002  -3.2123131880978048E-003   1.0776097156478147E-003   9.0535958305355713E-002   4.3842820431557544E-002
   150.00000000000000        1.1218832880146015E-002  -3.3774304718006132E-003   1.1617119080802847E-003   9.1155210419566410E-002   4.4123710792053177E-002
   155.00000000000000        1.1180254096161078E-002  -3.4760246148560652E-003   1.2256649357896801E-003   8.9982625871276117E-002   4.3536850154735830E-002
   160.00000000000000        1.1126876362682678E-002  -3.5694958504302841E-003   1.2900580557792798E-003   8.8752608285673093E-002   4.2922635464965421E-002
   165.00000000000000        1.0850578202068265E-002  -3.5860488461840331E-003   1.3277349293905154E-003   8.5578462852414897E-002   4.1366366869317557E-002
   170.00000000000000        1.0646403604750254E-002  -3.6273775524420702E-003   1.3747057426330444E-003   8.3204886261383185E-002   4.0200109118545893E-002
   175.00000000000000        1.0215401937138843E-002  -3.5782654703672132E-003   1.3886932906637386E-003   7.9014381589666505E-002   3.8156195151126261E-002
   180.00000000000000        9.8789125393580843E-003  -3.5591999099783595E-003   1.4121890721546370E-003   7.5610298051261821E-002   3.6494045921334851E-002
   185.00000000000000        9.2430199984626614E-003  -3.4188403420406755E-003   1.3879309848380452E-003   7.0059365908564653E-002   3.3797759544063249E-002
   190.00000000000000        8.6961015865680072E-003  -3.2972565995117121E-003   1.3689096520786426E-003   6.5212963275028901E-002   3.1443142579134609E-002
   195.00000000000000        7.9795784349585321E-003  -3.1025881978249880E-003   1.3157950122133482E-003   5.9172476528018277E-002   2.8515515969861426E-002
   200.00000000000000        7.3942721250014583E-003  -2.9439380101678818E-003   1.2749382279421155E-003   5.4148008194689928E-002   2.6078701796529085E-002
   205.00000000000000        6.7833691726324561E-003  -2.7660620634669219E-003   1.2223511780409130E-003   4.9096625491548113E-002   2.3632175834485750E-002
   210.00000000000000        6.1152001620837886E-003  -2.5480391371871776E-003   1.1500935266587006E-003   4.3726265514511531E-002   2.1034673422535385E-002
   215.00000000000000        5.4744050135171630E-003  -2.3271785838306714E-003   1.0711584263458163E-003   3.8646795341700110E-002   1.8580492879879559E-002
   220.00000000000000        4.8397680962894481E-003  -2.0971418306030150E-003   9.8465957654366126E-004   3.3757950903037043E-002   1.6221297433715851E-002
   225.00000000000000        4.2892705242693029E-003  -1.9036984500894940E-003   9.1061781290387145E-004   2.9622473962534805E-002   1.4226024377552392E-002
   230.00000000000000        3.8646724907517244E-003  -1.7399305079429605E-003   8.4820319047152122E-004   2.6304446848139283E-002   1.2625600504113921E-002
   235.00000000000000        3.3990105136718642E-003  -1.5618846350040965E-003   7.7557468940534814E-004   2.2870105010732784E-002   1.0970560128952147E-002
   240.00000000000000        3.0060780215934615E-003  -1.4006938242542815E-003   7.0877045666265068E-004   1.9973957016532533E-002   9.5763577600746410E-003
   245.00000000000000        2.6499187513636942E-003  -1.2528459599900033E-003   6.4468209286766152E-004   1.7380197024755677E-002   8.3291230978051085E-003
   250.00000000000000        2.4069737142604973E-003  -1.1510421178389230E-003   6.0309768022654515E-004   1.5551509978632326E-002   7.4483952030276026E-003
   255.00000000000000        2.0757795934277139E-003  -1.0124546124825149E-003   5.3865482350594568E-004   1.3229855013709789E-002   6.3323478862840187E-003
   260.00000000000000        1.8336407191711099E-003  -8.9953470802863486E-004   4.8745755914102380E-004   1.1499200254642686E-002   5.5012161633884093E-003
   265.00000000000000        1.6097241080101998E-003  -8.0340286139153443E-004   4.4241140564533837E-004   1.0011665773406479E-002   4.7874670254679057E-003
   270.00000000000000        1.5277737233864409E-003  -7.7064223028993728E-004   4.3002777601285937E-004   9.4155473160726678E-003   4.5020312339572877E-003
   275.00000000000000        1.3067748249869775E-003  -6.6686857871180096E-004   3.7931106347566208E-004   7.9980606076100330E-003   3.8229996319615244E-003
   280.00000000000000        1.3182287647466892E-003  -6.6767335873451543E-004   3.8559199557238729E-004   7.9257628410187315E-003   3.7878113509315510E-003
   285.00000000000000        1.1641185294249414E-003  -5.9683718997237400E-004   3.5051454858438903E-004   6.8641672075989164E-003   3.2774526741329159E-003
   290.00000000000000        1.0991400522282169E-003  -5.6842994863926064E-004   3.3820927461726135E-004   6.4057566886352524E-003   3.0574836984052591E-003
   295.00000000000000        1.0126972151389612E-003  -5.3264012200430902E-004   3.2188758691036290E-004   5.9105617736041069E-003   2.8210084638359925E-003
   300.00000000000000        9.7672696173247407E-004  -5.1685187614589577E-004   3.1682822295933200E-004   5.7013404746535500E-003   2.7223687097381998E-003
   305.00000000000000        9.3685734304408449E-004  -4.9494187028809998E-004   3.0747958636414814E-004   5.2727168122124104E-003   2.5140402260249669E-003
   310.00000000000000        8.7594896840149288E-004  -4.7234539870779827E-004   2.9710216178367580E-004   4.9206138493980084E-003   2.3456521335634322E-003
   315.00000000000000        8.8100605241013519E-004  -4.7621664384809144E-004   3.0412902080378783E-004   4.9482321565896452E-003   2.3595806587762540E-003
   320.00000000000000        7.2424363901827109E-004  -3.9836295930987305E-004   2.5708742500312257E-004   3.9868540576318261E-003   1.8991023509686163E-003
   325.00000000000000        8.4747725980516048E-004  -4.6892116992205914E-004   3.0787161077347610E-004   4.7090764118526470E-003   2.2447287638064162E-003
   330.00000000000000        6.9519351069773669E-004  -3.8875913273944939E-004   2.5735864875385940E-004   3.7073572083865958E-003   1.7635580060647651E-003
   335.00000000000000        7.3741399748357135E-004  -4.1937304040379284E-004   2.8236513169573328E-004   4.0167017895221405E-003   1.9126584773323629E-003
   340.00000000000000        7.0579109193819598E-004  -4.0191995601665873E-004   2.7399042317409787E-004   3.7479904051765955E-003   1.7826973236199008E-003
   345.00000000000000        6.7830190367267106E-004  -3.9262439285926508E-004   2.6977081227056007E-004   3.5651703201879780E-003   1.6951721573285935E-003
   350.00000000000000        6.8506123889405335E-004  -3.9952585276501791E-004   2.7882767005621195E-004   3.5994747357402067E-003   1.7115005907623597E-003
   355.00000000000000        6.6626169036568858E-004  -3.9571724229135724E-004   2.7918835120305208E-004   3.4667613481891104E-003   1.6473592948102163E-003
   360.00000000000000        6.3929249722303615E-004  -3.8072771630888875E-004   2.7135952897723868E-004   3.2251585141930619E-003   1.5300758784456039E-003
   365.00000000000000        6.3203540715409004E-004  -3.8373370374237311E-004   2.7659411410550490E-004   3.2054600437501739E-003   1.5210144214780458E-003
   370.00000000000000        7.0612716681700354E-004  -4.3485965946016476E-004   3.1722442371782841E-004   3.5926673320232187E-003   1.7052860852290015E-003
   375.00000000000000        5.3959730710585708E-004  -3.3375880680354755E-004   2.4537420319569424E-004   2.5982630380644773E-003   1.2292777178973824E-003
   380.00000000000000        5.4481621690088543E-004  -3.4590089354045501E-004   2.5807606472984333E-004   2.7467663389416914E-003   1.3028340935958541E-003
   385.00000000000000        6.2013875892683674E-004  -3.9770757886116941E-004   3.0032588162661280E-004   3.0653665983016659E-003   1.4521525182854219E-003
   390.00000000000000        5.9281371978619200E-004  -3.7999006887866441E-004   2.8997611596463617E-004   2.8871679130626866E-003   1.3669525275917013E-003
   395.00000000000000        5.8156928775002399E-004  -3.7320551353234251E-004   2.8866731070892489E-004   2.7163469229879562E-003   1.2826978314332122E-003
   400.00000000000000        5.8042624476106644E-004  -3.7954299535448782E-004   2.9636577996173754E-004   2.7017669933192983E-003   1.2754154801447276E-003
   405.00000000000000        5.9315601753190915E-004  -3.8986154163080133E-004   3.0669264948631749E-004   2.6803594438074650E-003   1.2631530362455768E-003
   410.00000000000000        6.1497883624720372E-004  -4.1624056948947463E-004   3.3175957114872965E-004   2.8689184826825274E-003   1.3542863185936011E-003
   415.00000000000000        5.3176104993378200E-004  -3.6192780768153673E-004   2.9092773684041715E-004   2.3720044559089725E-003   1.1162288843595441E-003
   420.00000000000000        5.2016537206000472E-004  -3.5645082496435417E-004   2.9042100585779051E-004   2.3421244635386338E-003   1.1028051116202179E-003
   425.00000000000000        4.8731954840642363E-004  -3.3769148390109670E-004   2.7696117668332682E-004   2.1296291396461467E-003   1.0011394516963460E-003
   430.00000000000000        5.1003418345004501E-004  -3.5571308110996262E-004   2.9368984635780835E-004   2.1488629598284204E-003   1.0074725529304821E-003
   435.00000000000000        5.0451938208725250E-004  -3.6025890675580653E-004   3.0057696825510640E-004   2.1678347732895227E-003   1.0176329730476939E-003
   440.00000000000000        5.1248834190598515E-004  -3.6530868351274120E-004   3.0833267682830757E-004   2.1601533530902100E-003   1.0126118114079114E-003
   445.00000000000000        4.4537880171647274E-004  -3.2468153608744392E-004   2.7741590190000307E-004   1.9291014270134185E-003   9.0605885556220209E-004
   450.00000000000000        4.1188025291821013E-004  -3.0227209674018251E-004   2.6029731524812057E-004   1.7194403018514122E-003   8.0557731836402202E-004
   455.00000000000000        5.0944934554887362E-004  -3.7455856971215645E-004   3.2551666034545299E-004   2.0795147637406139E-003   9.7281669086213469E-004
   460.00000000000000        4.6861835532422720E-004  -3.5042694581157124E-004   3.0817001284098335E-004   1.9248353506875148E-003   9.0074185289289860E-004
   465.00000000000000        4.6312672993452066E-004  -3.4882064433661841E-004   3.0913712067776061E-004   1.8482147151493552E-003   8.6282456538120202E-004
   470.00000000000000        4.7620454197217155E-004  -3.6347090576682565E-004   3.2576964877928366E-004   1.9455341578028574E-003   9.1001937153941997E-004
   475.00000000000000        3.7539836734954926E-004  -2.8776257874674655E-004   2.5989530119961891E-004   1.4212849414646709E-003   6.6061531927197629E-004
   480.00000000000000        4.3105744448764059E-004  -3.3371838768716031E-004   3.0391379071013599E-004   1.6590765793865901E-003   7.7234255100491680E-004
   485.00000000000000        4.3311827893357575E-004  -3.3809695113028290E-004   3.1183529829213703E-004   1.6728403690242060E-003   7.7891227487968074E-004
   490.00000000000000        3.3413010252156261E-004  -2.6402217615850861E-004   2.4425547480798506E-004   1.2617868673554002E-003   5.8651209028068134E-004
   495.00000000000000        4.0243755205049213E-004  -3.1768374530443527E-004   2.9785946209626228E-004   1.5042524892411558E-003   6.9868715378824291E-004
   500.00000000000000        3.3722020520213816E-004  -2.7245181690964919E-004   2.5711499272579861E-004   1.2414834908478297E-003   5.7559571054532997E-004
