   3.0000000000000000        1.0908375547457431E-003  -2.6307243751677904E-004   1.2902136127909171E-004   5.3131745876524670E-003   2.1963098812356591E-003
   6.0000000000000000        1.1152737435703344E-003  -2.7012690828153238E-004   1.3256478546170065E-004   5.4292012094290321E-003   2.2441589643563921E-003
   9.0000000000000000        1.1589934196473604E-003  -2.7818287658349993E-004   1.3730296865429386E-004   5.6476520518147387E-003   2.3346163424836286E-003
   12.000000000000000        1.1914864012983709E-003  -2.8589295122418042E-004   1.4141099021325903E-004   5.8066572397239375E-003   2.4003614733406797E-003
   15.000000000000000        1.2513566251535538E-003  -2.9567573833560898E-004   1.4719846408354961E-004   6.1098210981976493E-003   2.5260271066801735E-003
   18.000000000000000        1.8858998336457621E-003  -3.5424026205140588E-004   1.8988992433248457E-004   9.4425422310912693E-003   3.9113652923191853E-003
   21.000000000000000        6.0419778587755260E-003  -7.4906312363773331E-004   4.6031795725008591E-004   3.1199613844497546E-002   1.2952845577708202E-002
   24.000000000000000        1.3734978797864214E-002  -1.5769829264427747E-003   9.7016930521523059E-004   7.1041798968832587E-002   2.9497234477702066E-002
   27.000000000000000        1.8318315255699113E-002  -2.2058427665288729E-003   1.2952835419785644E-003   9.4190870061491030E-002   3.9094849816238869E-002
   30.000000000000000        2.0409227602405766E-002  -2.6297721507775613E-003   1.4726121652644997E-003  0.10429784519185963        4.3275345223040718E-002
   33.000000000000000        2.1636558061696252E-002  -2.9866783707411066E-003   1.6030447226276852E-003  0.10995717767617760        4.5610795107061883E-002
   36.000000000000000        2.3147574159342880E-002  -3.4192841538049122E-003   1.7731694120793984E-003  0.11734365925436312        4.8671088995998930E-002
   39.000000000000000        2.4962334894224669E-002  -3.9209176822604204E-003   1.9729443430107304E-003  0.12606902513077087        5.2279666827646773E-002
   42.000000000000000        2.6793310829129082E-002  -4.4632817556056427E-003   2.1915879449146821E-003  0.13498290897589513        5.5968498344240482E-002
   45.000000000000000        2.8473897993940744E-002  -5.0199559791541245E-003   2.4161315850610618E-003  0.14306044019222602        5.9307665132844467E-002
   48.000000000000000        2.9975550083686728E-002  -5.5740349151226663E-003   2.6403490216305088E-003  0.15016362885028561        6.2239199758235698E-002
   51.000000000000000        3.1666745843308586E-002  -6.2005031464672086E-003   2.9018442208269958E-003  0.15820225911448152        6.5557034782683155E-002
   54.000000000000000        3.2178114771119710E-002  -6.6117703898122462E-003   3.0620547326920596E-003  0.16012603492083005        6.6334874851524853E-002
   57.000000000000000        3.3429105422222091E-002  -7.2045161227949723E-003   3.3171112852156794E-003  0.16574371914550737        6.8641134031987808E-002
   60.000000000000000        3.3520356841380793E-002  -7.5520114982847572E-003   3.4621111227385324E-003  0.16548406528596610        6.8508753477922527E-002
   63.000000000000000        3.3571593279505901E-002  -7.8960118540990880E-003   3.6131107158577000E-003  0.16492748276724811        6.8249144737616535E-002
   66.000000000000000        3.3186919839252600E-002  -8.1320836343466499E-003   3.7213629019392106E-003  0.16230478243087240        6.7136210891897169E-002
   69.000000000000000        3.2285810074248890E-002  -8.2274058298435898E-003   3.7699651177828509E-003  0.15705772130577794        6.4934932122699324E-002
   72.000000000000000        3.1099268283450419E-002  -8.2317965321377258E-003   3.7855326410185719E-003  0.15051198975665339        6.2197794814922741E-002
   75.000000000000000        3.0541550067101932E-002  -8.3841330810552877E-003   3.8717583335366170E-003  0.14707840183367599        6.0749827698370243E-002
   78.000000000000000        2.8574848317350007E-002  -8.1126565990714949E-003   3.7665464166965470E-003  0.13666176094819804        5.6410100066687820E-002
   81.000000000000000        2.8017093548148079E-002  -8.2278135028451202E-003   3.8442118576357482E-003  0.13345868610150463        5.5065442865253382E-002
   84.000000000000000        2.6178969052402367E-002  -7.9378843791027623E-003   3.7377959783269615E-003  0.12400711408520496        5.1135857315135272E-002
   87.000000000000000        2.4868291007347259E-002  -7.7741465408428991E-003   3.6899004131767509E-003  0.11716022809082446        4.8285298382520069E-002
   90.000000000000000        2.3234245298443010E-002  -7.4761606688320712E-003   3.5762965579491089E-003  0.10880930373463978        4.4817899280946219E-002
   93.000000000000000        2.1405327638336951E-002  -7.0760202848138311E-003   3.4154926884015190E-003   9.9635879529491961E-002   4.1013656589620251E-002
   96.000000000000000        1.9794679888188262E-002  -6.7173007840872516E-003   3.2744218695648368E-003   9.1586052998726020E-002   3.7675205535666598E-002
   99.000000000000000        1.8470878524398826E-002  -6.4329064968178824E-003   3.1689052905173954E-003   8.5049731617355434E-002   3.4967044365550058E-002
   102.00000000000000        1.6986533280973395E-002  -6.0646087534372449E-003   3.0178684417443832E-003   7.7762808806538561E-002   3.1951574783490588E-002
   105.00000000000000        1.5423225269489726E-002  -5.6313751537017294E-003   2.8325866740268281E-003   7.0219440360147406E-002   2.8834319669313515E-002
   108.00000000000000        1.4474283192272007E-002  -5.4049698550179643E-003   2.7466576048687996E-003   6.5537360492302424E-002   2.6896440310915235E-002
   111.00000000000000        1.2829030234831637E-002  -4.8868631621634476E-003   2.5103481023073526E-003   5.7774540162991772E-002   2.3696480740694081E-002
   114.00000000000000        1.1642778652783741E-002  -4.5108627430160055E-003   2.3430217764766497E-003   5.2143900032871469E-002   2.1373847727460329E-002
   117.00000000000000        1.0659316719472985E-002  -4.2112917313989603E-003   2.2109939813436228E-003   4.7536386463883640E-002   1.9476164090830774E-002
   120.00000000000000        9.7943324689063506E-003  -3.9330274068345127E-003   2.0877700596439526E-003   4.3378464123035240E-002   1.7759058477182781E-002
   123.00000000000000        8.9884656051223370E-003  -3.6673718891874489E-003   1.9673961117593597E-003   3.9639480481502787E-002   1.6221701075007311E-002
   126.00000000000000        8.0340595248565502E-003  -3.3235795707878542E-003   1.8029488862634706E-003   3.5206938934532792E-002   1.4397643968024133E-002
   129.00000000000000        7.3853857961076299E-003  -3.0863403913632607E-003   1.6934251014922056E-003   3.2223042991921670E-002   1.3170706354734763E-002
   132.00000000000000        6.6495548998637133E-003  -2.8066157848625583E-003   1.5560815339432492E-003   2.8912360041183287E-002   1.1812932688445507E-002
   135.00000000000000        6.0419021736600404E-003  -2.5930514522095587E-003   1.4524810534508827E-003   2.6185684573845285E-002   1.0695541663200159E-002
   138.00000000000000        5.6493235427888750E-003  -2.4364039207670561E-003   1.3791370184371727E-003   2.4389137782559193E-002   9.9578003515208811E-003
   141.00000000000000        5.0381330970232507E-003  -2.1868140228680751E-003   1.2487595603839440E-003   2.1652122202439710E-002   8.8373295815292602E-003
   144.00000000000000        4.7131136522531045E-003  -2.0642614701089986E-003   1.1941074792976389E-003   2.0236499410945276E-002   8.2569677496500751E-003
   147.00000000000000        4.4520810847218564E-003  -1.9646980142910470E-003   1.1473524428640657E-003   1.9010504598635545E-002   7.7526356102600186E-003
   150.00000000000000        4.2162013438503225E-003  -1.8747883416594816E-003   1.1056970917310599E-003   1.7981826399796064E-002   7.3328934405243055E-003
   153.00000000000000        3.9487062730780599E-003  -1.7763274930205110E-003   1.0588342694680443E-003   1.6770032850731954E-002   6.8355834670748676E-003
   156.00000000000000        3.6203347785658461E-003  -1.6277305669100757E-003   9.7966898944830297E-004   1.5329933425869004E-002   6.2467557924132666E-003
   159.00000000000000        3.3624649439645072E-003  -1.5270776979461435E-003   9.2748332228974491E-004   1.4248918085375931E-002   5.8067719128234380E-003
   162.00000000000000        3.3461125354162591E-003  -1.5326323611117129E-003   9.4024489828425993E-004   1.4085193358469767E-002   5.7369221571753025E-003
   165.00000000000000        2.9842974408400250E-003  -1.3741457290609572E-003   8.5032809052931649E-004   1.2640417600541475E-002   5.1517304450383336E-003
   168.00000000000000        3.0740029661200795E-003  -1.4206888672715912E-003   8.9084919640420169E-004   1.2904339363047664E-002   5.2545178396827619E-003
   171.00000000000000        2.9339821117869824E-003  -1.3752524507039069E-003   8.7233154335171796E-004   1.2279481045777287E-002   4.9980628871058100E-003
   174.00000000000000        2.7975701325799601E-003  -1.3144822187294439E-003   8.4187753472438737E-004   1.1641968585252446E-002   4.7360043801357495E-003
   177.00000000000000        2.6456842875095480E-003  -1.2585380591377850E-003   8.1508251118989094E-004   1.1047318197809283E-002   4.4953334124336131E-003
   180.00000000000000        2.5205823121935752E-003  -1.2059788711066689E-003   7.8822654295101482E-004   1.0506046648178924E-002   4.2747586311628304E-003
   183.00000000000000        2.5379568012136784E-003  -1.2252884177611147E-003   8.1014048102738578E-004   1.0507787106109301E-002   4.2731741311014260E-003
   186.00000000000000        2.4201743546962496E-003  -1.1795057698457366E-003   7.8896917078314309E-004   9.9349258022119000E-003   4.0361644120382066E-003
   189.00000000000000        2.3582880459092396E-003  -1.1584818493961218E-003   7.8302076144394397E-004   9.7150668826033737E-003   3.9483919593009554E-003
   192.00000000000000        2.1612029098473269E-003  -1.0701117893031451E-003   7.2938654105516839E-004   8.8545742495661477E-003   3.5967057396938244E-003
   195.00000000000000        2.2752261129318769E-003  -1.1501600567320003E-003   7.9728215640311731E-004   9.2926703514594165E-003   3.7732230267113302E-003
   198.00000000000000        2.0652440617127945E-003  -1.0443988404773561E-003   7.2748166544479376E-004   8.3599026720676747E-003   3.3918040998379409E-003
   201.00000000000000        2.0866141639885229E-003  -1.0834127962555630E-003   7.6600137239560425E-004   8.4769920599018986E-003   3.4398245147870621E-003
   204.00000000000000        2.0696639677042373E-003  -1.0865242335666133E-003   7.7747815757491965E-004   8.4163405146683839E-003   3.4160922776305270E-003
   207.00000000000000        1.9883958556952143E-003  -1.0501657969941918E-003   7.5795862446792939E-004   7.9778088658396390E-003   3.2337653459947229E-003
   210.00000000000000        1.9345895253581643E-003  -1.0366262193681115E-003   7.5742334992892374E-004   7.7511049979255547E-003   3.1410458414242860E-003
   213.00000000000000        1.9479362828594882E-003  -1.0694124946232326E-003   7.8982971626320340E-004   7.8098319828770434E-003   3.1653724463459702E-003
   216.00000000000000        1.8470757483396848E-003  -1.0085841031446221E-003   7.5402225442161499E-004   7.2754423569781485E-003   2.9428250844224907E-003
   219.00000000000000        1.8213143749458225E-003  -1.0106184994003356E-003   7.6414502676284122E-004   7.1721401547939212E-003   2.9010909422500894E-003
   222.00000000000000        1.9537450894524938E-003  -1.1124147770289340E-003   8.5448301188264500E-004   7.6672910682347058E-003   3.1004402976266181E-003
   225.00000000000000        1.7368169389656196E-003  -9.9666635275471585E-004   7.6983063594028296E-004   6.7872730379330976E-003   2.7434670064315735E-003
   228.00000000000000        1.6336284808689777E-003  -9.4771705307496797E-004   7.3896904444770031E-004   6.4098672448104407E-003   2.5924564511346808E-003
   231.00000000000000        1.8127288029716247E-003  -1.0817650103690510E-003   8.5792285520874291E-004   7.0710806195266127E-003   2.8578629530511715E-003
   234.00000000000000        1.6176497764221265E-003  -9.5433273711847868E-004   7.6469846594065863E-004   6.2152187110642489E-003   2.5070963052974704E-003
   237.00000000000000        1.6689501029996745E-003  -1.0058336251009493E-003   8.1722348182765281E-004   6.3849258039829805E-003   2.5741603430457661E-003
   240.00000000000000        1.7096033000340307E-003  -1.0593197149077025E-003   8.6996730047950795E-004   6.5827615927078554E-003   2.6560862529030876E-003
   243.00000000000000        1.7136331465719894E-003  -1.0677293077821092E-003   8.8714225933261934E-004   6.4464002296230243E-003   2.5939774606749118E-003
   246.00000000000000        1.7235721033283377E-003  -1.0976050300882676E-003   9.1977622206964856E-004   6.5056432301864274E-003   2.6198479768440664E-003
   249.00000000000000        1.5703403509794477E-003  -9.9524343826032130E-004   8.4433969473178983E-004   5.7996708875266232E-003   2.3290555631382674E-003
   252.00000000000000        1.5004794755868515E-003  -9.6786564842068351E-004   8.3057179822892599E-004   5.6063458158632264E-003   2.2540718510083825E-003
   255.00000000000000        1.4754200110073212E-003  -9.6776475344157787E-004   8.3516152976998131E-004   5.4492387070037033E-003   2.1883618296668255E-003
   258.00000000000000        1.5185225337244516E-003  -9.9751388459310038E-004   8.7291520227386437E-004   5.4743229006726513E-003   2.1921765419468334E-003
   261.00000000000000        1.5012926555775868E-003  -1.0053799773931077E-003   8.8810468588213865E-004   5.4426376233307327E-003   2.1813584480635654E-003
   264.00000000000000        1.5711565749063257E-003  -1.0740969599044550E-003   9.6472677672643301E-004   5.6881538014679819E-003   2.2785919277635248E-003
   267.00000000000000        1.3332067611783144E-003  -9.1525271926720230E-004   8.2492846737731280E-004   4.8611175661512768E-003   1.9492707437537638E-003
   270.00000000000000        1.2846360733473460E-003  -8.9436126690616545E-004   8.1197096345893597E-004   4.6263738373135341E-003   1.8523137060631344E-003
   273.00000000000000        1.5597857919747926E-003  -1.1107198753791344E-003   1.0296672183586282E-003   5.6014694786811359E-003   2.2414181032570056E-003
   276.00000000000000        1.4262567091477304E-003  -1.0236010122167236E-003   9.5372911638655204E-004   5.1440556680069699E-003   2.0606263554622103E-003
   279.00000000000000        1.4690387408076821E-003  -1.0689312761913918E-003   1.0089699216354914E-003   5.2180877579339723E-003   2.0852626330358777E-003
   282.00000000000000        1.5259921909320845E-003  -1.1435102441421199E-003   1.0911041770332571E-003   5.5271582661929643E-003   2.2137954365370541E-003
   285.00000000000000        1.2530449835859696E-003  -9.2235777693671684E-004   8.8165162833030728E-004   4.3402366124299339E-003   1.7297068134766098E-003
   288.00000000000000        1.3755675768930748E-003  -1.0305264623756184E-003   1.0021524082272166E-003   4.8230458585730432E-003   1.9246585374333729E-003
   291.00000000000000        1.4972722374587714E-003  -1.1634196076842273E-003   1.1431596892783383E-003   5.3514768212205611E-003   2.1402792177188093E-003
   294.00000000000000        1.1521994301609193E-003  -8.7867617008388090E-004   8.6803598777216535E-004   4.0050469164624614E-003   1.5963187686696021E-003
   297.00000000000000        1.3289922109633730E-003  -1.0316807746121653E-003   1.0352202412662816E-003   4.6206678967242384E-003   1.8412403730904284E-003
   300.00000000000000        1.1632509596142765E-003  -9.0497550028035049E-004   9.1100608426296001E-004   3.9928399497977229E-003   1.5892551893171743E-003
