   5.0000000000000000        2.0469276229981298E-004  -4.9793306347648782E-005   1.3244087685531113E-005   7.1161493050551038E-004   6.8780301973518071E-023
   10.000000000000000        2.2109844525596516E-004  -5.4316326728716124E-005   1.4585943285845505E-005   7.6694633518985386E-004   7.9315133386859744E-023
   15.000000000000000        2.3807037444498473E-004  -5.9056782398526072E-005   1.6009474221313187E-005   8.2398681685638838E-004   9.0900415836849385E-023
   20.000000000000000        2.5555658518315485E-004  -6.4005048184726481E-005   1.7513466276367109E-005   8.8254569902657088E-004   1.0355634059626163E-022
   25.000000000000000        2.7349889067453879E-004  -6.9149408071447725E-005   1.9095993234551154E-005   9.4241250853361051E-004   1.1729578441316459E-022
   30.000000000000000        2.9208900332628867E-004  -7.4491433419582941E-005   2.0755333097967737E-005   1.0043145732451905E-003   1.4589479291304594E-022
   35.000000000000000        3.2398119388458665E-004  -8.0913977613604655E-005   2.2551710564348261E-005   1.1177252116513774E-003   2.9135426465647324E-022
   40.000000000000000        4.7478335395189145E-004  -9.7243530049029398E-005   2.5216173457370738E-005   1.6894949568151706E-003   1.9895884744246157E-022
   45.000000000000000        6.5379721470891473E-004  -1.1886484130552932E-004   2.8623206310538264E-005   2.3686831175011476E-003   3.0057302098885133E-021
   50.000000000000000        8.8489736479404138E-004  -1.4899394406776140E-004   3.3246153162517540E-005   3.2453752681324121E-003   2.8445080915907492E-021
   55.000000000000000        1.2278040520754489E-003  -1.9574701750593395E-004   4.0226413440196457E-005   4.5500313009090680E-003   1.6818078445243025E-021
   60.000000000000000        1.5707257444322867E-003  -2.4904997303871221E-004   4.8847651685418765E-005   5.8388562439835295E-003  -5.3542353027207930E-021
   65.000000000000000        2.0995732259970522E-003  -3.3306089959191939E-004   6.2441277004093187E-005   7.8221978932856637E-003  -1.0703417068734480E-020
   70.000000000000000        2.6381937419312478E-003  -4.2868813828476974E-004   7.9250654802671478E-005   9.8132808146656481E-003   6.2959443745153363E-022
   75.000000000000000        3.2246274651965882E-003  -5.4192589775777639E-004   1.0051917446540124E-004   1.1956794831607442E-002   1.4617415875682066E-020
   80.000000000000000        3.7677762409910037E-003  -6.5963090049520263E-004   1.2466877384064638E-004   1.3894920258499040E-002   1.4357931324717955E-021
   85.000000000000000        4.3986458828786136E-003  -8.0277680325921896E-004   1.5539642601206558E-004   1.6130118567751654E-002  -9.5923795374171374E-021
   90.000000000000000        4.9886970910609950E-003  -9.5086250790729903E-004   1.8977344510273414E-004   1.8179559453225573E-002  -4.4852061969612410E-021
   95.000000000000000        5.6076397186237571E-003  -1.1159158521972410E-003   2.3023251005612757E-004   2.0302965730093905E-002   2.7454084590666935E-020
   100.00000000000000        6.1411522716184955E-003  -1.2759499842047897E-003   2.7288545751771501E-004   2.2082658422095881E-002  -9.2346443246486432E-021
   105.00000000000000        6.6721627060792642E-003  -1.4458307646511446E-003   3.2070478227807402E-004   2.3811997988566203E-002  -1.5043853546351588E-021
   110.00000000000000        7.2147310029880181E-003  -1.6285932109526239E-003   3.7465581944401898E-004   2.5565907898503274E-002   1.2787113669619555E-020
   115.00000000000000        7.6523553012025356E-003  -1.7978082438886904E-003   4.2904943914217616E-004   2.6898744059488708E-002  -1.4337997539803948E-020
   120.00000000000000        8.1051359469100359E-003  -1.9791739367376439E-003   4.8965085867483404E-004   2.8262405541117672E-002  -8.0689139591768419E-021
   125.00000000000000        8.5809790129762267E-003  -2.1751462208180949E-003   5.5744358422470076E-004   2.9681601364165474E-002  -2.9721869897818853E-020
   130.00000000000000        8.7834694656471132E-003  -2.3093759736576920E-003   6.1302092886548381E-004   3.0076301401942267E-002  -6.5923992756678008E-021
   135.00000000000000        9.2328586608026782E-003  -2.5141593982412362E-003   6.9025738907572682E-004   3.1369073446851400E-002  -2.1924741695466459E-020
   140.00000000000000        9.5162311432770777E-003  -2.6813175413643573E-003   7.6098691924453223E-004   3.2039535894006203E-002   1.1931581798041249E-020
   145.00000000000000        9.7348229446902954E-003  -2.8352600706441130E-003   8.3116772029030771E-004   3.2450771248856307E-002   2.2379941963381561E-020
   150.00000000000000        9.8800968650059641E-003  -2.9715150345933860E-003   8.9907045294045920E-004   3.2603259214574944E-002   2.3212454500418974E-020
   155.00000000000000        9.8430337656850338E-003  -3.0541199616626402E-003   9.5302512011020773E-004   3.2151911744306608E-002   5.2783387892132092E-020
   160.00000000000000        9.7968334285482295E-003  -3.1330620096233805E-003   1.0074276166694980E-003   3.1674578631010433E-002   3.5080426377236372E-020
   165.00000000000000        9.5557492361292781E-003  -3.1468042486559773E-003   1.0418710396197920E-003   3.0547211181250589E-002  -5.0803021006766557E-021
   170.00000000000000        9.3857981849494506E-003  -3.1799789224092930E-003   1.0831846188695882E-003   2.9679605949900840E-002   1.1234368091174315E-020
   175.00000000000000        9.0204376258637194E-003  -3.1414622635184825E-003   1.1000683782543511E-003   2.8213020527936596E-002   7.8943181693066827E-021
   180.00000000000000        8.7303843731583539E-003  -3.1228810253002546E-003   1.1233675502800226E-003   2.7009732005872235E-002   1.9512838045011398E-020
   185.00000000000000        8.1989806003719308E-003  -3.0093605096571754E-003   1.1111867590445966E-003   2.5095125980675839E-002  -1.6516568587532942E-020
   190.00000000000000        7.7344317565678899E-003  -2.9108059376550801E-003   1.1024517570515074E-003   2.3420327925033908E-002  -3.1855897317489932E-021
   195.00000000000000        7.1283425193486294E-003  -2.7479743532379400E-003   1.0667163559423733E-003   2.1357121606261367E-002   3.8896560561715723E-020
   200.00000000000000        6.6270641092568720E-003  -2.6151832558728321E-003   1.0397883670920332E-003   1.9630719519698955E-002  -2.3471127815995306E-021
   205.00000000000000        6.1092153339297366E-003  -2.4658313355331658E-003   1.0034710301840212E-003   1.7897411174521184E-002   3.0018127854927894E-020
   210.00000000000000        5.5425529348959324E-003  -2.2858972068686896E-003   9.5138645084897862E-004   1.6066503399141036E-002   2.5347247146884356E-020
   215.00000000000000        4.9933318470621550E-003  -2.1024210676319640E-003   8.9425163094893805E-004   1.4342975970449121E-002  -1.3175337175393155E-021
   220.00000000000000        4.4518242973732025E-003  -1.9116578957443298E-003   8.3031888317928754E-004   1.2685743698786927E-002   1.7327729735272641E-020
   225.00000000000000        3.9927210929198475E-003  -1.7474588190961207E-003   7.7460812711953016E-004   1.1261206575121930E-002   2.1377173643688659E-020
   230.00000000000000        3.6136890799193392E-003  -1.6112284399455654E-003   7.2856701762796230E-004   1.0130309959545709E-002   1.4238616861408640E-020
   235.00000000000000        3.2195375827162691E-003  -1.4606318663533686E-003   6.7314088688059015E-004   8.9440623355251971E-003   1.4743135079319836E-020
   240.00000000000000        2.8749409410373065E-003  -1.3262586976871343E-003   6.2258445878115611E-004   7.9487221459139147E-003   2.7731137127775834E-021
   245.00000000000000        2.5596566014892026E-003  -1.1996732194464778E-003   5.7325265716856773E-004   7.0542725962178063E-003   5.8450224811084265E-021
   250.00000000000000        2.3363722232287742E-003  -1.1130922296069942E-003   5.4148825523762576E-004   6.4052483546828886E-003   6.1156371544252364E-021
   255.00000000000000        2.0529293352219940E-003  -9.9166576272455764E-004   4.9031768253617177E-004   5.5866345970042881E-003  -3.8666395348593709E-021
   260.00000000000000        1.8299778730638697E-003  -8.9631532729708815E-004   4.5037359716771735E-004   4.9764129380909603E-003  -2.0226273590921956E-021
   265.00000000000000        1.6362304079680602E-003  -8.1225927452569435E-004   4.1460194074158230E-004   4.4320657178094757E-003   7.5314844544866799E-021
   270.00000000000000        1.5438847306903172E-003  -7.7934436300793411E-004   4.0485587430159816E-004   4.1916466439342707E-003   5.2799251726899336E-022
   275.00000000000000        1.3542633064625976E-003  -6.9132197412096819E-004   3.6422917416914898E-004   3.6725343096753078E-003   4.0867040126809039E-022
   280.00000000000000        1.3238602952403869E-003  -6.8889095098129995E-004   3.6985552043144912E-004   3.6154096018634141E-003  -3.7711075400515999E-022
   285.00000000000000        1.1854870379597493E-003  -6.2450939635014724E-004   3.4019866943634197E-004   3.2095145352659142E-003   5.3596648052639299E-022
   290.00000000000000        1.1130826553853385E-003  -5.9580097348840486E-004   3.3001615280044599E-004   3.0108475892062876E-003   2.3448141658558088E-021
   295.00000000000000        1.0343050685349491E-003  -5.6204029686362676E-004   3.1634402347644857E-004   2.7942760494713481E-003   4.6397606937268111E-021
   300.00000000000000        9.8552161905737052E-004  -5.4483354262559625E-004   3.1198786038148671E-004   2.6845552938008859E-003   4.9920351482063748E-021
   305.00000000000000        9.2727321456633198E-004  -5.2098734476037118E-004   3.0328946801723992E-004   2.4992817916849601E-003   8.2566964108793055E-022
   310.00000000000000        8.6973318475450328E-004  -4.9650224917932996E-004   2.9376293559747329E-004   2.3328204506097181E-003   1.7532975322755454E-021
   315.00000000000000        8.5304360011535601E-004  -4.9666649155180099E-004   2.9931350885316224E-004   2.3058817484939826E-003   1.8163768018130280E-021
   320.00000000000000        7.2535297568700869E-004  -4.2549882260412280E-004   2.5924547658248465E-004   1.9395452931909828E-003   6.3631403680496382E-022
   325.00000000000000        7.9753950195513706E-004  -4.8171917095602112E-004   3.0057971890458683E-004   2.1450417314704557E-003   3.1102075715244891E-021
   330.00000000000000        6.7066948223675914E-004  -4.0800791295865702E-004   2.5729997190164391E-004   1.7700305888575267E-003  -1.2300932525078135E-022
   335.00000000000000        6.9214532121614116E-004  -4.3113462435662294E-004   2.7743719619157932E-004   1.8366822258095202E-003   1.6816105591362964E-021
   340.00000000000000        6.5138065227136725E-004  -4.1233413850123721E-004   2.6952983261216385E-004   1.7159616144695540E-003  -1.5486696354248751E-022
   345.00000000000000        6.1929834891108428E-004  -3.9866087458947892E-004   2.6478162126777476E-004   1.6232139188595447E-003  -1.3251220015811059E-021
   350.00000000000000        6.1286703299361111E-004  -4.0223996482377760E-004   2.7182843107233587E-004   1.6059129499634609E-003   1.3478112952943193E-021
   355.00000000000000        5.9059436751474797E-004  -3.9436985819585937E-004   2.7080469616205154E-004   1.5302210194721999E-003  -1.3677216164554073E-021
   360.00000000000000        5.5700391429833272E-004  -3.7782266029668619E-004   2.6335837097136793E-004   1.4252305060391708E-003   1.4543044745029822E-023
   365.00000000000000        5.4552809612764554E-004  -3.7665680917747324E-004   2.6678789990648797E-004   1.3927871604571245E-003   5.7657364170404045E-022
   370.00000000000000        5.8822528005969803E-004  -4.1525314997101941E-004   2.9959325318883992E-004   1.5006436160765408E-003  -5.4686174981737014E-022
   375.00000000000000        4.6173053405242526E-004  -3.2770926174538809E-004   2.3853780709953649E-004   1.1452785427157500E-003  -7.6897367685535833E-022
   380.00000000000000        4.6559529159643083E-004  -3.3660637254880505E-004   2.4899704096419627E-004   1.1744394782785606E-003   1.7629674957885414E-021
   385.00000000000000        5.0864277075930785E-004  -3.7564875463759511E-004   2.8281504744154408E-004   1.2619114565932874E-003  -2.4626501107506932E-022
   390.00000000000000        4.7960095443050571E-004  -3.5922096397346138E-004   2.7411532113111537E-004   1.1910772430842357E-003   5.8796221410669497E-022
   395.00000000000000        4.6197876823674021E-004  -3.5113492657376321E-004   2.7164493284123137E-004   1.1178993509432099E-003   1.1385965301502091E-021
   400.00000000000000        4.5768619361820693E-004  -3.5326490162019745E-004   2.7715383098371232E-004   1.0971102857882970E-003  -1.3377975606188229E-022
   405.00000000000000        4.5684104987732686E-004  -3.5801091257379325E-004   2.8479330001608390E-004   1.0792733439054189E-003  -5.5023033601892069E-022
   410.00000000000000        4.7454704298575007E-004  -3.7786684041213727E-004   3.0488801976567587E-004   1.1259165705691551E-003   2.3577886973806260E-021
   415.00000000000000        4.1139050631001949E-004  -3.3088198757400721E-004   2.6987381937370328E-004   9.4833347546844509E-004  -2.7432367902826726E-022
   420.00000000000000        4.0040170195495227E-004  -3.2638229389711943E-004   2.6958118025495540E-004   9.3063379639996653E-004   5.1321201719536759E-022
   425.00000000000000        3.7287531196565469E-004  -3.0753986261624548E-004   2.5698311131855460E-004   8.5039458726223665E-004  -2.8255651436778358E-022
   430.00000000000000        3.8089007247063691E-004  -3.1865289387761033E-004   2.6974813224443051E-004   8.4850561185993896E-004   4.8670180061492754E-022
   435.00000000000000        3.7852277576734804E-004  -3.2084116196656498E-004   2.7495161578413219E-004   8.4459557389730334E-004  -1.2867375173375295E-021
   440.00000000000000        3.7752924681623638E-004  -3.2414488734748911E-004   2.8116378892572034E-004   8.3751158305892079E-004   6.1705041116775632E-022
   445.00000000000000        3.3564631889040799E-004  -2.9099741699330776E-004   2.5498639892941371E-004   7.5213982498460166E-004   3.3229854253028271E-022
   450.00000000000000        3.0885570081140839E-004  -2.7056156447550822E-004   2.3957500514733873E-004   6.7580274104487973E-004  -7.3209760113305889E-023
   455.00000000000000        3.6623527663627131E-004  -3.2615661149280022E-004   2.9293400430217565E-004   7.9110042158437341E-004  -1.3413267380301306E-022
   460.00000000000000        3.4018371419462681E-004  -3.0611968133010783E-004   2.7781687501002869E-004   7.3187146470874310E-004  -2.6328999790586264E-022
   465.00000000000000        3.3257835765152752E-004  -3.0269843295142065E-004   2.7774720825040922E-004   7.0073809870192674E-004   4.7078135928066222E-023
   470.00000000000000        3.4105189397230345E-004  -3.1422514212695268E-004   2.9165786577178734E-004   7.2857679158150248E-004  -2.0968727025861166E-022
   475.00000000000000        2.7081945635396443E-004  -2.5114018904329763E-004   2.3491749760182169E-004   5.4744855772321317E-004  -3.8142405958922994E-022
   480.00000000000000        3.0454320587917520E-004  -2.8644088485930150E-004   2.7136672841820790E-004   6.2304247885007534E-004   3.4794019420916563E-022
   485.00000000000000        3.0451546709002030E-004  -2.8967202844781077E-004   2.7741697362138333E-004   6.2309230005671819E-004   1.3165893562763152E-021
   490.00000000000000        2.3879798920017447E-004  -2.2852338833707098E-004   2.2044320275268776E-004   4.8323697666891784E-004  -8.1590795339367795E-023
   495.00000000000000        2.7879376491323421E-004  -2.7071441092888117E-004   2.6455707492626876E-004   5.6032484097662564E-004  -1.2945652464335490E-021
   500.00000000000000        2.3789033260082464E-004  -2.3280467777161610E-004   2.2941889965012125E-004   4.6605635878043235E-004   6.5424966929806607E-022
