   3.0000000000000000        0.0000000000000000        0.0000000000000000        0.0000000000000000        0.0000000000000000        0.0000000000000000     
   6.0000000000000000        0.0000000000000000        0.0000000000000000        0.0000000000000000        0.0000000000000000        0.0000000000000000     
   9.0000000000000000        2.2604162188833275E-005  -1.2417148845630259E-006   1.3982048024790775E-006   1.1992834665030546E-004   4.9887213345102793E-005
   12.000000000000000        3.3195729474685291E-005  -2.2090514129322632E-006   2.1276116498548786E-006   1.7610013166344821E-004   7.3267576302778789E-005
   15.000000000000000        7.5704738716922382E-005  -5.6658663073575556E-006   4.8200717711417942E-006   4.0018444868493034E-004   1.6643884920695376E-004
   18.000000000000000        7.7218657417531158E-004  -6.4711801310045984E-005   4.9515090405655668E-005   4.0716943952351144E-003   1.6930255570136788E-003
   21.000000000000000        5.4717948112031605E-003  -5.0607794543620151E-004   3.5310018757210251E-004   2.8687024867850689E-002   1.1922702894632225E-002
   24.000000000000000        1.4192070005403009E-002  -1.4398356295690867E-003   9.2886406398763892E-004   7.3860882753977730E-002   3.0681424088165935E-002
   27.000000000000000        1.9379235240815026E-002  -2.1475546490332463E-003   1.2947562764895725E-003  0.10006815361288242        4.1547266391220972E-002
   30.000000000000000        2.1734830365102088E-002  -2.6225771327752249E-003   1.4927785889480127E-003  0.11145843675150745        4.6258770692852939E-002
   33.000000000000000        2.3110075497837990E-002  -3.0216478658515651E-003   1.6375980134862623E-003  0.11779951961193104        4.8875678325203863E-002
   36.000000000000000        2.4808880127919417E-002  -3.5069839456080610E-003   1.8276279442722288E-003  0.12610923921148870        5.2318745406205069E-002
   39.000000000000000        2.6854082011359491E-002  -4.0710155518437641E-003   2.0514617699128727E-003  0.13594652521160702        5.6387390820131680E-002
   42.000000000000000        2.8918942837106817E-002  -4.6815951776985418E-003   2.2968520192512250E-003  0.14600416746488085        6.0549772768925460E-002
   45.000000000000000        3.0814152921741986E-002  -5.3087077662676008E-003   2.5490654030282242E-003  0.15511756726023121        6.4317357612181505E-002
   48.000000000000000        3.2507301783938160E-002  -5.9331514078027805E-003   2.8010310932788133E-003  0.16313004850613172        6.7624326830201281E-002
   51.000000000000000        3.4417193671032013E-002  -6.6401563180557479E-003   3.0954908999899569E-003  0.17221220900299164        7.1373037387945926E-002
   54.000000000000000        3.4987569128256173E-002  -7.1028868041347849E-003   3.2749737438530222E-003  0.17435152605792431        7.2237811674756847E-002
   57.000000000000000        3.6399898653802928E-002  -7.7721770668025165E-003   3.5623860653723853E-003  0.18069573181917462        7.4842432114596485E-002
   60.000000000000000        3.6495583690765582E-002  -8.1630594707398224E-003   3.7248606295289858E-003  0.18036721852148987        7.4678383068660759E-002
   63.000000000000000        3.6547203767933543E-002  -8.5502959625149352E-003   3.8942991028060908E-003  0.17970817410663090        7.4372605125183774E-002
   66.000000000000000        3.6104838275283498E-002  -8.8152050758824197E-003   4.0153039801459770E-003  0.17670797236912675        7.3099912407013454E-002
   69.000000000000000        3.5076978451778242E-002  -8.9204920217957270E-003   4.0686687152442502E-003  0.17073220677886658        7.0593219638949434E-002
   72.000000000000000        3.3726165814758069E-002  -8.9227803133115208E-003   4.0846443156775901E-003  0.16328753828324039        6.7480432904783269E-002
   75.000000000000000        3.3091451490346736E-002  -9.0935579384032825E-003   4.1810798874334903E-003  0.15938684470643369        6.5835691838788124E-002
   78.000000000000000        3.0856872536990796E-002  -8.7830263927708707E-003   4.0601064682431786E-003  0.14755694837271874        6.0907373778343613E-002
   81.000000000000000        3.0224994027662221E-002  -8.9122585909045832E-003   4.1471336737317586E-003  0.14393223138634118        5.9385830456831851E-002
   84.000000000000000        2.8139407305485090E-002  -8.5814698629352610E-003   4.0251154403691753E-003  0.13321304796048811        5.4929388360128312E-002
   87.000000000000000        2.6654678560507249E-002  -8.3944565847587967E-003   3.9697688399236326E-003  0.12546094738437205        5.1702093261466103E-002
   90.000000000000000        2.4803845110846139E-002  -8.0552306708612017E-003   3.8399090913812765E-003  0.11600629274350305        4.7776562511017855E-002
   93.000000000000000        2.2732923688361110E-002  -7.6002659116065768E-003   3.6565710932461915E-003  0.10562355067297623        4.3470969691186072E-002
   96.000000000000000        2.0911427256055586E-002  -7.1927340826901604E-003   3.4958240087349934E-003   9.6524339501140810E-002   3.9697459099305332E-002
   99.000000000000000        1.9417268059374472E-002  -6.8700287956816701E-003   3.3756481441967628E-003   8.9151656810654026E-002   3.6642927897085058E-002
   102.00000000000000        1.7741960591382146E-002  -6.4523207581912798E-003   3.2039017754198818E-003   8.0932206226481576E-002   3.3241737658580579E-002
   105.00000000000000        1.5978190769693052E-002  -5.9611629113105738E-003   2.9933981686551376E-003   7.2427434060972906E-002   2.9727397871453298E-002
   108.00000000000000        1.4913890972603646E-002  -5.7054099554309963E-003   2.8959691429690376E-003   6.7180461974748543E-002   2.7555872209521066E-002
   111.00000000000000        1.3059444474339025E-002  -5.1184791297644080E-003   2.6277919134588728E-003   5.8438004282900753E-002   2.3952375397529372E-002
   114.00000000000000        1.1727821267975102E-002  -4.6933855981848172E-003   2.4381704348515427E-003   5.2124330408411294E-002   2.1348254064164143E-002
   117.00000000000000        1.0627796014023850E-002  -4.3554811002377162E-003   2.2888197463547992E-003   4.6978792796354585E-002   1.9229295143664008E-002
   120.00000000000000        9.6635046243108581E-003  -4.0421114349864073E-003   2.1496259800337803E-003   4.2349347889056199E-002   1.7317679053550857E-002
   123.00000000000000        8.7674383444024361E-003  -3.7433834310493571E-003   2.0138194861363088E-003   3.8200926640022580E-002   1.5612366255028837E-002
   126.00000000000000        7.7035481017401798E-003  -3.3561562790972691E-003   1.8280687844344106E-003   3.3268938024285273E-002   1.3583139744681047E-002
   129.00000000000000        6.9880624052001804E-003  -3.0903202553626227E-003   1.7048797425842943E-003   2.9987739568748759E-002   1.2234353602246241E-002
   132.00000000000000        6.1744120023324569E-003  -2.7764836045078727E-003   1.5502110678085254E-003   2.6339299105657420E-002   1.0738581456264539E-002
   135.00000000000000        5.5072719069928821E-003  -2.5381114444437518E-003   1.4340246752696116E-003   2.3358466839733614E-002   9.5176024206083103E-003
   138.00000000000000        5.0853448148655469E-003  -2.3646876999970068E-003   1.3523536808054636E-003   2.1438337546777854E-002   8.7295808584075107E-003
   141.00000000000000        4.4156925849286521E-003  -2.0858865184667660E-003   1.2059888743347869E-003   1.8452706825446932E-002   7.5079608029824914E-003
   144.00000000000000        4.0719430818996153E-003  -1.9517024254972885E-003   1.1458055183586862E-003   1.6971893736525554E-002   6.9014294280310591E-003
   147.00000000000000        3.8015276261961673E-003  -1.8438727511083228E-003   1.0947120202846718E-003   1.5709367753275239E-002   6.3824447909424627E-003
   150.00000000000000        3.5602537855623497E-003  -1.7472294719886082E-003   1.0495241395636959E-003   1.4673581568502824E-002   5.9606174590588141E-003
   153.00000000000000        3.2835466891738539E-003  -1.6410699357302014E-003   9.9852263647161148E-004   1.3431888640281260E-002   5.4515369136847042E-003
   156.00000000000000        2.9380929881196948E-003  -1.4781200076803974E-003   9.1090883322929262E-004   1.1932643028433800E-002   4.8392303452198622E-003
   159.00000000000000        2.6731452842240224E-003  -1.3698342498839387E-003   8.5405122182716545E-004   1.0843125191765696E-002   4.3967493384035614E-003
   162.00000000000000        2.6830044591224984E-003  -1.3824155501796890E-003   8.7109441565301514E-004   1.0797450074733742E-002   4.3754717391468138E-003
   165.00000000000000        2.3005116535716984E-003  -1.2087134088422855E-003   7.7152682777965810E-004   9.2969259606977567E-003   3.7689395678366031E-003
   168.00000000000000        2.4313788909149855E-003  -1.2681624290492627E-003   8.2027884352947394E-004   9.7391135138420945E-003   3.9446079713972284E-003
   171.00000000000000        2.3013145188618771E-003  -1.2231987816440578E-003   8.0200515427338471E-004   9.1717113575640608E-003   3.7121988394417647E-003
   174.00000000000000        2.1754477914813272E-003  -1.1609165247068929E-003   7.7023185993358573E-004   8.5901630853678652E-003   3.4735096040196941E-003
   177.00000000000000        2.0320366908606483E-003  -1.1042137690340391E-003   7.4267738590673513E-004   8.0572973509005497E-003   3.2591058809078371E-003
   180.00000000000000        1.9190536459020384E-003  -1.0514392567523947E-003   7.1510843175914384E-004   7.5848073218845275E-003   3.0674129763416011E-003
   183.00000000000000        1.9679309067156554E-003  -1.0804112633204833E-003   7.4301554349489067E-004   7.7289075079142429E-003   3.1243692651400936E-003
   186.00000000000000        1.8630883744498057E-003  -1.0354609498508800E-003   7.2200009157536967E-004   7.2191887604757662E-003   2.9134319172087249E-003
   189.00000000000000        1.8216083465369139E-003  -1.0186906840834202E-003   7.1832366839718665E-004   7.1096343721466530E-003   2.8716712140500387E-003
   192.00000000000000        1.6262647304205340E-003  -9.2541086190600207E-004   6.6048534789252137E-004   6.2707526753483659E-003   2.5294484288419612E-003
   195.00000000000000        1.7842389186297145E-003  -1.0235546885194709E-003   7.4079295123059689E-004   6.9062465414123113E-003   2.7869126359547766E-003
   198.00000000000000        1.5736827367231481E-003  -9.1053119326794767E-004   6.6463180971255682E-004   5.9820832338113609E-003   2.4095834846476435E-003
   201.00000000000000        1.6257168510262429E-003  -9.6203710182448505E-004   7.1159370651640924E-004   6.2492075021723928E-003   2.5195289651456110E-003
   204.00000000000000        1.6338200418107207E-003  -9.7272135266104952E-004   7.2783396426938959E-004   6.3122712284756598E-003   2.5470688959305385E-003
   207.00000000000000        1.5684090398410792E-003  -9.3851866042597091E-004   7.0885482089769213E-004   5.9436414327244660E-003   2.3934352420163030E-003
   210.00000000000000        1.5337564212138221E-003  -9.3020940988778223E-004   7.1145447277625470E-004   5.8133554488839527E-003   2.3406414270436804E-003
   213.00000000000000        1.5749387880020416E-003  -9.7449909719523773E-004   7.5149102849776173E-004   6.0049107186376932E-003   2.4198087297526822E-003
   216.00000000000000        1.4858105414472826E-003  -9.1233606909308556E-004   7.1399735842635496E-004   5.5197003794787260E-003   2.2172853155386554E-003
   219.00000000000000        1.4814902519586681E-003  -9.2154730289783278E-004   7.2869379336678252E-004   5.5216010803564005E-003   2.2190836612306559E-003
   222.00000000000000        1.6563875836406090E-003  -1.0440598229476867E-003   8.3454124208050143E-004   6.2007074545464566E-003   2.4936530785466485E-003
   225.00000000000000        1.4336496391054857E-003  -9.1924746219434550E-004   7.4149565292191977E-004   5.3139001424136684E-003   2.1347012383156664E-003
   228.00000000000000        1.3395662891598826E-003  -8.7025848968691119E-004   7.0956264875996888E-004   4.9951804463102640E-003   2.0085256997969289E-003
   231.00000000000000        1.5656752665564248E-003  -1.0291446199485366E-003   8.4787065100607058E-004   5.8536394186176630E-003   2.3542747120322760E-003
   234.00000000000000        1.3658871206335109E-003  -8.9075191971547724E-004   7.4501193265799094E-004   4.9846707271477778E-003   1.9983850999703207E-003
   237.00000000000000        1.4454520668040654E-003  -9.5560287657667643E-004   8.0776730418728542E-004   5.2779270173147416E-003   2.1159767060155523E-003
   240.00000000000000        1.5122497406071193E-003  -1.0225911641084350E-003   8.7073901150207310E-004   5.5997770432911972E-003   2.2490590808189872E-003
   243.00000000000000        1.5367500811735613E-003  -1.0382263562164196E-003   8.9325203844357643E-004   5.5384068771432322E-003   2.2170339580386222E-003
   246.00000000000000        1.5672852556574076E-003  -1.0781295513935026E-003   9.3329716586377349E-004   5.6959140646930615E-003   2.2835764958884044E-003
   249.00000000000000        1.4116929498116479E-003  -9.6761337600665711E-004   8.5048145557549382E-004   4.9803205448181644E-003   1.9888084592639315E-003
   252.00000000000000        1.3501655498096173E-003  -9.4218068876047848E-004   8.3771108886121536E-004   4.8439148581802165E-003   1.9378832057803809E-003
   255.00000000000000        1.3388696931750381E-003  -9.4760992664404185E-004   8.4576160956537560E-004   4.7452482877518281E-003   1.8960794973931884E-003
   258.00000000000000        1.4043573690417103E-003  -9.8682315464521651E-004   8.9145891340649825E-004   4.8502408127663313E-003   1.9318817601216562E-003
   261.00000000000000        1.4005998097603759E-003  -1.0010241099274689E-003   9.1146690145237855E-004   4.8873454496142811E-003   1.9496584261453559E-003
   264.00000000000000        1.4951530532575014E-003  -1.0842383616867925E-003   1.0012466286606566E-003   5.2361594514599734E-003   2.0888568970544017E-003
   267.00000000000000        1.2392142224859593E-003  -9.0868556415395197E-004   8.4501808723826610E-004   4.3627403464355638E-003   1.7419192536081470E-003
   270.00000000000000        1.1978515858684896E-003  -8.8977094634313690E-004   8.3289591937855999E-004   4.1592363806556747E-003   1.6577286104420669E-003
   273.00000000000000        1.5237552355392150E-003  -1.1403456356649691E-003   1.0828626982688871E-003   5.3275521797846127E-003   2.1246381265050294E-003
   276.00000000000000        1.3845687135493597E-003  -1.0458748699283000E-003   9.9906613766182189E-004   4.8647375037767851E-003   1.9425849397924006E-003
   279.00000000000000        1.4451457846458139E-003  -1.1017888360890027E-003   1.0643050305726603E-003   5.0028997033846308E-003   1.9927551683715482E-003
   282.00000000000000        1.5212308519389625E-003  -1.1908018217559569E-003   1.1600591691097800E-003   5.4052562964864003E-003   2.1597934643227804E-003
   285.00000000000000        1.2218038327718680E-003  -9.4357647456364165E-004   9.2437672151664924E-004   4.1045851727846173E-003   1.6294163691456082E-003
   288.00000000000000        1.3712639538568567E-003  -1.0704851716550419E-003   1.0636363829642146E-003   4.6988150585524817E-003   1.8696327209247988E-003
   291.00000000000000        1.5192501092308229E-003  -1.2253569288795682E-003   1.2261530261701219E-003   5.3422485880052929E-003   2.1322461153359552E-003
   294.00000000000000        1.1362201788420576E-003  -9.0545226797999405E-004   9.1568982316225192E-004   3.8523644726130286E-003   1.5305468380869198E-003
   297.00000000000000        1.3457842701422040E-003  -1.0829160969251972E-003   1.1078605790896888E-003   4.5899061259706518E-003   1.8244021743089158E-003
   300.00000000000000        1.1655755046196508E-003  -9.4236264129296207E-004   9.6881074330933765E-004   3.9119394095641774E-003   1.5525613328942365E-003
