   5.0000000000000000        2.1677572330826633E-004  -5.3054124318640286E-005   1.7007730999726518E-005   1.8531038313522265E-003   8.9884686982557075E-004
   10.000000000000000        2.3422835154104306E-004  -5.7885144595830161E-005   1.8673355648465907E-005   1.9978958526247169E-003   9.6899204500784620E-004
   15.000000000000000        2.5229218143107100E-004  -6.2949454679111984E-005   2.0434536404261186E-005   2.1472460039034715E-003   1.0413349434992727E-003
   20.000000000000000        2.7091268903422686E-004  -6.8236834242268448E-005   2.2289250559656298E-005   2.3006617016903168E-003   1.1156361102174638E-003
   25.000000000000000        2.9002869510048212E-004  -7.3734820682329761E-005   2.4234624514881739E-005   2.4575980155988786E-003   1.1916307903689820E-003
   30.000000000000000        3.0984480487120705E-004  -7.9443930518330606E-005   2.6271229226101353E-005   2.6199177808981615E-003   1.2702250968597724E-003
   35.000000000000000        3.4312245094480988E-004  -8.6285204807366844E-005   2.8635444634959720E-005   2.9149620777690396E-003   1.4134669040338816E-003
   40.000000000000000        4.9833622940661311E-004  -1.0329269967361314E-004   3.3511886638963351E-005   4.3891870641148316E-003   2.1309071368477662E-003
   45.000000000000000        6.8349611638178747E-004  -1.2580626938764062E-004   3.9552132433899327E-005   6.1379830834500954E-003   2.9819991427844643E-003
   50.000000000000000        9.2329647780306403E-004  -1.5725745374543703E-004   4.7587062179871126E-005   8.3934359383511549E-003   4.0796827323444952E-003
   55.000000000000000        1.2778734014919216E-003  -2.0626018023367265E-004   5.9669805148940569E-005   1.1749941787298971E-002   5.7135088944489584E-003
   60.000000000000000        1.6349337793529870E-003  -2.6224781905889494E-004   7.3511994907156559E-005   1.5068315660051339E-002   7.3280165395253772E-003
   65.000000000000000        2.1853379865670627E-003  -3.5049381251414094E-004   9.5200963364235752E-005   2.0177501202336554E-002   9.8136492277139664E-003
   70.000000000000000        2.7501435809277153E-003  -4.5127124881752826E-004   1.2044176323157491E-004   2.5312434266983680E-002   1.2310371605440351E-002
   75.000000000000000        3.3659243970078877E-003  -5.7107767125632875E-004   1.5116995950470761E-004   3.0850443619394222E-002   1.5001983187067251E-002
   80.000000000000000        3.9435673666422966E-003  -6.9565524048346311E-004   1.8438158313310738E-004   3.5867529167169579E-002   1.7437910484458283E-002
   85.000000000000000        4.6136103519348647E-003  -8.4772901094005287E-004   2.2590219795832431E-004   4.1663208478381258E-002   2.0251169161267669E-002
   90.000000000000000        5.2445445604776915E-003  -1.0056516100652602E-003   2.7080657584762730E-004   4.6989867149387063E-002   2.2834665934408842E-002
   95.000000000000000        5.9061333434007081E-003  -1.1824669345509924E-003   3.2265804906027545E-004   5.2522326137498659E-002   2.5516751660694226E-002
   100.00000000000000        6.4808888124816234E-003  -1.3536353363174936E-003   3.7570097362473061E-004   5.7177136167920667E-002   2.7770620685837667E-002
   105.00000000000000        7.0576162274632800E-003  -1.5366789473925326E-003   4.3431615714636793E-004   6.1713511858455208E-002   2.9964852871102676E-002
   110.00000000000000        7.6414181801521550E-003  -1.7328497653125580E-003   4.9973742213346251E-004   6.6331427915846730E-002   3.2198122679981116E-002
   115.00000000000000        8.1208908529937160E-003  -1.9153038278864293E-003   5.6430811425913819E-004   6.9869039425392007E-002   3.3904278063097447E-002
   120.00000000000000        8.6093878213026522E-003  -2.1097311267690658E-003   6.3588294490592439E-004   7.3510912347200016E-002   3.5660259532350053E-002
   125.00000000000000        9.1252871682067551E-003  -2.3220685425601375E-003   7.1552007591267792E-004   7.7303930184778116E-002   3.7488363554166911E-002
   130.00000000000000        9.3625849084409563E-003  -2.4677515141428171E-003   7.7848113544136746E-004   7.8447060174809888E-002   3.8026647260408046E-002
   135.00000000000000        9.8427322011808427E-003  -2.6887257206600953E-003   8.6788026803615286E-004   8.1941941829726861E-002   3.9708796494796805E-002
   140.00000000000000        1.0144895192417045E-002  -2.8676047989585427E-003   9.4807954993144077E-004   8.3842495881532392E-002   4.0615313868534966E-002
   145.00000000000000        1.0387599943147741E-002  -3.0347854796262896E-003   1.0270007440299166E-003   8.5068033622701586E-002   4.1192305750531656E-002
   150.00000000000000        1.0548624246382015E-002  -3.1828125594301885E-003   1.1025238097158874E-003   8.5628285925047898E-002   4.1446617332998835E-002
   155.00000000000000        1.0516822366504901E-002  -3.2718753812266085E-003   1.1601736553479346E-003   8.4599727823643694E-002   4.0931500671724151E-002
   160.00000000000000        1.0470510370375996E-002  -3.3559887818855874E-003   1.2180603435306483E-003   8.3508476127312145E-002   4.0386429892989087E-002
   165.00000000000000        1.0226566334759978E-002  -3.3719726104005630E-003   1.2522842388040252E-003   8.0694533872189403E-002   3.9006613329396353E-002
   170.00000000000000        1.0044611021813914E-002  -3.4093020265938447E-003   1.2945265500934194E-003   7.8573124476471010E-002   3.7964216036631707E-002
   175.00000000000000        9.6616204556330063E-003  -3.3665963136695720E-003   1.3075847290898526E-003   7.4841368376601519E-002   3.6143943168768858E-002
   180.00000000000000        9.3603706542816287E-003  -3.3498726393016596E-003   1.3288449758375809E-003   7.1790262096642882E-002   3.4654110518216312E-002
   185.00000000000000        8.7942959341268858E-003  -3.2259706182731253E-003   1.3079216847643911E-003   6.6839217205430873E-002   3.2249058901928924E-002
   190.00000000000000        8.3051755525027082E-003  -3.1181436942305878E-003   1.2914413167022364E-003   6.2497601747646285E-002   3.0139575062629417E-002
   195.00000000000000        7.6655419398767299E-003  -2.9455733360758307E-003   1.2447987165441874E-003   5.7095341490340526E-002   2.7521083867416356E-002
   200.00000000000000        7.1401493374533449E-003  -2.8042706495526718E-003   1.2087803828975305E-003   5.2577662851357350E-002   2.5329913279297192E-002
   205.00000000000000        6.5910870242706157E-003  -2.6456410169856883E-003   1.1622825114129434E-003   4.8027506890031622E-002   2.3125952060660881E-002
   210.00000000000000        5.9905641019446110E-003  -2.4512926722153605E-003   1.0983226499256410E-003   4.3188546600946245E-002   2.0785221476441539E-002
   215.00000000000000        5.4131351424651242E-003  -2.2540729452901784E-003   1.0283385648210410E-003   3.8598098139530357E-002   1.8567011477840126E-002
   220.00000000000000        4.8402173106416669E-003  -2.0484255230302211E-003   9.5155639142956606E-004   3.4168667358576071E-002   1.6429143782114679E-002
   225.00000000000000        4.3405144297477289E-003  -1.8746456946287376E-003   8.8559917399882646E-004   3.0396161993268417E-002   1.4608620605291237E-002
   230.00000000000000        3.9508626371474054E-003  -1.7266707860996678E-003   8.2974414113045930E-004   2.7337739645141100E-002   1.3133028416292743E-002
   235.00000000000000        3.5244449789560016E-003  -1.5658521364713854E-003   7.6478158525563364E-004   2.4172567779202299E-002   1.1607263629165275E-002
   240.00000000000000        3.1614829397637605E-003  -1.4196104528717210E-003   7.0483210667471644E-004   2.1477335436216625E-002   1.0309275850826900E-002
   245.00000000000000        2.8304343047691667E-003  -1.2848832069817274E-003   6.4716978980628619E-004   1.9045345778750517E-002   9.1392525144774646E-003
   250.00000000000000        2.5986546159865059E-003  -1.1904723695815040E-003   6.0921563530396251E-004   1.7284494129701965E-002   8.2907430582148424E-003
   255.00000000000000        2.2889712987280366E-003  -1.0635269114980083E-003   5.5106523503230948E-004   1.5088601080474877E-002   7.2345735599410130E-003
   260.00000000000000        2.0574864164845503E-003  -9.5902639743729290E-004   5.0449641419607002E-004   1.3412193512894188E-002   6.4288584019143698E-003
   265.00000000000000        1.8419643544504735E-003  -8.6918652759403485E-004   4.6327685732046716E-004   1.1949894719835076E-002   5.7265348366644471E-003
   270.00000000000000        1.7513739626695006E-003  -8.3502408805385389E-004   4.5074396549693590E-004   1.1272829275217540E-002   5.4015239869690821E-003
   275.00000000000000        1.5385344755386235E-003  -7.3832265912292337E-004   4.0443894323896682E-004   9.8745801191882088E-003   4.7309477766140562E-003
   280.00000000000000        1.5304075408849843E-003  -7.3361159089355078E-004   4.0825280700753080E-004   9.6621105477974721E-003   4.6279433937551689E-003
   285.00000000000000        1.3768532964766461E-003  -6.6586202741313418E-004   3.7565197762628154E-004   8.5818870218266601E-003   4.1081713545661619E-003
   290.00000000000000        1.3020465472279590E-003  -6.3546845935405190E-004   3.6307393196947609E-004   8.0356574145057751E-003   3.8454999526355391E-003
   295.00000000000000        1.2087371573485865E-003  -5.9862530369576220E-004   3.4695627999296506E-004   7.4607930925077543E-003   3.5701231957128094E-003
   300.00000000000000        1.1602792471456555E-003  -5.7944966591202561E-004   3.4075104654969160E-004   7.1417152120282750E-003   3.4180518966601230E-003
   305.00000000000000        1.1088819365156831E-003  -5.5497590513172985E-004   3.3078220315653733E-004   6.6341200878355638E-003   3.1716709087099911E-003
   310.00000000000000        1.0395087575854566E-003  -5.3000493831125589E-004   3.1992581072587368E-004   6.1987110448340505E-003   2.9627931294434438E-003
   315.00000000000000        1.0287523710558596E-003  -5.2844619361506280E-004   3.2440759947055807E-004   6.1025412108107078E-003   2.9168236736238544E-003
   320.00000000000000        8.7621697015352628E-004  -4.5511593490831507E-004   2.8134479658504364E-004   5.1414949321423320E-003   2.4560166182095973E-003
   325.00000000000000        9.7067952388533963E-004  -5.1252342677460564E-004   3.2439378634600098E-004   5.6673431753700571E-003   2.7071672226689253E-003
   330.00000000000000        8.2336420798020103E-004  -4.3747392146105819E-004   2.7835139008993185E-004   4.6819115086131242E-003   2.2335430678312954E-003
   335.00000000000000        8.4785385369277823E-004  -4.6006568379455229E-004   2.9880163705360433E-004   4.8557519713150433E-003   2.3172423717347655E-003
   340.00000000000000        8.0803667002447442E-004  -4.4053998799544624E-004   2.8992617844897053E-004   4.5266478409170573E-003   2.1581518150805877E-003
   345.00000000000000        7.7252516941420460E-004  -4.2837331257541554E-004   2.8475531029047027E-004   4.2787728904781098E-003   2.0391401253695251E-003
   350.00000000000000        7.6781260626390322E-004  -4.3064242291957953E-004   2.9131642449380980E-004   4.2275256977466575E-003   2.0142122869743337E-003
   355.00000000000000        7.4126498406225383E-004  -4.2367289587349506E-004   2.9027670662595183E-004   4.0347891422821318E-003   1.9211280617939680E-003
   360.00000000000000        7.0816878867421221E-004  -4.0704977493840222E-004   2.8208216670865866E-004   3.7515635865404649E-003   1.7838612844418237E-003
   365.00000000000000        6.9303867807129355E-004  -4.0644305265762710E-004   2.8543274433694832E-004   3.6687355621050806E-003   1.7443089667168619E-003
   370.00000000000000        7.5008652778559123E-004  -4.4835541856884625E-004   3.1997757092747776E-004   3.9488819493967804E-003   1.8772602379574441E-003
   375.00000000000000        5.9598628536947876E-004  -3.5649735936419682E-004   2.5559929670241103E-004   3.0180636428379696E-003   1.4315125599292959E-003
   380.00000000000000        5.9355326636156586E-004  -3.6444859176813337E-004   2.6566427166239921E-004   3.0973487319269580E-003   1.4714838896138810E-003
   385.00000000000000        6.5332000687890921E-004  -4.0746050379935868E-004   3.0177213842377327E-004   3.3305011349667470E-003   1.5801490388753709E-003
   390.00000000000000        6.2325127068575594E-004  -3.8945008252977539E-004   2.9163879059064036E-004   3.1304463724163519E-003   1.4843598615500977E-003
   395.00000000000000        6.0778257497267458E-004  -3.8120244430584773E-004   2.8949848822782461E-004   2.9405277060615860E-003   1.3911643016394637E-003
   400.00000000000000        6.0161931146509218E-004  -3.8463435717379463E-004   2.9531832128291350E-004   2.8914483787653403E-003   1.3673220784760113E-003
   405.00000000000000        6.0804630897130405E-004  -3.9169292495586430E-004   3.0348210660534293E-004   2.8394453275523740E-003   1.3405881551523690E-003
   410.00000000000000        6.2282472598720288E-004  -4.1299680773846552E-004   3.2464332620771471E-004   2.9750024108581370E-003   1.4061900657837208E-003
   415.00000000000000        5.4549626211662910E-004  -3.6340395191749626E-004   2.8784460528928174E-004   2.5099600953051859E-003   1.1833681254723376E-003
   420.00000000000000        5.3147473314020760E-004  -3.5687530637373789E-004   2.8654844847102813E-004   2.4581537879680279E-003   1.1593087930711196E-003
   425.00000000000000        4.9901257419824848E-004  -3.3874364083183673E-004   2.7387211605513315E-004   2.2477216594018524E-003   1.0585990828329093E-003
   430.00000000000000        5.1566743186533552E-004  -3.5305017840598713E-004   2.8777248085201890E-004   2.2430227958914984E-003   1.0538035705233732E-003
   435.00000000000000        5.0768679981768987E-004  -3.5556533801797831E-004   2.9302414817793207E-004   2.2397219281731760E-003   1.0531621294295576E-003
   440.00000000000000        5.1175001854578226E-004  -3.5858153277177821E-004   2.9904807923553529E-004   2.2144079335597541E-003   1.0398573354823020E-003
   445.00000000000000        4.4990957196492894E-004  -3.2145669857655356E-004   2.7104964402752655E-004   1.9938172855205908E-003   9.3782656183116157E-004
   450.00000000000000        4.1778138380732142E-004  -3.0040456152771608E-004   2.5519534734556057E-004   1.7931603999432044E-003   8.4167506775587010E-004
   455.00000000000000        5.0109972019061328E-004  -3.6271181608779450E-004   3.1179114688521315E-004   2.0947861067591683E-003   9.8156081037650595E-004
   460.00000000000000        4.6274540565067123E-004  -3.4021241167152776E-004   2.9573703759354976E-004   1.9443338197322377E-003   9.1128644498905740E-004
   465.00000000000000        4.5557802133150947E-004  -3.3755961202377809E-004   2.9579555466468171E-004   1.8633129195833739E-003   8.7142844853486630E-004
   470.00000000000000        4.6483058582800964E-004  -3.4923367789864272E-004   3.0963558332256587E-004   1.9359995020425190E-003   9.0677835235730296E-004
   475.00000000000000        3.7394849256063028E-004  -2.8142117531056269E-004   2.5087515923064312E-004   1.4623526947901942E-003   6.8143358288742242E-004
   480.00000000000000        4.2080406535463652E-004  -3.2067793234840866E-004   2.8880605512790394E-004   1.6597474454060955E-003   7.7410049354423381E-004
   485.00000000000000        4.2055731138119113E-004  -3.2336673107782199E-004   2.9497252935272041E-004   1.6604946875162176E-003   7.7446872695673412E-004
   490.00000000000000        3.3145249397163084E-004  -2.5703951519780215E-004   2.3470340228868311E-004   1.2878839413551250E-003   5.9997540121546340E-004
   495.00000000000000        3.8960269322729313E-004  -3.0312165105057277E-004   2.8106217566087148E-004   1.4907144320295278E-003   6.9367591308204524E-004
   500.00000000000000        3.3031580162687499E-004  -2.6220261765823625E-004   2.4440390915210540E-004   1.2493859686535736E-003   5.8055719853095762E-004
