   4.0000000000000000        0.0000000000000000        0.0000000000000000        0.0000000000000000        0.0000000000000000        0.0000000000000000     
   8.0000000000000000        0.0000000000000000        0.0000000000000000        0.0000000000000000        0.0000000000000000        0.0000000000000000     
   12.000000000000000        0.0000000000000000        0.0000000000000000        0.0000000000000000        0.0000000000000000        0.0000000000000000     
   16.000000000000000        1.0054262784615448E-006  -4.9211317928563119E-008   2.8352507066979350E-008   7.3665088866580895E-006   3.4139257418407578E-006
   20.000000000000000        8.8617624734409179E-007  -5.0025377003348835E-008   2.4244602352026633E-008   6.1886932092582391E-006   2.8631280525796597E-006
   24.000000000000000        2.5573130997854200E-005  -1.7347162745557661E-006   7.6007606288461000E-007   1.8430127238447418E-004   8.5361168715589972E-005
   28.000000000000000        5.9673545125802166E-004  -4.6275888515241444E-005   1.8451675688141614E-005   4.3124927030638444E-003   1.9975464160823147E-003
   32.000000000000000        2.8693816717736110E-003  -2.4889375467756364E-004   9.2241512551001452E-005   2.0542808823023732E-002   9.5121978250011872E-003
   36.000000000000000        4.7624061120784137E-003  -4.5926766243434671E-004   1.6099586272636009E-004   3.3814742670489409E-002   1.5653559514338417E-002
   40.000000000000000        6.2706303989960655E-003  -6.6807583951815038E-004   2.2459520070320030E-004   4.4230005683875216E-002   2.0470839150834971E-002
   44.000000000000000        7.6634315201859595E-003  -8.9467762585281182E-004   2.9141626055721552E-004   5.3689719298106495E-002   2.4843265002396298E-002
   48.000000000000000        8.6920771970358437E-003  -1.1034791862736823E-003   3.5164303125244443E-004   6.0527072297783736E-002   2.8000275134772108E-002
   52.000000000000000        1.0203746950264742E-002  -1.3987393850176224E-003   4.3926097982366623E-004   7.0581956003050228E-002   3.2642325352553750E-002
   56.000000000000000        1.1304407866075176E-002  -1.6625812344663537E-003   5.1752033436389816E-004   7.7630274906898181E-002   3.5890208608942036E-002
   60.000000000000000        1.2355438558670797E-002  -1.9421785250456358E-003   6.0263035146101887E-004   8.4281878211254740E-002   3.8952622996583662E-002
   64.000000000000000        1.3481019444050413E-002  -2.2538693192297168E-003   7.0038150158081912E-004   9.1389072473308755E-002   4.2223497877518161E-002
   68.000000000000000        1.4572418960412810E-002  -2.5826082311100410E-003   8.0637054179249937E-004   9.8139138661694075E-002   4.5326052243044430E-002
   72.000000000000000        1.5291821225266565E-002  -2.8623845295488591E-003   8.9998351337770128E-004  0.10226189399000961        4.7212645402310897E-002
   76.000000000000000        1.6530619793537382E-002  -3.2628141777275950E-003   1.0370386479912680E-003  0.10993455078288197        5.0737244275413852E-002
   80.000000000000000        1.7378330781671218E-002  -3.6044488455638248E-003   1.1599763838017938E-003  0.11489431494880048        5.3006807588678498E-002
   84.000000000000000        1.8299067710847564E-002  -3.9807908596247313E-003   1.2994054814596861E-003  0.12022722578620090        5.5444537831937028E-002
   88.000000000000000        1.8871317966404261E-002  -4.2957124102990180E-003   1.4238003414308246E-003  0.12321660124193382        5.6799739286385480E-002
   92.000000000000000        1.9315582293845404E-002  -4.5912609033123093E-003   1.5466692912155682E-003  0.12529524211238574        5.7732302386791556E-002
   96.000000000000000        1.9522301025112564E-002  -4.8373791779380846E-003   1.6590144651909976E-003  0.12577580957998882        5.7925115376685828E-002
   100.00000000000000        2.0202545252289754E-002  -5.2128118632836741E-003   1.8204614333768895E-003  0.12940957365805575        5.9572172619858019E-002
   104.00000000000000        1.9710937481238710E-002  -5.2786892548307854E-003   1.8776098916956654E-003  0.12510900858936969        5.7556803729652266E-002
   108.00000000000000        2.0039561860395447E-002  -5.5728844908376094E-003   2.0195722746400089E-003  0.12649877612811944        5.8170401295397925E-002
   112.00000000000000        1.9606338714148755E-002  -5.6488897051514891E-003   2.0874905461309825E-003  0.12291232785194027        5.6490373393511630E-002
   116.00000000000000        1.9350623580527290E-002  -5.7694840945069614E-003   2.1734868015693435E-003  0.12041439048851170        5.5310648095216221E-002
   120.00000000000000        1.8664929762320502E-002  -5.7524057482053487E-003   2.2079721361605020E-003  0.11521224716836083        5.2889664456826628E-002
   124.00000000000000        1.7725158282537498E-002  -5.6348067542247261E-003   2.2049806885985450E-003  0.10852878486025971        4.9791512139811277E-002
   128.00000000000000        1.6827584627841365E-002  -5.5151556246040368E-003   2.2003763540991966E-003  0.10221539777557824        4.6865576247434058E-002
   132.00000000000000        1.5908712249244041E-002  -5.3686018276048681E-003   2.1839435094015798E-003   9.5849853502965460E-002   4.3918977231376284E-002
   136.00000000000000        1.4946680792325733E-002  -5.1941745117811133E-003   2.1531022564447149E-003   8.9332472251045375E-002   4.0906425574615414E-002
   140.00000000000000        1.3680809802045547E-002  -4.8826750577039739E-003   2.0635446312726059E-003   8.0992942354098360E-002   3.7060802415740640E-002
   144.00000000000000        1.2966360473012995E-002  -4.7563368553629635E-003   2.0471018769041248E-003   7.6176798197573725E-002   3.4836032658979846E-002
   148.00000000000000        1.1544181116248638E-002  -4.3419434273487536E-003   1.9040852551133714E-003   6.7215427198134531E-002   3.0717022078704873E-002
   152.00000000000000        1.0433493601429871E-002  -4.0163679752064051E-003   1.7942479774310128E-003   6.0167836844354741E-002   2.7476973532258132E-002
   156.00000000000000        9.5122080612136325E-003  -3.7548591802637971E-003   1.7076642879873202E-003   5.4473214226420361E-002   2.4862133012176366E-002
   160.00000000000000        8.6859874130675637E-003  -3.5068355073386687E-003   1.6239208435928430E-003   4.9216919968747344E-002   2.2445204022416582E-002
   164.00000000000000        7.8373204908053877E-003  -3.2358493028176419E-003   1.5246958173270096E-003   4.3997245421325680E-002   2.0050593572660896E-002
   168.00000000000000        6.9113183629444944E-003  -2.9133008394689876E-003   1.3976883729206534E-003   3.8399825287026096E-002   1.7486223863739180E-002
   172.00000000000000        6.1186570085687945E-003  -2.6244670317080426E-003   1.2808027454273624E-003   3.3615995873563814E-002   1.5296787024889543E-002
   176.00000000000000        5.4343226606296960E-003  -2.3731294415247680E-003   1.1787665847205024E-003   2.9622922172128942E-002   1.3472391242471465E-002
   180.00000000000000        4.8134779772596370E-003  -2.1532919272724618E-003   1.0875051884342015E-003   2.6043737790841247E-002   1.1836212405557666E-002
   184.00000000000000        4.3958045179413058E-003  -1.9896091772298890E-003   1.0221848616326433E-003   2.3527203679791758E-002   1.0686259294468753E-002
   188.00000000000000        3.7478088753798320E-003  -1.7281815521651598E-003   9.0120986696678074E-004   1.9839032775009289E-002   9.0042436332557433E-003
   192.00000000000000        3.4300838207150771E-003  -1.5999806735930355E-003   8.5058815068014154E-004   1.8046902955687224E-002   8.1878448654797657E-003
   196.00000000000000        3.0887249221528343E-003  -1.4613744938704366E-003   7.8798117133390278E-004   1.6082990917024330E-002   7.2927979518374398E-003
   200.00000000000000        2.8463485020046083E-003  -1.3600688966365208E-003   7.4570547517160870E-004   1.4688037032966424E-002   6.6572809751321640E-003
   204.00000000000000        2.5235662748681552E-003  -1.2303079525095365E-003   6.8363843396967907E-004   1.2881418993213581E-002   5.8337618266014156E-003
   208.00000000000000        2.2959691671020147E-003  -1.1273212318916675E-003   6.3738687103847864E-004   1.1616811285630928E-002   5.2585358581844436E-003
   212.00000000000000        2.0247168742294473E-003  -1.0085472468376361E-003   5.7941912857776363E-004   1.0158613511705480E-002   4.5958074342739713E-003
   216.00000000000000        1.9805854085181681E-003  -9.9650539377811034E-004   5.7876182092647210E-004   9.9051119488608487E-003   4.4824889677326837E-003
   220.00000000000000        1.6779765409969322E-003  -8.5499190865889882E-004   5.0551149455968286E-004   8.3695181219458938E-003   3.7868176308834709E-003
   224.00000000000000        1.7878215979528461E-003  -9.0486633670942862E-004   5.4380882583926395E-004   8.8128297490546511E-003   3.9865723020986689E-003
   228.00000000000000        1.6333417501083829E-003  -8.4218798818441287E-004   5.1305630315294992E-004   7.9890930224341943E-003   3.6114670818031928E-003
   232.00000000000000        1.5360863859709612E-003  -7.9348422133364283E-004   4.9082882103037521E-004   7.3944319633560025E-003   3.3400437801462007E-003
   236.00000000000000        1.4304467932754487E-003  -7.5255446861997248E-004   4.7276371532781051E-004   6.9289272434472542E-003   3.1307504702345170E-003
   240.00000000000000        1.3885268936906377E-003  -7.3706187195421251E-004   4.6918813856113972E-004   6.7275567626092839E-003   3.0409122416993916E-003
   244.00000000000000        1.3591415185951168E-003  -7.1945974067068080E-004   4.6446503381596842E-004   6.4037132491882110E-003   2.8896570861454613E-003
   248.00000000000000        1.2880778377759071E-003  -6.9766081292857213E-004   4.5463004296769860E-004   6.0730697543881496E-003   2.7401922702048978E-003
   252.00000000000000        1.3056968437235921E-003  -7.0669169852256657E-004   4.6922928498350754E-004   6.1761900838261958E-003   2.7888917185218700E-003
   256.00000000000000        1.1019437232921581E-003  -6.0836378691129112E-004   4.0749200251232061E-004   5.1279645108357136E-003   2.3121488586908549E-003
   260.00000000000000        1.2725749010523326E-003  -7.0866941369255307E-004   4.8283625594556541E-004   5.9836292857726771E-003   2.7005910452185763E-003
   264.00000000000000        1.0644268094358138E-003  -5.9714904352705831E-004   4.1066994009642178E-004   4.8411396943017944E-003   2.1796706844647261E-003
   268.00000000000000        1.1212780199482551E-003  -6.4110129982328300E-004   4.4779483334098514E-004   5.1847750489693771E-003   2.3370588229437777E-003
   272.00000000000000        1.0916752676214188E-003  -6.2513675987464887E-004   4.4285371883886750E-004   4.9731638186077103E-003   2.2395509752612770E-003
   276.00000000000000        1.0509967403854979E-003  -6.1055795222355322E-004   4.3513391750640921E-004   4.7454838954869242E-003   2.1361329835546967E-003
   280.00000000000000        1.0557858128159474E-003  -6.1895264837831087E-004   4.4810134618756918E-004   4.7809648409714916E-003   2.1525355683169214E-003
   284.00000000000000        1.0520953519101669E-003  -6.2769353854975278E-004   4.5977225684995775E-004   4.7447701752734465E-003   2.1354809076930656E-003
   288.00000000000000        1.0121905716016972E-003  -6.0499628419168245E-004   4.4781264752109936E-004   4.4688875924847309E-003   2.0081397755635786E-003
   292.00000000000000        1.0169136124375921E-003  -6.1862925810474991E-004   4.6358448384488659E-004   4.5193861076998571E-003   2.0319149651023311E-003
   296.00000000000000        1.1398588257325289E-003  -7.0427004389593388E-004   5.3304849664121681E-004   5.1006313812056499E-003   2.2948704138004137E-003
   300.00000000000000        9.0504786856092281E-004  -5.6147410868682415E-004   4.3017060365580802E-004   3.9022938807960462E-003   1.7500920628032532E-003
   304.00000000000000        8.9602081437130236E-004  -5.7052271540947608E-004   4.4153270157113258E-004   3.9893354857035001E-003   1.7936970509795131E-003
   308.00000000000000        1.0470574664523692E-003  -6.7536741834646420E-004   5.2889606728697748E-004   4.6644698429607308E-003   2.0974770180519323E-003
   312.00000000000000        9.7848096313696829E-004  -6.2703156435546482E-004   4.9850679992916405E-004   4.2769043749126224E-003   1.9208277582261470E-003
   316.00000000000000        9.8094128706533259E-004  -6.3418058871529746E-004   5.0979808370376484E-004   4.1913025134570148E-003   1.8783865156192269E-003
   320.00000000000000        9.9074212284277412E-004  -6.5069521312951563E-004   5.2853747757605546E-004   4.2278477576937245E-003   1.8946304651366384E-003
   324.00000000000000        1.0125327070213319E-003  -6.6657740150011572E-004   5.4669484202223245E-004   4.2006054186446836E-003   1.8779146350399170E-003
   328.00000000000000        1.0375775156712843E-003  -7.0017054254499424E-004   5.7885085854361251E-004   4.3924727668944990E-003   1.9672883439504712E-003
   332.00000000000000        8.8626713141565000E-004  -5.9706893518698999E-004   4.9789386469727040E-004   3.5880476039171333E-003   1.6007395601774763E-003
   336.00000000000000        8.9087762821399958E-004  -6.0843395437345865E-004   5.1596168401069260E-004   3.6959693651366578E-003   1.6521261733118341E-003
   340.00000000000000        8.4351000498983678E-004  -5.8368275368000727E-004   4.9723034654254161E-004   3.4174340623654340E-003   1.5245618248812057E-003
   344.00000000000000        8.7941949964938642E-004  -6.0761126825126016E-004   5.2224551729028034E-004   3.4480360809071684E-003   1.5337197160286765E-003
   348.00000000000000        8.7395968316374248E-004  -6.1725046818797034E-004   5.3471273660064085E-004   3.4714136032561026E-003   1.5459558407251201E-003
   352.00000000000000        9.1587475007720673E-004  -6.5020551684318885E-004   5.7205533437497868E-004   3.6308133849641279E-003   1.6162594353809031E-003
   356.00000000000000        7.7368170781816272E-004  -5.5867206673582256E-004   4.9487701033897990E-004   3.0988549532923689E-003   1.3812279109264567E-003
   360.00000000000000        7.1796021001042649E-004  -5.2096857109424320E-004   4.6550207093058602E-004   2.7881311872975734E-003   1.2392412312331419E-003
   364.00000000000000        8.9873317771176683E-004  -6.5507051866867030E-004   5.9192054411516700E-004   3.4651217867044527E-003   1.5390585215615418E-003
   368.00000000000000        8.2256543386149592E-004  -6.0828088280403191E-004   5.5462628127112511E-004   3.1789605440454088E-003   1.4123989953290024E-003
   372.00000000000000        8.0928576775352349E-004  -5.9980510737340956E-004   5.5145691625463973E-004   3.0191648434830152E-003   1.3365754982825977E-003
   376.00000000000000        8.5544801691438664E-004  -6.4648311435409607E-004   6.0186027485197794E-004   3.3186292306223897E-003   1.4748094512292800E-003
   380.00000000000000        6.8026479710090371E-004  -5.1739162577248295E-004   4.8371341302659815E-004   2.4783320203326203E-003   1.0938735881186471E-003
   384.00000000000000        7.8280430160575058E-004  -5.9851900087882874E-004   5.6665411944623577E-004   2.8978408691682808E-003   1.2816441577936728E-003
   388.00000000000000        7.9951751486666853E-004  -6.2083024144377963E-004   5.9454273325251772E-004   2.9825499060292431E-003   1.3197256802408347E-003
   392.00000000000000        5.9732449135722302E-004  -4.6246592482450773E-004   4.4374220886878832E-004   2.1356511159467901E-003   9.4131053343736036E-004
   396.00000000000000        7.3088127824424282E-004  -5.6999849366870037E-004   5.5586574448998518E-004   2.6354403106244951E-003   1.1624563122463237E-003
   400.00000000000000        6.1412318446002359E-004  -4.8614630732760484E-004   4.7527446519653979E-004   2.1667985185114826E-003   9.5339190396810246E-004
