   4.0000000000000000        0.0000000000000000        0.0000000000000000        0.0000000000000000        0.0000000000000000        0.0000000000000000     
   8.0000000000000000        0.0000000000000000        0.0000000000000000        0.0000000000000000        0.0000000000000000        0.0000000000000000     
   12.000000000000000       -5.4383853853906435E-011  -1.9518486638515710E-011   5.2013989885317463E-011   1.5865430516546581E-009   7.2876817199515268E-010
   16.000000000000000       -1.2447527623173191E-007   1.4369096282220298E-007   1.9723132523184188E-007   6.3398578504664079E-006   3.5415719265395406E-006
   20.000000000000000        6.3087809730271448E-011  -4.1750922228418773E-011   4.1040664964836733E-010   5.4444246288051896E-009   2.3508279345584471E-009
   24.000000000000000       -1.3693517890546037E-006  -3.2028541283217572E-007   1.4282368477801767E-006   4.1052532894193968E-005   2.2321262325086036E-005
   28.000000000000000       -1.9540503634762030E-005  -4.6216196069349187E-006   3.0279964038566687E-005   8.8505078351001866E-004   4.6982548937744720E-004
   32.000000000000000       -7.9313833274874426E-005  -3.2643594573827075E-005   1.6033289448566705E-004   4.6435541786211555E-003   2.4445006528560050E-003
   36.000000000000000       -1.1720431457022825E-004  -5.9500425819198224E-005   2.6969876972792215E-004   7.7434572140640100E-003   4.0571009135330505E-003
   40.000000000000000       -1.1484346696108492E-004  -8.3711405492750324E-005   3.1874728771138740E-004   9.0247604228869249E-003   4.7156387025230999E-003
   44.000000000000000       -1.1266577950150659E-004  -1.2528949197747482E-004   4.0566243779498168E-004   1.1215682486685296E-002   5.8132180907460619E-003
   48.000000000000000       -1.1533984090612489E-004  -1.5050370809685827E-004   4.5427380208869461E-004   1.2432543579532928E-002   6.4290582148425592E-003
   52.000000000000000       -1.0061027782461325E-004  -2.0413217459117750E-004   5.2788603817903706E-004   1.3903725211309288E-002   7.1444374925052718E-003
   56.000000000000000       -7.4384017613096228E-005  -2.3368054662361573E-004   5.8199359048704711E-004   1.5175212027913535E-002   7.7730185491780976E-003
   60.000000000000000       -4.7577727042175109E-005  -2.8224743467791867E-004   6.4788016460022048E-004   1.6419098860187518E-002   8.3543458099442254E-003
   64.000000000000000       -4.2439550597043698E-006  -3.4477936930809130E-004   7.1864498691958040E-004   1.7475597700773490E-002   8.8724603756702037E-003
   68.000000000000000        2.1534985728437518E-005  -3.7905558565528246E-004   7.6899461081250892E-004   1.8489818190756444E-002   9.3260307572856881E-003
   72.000000000000000        6.4845331424833114E-005  -4.2532585739876060E-004   8.0091374663778783E-004   1.8453761076566277E-002   9.2818663084464036E-003
   76.000000000000000        1.0374178675137085E-004  -4.6073355212091204E-004   8.4920023889692420E-004   1.9046560682127914E-002   9.4989962184773152E-003
   80.000000000000000        1.3182322864948665E-004  -5.1447168459844755E-004   8.9042305627552081E-004   1.9237111527914637E-002   9.5615535284256144E-003
   84.000000000000000        1.9782762637131853E-004  -6.0760699867582694E-004   1.0108091955009361E-003   2.0873382194912738E-002   1.0373911505977339E-002
   88.000000000000000        2.2487008776667981E-004  -6.2047676675321833E-004   1.0008604683819215E-003   1.9897246384692976E-002   9.7884485753243784E-003
   92.000000000000000        2.7057766515975533E-004  -6.6450083337020005E-004   1.0350300288669825E-003   1.9706633886148434E-002   9.6311559440822626E-003
   96.000000000000000        2.7724989603495541E-004  -7.0615396364129127E-004   1.0801290362725600E-003   1.9831336851583954E-002   9.6699499934195209E-003
   100.00000000000000        3.1730426535458181E-004  -7.4132717246076590E-004   1.0821009181833693E-003   1.8519463865425644E-002   8.9200067041149984E-003
   104.00000000000000        3.7016264354475096E-004  -8.0179257762287418E-004   1.1618688300717502E-003   1.9405951226733751E-002   9.3288620689114619E-003
   108.00000000000000        3.8043302833387584E-004  -8.0321505211588813E-004   1.1585297699667257E-003   1.8605494573697180E-002   8.8793028525902019E-003
   112.00000000000000        3.7423391334397816E-004  -7.9595511757002023E-004   1.1430188116532277E-003   1.7619485020222737E-002   8.3595167010075151E-003
   116.00000000000000        4.4596999064150052E-004  -8.7599271721440085E-004   1.2241616459812725E-003   1.7789681842668024E-002   8.3569626591792623E-003
   120.00000000000000        4.1339734562820382E-004  -7.9613407203681314E-004   1.1048495824791526E-003   1.5364611093570601E-002   7.1780342864003911E-003
   124.00000000000000        4.4425466030180102E-004  -8.3349659869940600E-004   1.1402018427650160E-003   1.5010014982144472E-002   6.9425310861640360E-003
   128.00000000000000        4.4112920805191582E-004  -8.1469088537105096E-004   1.1161243006896856E-003   1.4377134810047626E-002   6.6406428861747503E-003
   132.00000000000000        4.2932540385586941E-004  -7.7373049452712566E-004   1.0536101638140808E-003   1.2933340634286387E-002   5.9177261464698908E-003
   136.00000000000000        4.5089693170397390E-004  -7.5999928678006803E-004   1.0245989950154867E-003   1.2060781451567167E-002   5.4806186406905462E-003
   140.00000000000000        4.4531997515801072E-004  -7.1973258332526564E-004   9.6214007412684973E-004   1.0891870098960196E-002   4.9242806042552314E-003
   144.00000000000000        4.2927846628182696E-004  -7.0483135282478117E-004   9.4070096375064726E-004   9.9715868343191287E-003   4.4567479819371389E-003
   148.00000000000000        4.0272689055242424E-004  -6.4615072047014368E-004   8.6188074088616880E-004   8.6993043653770322E-003   3.8516923683265957E-003
   152.00000000000000        3.8041879190815915E-004  -6.0217912965798486E-004   8.0447796559990098E-004   7.9667260223014839E-003   3.5192729779453969E-003
   156.00000000000000        3.4715081487229254E-004  -5.3817496821401936E-004   7.1978470191126826E-004   6.9901427693774493E-003   3.0800354635410537E-003
   160.00000000000000        3.2271636069606250E-004  -4.9574778374152117E-004   6.5846402819637643E-004   6.0419012986514808E-003   2.6362452137057308E-003
   164.00000000000000        2.7283204151694942E-004  -4.1363181690888545E-004   5.5585524476132011E-004   5.0401322081534295E-003   2.1931031282059104E-003
   168.00000000000000        2.7229850022713080E-004  -4.0001332753726376E-004   5.3328584855727164E-004   4.6820743627394371E-003   2.0239409002880179E-003
   172.00000000000000        2.2971152673531250E-004  -3.4053780190160650E-004   4.5593832665504505E-004   3.9627695883376378E-003   1.7173914795704046E-003
   176.00000000000000        2.1185725344165514E-004  -3.0656704504588883E-004   4.1112808708310394E-004   3.4908676221357712E-003   1.5021791724745786E-003
   180.00000000000000        2.0200316070791407E-004  -2.8985503025845259E-004   3.8727250967591673E-004   3.1732358743612743E-003   1.3582805458038027E-003
   184.00000000000000        1.5744147560310461E-004  -2.2593803026639049E-004   3.0289892834750804E-004   2.4455292990616375E-003   1.0457434712945080E-003
   188.00000000000000        1.4954809261220816E-004  -2.1265833361545835E-004   2.8698879029786470E-004   2.2578070114368303E-003   9.5794684258245042E-004
   192.00000000000000        1.1957560192855095E-004  -1.6683180751982267E-004   2.2442622077145283E-004   1.7196248118417955E-003   7.3258459606178423E-004
   196.00000000000000        1.1902291414548221E-004  -1.6435923554140915E-004   2.2084408222123437E-004   1.6722796359570815E-003   7.0742281823421213E-004
   200.00000000000000        9.3863011177130137E-005  -1.2648419925221033E-004   1.7087876170110636E-004   1.2706419425259317E-003   5.3721325959527316E-004
   204.00000000000000        8.3521448264933231E-005  -1.1352669753463808E-004   1.5399561261250717E-004   1.1613619598086051E-003   4.9221816419633014E-004
   208.00000000000000        6.5932613640282297E-005  -9.0453981501130367E-005   1.2187380939379991E-004   8.4681157713783529E-004   3.5447566490851587E-004
   212.00000000000000        5.7536720001061118E-005  -8.0187422701732486E-005   1.0916683692609455E-004   7.6433384507518199E-004   3.2150831047336330E-004
   216.00000000000000        5.2765842266384337E-005  -7.1469219290852637E-005   9.8026810367407157E-005   6.6965323256118481E-004   2.8083529522876375E-004
   220.00000000000000        4.0873353997022735E-005  -5.5192175317047388E-005   7.5079908650680215E-005   5.0128553396930830E-004   2.0926339632368975E-004
   224.00000000000000        3.4788422854964422E-005  -4.5901942390208648E-005   6.0907419756169058E-005   4.1872238963186774E-004   1.7514929471123400E-004
   228.00000000000000        3.2803727207765601E-005  -4.3673049563818538E-005   5.8665030886380965E-005   3.9750943589342150E-004   1.6647580217244888E-004
   232.00000000000000        2.2942834717374019E-005  -3.0979067939976828E-005   4.2678728613495838E-005   2.8281824850724999E-004   1.1812269064998004E-004
   236.00000000000000        2.6237728671518736E-005  -3.5415314051407735E-005   4.9643393326686859E-005   3.2655440756434328E-004   1.3673219003098189E-004
   240.00000000000000        1.5082910945117047E-005  -1.9674470660170514E-005   2.7422053151546240E-005   1.9173093279063253E-004   8.1048461150581995E-005
   244.00000000000000        1.4932727961843192E-005  -1.9587497483122816E-005   2.6935657018469570E-005   1.7638375477626160E-004   7.3956748827729013E-005
   248.00000000000000        1.2330479207333822E-005  -1.6163358075185003E-005   2.2108645821175129E-005   1.3210410525663072E-004   5.4513524531424431E-005
   252.00000000000000        7.9550565557064944E-006  -1.1123514672276257E-005   1.5794029667992884E-005   1.0153497725897010E-004   4.2524418873781751E-005
   256.00000000000000        8.0999079985154786E-006  -1.1195749203091231E-005   1.5865244261020123E-005   1.0287446662308742E-004   4.3098729943164018E-005
   260.00000000000000        7.9318673020271538E-006  -1.0151537544797121E-005   1.3626013041173809E-005   8.5702326939713624E-005   3.5687117097693235E-005
   264.00000000000000        4.8123903127525730E-006  -5.7715097415562612E-006   7.9528134663375738E-006   4.9070870907641573E-005   2.0357414478757141E-005
   268.00000000000000        4.0960187541205704E-006  -5.0379679032886824E-006   6.8677320135764765E-006   3.9800979049148460E-005   1.6501443451803497E-005
   272.00000000000000        2.5776506412917955E-006  -3.5750472408556065E-006   5.0756085303967955E-006   3.1612724106734285E-005   1.3238827905806215E-005
   276.00000000000000        3.2470063709287873E-006  -4.0508067792519232E-006   5.8256821763652505E-006   3.7074444344117935E-005   1.5578195766224844E-005
   280.00000000000000        1.9724811901139373E-006  -2.5959396624675233E-006   4.0063608618745426E-006   2.3892240990232196E-005   9.9252679783093603E-006
   284.00000000000000        2.4788539824921912E-006  -2.9634676952106570E-006   3.9874035314795582E-006   2.1486643134837843E-005   8.8630370773346596E-006
   288.00000000000000        2.3791361387970210E-006  -3.0955040093741280E-006   4.1717896552395603E-006   2.5266420969273029E-005   1.0552815808003208E-005
   292.00000000000000        7.2934649571555358E-007  -8.7496523188771728E-007   1.1429949433610390E-006   8.7801215154357284E-006   3.7660600163248622E-006
   296.00000000000000        8.2530034156473977E-007  -1.1066938071718657E-006   1.5056356799604843E-006   8.3825873134316040E-006   3.4717266951290011E-006
   300.00000000000000        1.1705011455193238E-006  -1.4374595762363987E-006   2.0850200661573407E-006   1.2259471285254085E-005   5.1866782079309350E-006
   304.00000000000000        8.8494984094757348E-007  -1.0282648801961456E-006   1.2525840870597496E-006   7.1349824186874010E-006   2.9734608648571316E-006
   308.00000000000000        5.4257807765171063E-007  -6.4189696632279616E-007   7.6784023209392242E-007   3.9746228802320413E-006   1.6330064283438883E-006
   312.00000000000000        5.8528170476439540E-007  -3.5873800028837718E-007   5.0285265688856316E-007   6.4321858906934238E-006   2.8534799981059053E-006
   316.00000000000000        6.6987383677445175E-008  -1.0618271391617444E-007   1.6591285519003620E-007   1.0289668270637990E-006   4.2779510414720933E-007
   320.00000000000000        9.0297089895811091E-007  -1.0904316020859502E-006   1.4573165787962239E-006   8.0199597069526940E-006   3.3547852417043771E-006
   324.00000000000000        2.1981843722088990E-007  -2.8633233472137184E-007   3.7367000831914196E-007   9.3942573350232973E-007   3.2358309810442678E-007
   328.00000000000000        4.5235006994113697E-008  -2.1495915720451184E-008   1.6080269618578082E-008   2.2128527238074874E-007   9.8902764837297322E-008
   332.00000000000000        1.3927642554660644E-007  -1.9678423147787448E-007   2.6849816306654064E-007   9.5990794362961592E-007   3.6251439805262415E-007
   336.00000000000000        0.0000000000000000        0.0000000000000000        0.0000000000000000        0.0000000000000000        0.0000000000000000     
   340.00000000000000        1.2751423067881089E-006  -8.0916147629653621E-007   7.6690065555828329E-007   1.0390829276101980E-005   4.6281098055639983E-006
   344.00000000000000        3.2193433688651318E-007  -2.4572122926906983E-007   2.3018317925141397E-007   2.2949014259962152E-006   1.0095984021435229E-006
   348.00000000000000        1.0166501716260814E-006  -1.1057150617715805E-006   1.4823530648428689E-006   8.9492774564553840E-006   3.7939098301505208E-006
   352.00000000000000        9.8534438346414364E-007  -9.6403547760720282E-007   1.0857058148728786E-006   7.6628470506319848E-006   3.2962272323060808E-006
   356.00000000000000        4.2717806366417712E-007  -3.1053227146692786E-007   3.4011564735124099E-007   4.2968611937262101E-006   1.9068314913327947E-006
   360.00000000000000        3.4682644613357669E-007  -3.1268312173436805E-007   3.1642543079903019E-007   3.6493862400039609E-006   1.6188683678344971E-006
   364.00000000000000        1.2592453734632745E-007  -1.3080910980405732E-007   1.3201821850862566E-007   1.6477660622022652E-006   7.3412515073862391E-007
   368.00000000000000        1.8152224962486169E-011  -1.9158016965672597E-011   2.4813690622511601E-011   4.8793737357833157E-010   2.2402810080260853E-010
   372.00000000000000        1.5382267492144667E-007  -2.4407974806384673E-007   3.0452528036684210E-007   2.5937151257704349E-006   1.1326028453115656E-006
   376.00000000000000        8.2451173026856894E-007  -7.9401061233519836E-007   8.4557662101616330E-007   6.4558252011358577E-006   2.8022207873937557E-006
   380.00000000000000        1.6015930461268213E-007  -1.9337076816904554E-007   2.1353011383097605E-007   2.4985446644095338E-006   1.1098458489845102E-006
   384.00000000000000        1.7537793710817665E-007  -1.9920280401243647E-007   2.1883897012306122E-007   1.9666545486158650E-006   8.6490365234300449E-007
   388.00000000000000        0.0000000000000000        0.0000000000000000        0.0000000000000000        0.0000000000000000        0.0000000000000000     
   392.00000000000000        1.2236036036585741E-006  -8.5754069351874665E-007   9.6190346738138191E-007   6.9402946399912090E-006   2.9687992780487256E-006
   396.00000000000000        2.2212365855133982E-007  -1.6435117584195354E-007   1.8955627908113349E-007   2.4454552148196696E-006   1.0866698705394902E-006
   400.00000000000000        0.0000000000000000        0.0000000000000000        0.0000000000000000        0.0000000000000000        0.0000000000000000     
