   5.0000000000000000       -3.1023366333539232E-007  -4.8492706949131651E-006   9.3608932905724516E-006   3.0089647965690381E-004   1.5149323291344864E-004
   10.000000000000000       -2.2407889546958185E-007  -5.3213421760088480E-006   1.0150181588590191E-005   3.2288314186260580E-004   1.6245444613542317E-004
   15.000000000000000       -1.2264638682390180E-007  -5.8193725969366599E-006   1.0972382704012321E-005   3.4540737658014461E-004   1.7367091139531231E-004
   20.000000000000000       -5.3402919185783026E-009  -6.3425575342660331E-006   1.1825475867693982E-005   3.6838459168793696E-004   1.8509961186111514E-004
   25.000000000000000        1.2832831156380249E-007  -6.8898560681899516E-006   1.2707114316063965E-005   3.9172334500875682E-004   1.9669419936046891E-004
   30.000000000000000        2.7872604700442253E-007  -7.4599836904997626E-006   1.3614625382039839E-005   4.1532587150576114E-004   2.0840527054611917E-004
   35.000000000000000       -6.0710382025851749E-007  -8.0703946344764243E-006   1.5343745468720447E-005   4.7730497515873838E-004   2.4000491497374978E-004
   40.000000000000000       -5.9707375459268755E-006  -8.9300574689118612E-006   2.2685544685709693E-005   8.0873996843833251E-004   4.1117865069676242E-004
   45.000000000000000       -1.1404901450885124E-005  -1.0129248980041481E-005   3.1414489314437379E-005   1.2028446723064687E-003   6.1478414967451058E-004
   50.000000000000000       -1.4763111420635382E-005  -1.2106910560167455E-005   3.9222472177684523E-005   1.5432126336762555E-003   7.9101850334300236E-004
   55.000000000000000       -2.3434877554860976E-005  -1.4496032896002332E-005   5.5361091317255699E-005   2.2801496927853495E-003   1.1702083501615589E-003
   60.000000000000000       -3.4357865608681423E-005  -1.8716257528243649E-005   7.1921002186337420E-005   2.9971174057464665E-003   1.5379012372870576E-003
   65.000000000000000       -4.3940400822339074E-005  -2.4302374358973459E-005   9.1123228066516398E-005   3.8174002152518843E-003   1.9609199524143819E-003
   70.000000000000000       -5.1971438221482953E-005  -3.1423581650288874E-005   1.1535945482972770E-004   4.8493603372390540E-003   2.4869642385004290E-003
   75.000000000000000       -6.2494939142062404E-005  -3.9799666254432148E-005   1.3952441306844268E-004   5.8394391135036423E-003   2.9923960427504013E-003
   80.000000000000000       -6.4537259114582799E-005  -5.1868157037829537E-005   1.6536598816580870E-004   6.7936128137170990E-003   3.4794656931035652E-003
   85.000000000000000       -6.8737522920671746E-005  -6.5550875030210285E-005   1.9643674903450630E-004   7.9974917998180423E-003   4.0881525026976936E-003
   90.000000000000000       -7.1428456508565007E-005  -7.8325532131690403E-005   2.1844729522413041E-004   8.7179964998101035E-003   4.4547623185189787E-003
   95.000000000000000       -5.7364766958572411E-005  -9.4843640848368905E-005   2.3971698498316619E-004   9.2851132247079842E-003   4.7220981848707291E-003
   100.00000000000000       -5.9165579071887379E-005  -1.0850162126037172E-004   2.6078361905071190E-004   9.9186593275008561E-003   5.0379727245647580E-003
   105.00000000000000       -3.3702753003763323E-005  -1.3861115389180004E-004   2.9735069391181830E-004   1.0812961266841599E-002   5.4821321534940541E-003
   110.00000000000000       -2.2060222091583594E-005  -1.5003822753181006E-004   3.0767215496164881E-004   1.0898893960275886E-002   5.5074326790673931E-003
   115.00000000000000        1.6030752355880403E-006  -1.7099145906575636E-004   3.2533589539319660E-004   1.1078530058134245E-002   5.5777301420113284E-003
   120.00000000000000        3.1039557468381387E-006  -1.8383735070321564E-004   3.4083202398939620E-004   1.1286043136764064E-002   5.6716159188761007E-003
   125.00000000000000        1.8919937547187007E-005  -2.0117327458362853E-004   3.5190192772722599E-004   1.1184989422907623E-002   5.6030969112529699E-003
   130.00000000000000        4.2531088331176679E-005  -2.3383986311486179E-004   3.9164770847598612E-004   1.1966678897344853E-002   5.9798435217632753E-003
   135.00000000000000        5.4264502901065315E-005  -2.4918891350764156E-004   4.0777920392756118E-004   1.2009907341813071E-002   5.9803678971645851E-003
   140.00000000000000        5.0649395173971097E-005  -2.6424281365495627E-004   4.2501220473627991E-004   1.2004357293683857E-002   5.9670435182852385E-003
   145.00000000000000        8.9274166683252486E-005  -2.9930352814449440E-004   4.5630591584481161E-004   1.2170843326919978E-002   6.0165344714754277E-003
   150.00000000000000        9.6503674079803309E-005  -2.9572659922784135E-004   4.3969234252170890E-004   1.1097212532357804E-002   5.4702603253624612E-003
   155.00000000000000        1.1083337285207379E-004  -3.3370404606927517E-004   4.8320652830752226E-004   1.1499982458037610E-002   5.6460729457037057E-003
   160.00000000000000        1.3154206115577398E-004  -3.4571825176127856E-004   4.9373312331208233E-004   1.1314050174684735E-002   5.5401519428228034E-003
   165.00000000000000        1.3683936327280215E-004  -3.4887019211089733E-004   4.9204496768278402E-004   1.0690688933249360E-002   5.2147286749803928E-003
   170.00000000000000        1.6499566446975710E-004  -3.7604121924611895E-004   5.1730707298360847E-004   1.0564565697570140E-002   5.1334770501579585E-003
   175.00000000000000        1.8652295815738069E-004  -3.8702852185796367E-004   5.2385008851177481E-004   1.0007066770844068E-002   4.8339813779941830E-003
   180.00000000000000        1.8910941046166655E-004  -3.8572276083801896E-004   5.1334634279116571E-004   9.2932222079340331E-003   4.4733462402730597E-003
   185.00000000000000        1.9894908571722525E-004  -3.7875171753477534E-004   4.9688799425503106E-004   8.4215193541661501E-003   4.0320287327806192E-003
   190.00000000000000        1.9890855361607467E-004  -3.6360195296723514E-004   4.7594591253582834E-004   7.8522567443769058E-003   3.7490099498739861E-003
   195.00000000000000        1.9157030607740790E-004  -3.4363226619958936E-004   4.5226245749666136E-004   7.3111104888590808E-003   3.4873266843271468E-003
   200.00000000000000        1.9356413288401317E-004  -3.3102625939330062E-004   4.3016092672138189E-004   6.5466142783792989E-003   3.1069672432156928E-003
   205.00000000000000        1.7615064154758602E-004  -2.9468278752305853E-004   3.8180325269480763E-004   5.6263165608157056E-003   2.6645305325255992E-003
   210.00000000000000        1.8370908471141854E-004  -2.8735003896455214E-004   3.7010083149166827E-004   5.2630474732951321E-003   2.4791500193335082E-003
   215.00000000000000        1.6362421914651852E-004  -2.5954750462898167E-004   3.3635300189100440E-004   4.7152371316029470E-003   2.2232761897070887E-003
   220.00000000000000        1.5631530836417200E-004  -2.3749366712365208E-004   3.0584003775712949E-004   4.1434754097594605E-003   1.9466364735344047E-003
   225.00000000000000        1.5345177834129848E-004  -2.2108919674844059E-004   2.8281999154190502E-004   3.7250641182582198E-003   1.7470682831957224E-003
   230.00000000000000        1.3074696578873474E-004  -1.9049956751865122E-004   2.4517010093717427E-004   3.1463677701587364E-003   1.4728621886646899E-003
   235.00000000000000        1.2613442527026391E-004  -1.7893498340248971E-004   2.2921049662789987E-004   2.8485751840599833E-003   1.3288973141823174E-003
   240.00000000000000        1.0195874915584439E-004  -1.4279293242146695E-004   1.8389653080240462E-004   2.3050861439920375E-003   1.0774544884110113E-003
   245.00000000000000        1.0204630610956407E-004  -1.4001931078762747E-004   1.7762534748078185E-004   2.1473328196400863E-003   1.0007304047890111E-003
   250.00000000000000        9.0809082053150940E-005  -1.2202084247187213E-004   1.5660029117060451E-004   1.8459842291880921E-003   8.5934309208669606E-004
   255.00000000000000        7.5460846380010592E-005  -1.0321542188644999E-004   1.3260396211455010E-004   1.6116349367884353E-003   7.5221622673437953E-004
   260.00000000000000        6.5748522943385367E-005  -8.8232159227728514E-005   1.1331871489673768E-004   1.3249658307248726E-003   6.1751297898965428E-004
   265.00000000000000        5.8305549603431672E-005  -7.8471070514790026E-005   1.0029228727231562E-004   1.1604806993019889E-003   5.4115345589371465E-004
   270.00000000000000        5.6525224005038821E-005  -7.4743368788237970E-005   9.5997477646878168E-005   1.0871807862942546E-003   5.0618439492434465E-004
   275.00000000000000        4.2698865231422144E-005  -5.6628101132993067E-005   7.2795143029125527E-005   8.5037855312778223E-004   3.9718248306100205E-004
   280.00000000000000        3.8060705068657848E-005  -5.0654932874718290E-005   6.4460899929919609E-005   7.4551588121917443E-004   3.4806524904049607E-004
   285.00000000000000        3.3502807510919736E-005  -4.4791633580078578E-005   5.7005660587896234E-005   6.6711440212477695E-004   3.1187256395480911E-004
   290.00000000000000        2.7078474594791764E-005  -3.6973580918152164E-005   4.7929390650652920E-005   5.6680739896789942E-004   2.6519896567069078E-004
   295.00000000000000        2.6273494779721619E-005  -3.5286640117252465E-005   4.5323103500459003E-005   5.3695920151565577E-004   2.5147455577862214E-004
   300.00000000000000        1.9574984357485442E-005  -2.6751583444964130E-005   3.4819879781449142E-005   4.3094080409089553E-004   2.0243484197391532E-004
   305.00000000000000        1.9348461744792435E-005  -2.5798217985172399E-005   3.3209989370118302E-005   3.9427142143230959E-004   1.8488465923335948E-004
   310.00000000000000        1.5677116102327899E-005  -2.1319175055576338E-005   2.7562800370875314E-005   3.2796026448541330E-004   1.5382766191553266E-004
   315.00000000000000        1.2634602495832109E-005  -1.7621168349711043E-005   2.3080181095965083E-005   2.8390270876987433E-004   1.3350399891081549E-004
   320.00000000000000        1.1874893641934454E-005  -1.6566616823722013E-005   2.1570058004540551E-005   2.6243705482296233E-004   1.2325124213424695E-004
   325.00000000000000        1.0492381655621071E-005  -1.4399395150208811E-005   1.8455015073981484E-005   2.2557378466596303E-004   1.0597149230075335E-004
   330.00000000000000        7.6987418436242429E-006  -1.0755217171153454E-005   1.3909616048093982E-005   1.8073558149167722E-004   8.5252998499092805E-005
   335.00000000000000        7.3860087490419726E-006  -1.0181327137581740E-005   1.3127927623808035E-005   1.6457001657454841E-004   7.7524921362616720E-005
   340.00000000000000        5.7900449914040973E-006  -8.4395972463207299E-006   1.1034622094430363E-005   1.4352862244811207E-004   6.7673443238027716E-005
   345.00000000000000        6.0165670606886196E-006  -8.3381459492160294E-006   1.0821134968658068E-005   1.3540436344080403E-004   6.3715956260368845E-005
   350.00000000000000        4.5206586033685809E-006  -6.4657748999552445E-006   8.4769715180366813E-006   1.1067036090080961E-004   5.2175721485178087E-005
   355.00000000000000        4.7919851352988722E-006  -6.5163827132276251E-006   8.3202997104991673E-006   1.0168061447608967E-004   4.7805030015293657E-005
   360.00000000000000        4.3154051807198213E-006  -6.0290244106210679E-006   7.7389847504453512E-006   9.4533550904538457E-005   4.4369432468655310E-005
   365.00000000000000        2.9529401344596922E-006  -4.3162085026979407E-006   5.5671713693406763E-006   7.4419941627241857E-005   3.5089319141863201E-005
   370.00000000000000        2.8333458031329950E-006  -4.0642492889368058E-006   5.2357187242810136E-006   6.6976047918538865E-005   3.1516680612460191E-005
   375.00000000000000        2.7843942856784750E-006  -3.8293563663347335E-006   4.9207709625737165E-006   6.1365461552446510E-005   2.8847562319250317E-005
   380.00000000000000        2.4151852619653893E-006  -3.3765809993032651E-006   4.2947321154644056E-006   5.3001419441056794E-005   2.4880094770875205E-005
   385.00000000000000        2.0382479804922589E-006  -2.8816087510648897E-006   3.6758995025301439E-006   4.5717813006706224E-005   2.1471787987983076E-005
   390.00000000000000        1.9109069040363503E-006  -2.5318005119661909E-006   3.2299916091497651E-006   4.2464471923579159E-005   1.9987348822367181E-005
   395.00000000000000        1.3864855137798828E-006  -2.0015989161368694E-006   2.5891693823612352E-006   3.3848025339470070E-005   1.5934210247877542E-005
   400.00000000000000        1.5427534543946157E-006  -2.1053853057416076E-006   2.6664575385194490E-006   3.2246776131000176E-005   1.5119821089905261E-005
   405.00000000000000        1.1059702606577046E-006  -1.5804756558334356E-006   2.0453804016011159E-006   2.6493931521213259E-005   1.2470462841316306E-005
   410.00000000000000        1.0087615312203909E-006  -1.4147370791868596E-006   1.8237360306644294E-006   2.3554775394858078E-005   1.1088093807895099E-005
   415.00000000000000        8.7354386151681128E-007  -1.2386496879031546E-006   1.6045874462570447E-006   2.0718694207508773E-005   9.7566213376875905E-006
   420.00000000000000        7.7352215242395087E-007  -1.0940603241558957E-006   1.4182707003034289E-006   1.8325207743031672E-005   8.6331854899077897E-006
   425.00000000000000        1.4618235140382193E-006  -1.5861809298874109E-006   1.8124120782775024E-006   2.2951844807495946E-005   1.0806220040854713E-005
   430.00000000000000        7.8885100398044224E-007  -1.0139536922024075E-006   1.2589618042514685E-006   1.5786342718426874E-005   7.4320766643349986E-006
   435.00000000000000        9.6010512903363271E-007  -1.1831619065216417E-006   1.4586793180929570E-006   1.5961518875985352E-005   7.4682965662218733E-006
   440.00000000000000        1.1288930122847309E-006  -1.3329433344869322E-006   1.5967742061769862E-006   1.6552733954393850E-005   7.7388944578407186E-006
   445.00000000000000        6.6838548286323572E-007  -8.0502298455172790E-007   9.8690806504719706E-007   1.2684295714432790E-005   5.9789438974671649E-006
   450.00000000000000        5.7898877829867423E-007  -7.3757528148393708E-007   8.9562824341314774E-007   1.1313156026424106E-005   5.3343992848819896E-006
   455.00000000000000        4.0939731739733840E-007  -5.5921180618916102E-007   6.9761505326903098E-007   9.1286860384204688E-006   4.3145740633534912E-006
   460.00000000000000        2.8675767860580321E-007  -4.0806769980079876E-007   5.2970777943870540E-007   7.1188418459748888E-006   3.3698152357078839E-006
   465.00000000000000        3.8786178673401091E-007  -5.6222249211009994E-007   7.1454740241353366E-007   8.4215119028352058E-006   3.9617648771209795E-006
   470.00000000000000        7.7428362434890720E-007  -9.0175903103129906E-007   1.0423849809357780E-006   1.0037026011035338E-005   4.6842685512339320E-006
   475.00000000000000        3.2159225700724811E-007  -4.4742294338455862E-007   5.4723248295470652E-007   6.9073983162046029E-006   3.2590575464506552E-006
   480.00000000000000        3.2397618757402428E-007  -4.3311259507783786E-007   5.2627924442957354E-007   6.0824128383480719E-006   2.8635476647598757E-006
   485.00000000000000        1.6262469101721786E-007  -2.3436937802650694E-007   3.0159627312499790E-007   4.0745640342021272E-006   1.9273296799213363E-006
   490.00000000000000        7.7973777613026959E-007  -7.0335796879320168E-007   7.5582141893637524E-007   7.3864924252525635E-006   3.4393346664003006E-006
   495.00000000000000        2.5326789592283486E-007  -3.0310078847842211E-007   3.5315631031872111E-007   4.7208587265155724E-006   2.2244585066338785E-006
   500.00000000000000        1.1997284539824491E-007  -1.7165286996836640E-007   2.1888309933514495E-007   2.8853069860855307E-006   1.3604289838868953E-006
