   3.0000000000000000        2.9357602393880038E-005  -5.3073196067107081E-005   8.5054546233392234E-005   8.9159063024231520E-004   4.0412638989113878E-004
   6.0000000000000000        3.0128520449711397E-005  -5.4365201356101286E-005   8.7017562490363095E-005   9.0963780716154206E-004   4.1203727160117615E-004
   9.0000000000000000        3.0728869858959861E-005  -5.6064777483431786E-005   8.9750672654204783E-005   9.3783766545361643E-004   4.2415744174222698E-004
   12.000000000000000        3.1812392393890648E-005  -5.6908704565723538E-005   9.2196807496511114E-005   9.6672782031050476E-004   4.4010103565746578E-004
   15.000000000000000        3.1299891629506630E-005  -6.0073543718748809E-005   9.6902710980222668E-005   1.0226487596017135E-003   4.6571776701801007E-004
   18.000000000000000        2.9076220087425712E-005  -8.0298536617098924E-005   1.3665949043807093E-004   1.5976649787471948E-003   7.5734196019565966E-004
   21.000000000000000        1.3326693685828083E-005  -2.0704822727168722E-004   4.5604289829453482E-004   6.3626017698503699E-003   3.1596133373863544E-003
   24.000000000000000        4.1341419152365522E-005  -3.8848769116495022E-004   9.6435658388478848E-004   1.4292420332243861E-002   7.0956416956343389E-003
   27.000000000000000        1.5028246875174777E-004  -5.5093592004272626E-004   1.2938473693492299E-003   1.9131914440346540E-002   9.3865556414033345E-003
   30.000000000000000        2.0687527879479858E-004  -6.5571718467947852E-004   1.4121876892429254E-003   2.0312281015908616E-002   9.9223872330208955E-003
   33.000000000000000        3.1407099697013059E-004  -7.2819864292103108E-004   1.5673455091632471E-003   2.2458230376041135E-002   1.0838831593918677E-002
   36.000000000000000        3.6035030928985762E-004  -8.1334078335142373E-004   1.5953426220139920E-003   2.2286653522489680E-002   1.0674295792662901E-002
   39.000000000000000        4.2747148305502449E-004  -9.6728371959345848E-004   1.8152712217263994E-003   2.4442700614591407E-002   1.1650518658469420E-002
   42.000000000000000        4.8038918028204522E-004  -9.7193469509196005E-004   1.8200062560655465E-003   2.4448343853049698E-002   1.1573673063703218E-002
   45.000000000000000        5.5861822554777413E-004  -1.1539512569787823E-003   2.0467414792241967E-003   2.6511140120694707E-002   1.2455900287193716E-002
   48.000000000000000        6.4953958467461068E-004  -1.3232414626778309E-003   2.2294948260700724E-003   2.7455976020556570E-002   1.2867886790525754E-002
   51.000000000000000        6.9856438198538759E-004  -1.3919258471433141E-003   2.3231369986052093E-003   2.8404376216444371E-002   1.3214458925580586E-002
   54.000000000000000        7.6782207561695902E-004  -1.4843482839010853E-003   2.3779589425681163E-003   2.7690502066469922E-002   1.2768272104580656E-002
   57.000000000000000        7.9937690257783308E-004  -1.4961510376373713E-003   2.4208631202270537E-003   2.7826066139316086E-002   1.2788364412407081E-002
   60.000000000000000        8.5848200285982212E-004  -1.5890933433082199E-003   2.4658335886700074E-003   2.7101182517076272E-002   1.2347862394067849E-002
   63.000000000000000        9.4481434874342431E-004  -1.7597814298550560E-003   2.7074019106344965E-003   2.8821717183975408E-002   1.3168137752471800E-002
   66.000000000000000        9.6654372609892756E-004  -1.6848498271529663E-003   2.5492780823935459E-003   2.6051898370083183E-002   1.1639098454579425E-002
   69.000000000000000        9.9265359645335396E-004  -1.7350497222047268E-003   2.5878394755425270E-003   2.5421894649841917E-002   1.1274538929074129E-002
   72.000000000000000        9.9640890602174900E-004  -1.7287111628577615E-003   2.5307619807319517E-003   2.4009630230309754E-002   1.0569217577894918E-002
   75.000000000000000        9.8772963696647795E-004  -1.5993737494774775E-003   2.3096509641281258E-003   2.1103153596284955E-002   9.1119239442475856E-003
   78.000000000000000        1.0427744610431409E-003  -1.7202074116546653E-003   2.4702165656506330E-003   2.1832707821991201E-002   9.4171570408401132E-003
   81.000000000000000        9.8702228224474293E-004  -1.6262754253656986E-003   2.3614031715984869E-003   2.0618861034798652E-002   8.8690981729823825E-003
   84.000000000000000        9.3503417866674411E-004  -1.5278654974344550E-003   2.2212426839579007E-003   1.8769376260555647E-002   7.9919331659971549E-003
   87.000000000000000        9.8766192926937751E-004  -1.5216403164740472E-003   2.1736763340341084E-003   1.7792456607645921E-002   7.4603378036459328E-003
   90.000000000000000        8.8071836010517458E-004  -1.3971078661793445E-003   1.9883872920403761E-003   1.5337463555804388E-002   6.3806992557128104E-003
   93.000000000000000        8.6031773427553858E-004  -1.3388114330081236E-003   1.9038813241583810E-003   1.4526923569354885E-002   5.9742402934573275E-003
   96.000000000000000        8.0591079126063499E-004  -1.2372794727310119E-003   1.7724605262388930E-003   1.3447882253891329E-002   5.5275570968631796E-003
   99.000000000000000        7.3943844397388319E-004  -1.1288982325556682E-003   1.6167978960609569E-003   1.1961368839045108E-002   4.8610970658501101E-003
   102.00000000000000        7.3693056111925870E-004  -1.1156295869633964E-003   1.5827074831864163E-003   1.1154907741466637E-002   4.5024456137337963E-003
   105.00000000000000        7.0196357707574331E-004  -1.0478332934753562E-003   1.4924131375592760E-003   1.0279889887576318E-002   4.1200997434841713E-003
   108.00000000000000        6.2996739752625545E-004  -9.3296369428675925E-004   1.3320600675615722E-003   9.0353058215926849E-003   3.5884345033404957E-003
   111.00000000000000        5.7685067382500107E-004  -8.6281377289546186E-004   1.2353334562701238E-003   8.0111489323059937E-003   3.1363280678146041E-003
   114.00000000000000        5.1615762828808654E-004  -7.7260019765467726E-004   1.1076858856633473E-003   7.2046275967026898E-003   2.8344243275170893E-003
   117.00000000000000        4.6541474307149034E-004  -6.9728026148564400E-004   1.0016047906387638E-003   6.4490961135287113E-003   2.5480497645785838E-003
   120.00000000000000        4.1883024597718320E-004  -6.1862230519523008E-004   8.8344798228334048E-004   5.4687201967435987E-003   2.1312779451065165E-003
   123.00000000000000        3.6053143690228267E-004  -5.3835624211476013E-004   7.8150978107101679E-004   4.8625996496479314E-003   1.9056273011101232E-003
   126.00000000000000        3.5465670857898565E-004  -5.2259832981154612E-004   7.4790204164775322E-004   4.5749481619823031E-003   1.7765064251561793E-003
   129.00000000000000        2.9493731130093571E-004  -4.3392641654399586E-004   6.2951539043352013E-004   3.9538113779246757E-003   1.5516936152126428E-003
   132.00000000000000        2.7953204567080989E-004  -4.0530778874086894E-004   5.8484521892194921E-004   3.5921684195835300E-003   1.4051335985368636E-003
   135.00000000000000        2.6467190723212776E-004  -3.8716858253969993E-004   5.6166366503078869E-004   3.3719007074576651E-003   1.3096249191041384E-003
   138.00000000000000        2.1403157911406302E-004  -3.1163598636080547E-004   4.5351230586563722E-004   2.7986963212214876E-003   1.0977113219166174E-003
   141.00000000000000        2.0219840871668512E-004  -2.9684625628256659E-004   4.3405656719763418E-004   2.6265299990381181E-003   1.0242722289336365E-003
   144.00000000000000        1.6648921636594287E-004  -2.4349698887449040E-004   3.5399848083582467E-004   2.1963388716254857E-003   8.7166932870355498E-004
   147.00000000000000        1.6878133115347566E-004  -2.4571824372177970E-004   3.6060706547724530E-004   2.1866374833992542E-003   8.5765521539152181E-004
   150.00000000000000        1.3924380562345772E-004  -2.0121870110992516E-004   2.9613958774738121E-004   1.8543149893338756E-003   7.3591310721958720E-004
   153.00000000000000        1.3069664654035283E-004  -1.9232615994135876E-004   2.8667947084499100E-004   1.8111778497106076E-003   7.1876559358261644E-004
   156.00000000000000        1.0678978568096534E-004  -1.5966167551963767E-004   2.3452593560246033E-004   1.4418747410004261E-003   5.7475659987917308E-004
   159.00000000000000        9.6457033684776690E-005  -1.4625821498301543E-004   2.1720523139389254E-004   1.3565722921389197E-003   5.4329821327507512E-004
   162.00000000000000        8.9340738172068103E-005  -1.3524121007989389E-004   2.0224893220098882E-004   1.2612812990817211E-003   5.0636028543139941E-004
   165.00000000000000        7.7270104443850917E-005  -1.1753977969328643E-004   1.7539161698214100E-004   1.1213125852764013E-003   4.5260336185303613E-004
   168.00000000000000        7.4116975150292173E-005  -1.1007855718745888E-004   1.6146820719328361E-004   1.0558965730556658E-003   4.2749821766862179E-004
   171.00000000000000        7.1397308314651283E-005  -1.0732857493780257E-004   1.5830090032082467E-004   1.0303724385829183E-003   4.1728946969693146E-004
   174.00000000000000        5.3531401613089586E-005  -8.1980495915837310E-005   1.2367945867272195E-004   8.5770300356600515E-004   3.5309280274989504E-004
   177.00000000000000        5.6956935601666035E-005  -8.7959728799710227E-005   1.3498839484182840E-004   8.8589883394851504E-004   3.6087745896723304E-004
   180.00000000000000        4.4830897072936093E-005  -6.8135369499518395E-005   1.0325200546119678E-004   7.4377467287826049E-004   3.0873905605657262E-004
   183.00000000000000        4.4922424747919279E-005  -6.8947889093983118E-005   1.0379815049893625E-004   7.1531876014344715E-004   2.9537267148916762E-004
   186.00000000000000        4.1124700905301051E-005  -6.2980834907749175E-005   9.3879747574129242E-005   6.4665592999009795E-004   2.6732601905435127E-004
   189.00000000000000        3.3989045725131820E-005  -5.4212497710220451E-005   8.1887147555210181E-005   5.9337663206548107E-004   2.4782650001131521E-004
   192.00000000000000        3.1591115541935086E-005  -4.9757919529407781E-005   7.5071521980447852E-005   5.6267997287916152E-004   2.3576255013607746E-004
   195.00000000000000        3.4035173580441953E-005  -5.1514219157685084E-005   7.6441622596121937E-005   5.4835954128822236E-004   2.2809448352394110E-004
   198.00000000000000        2.7775252632188712E-005  -4.2077835312917845E-005   6.3253111921297749E-005   4.7888812059764506E-004   2.0143037075916458E-004
   201.00000000000000        2.6138655137440641E-005  -4.0416158325019620E-005   6.0871049174323170E-005   4.5500201730646798E-004   1.9124068206234735E-004
   204.00000000000000        2.3606840959394211E-005  -3.7563392644775112E-005   5.6313796570616015E-005   4.2604914249791555E-004   1.7937800317748212E-004
   207.00000000000000        2.3522201970714475E-005  -3.6723975666584017E-005   5.5629711867926374E-005   4.1594223866076561E-004   1.7439559052592686E-004
   210.00000000000000        2.0004083482149352E-005  -3.1660243819467829E-005   4.8161150633903322E-005   3.7184530845556121E-004   1.5696885261479789E-004
   213.00000000000000        2.1560495614723761E-005  -3.3119461939418858E-005   4.9187904323471618E-005   3.6451391342606624E-004   1.5275713231015220E-004
   216.00000000000000        1.9757499165255036E-005  -3.0674489389814790E-005   4.5419610125835671E-005   3.4391924045344327E-004   1.4439516332035303E-004
   219.00000000000000        1.6734911402414062E-005  -2.6069666680803215E-005   3.8628499076479962E-005   3.0602164901255509E-004   1.2940951854926210E-004
   222.00000000000000        1.6073523751704265E-005  -2.5339854976907579E-005   3.7533302274154411E-005   2.8919605539730689E-004   1.2183343451416439E-004
   225.00000000000000        1.6997129773499049E-005  -2.6835398119458248E-005   4.0480805159468210E-005   2.8989739641350072E-004   1.2083778122526121E-004
   228.00000000000000        1.5238625214453437E-005  -2.3622117022452162E-005   3.4930731829531389E-005   2.6219598087411973E-004   1.0987549109261690E-004
   231.00000000000000        1.3088096524691515E-005  -2.0305615775224383E-005   2.9795285427573922E-005   2.3416494887026399E-004   9.8754369125076002E-005
   234.00000000000000        1.2414902828625973E-005  -1.8557489564364381E-005   2.7910543883806514E-005   2.2337534199999670E-004   9.4100522242236039E-005
   237.00000000000000        1.1414807904873155E-005  -1.8070857709008799E-005   2.6832009916734456E-005   2.0601120031710950E-004   8.6562023973956625E-005
   240.00000000000000        1.1679781813624168E-005  -1.7905528987448001E-005   2.6390198241021868E-005   1.9987512659843377E-004   8.3571317953885703E-005
   243.00000000000000        1.0639440962034864E-005  -1.6514013278017606E-005   2.4246437823088234E-005   1.8040181252135083E-004   7.5351489953220780E-005
   246.00000000000000        9.7949668975246445E-006  -1.5304523653303538E-005   2.2629248535505693E-005   1.6933742190661087E-004   7.0677776357082762E-005
   249.00000000000000        9.1591594735542519E-006  -1.4235004837187761E-005   2.0909849174220249E-005   1.5663196895370944E-004   6.5311058203998233E-005
   252.00000000000000        8.1365029715682708E-006  -1.2673948358471515E-005   1.8619294868528733E-005   1.4205894530138895E-004   5.9338821378655128E-005
   255.00000000000000        9.6560412991490731E-006  -1.2589884111238591E-005   1.8564659786199447E-005   1.4718156292974752E-004   6.1090036664175398E-005
   258.00000000000000        7.6012719561523980E-006  -1.1337326030647038E-005   1.6518004355129081E-005   1.2548669125777355E-004   5.2164965969325183E-005
   261.00000000000000        8.3956555061777872E-006  -1.2054303122865171E-005   1.8216564093206966E-005   1.2803327864945713E-004   5.2521359010347384E-005
   264.00000000000000        7.6944263843092614E-006  -1.0787756180449224E-005   1.5491447538577216E-005   1.1514572636424751E-004   4.7431367228042267E-005
   267.00000000000000        6.4245530763467693E-006  -9.2165500809750460E-006   1.3550870230789057E-005   1.0261110545949460E-004   4.2359475783109734E-005
   270.00000000000000        5.9575350699090283E-006  -8.7019157767886318E-006   1.2637354007165107E-005   9.4250849042137947E-005   3.8824252206926350E-005
   273.00000000000000        5.2073787239234992E-006  -7.8316551153105170E-006   1.1405178228307375E-005   8.3935438485109416E-005   3.4547122591715025E-005
   276.00000000000000        4.6626634771737466E-006  -7.1313679920462929E-006   1.0414909338299098E-005   7.5061656689950605E-005   3.0848702121662338E-005
   279.00000000000000        4.5120831467376869E-006  -6.8594625389764871E-006   9.9644555425069483E-006   7.2062090257637710E-005   2.9515111461067126E-005
   282.00000000000000        5.3679534498811592E-006  -7.3169021947149698E-006   1.0514123679111384E-005   7.4290964656969466E-005   3.0202731121933045E-005
   285.00000000000000        4.1311369337834396E-006  -6.0969670626638820E-006   8.8661321707417681E-006   6.2044071487341455E-005   2.5227310684275599E-005
   288.00000000000000        3.6330045936055229E-006  -5.3547849985857309E-006   7.7589541156051901E-006   5.5362334506256512E-005   2.2559826578376809E-005
   291.00000000000000        3.1325770313822330E-006  -4.7430391976412479E-006   6.9197115684177503E-006   4.8260687802611248E-005   1.9655123967302990E-005
   294.00000000000000        4.7456926545304018E-006  -5.0334061555903713E-006   7.5538561310547471E-006   5.4406705578202534E-005   2.1917925384193695E-005
   297.00000000000000        2.9472665009142922E-006  -4.1065751605126966E-006   6.0300728946753836E-006   4.3507856367491692E-005   1.7663100427363857E-005
   300.00000000000000        2.4274779596367895E-006  -3.6588754390550565E-006   5.3443050175155954E-006   3.6744278973514231E-005   1.4913604903466270E-005
