   5.0000000000000000       -7.7563563289976650E-006  -4.4135363509095320E-007   7.0879996564304854E-007   1.4216097269996960E-004   6.2901323285470957E-005
   10.000000000000000       -8.3028862471780374E-006  -4.9531101836134975E-007   7.8219267063921912E-007   1.5210159860040378E-004   6.7653279675173222E-005
   15.000000000000000       -8.8591374838912482E-006  -5.5344013840391093E-007   8.6011446752106851E-007   1.6223296336064161E-004   7.2539329927285434E-005
   20.000000000000000       -9.4226404982554113E-006  -6.1575277518206719E-007   9.4248243381542230E-007   1.7251339095217120E-004   7.7542335250683900E-005
   25.000000000000000       -9.9907689468022782E-006  -6.8222780017220799E-007   1.0291743170122093E-006   1.8289845556580703E-004   8.2643554681183934E-005
   30.000000000000000       -1.0560760690079563E-005  -7.5280807537538741E-007   1.1200265466552385E-006   1.9334127290527892E-004   8.7822742213008651E-005
   35.000000000000000       -1.2282055101260863E-005  -7.6656407779946551E-007   1.2119635985377595E-006   2.2392710027141185E-004   1.0026819433454583E-004
   40.000000000000000       -2.0873823253110852E-005  -5.4936411233400577E-007   1.3150563599745113E-006   3.9780783331026424E-004   1.6317271981181974E-004
   45.000000000000000       -3.0584718367028932E-005  -2.2605988975782145E-007   1.4266213589775288E-006   6.0499554846496538E-004   2.3785934630096158E-004
   50.000000000000000       -3.8067256068647060E-005  -6.9029854310218700E-007   1.6963049412521539E-006   7.8582716830138196E-004   3.0162389563128506E-004
   55.000000000000000       -5.6747635401407302E-005   4.0381864409267761E-007   1.8087516361830866E-006   1.1690450052987758E-003   4.4323785265911993E-004
   60.000000000000000       -7.7371524853240447E-005   3.7487857867731741E-007   2.2617683097583217E-006   1.5350855857812745E-003   5.8354290088317561E-004
   65.000000000000000       -9.7456956822376603E-005   1.1922817218331929E-007   2.8728481245562299E-006   1.9623247643204755E-003   7.4047046465689804E-004
   70.000000000000000       -1.2593721512526917E-004   5.9638044608505241E-007   3.5694104232642310E-006   2.4801925946481675E-003   9.4607458925286979E-004
   75.000000000000000       -1.5376775380008585E-004   9.7654448448934543E-007   4.4374485988573002E-006   2.9750280052917824E-003   1.1435240625678462E-003
   80.000000000000000       -1.7668130509082620E-004  -1.1575592510743363E-006   6.1576305943048420E-006   3.4520483719307571E-003   1.3334260243173237E-003
   85.000000000000000       -2.1114520701248659E-004  -6.6237335570506431E-007   7.5755286946150779E-006   4.0356300764634156E-003   1.5806408910706074E-003
   90.000000000000000       -2.2978691033420984E-004  -3.1054100060585503E-006   9.7855381087937456E-006   4.3864661236834241E-003   1.7266807482484987E-003
   95.000000000000000       -2.4894651712402903E-004  -3.6838077232307635E-006   1.1573585489031634E-005   4.5862240638875860E-003   1.8726235820179706E-003
   100.00000000000000       -2.6933291603682414E-004  -4.6423585703321369E-006   1.3771205438009273E-005   4.8697451038827227E-003   2.0103452075431079E-003
   105.00000000000000       -2.8285119528445319E-004  -1.1789808500914575E-005   1.8510485811942158E-005   5.2691227530646794E-003   2.2056865395027499E-003
   110.00000000000000       -2.9114234362702927E-004  -1.1563360586998426E-005   2.0198304718119209E-005   5.2374908242301729E-003   2.2506947102636289E-003
   115.00000000000000       -2.9393052092986459E-004  -1.4562541229503696E-005   2.3191194760602904E-005   5.2440268009626718E-003   2.3175397041251071E-003
   120.00000000000000       -3.0315622663053748E-004  -1.4987977750468838E-005   2.5514495213138498E-005   5.2922300675128193E-003   2.3777959430699089E-003
   125.00000000000000       -3.0301413331345229E-004  -1.8586239985877119E-005   2.8995994221548286E-005   5.1725345891229782E-003   2.3823624724937211E-003
   130.00000000000000       -3.1767850693817634E-004  -2.3625386987260357E-005   3.4422404660128143E-005   5.4722747719376944E-003   2.5702617269943427E-003
   135.00000000000000       -3.1952722949508234E-004  -2.0948577317963641E-005   3.5157837633656720E-005   5.4006685671409678E-003   2.6115689452433652E-003
   140.00000000000000       -3.2131341057681527E-004  -2.3807390709336084E-005   3.8958167993502317E-005   5.3408263277755488E-003   2.6282161529920813E-003
   145.00000000000000       -3.2125642119226836E-004  -3.0156765664051777E-005   4.4820538068564450E-005   5.2892897294359847E-003   2.7108619327177318E-003
   150.00000000000000       -2.8585299909804948E-004  -3.2506750618362676E-005   4.5414495027241315E-005   4.7548106667203065E-003   2.4939931927167023E-003
   155.00000000000000       -2.9149371871620985E-004  -4.2033898801861871E-005   5.4124797612981405E-005   4.8261161225798040E-003   2.6189114394864358E-003
   160.00000000000000       -2.7872914310427937E-004  -4.1442354691493116E-005   5.4980653436838606E-005   4.6898254398260331E-003   2.5947742036229169E-003
   165.00000000000000       -2.5981103197910739E-004  -4.3627021044440273E-005   5.6865374088108863E-005   4.3470452901393144E-003   2.4801667035440635E-003
   170.00000000000000       -2.3681909512385707E-004  -5.3387312492587249E-005   6.3319334122152886E-005   4.2160467022319516E-003   2.4767398179218959E-003
   175.00000000000000       -2.1057680966121009E-004  -5.8637933383741988E-005   6.6343708294553459E-005   3.8816580952246789E-003   2.3852260238676139E-003
   180.00000000000000       -1.8720313442873728E-004  -6.2511739337236369E-005   6.8634712167677553E-005   3.5373576573235811E-003   2.2364529849415319E-003
   185.00000000000000       -1.5103476728672567E-004  -6.6343198089435193E-005   6.9001153100216490E-005   3.1204517205085879E-003   2.0554296828437166E-003
   190.00000000000000       -1.3529207183973454E-004  -6.1529918757962830E-005   6.5398902547413406E-005   2.8715329283787346E-003   1.9271173703418185E-003
   195.00000000000000       -1.1723141103390937E-004  -5.7289804899105889E-005   6.1491140362704761E-005   2.6581767258818181E-003   1.7968309220703750E-003
   200.00000000000000       -9.2121909821005394E-005  -5.8309061919597644E-005   6.0240921623756437E-005   2.3221142130597804E-003   1.6275762851022664E-003
   205.00000000000000       -7.0308223178534455E-005  -5.3735689819034569E-005   5.4622939246792267E-005   1.9733956541388873E-003   1.4047829539572561E-003
   210.00000000000000       -5.5333945082974018E-005  -5.1411586306373317E-005   5.1581800682591334E-005   1.7987896756390428E-003   1.3296823244108918E-003
   215.00000000000000       -4.7951208916956531E-005  -4.6391217477264120E-005   4.7300483211341943E-005   1.6177636097329884E-003   1.1863989694758069E-003
   220.00000000000000       -3.5051967872484091E-005  -4.3725594122808384E-005   4.3714235290533959E-005   1.3988385899576261E-003   1.0497355142553976E-003
   225.00000000000000       -1.9540861922191971E-005  -4.2514007393275967E-005   4.0590767182689869E-005   1.2464500910308414E-003   9.4625589851110895E-004
   230.00000000000000       -1.3799691958222848E-005  -3.7514616566614849E-005   3.5736257098149605E-005   1.0429750782898122E-003   8.0135209895614652E-004
   235.00000000000000       -7.5198028739008044E-006  -3.5545146054497455E-005   3.3318559337682977E-005   9.2829883024808787E-004   7.3039685759448969E-004
   240.00000000000000       -5.0641844639846426E-006  -2.8186608143215393E-005   2.6423926367322011E-005   7.6031993990365520E-004   5.8697577101824046E-004
   245.00000000000000       -2.0918621061006654E-006  -2.8133729091335272E-005   2.6235227523146261E-005   6.9817161195317144E-004   5.4984538366130312E-004
   250.00000000000000        3.9872163663927175E-006  -2.6113437921700410E-005   2.3253410945202654E-005   5.9655109610831951E-004   4.7320047765495260E-004
   255.00000000000000       -7.5373485515654524E-007  -2.0263927267792815E-005   1.8987722083013272E-005   5.2855051028614702E-004   4.1001776702263496E-004
   260.00000000000000        4.5423424318559022E-006  -1.9382646267756997E-005   1.7048479015459954E-005   4.3167039148646151E-004   3.3768669889778119E-004
   265.00000000000000        3.7016646548506959E-006  -1.7262019059062618E-005   1.5383311761740255E-005   3.7968475978672630E-004   2.9498199679102698E-004
   270.00000000000000        7.1821355365131075E-006  -1.7244283544821543E-005   1.4671334756095544E-005   3.5237132542318154E-004   2.7688220992265044E-004
   275.00000000000000        3.8844605892830402E-006  -1.2682065387513578E-005   1.0942826068618831E-005   2.8059154876917817E-004   2.1501173779254226E-004
   280.00000000000000        2.2760897634059765E-006  -1.1036406336907836E-005   9.8491074085924877E-006   2.4612283872841174E-004   1.8840168596315774E-004
   285.00000000000000        1.8784149922383363E-006  -9.6554066685805038E-006   8.6415352120416363E-006   2.2175710728785796E-004   1.6796653548683819E-004
   290.00000000000000        1.5370184125749017E-006  -8.0654131019384175E-006   7.1333477252504433E-006   1.8898794614590479E-004   1.4242899485097178E-004
   295.00000000000000        1.6373984064449059E-006  -7.4801121580948372E-006   6.6074293191226603E-006   1.7998118599472812E-004   1.3435195942624386E-004
   300.00000000000000        2.8477396927587241E-007  -5.5789134486865868E-006   5.0050709274574925E-006   1.4662303893159655E-004   1.0728457298936483E-004
   305.00000000000000        1.5881905812384215E-006  -5.8410383362928547E-006   5.0148132489329801E-006   1.3302702107103581E-004   9.8430985931130429E-005
   310.00000000000000        7.5713985208986899E-007  -4.8094154345012402E-006   4.2230846212497200E-006   1.1091465571643917E-004   8.1894178182694591E-005
   315.00000000000000        4.3832192779284753E-007  -3.9742801617897097E-006   3.4578626837126942E-006   9.7108055700343229E-005   7.0512153762046815E-005
   320.00000000000000        4.0113892946712759E-007  -3.6339642321829990E-006   3.1873680123425390E-006   8.9204125989547742E-005   6.5299271077530458E-005
   325.00000000000000       -1.9166533027215340E-007  -3.0013350445710146E-006   2.7602037400323201E-006   7.6962833127617716E-005   5.6118906374593564E-005
   330.00000000000000       -6.0779003372932616E-007  -2.2213869828616138E-006   2.0522784995905957E-006   6.2803009119072144E-005   4.4749516579024241E-005
   335.00000000000000       -4.0533551730987021E-008  -2.2944571673598924E-006   2.0256131105391348E-006   5.6785108272724255E-005   4.0843590866712662E-005
   340.00000000000000       -4.9390523131349554E-007  -1.7345621255676017E-006   1.5968108235045319E-006   4.9679020524521898E-005   3.5583847215895313E-005
   345.00000000000000        1.0723187615533231E-008  -1.8739566608931023E-006   1.6653317001270310E-006   4.6361837282473895E-005   3.3667583987080991E-005
   350.00000000000000       -2.9582956573307216E-007  -1.4035614326890514E-006   1.2670556600495169E-006   3.8232587648278457E-005   2.7477681245907675E-005
   355.00000000000000        1.0009313475622252E-007  -1.5287394138357409E-006   1.3474710661629938E-006   3.4703378915468985E-005   2.5378864091693864E-005
   360.00000000000000       -9.6357056486146949E-008  -1.2561351091127561E-006   1.1527392569001064E-006   3.2026346499560701E-005   2.3620147954446245E-005
   365.00000000000000       -4.5608307844750369E-007  -8.1171630242904087E-007   7.8541285226249547E-007   2.5709465210385284E-005   1.8529203765608287E-005
   370.00000000000000       -1.9401786192194394E-007  -8.4833160192716466E-007   7.7853764478033271E-007   2.2923762097105424E-005   1.6721991545824794E-005
   375.00000000000000       -6.9824145873891277E-009  -8.5579680716295483E-007   7.5988737962835305E-007   2.0892724657548380E-005   1.5319532880130162E-005
   380.00000000000000       -1.5565382033409010E-007  -6.6711283683475437E-007   6.2756736752067965E-007   1.7974311359798517E-005   1.3269388843589193E-005
   385.00000000000000       -1.2255419793132694E-007  -5.8969389954538762E-007   5.5167182961407510E-007   1.5528980514059121E-005   1.1454394307548529E-005
   390.00000000000000       -1.3604848690529441E-007  -4.8923030123130694E-007   4.5996310848057234E-007   1.4513862152944665E-005   1.0584269565799597E-005
   395.00000000000000       -1.3529743383135369E-007  -4.0448516700199612E-007   3.7660460037029859E-007   1.1602702947677164E-005   8.4665326544999089E-006
   400.00000000000000       -5.8974398979943094E-008  -4.2267566230944359E-007   4.0231324784387905E-007   1.0884129607194320E-005   8.0811010355985457E-006
   405.00000000000000       -8.4722738143097243E-008  -3.2274379825370236E-007   2.9825088217289778E-007   9.0835124790714790E-006   6.6198481942421750E-006
   410.00000000000000       -6.5952511565700795E-008  -2.8902049486892988E-007   2.6624706106672907E-007   8.0878995843494242E-006   5.8774358982612142E-006
   415.00000000000000       -5.5382232858706074E-008  -2.5495430679809651E-007   2.3418510779565931E-007   7.1275906889388330E-006   5.1642153703265144E-006
   420.00000000000000       -4.6463126149692544E-008  -2.2582528015712330E-007   2.0696964660517859E-007   6.3210409667502085E-006   4.5603171414181704E-006
   425.00000000000000        3.9395232682064239E-008  -2.7501646349788662E-007   2.5322520704550243E-007   7.8593905543198455E-006   5.6429402588521320E-006
   430.00000000000000       -3.0784043783391613E-008  -1.8724852527135278E-007   1.7600848959591015E-007   5.4474891441921608E-006   3.9046515716668206E-006
   435.00000000000000        6.5235861060208916E-008  -2.5265025991878608E-007   2.3635181875839195E-007   5.3696446598464685E-006   3.9595380281096266E-006
   440.00000000000000        1.4350065992703181E-007  -2.8997440485985553E-007   2.5848023218658338E-007   5.5381331391186884E-006   4.0906192512006925E-006
   445.00000000000000       -3.7587790407474204E-008  -1.2744389724145932E-007   1.2744925579018954E-007   4.3799964080735530E-006   3.1114800570192952E-006
   450.00000000000000       -3.0346657916693427E-008  -1.1502405774784483E-007   1.1270478587575008E-007   3.9202072488905910E-006   2.7682741444345224E-006
   455.00000000000000       -2.3368737112161953E-008  -1.0192086797260918E-007   9.5095307276507362E-008   3.1982765613092013E-006   2.2338519159642442E-006
   460.00000000000000       -2.9643231132115597E-008  -8.3204534854950826E-008   7.6700629395998144E-008   2.5189758987504034E-006   1.7492032068703483E-006
   465.00000000000000        6.3904865650507052E-009  -1.0505615478229001E-007   9.5934595866955458E-008   2.8944322359785135E-006   2.0533954041787408E-006
   470.00000000000000        8.7495062451597538E-008  -1.7292348702000103E-007   1.6083203277262481E-007   3.3352006824169287E-006   2.4547728936638316E-006
   475.00000000000000       -1.1918407446626267E-008  -7.3810802148254901E-008   7.0622444094871771E-008   2.3942173080217230E-006   1.6814924344685771E-006
   480.00000000000000        1.3557222788058224E-008  -8.5709729622632546E-008   7.7988793762965127E-008   2.0933853753132253E-006   1.4828420098932869E-006
   485.00000000000000       -2.2583104421358308E-008  -4.6670839379445025E-008   4.3775781266430085E-008   1.4326561093944607E-006   1.0050894286753554E-006
   490.00000000000000        1.0677323151945236E-007  -1.5821358681656488E-007   1.4541773769037498E-007   2.4149607930788225E-006   1.8115613597209541E-006
   495.00000000000000       -2.1777012266844886E-008  -3.8522060731034986E-008   4.1200348960822212E-008   1.6162229452173785E-006   1.1512943246365502E-006
   500.00000000000000       -1.4897964196023092E-008  -3.4022114682181782E-008   3.2051857559260781E-008   9.9618549869787892E-007   7.1784199471020050E-007
