   4.0000000000000000        6.1934882099563137E-006  -2.0149296135240238E-005   3.3863535508964542E-005   6.4000325641874181E-004   3.1531749916292970E-004
   8.0000000000000000        6.6446440952519096E-006  -2.1178269586233351E-005   3.5434632767397453E-005   6.6550977968912002E-004   3.2761219910169321E-004
   12.000000000000000        7.1080761549880803E-006  -2.2215402949023462E-005   3.7008471643534831E-005   6.9074272829799249E-004   3.3975232828946714E-004
   16.000000000000000        7.4732346802625704E-006  -2.3131091550512301E-005   3.8753510227296346E-005   7.2118773964368016E-004   3.5480897200176388E-004
   20.000000000000000        8.0673424844268006E-006  -2.4301486432956899E-005   4.0144543301986706E-005   7.4002955446002695E-004   3.6339419653422451E-004
   24.000000000000000        7.3554602289807374E-006  -2.5625641736191499E-005   4.2952598347870076E-005   8.0002078560930051E-004   3.9444711552932328E-004
   28.000000000000000       -8.1331229735722787E-006  -3.0447772632783153E-005   6.9873104423869616E-005   1.5658964018697079E-003   7.9929171374388402E-004
   32.000000000000000       -6.0221756736869380E-005  -5.6133152945066211E-005   1.8581716773421493E-004   4.8955185473096696E-003   2.5475194501237198E-003
   36.000000000000000       -9.3051771843469401E-005  -8.0781324143721953E-005   2.8353039748897001E-004   7.6448378967624488E-003   3.9767480253219958E-003
   40.000000000000000       -9.0462462996885340E-005  -1.0308584667086981E-004   3.2813691596106023E-004   8.7930912104545456E-003   4.5660495302959755E-003
   44.000000000000000       -8.8033720277691930E-005  -1.4065247394232945E-004   4.0602322094101243E-004   1.0740748049538699E-002   5.5411729685014288E-003
   48.000000000000000       -8.9875185081143055E-005  -1.6379785599818903E-004   4.5016201142859141E-004   1.1830286768820798E-002   6.0918892394458222E-003
   52.000000000000000       -7.6406233109461530E-005  -2.1191856434178518E-004   5.1624973823774360E-004   1.3142481647118344E-002   6.7296280304733110E-003
   56.000000000000000       -5.2826182647256876E-005  -2.3882149846694579E-004   5.6512112859026748E-004   1.4277775444289041E-002   7.2903984468336959E-003
   60.000000000000000       -2.8742424050650636E-005  -2.8242554969942193E-004   6.2429778261669769E-004   1.5387527528934897E-002   7.8089644544433430E-003
   64.000000000000000        9.8752913902764127E-006  -3.3828083922429796E-004   6.8770308399538293E-004   1.6331079386349739E-002   8.2712552266493017E-003
   68.000000000000000        3.3036190564939696E-005  -3.6923421332773489E-004   7.3307697070014368E-004   1.7236055992828885E-002   8.6760730995169046E-003
   72.000000000000000        7.1610690316635411E-005  -4.1069819714240090E-004   7.6216157466579208E-004   1.7215471062370265E-002   8.6422316957552869E-003
   76.000000000000000        1.0628737444933511E-004  -4.4255833998330140E-004   8.0557145298076351E-004   1.7746743962502386E-002   8.8375777796732211E-003
   80.000000000000000        1.3143212607251580E-004  -4.9049866357365004E-004   8.4268604893600026E-004   1.7922569044967418E-002   8.8961738777240430E-003
   84.000000000000000        1.8992757690585886E-004  -5.7305308729471564E-004   9.4937284425337682E-004   1.9368934637440521E-002   9.6137606153478446E-003
   88.000000000000000        2.1412127329573327E-004  -5.8492832636406194E-004   9.4129203094537456E-004   1.8515082148800741E-002   9.1006416243788243E-003
   92.000000000000000        2.5471744149376300E-004  -6.2416009424353378E-004   9.7194165768681065E-004   1.8350818664986564E-002   8.9634925225921241E-003
   96.000000000000000        2.6094408276415364E-004  -6.6124762799236428E-004   1.0121166248104000E-003   1.8462396474742557E-002   8.9980989883512250E-003
   100.00000000000000        2.9651963340260242E-004  -6.9257365810412169E-004   1.0142507547940762E-003   1.7308325512910255E-002   8.3379162239339416E-003
   104.00000000000000        3.4333608972340830E-004  -7.4609282299582217E-004   1.0847423372410728E-003   1.8086974435966227E-002   8.6965766337665385E-003
   108.00000000000000        3.5265293604725881E-004  -7.4759763103593219E-004   1.0820121478030652E-003   1.7379683825819180E-002   8.2991461967303858E-003
   112.00000000000000        3.4745058245558671E-004  -7.4139910815046168E-004   1.0684749184404953E-003   1.6507536571841796E-002   7.8391571241728242E-003
   116.00000000000000        4.1079435396099238E-004  -8.1194892385853682E-004   1.1398856121118380E-003   1.6651162715046013E-002   7.8335244158998143E-003
   120.00000000000000        3.8232750469714948E-004  -7.4174159628296655E-004   1.0348192786608504E-003   1.4509679775018354E-002   6.7920642371199456E-003
   124.00000000000000        4.0964194505294853E-004  -7.7461160301479980E-004   1.0657445540699626E-003   1.4188492282938722E-002   6.5799990725529840E-003
   128.00000000000000        4.0702387126585678E-004  -7.5799422968082406E-004   1.0442815364802656E-003   1.3620974810493791E-002   6.3088211526583565E-003
   132.00000000000000        3.9673802289903314E-004  -7.2181822684399698E-004   9.8890328790428457E-004   1.2338513523848795E-002   5.6665044649004464E-003
   136.00000000000000        4.1578690654400980E-004  -7.0953689254992099E-004   9.6291079002326771E-004   1.1557307878899234E-002   5.2750195524353246E-003
   140.00000000000000        4.1091556661469703E-004  -6.7384373358718832E-004   9.0739630258097198E-004   1.0514027241759991E-002   4.7780020879216204E-003
   144.00000000000000        3.9680403392457799E-004  -6.6040737463203916E-004   8.8788593368257140E-004   9.6882593813240117E-003   4.3585333680254386E-003
   148.00000000000000        3.7341229887237416E-004  -6.0838885924375489E-004   8.1779973576508918E-004   8.5515803605986079E-003   3.8175010612201956E-003
   152.00000000000000        3.5372213740832934E-004  -5.6925361160317461E-004   7.6647533562894084E-004   7.8886672139545852E-003   3.5158381148706623E-003
   156.00000000000000        3.2435649140959936E-004  -5.1243447710989909E-004   6.9105813623099451E-004   7.0100109858740921E-003   3.1197008511582333E-003
   160.00000000000000        3.0273197245855160E-004  -4.7454565925965299E-004   6.3613006512435268E-004   6.1553260095909574E-003   2.7191107003793650E-003
   164.00000000000000        2.5868334123177109E-004  -4.0168193228588757E-004   5.4480031488522327E-004   5.2526559186845470E-003   2.3186836379188755E-003
   168.00000000000000        2.5802816950664883E-004  -3.8903854067124624E-004   5.2382873023770770E-004   4.9155815585502196E-003   2.1589640876902684E-003
   172.00000000000000        2.2034105595375818E-004  -3.3599802217466911E-004   4.5459423737567939E-004   4.2599281729898937E-003   1.8780331259377640E-003
   176.00000000000000        2.0438788064319359E-004  -3.0535425699134273E-004   4.1392998780733815E-004   3.8213307372281322E-003   1.6771866762815271E-003
   180.00000000000000        1.9544685396761171E-004  -2.8985460809186395E-004   3.9164926082222606E-004   3.5179292549040891E-003   1.5388486904369825E-003
   184.00000000000000        1.5594075578173567E-004  -2.3278080202993620E-004   3.1606946269481143E-004   2.8532459136581317E-003   1.2519286799339928E-003
   188.00000000000000        1.4867430892182156E-004  -2.2022720665395147E-004   3.0068599835268831E-004   2.6633221311955146E-003   1.1626019037420938E-003
   192.00000000000000        1.2195726414042734E-004  -1.7900373651967420E-004   2.4421393893577870E-004   2.1647460924307305E-003   9.5211857542716691E-004
   196.00000000000000        1.2110482812799018E-004  -1.7589867238437137E-004   2.3960449987646664E-004   2.0978583228058838E-003   9.1771948542949445E-004
   200.00000000000000        9.8580368474842619E-005  -1.4161799315557847E-004   1.9415383215469432E-004   1.7191169152308459E-003   7.5566258574742955E-004
   204.00000000000000        8.9075926954515855E-005  -1.2924059262582859E-004   1.7778848639186891E-004   1.5975902187103205E-003   7.0379046906076694E-004
   208.00000000000000        7.3177726842968267E-005  -1.0794481563417338E-004   1.4799635563461216E-004   1.2954976375258113E-003   5.7035775334576605E-004
   212.00000000000000        6.5353184468611511E-005  -9.7902643989463155E-005   1.3527410423483250E-004   1.1977340034376143E-003   5.2920104693060153E-004
   216.00000000000000        6.0704863317117603E-005  -8.9211896497805987E-005   1.2392253819457229E-004   1.0894372323279576E-003   4.8138448158542400E-004
   220.00000000000000        4.9778628937105118E-005  -7.3862663196160429E-005   1.0217907469750958E-004   9.1657939652707706E-004   4.0653432715182831E-004
   224.00000000000000        4.3952614580783632E-005  -6.4657039680028917E-005   8.8157993411077564E-005   8.1956487916210732E-004   3.6482947361007087E-004
   228.00000000000000        4.1726358517918247E-005  -6.1663953154068296E-005   8.4640694586512997E-005   7.7694066495037953E-004   3.4572612697484966E-004
   232.00000000000000        3.2563636445889866E-005  -4.9465214749693385E-005   6.9041248417119739E-005   6.5253388180258013E-004   2.9195321739640894E-004
   236.00000000000000        3.4972203050228029E-005  -5.2345002719307995E-005   7.3651716084612495E-005   6.6805120242068939E-004   2.9737071523160401E-004
   240.00000000000000        2.4663827839716107E-005  -3.7479760589547776E-005   5.2601094409424756E-005   5.2703012427670411E-004   2.3771163349846374E-004
   244.00000000000000        2.4037427409485944E-005  -3.6399925390985569E-005   5.0698477148937299E-005   4.9175802815824875E-004   2.2112353855257666E-004
   248.00000000000000        2.1254171974208112E-005  -3.2398092246456239E-005   4.5003741077983352E-005   4.3169225939318370E-004   1.9400129290358012E-004
   252.00000000000000        1.6913039983222054E-005  -2.6991556715463788E-005   3.8030659726578502E-005   3.8439109864394342E-004   1.7378828534232445E-004
   256.00000000000000        1.6553178580145045E-005  -2.6102490181184443E-005   3.6710196044559675E-005   3.6589892870098116E-004   1.6499425069394711E-004
   260.00000000000000        1.5923395183091613E-005  -2.4252674733920758E-005   3.3393400043104637E-005   3.3187812567119976E-004   1.4954956288929167E-004
   264.00000000000000        1.2703463726891122E-005  -1.9491350462529928E-005   2.7094280922456292E-005   2.8151691592784127E-004   1.2752321000032981E-004
   268.00000000000000        1.1606166211584142E-005  -1.7964087133443682E-005   2.4873749461562652E-005   2.5603007111170287E-004   1.1598494792251185E-004
   272.00000000000000        9.8125958367199056E-006  -1.5822246418722879E-005   2.2074623869252305E-005   2.3230644124665808E-004   1.0536583653186546E-004
   276.00000000000000        9.9545584312336515E-006  -1.5414917583799570E-005   2.1557618448238439E-005   2.2141269292014429E-004   1.0007539471787391E-004
   280.00000000000000        8.3977338956948354E-006  -1.3338783539897703E-005   1.8826487434033097E-005   1.9493684993987723E-004   8.8152355812504642E-005
   284.00000000000000        8.4205094350793845E-006  -1.2897189545402898E-005   1.7727305808112745E-005   1.7876493238792198E-004   8.0666695204782715E-005
   288.00000000000000        7.9234471635410536E-006  -1.2280283077528640E-005   1.6855714857824655E-005   1.6885199212090390E-004   7.5996846927632797E-005
   292.00000000000000        6.0767034795595519E-006  -9.6259283229662296E-006   1.3206102197141011E-005   1.4191442181205662E-004   6.4257297982725590E-005
   296.00000000000000        5.7809138955009320E-006  -9.1623766679116318E-006   1.2590154054121197E-005   1.2992798529226944E-004   5.8611909328458498E-005
   300.00000000000000        5.7198703922156591E-006  -8.8193273636911220E-006   1.2214515399796081E-005   1.2248110408830484E-004   5.5107113622617275E-005
   304.00000000000000        5.1197150231774443E-006  -7.8586659447767198E-006   1.0646014585446194E-005   1.0787312013347665E-004   4.8508237600281772E-005
   308.00000000000000        4.4857962168826771E-006  -6.9515085565543106E-006   9.4324005629982900E-006   9.5730331120184623E-005   4.3027960299683739E-005
   312.00000000000000        4.2071835729733216E-006  -6.1683583238026084E-006   8.4604391106378642E-006   8.9242894910018821E-005   4.0138872558336729E-005
   316.00000000000000        3.4515788477847419E-006  -5.4449470587319165E-006   7.4725839033838601E-006   7.6523844647331677E-005   3.4365529670901859E-005
   320.00000000000000        3.9042803914223287E-006  -5.8420754220582390E-006   7.9638536034056073E-006   7.5366391700255493E-005   3.3611245334315648E-005
   324.00000000000000        3.0369425985495595E-006  -4.6972522437673453E-006   6.4104317467531472E-006   6.2452637744574168E-005   2.7908161395616121E-005
   328.00000000000000        2.6336108378943811E-006  -4.0577380278845202E-006   5.5395687698968588E-006   5.5730155479592725E-005   2.4952273288902807E-005
   332.00000000000000        2.4829504880849779E-006  -3.8353885218632781E-006   5.2476064794501064E-006   5.0849239358052618E-005   2.2687288524837588E-005
   336.00000000000000        2.1430178940075635E-006  -3.3145371390749166E-006   4.5377768526732339E-006   4.4999507589219904E-005   2.0115846395945999E-005
   340.00000000000000        3.0632928837390321E-006  -3.7065884684379723E-006   4.7776964700582345E-006   4.9628411408543585E-005   2.2163157223318421E-005
   344.00000000000000        2.0380904367024580E-006  -2.9174772457092545E-006   3.9074022939768253E-006   3.8447251336240733E-005   1.7164833144479574E-005
   348.00000000000000        2.4776463555999860E-006  -3.4061691969807618E-006   4.6460377832947721E-006   4.0666458720795839E-005   1.7993989809711355E-005
   352.00000000000000        2.2925948649812498E-006  -3.0375077539554665E-006   3.9667812735759782E-006   3.6285740617331883E-005   1.6112323059511160E-005
   356.00000000000000        1.6575906444554002E-006  -2.2411544364219780E-006   3.0113533389312149E-006   3.0428460811651835E-005   1.3606695404212580E-005
   360.00000000000000        1.4560164199206980E-006  -2.0429816706788973E-006   2.7199291765183956E-006   2.7283240583879156E-005   1.2214963132148591E-005
   364.00000000000000        1.1431126861805940E-006  -1.7027515995388153E-006   2.3138355883939691E-006   2.3234332873185353E-005   1.0427492373811179E-005
   368.00000000000000        9.2544500713773260E-007  -1.4259198971458739E-006   1.9785542331340992E-006   1.9753950004198869E-005   8.8873478794262441E-006
   372.00000000000000        9.6483049131220557E-007  -1.4959539491907204E-006   2.0500108492396097E-006   2.0231814153894909E-005   9.0898973568837232E-006
   376.00000000000000        1.4692295419350098E-006  -1.8507585922338853E-006   2.3502913324556221E-006   2.2025027712516188E-005   9.8524687809940439E-006
   380.00000000000000        8.0841080503718981E-007  -1.2074327548024698E-006   1.6370916711691880E-006   1.7109570796376627E-005   7.7313382987794785E-006
   384.00000000000000        7.5426298883913184E-007  -1.1106492593331307E-006   1.5015790973951422E-006   1.5355650981490343E-005   6.9471793535992056E-006
   388.00000000000000        5.4029663583672520E-007  -8.4509700300076868E-007   1.1841112668835287E-006   1.2469310547474075E-005   5.6731457126209892E-006
   392.00000000000000        1.5643482864392904E-006  -1.5197993149373157E-006   1.9193553385926327E-006   1.7535541167252030E-005   7.8217018113983620E-006
   396.00000000000000        6.3685263400063201E-007  -8.3930723499077681E-007   1.1409879574162642E-006   1.2641572761006210E-005   5.7453053335245527E-006
   400.00000000000000        4.0069512608169160E-007  -6.3235078546305159E-007   8.8641205588332164E-007   9.6397900612027821E-006   4.4067800501796372E-006
