   5.0000000000000000        0.0000000000000000        0.0000000000000000        0.0000000000000000        0.0000000000000000        0.0000000000000000     
   10.000000000000000        0.0000000000000000        0.0000000000000000        0.0000000000000000        0.0000000000000000        0.0000000000000000     
   15.000000000000000        0.0000000000000000        0.0000000000000000        0.0000000000000000        0.0000000000000000        0.0000000000000000     
   20.000000000000000        0.0000000000000000        0.0000000000000000        0.0000000000000000        0.0000000000000000        0.0000000000000000     
   25.000000000000000        0.0000000000000000        0.0000000000000000        0.0000000000000000        0.0000000000000000        0.0000000000000000     
   30.000000000000000       -9.8949975551894262E-013   3.6115885252609971E-014   4.6754545456949480E-013   2.7761253644146115E-011   1.3368468604947147E-011
   35.000000000000000       -1.1969549059184517E-006  -2.1570694156421574E-008   9.0774905226066620E-007   4.3432794600302670E-005   2.2530232460107444E-005
   40.000000000000000       -7.5023175778266862E-006  -3.0420845501814752E-007   8.1720204881077202E-006   3.9304255899987620E-004   2.0367486480610974E-004
   45.000000000000000       -1.3907185615263652E-005  -9.5278060473762917E-007   1.6994569488331604E-005   8.1394555262389494E-004   4.2173119619420048E-004
   50.000000000000000       -1.7971865975450705E-005  -2.4686649566037580E-006   2.4756601511870415E-005   1.1739781804375993E-003   6.0879940617769416E-004
   55.000000000000000       -2.8094121249116557E-005  -4.4375202133311685E-006   4.1977167353889537E-005   1.9850465547249178E-003   1.0267123150960462E-003
   60.000000000000000       -4.0793044897706538E-005  -8.4757570097929292E-006   5.9672204475234962E-005   2.7738926521623849E-003   1.4318133686000818E-003
   65.000000000000000       -5.1985958901262855E-005  -1.4057865170679096E-005   8.0370994552505636E-005   3.6807662840191765E-003   1.9001146826386310E-003
   70.000000000000000       -6.1432084708972981E-005  -2.1379525992482076E-005   1.0679695407335561E-004   4.8289578204284127E-003   2.4858947328851217E-003
   75.000000000000000       -7.3726271284638544E-005  -3.0125831816242768E-005   1.3315337087696388E-004   5.9304341024942128E-003   3.0487061656393121E-003
   80.000000000000000       -7.6395733291634855E-005  -4.3070720510090324E-005   1.6143222063825594E-004   6.9921199870606847E-003   3.5911719036526659E-003
   85.000000000000000       -8.1530369572269598E-005  -5.7856156531971416E-005   1.9567655467968900E-004   8.3387399056177886E-003   4.2724414213610737E-003
   90.000000000000000       -8.4960747229887869E-005  -7.1619457354639464E-005   2.1965208826942392E-004   9.1372752264471460E-003   4.6792381539117441E-003
   95.000000000000000       -6.9358904463262202E-005  -8.9650999151075038E-005   2.4281929400102748E-004   9.7628726157328368E-003   4.9739149910130887E-003
   100.00000000000000       -7.1794517274323023E-005  -1.0444980169705846E-004   2.6579485037054603E-004   1.0465465048648481E-002   5.3245145632921645E-003
   105.00000000000000       -4.3250603223545402E-005  -1.3796748943719942E-004   3.0643107863772781E-004   1.1466007137103766E-002   5.8217180907910379E-003
   110.00000000000000       -3.0416851637792586E-005  -1.5027827551906844E-004   3.1728888664316242E-004   1.1549535635665721E-002   5.8437435863894641E-003
   115.00000000000000       -3.9228081051886216E-006  -1.7344500582554181E-004   3.3654577864992860E-004   1.1741337958642134E-002   5.9178021979091819E-003
   120.00000000000000       -2.6153295111806160E-006  -1.8743098775929586E-004   3.5339849789118493E-004   1.1966676537775292E-002   6.0195980944255907E-003
   125.00000000000000        1.4964454532380597E-005  -2.0655668236438480E-004   3.6528454922845276E-004   1.1843246832113002E-002   5.9377800387823820E-003
   130.00000000000000        4.1408968523562769E-005  -2.4314584903892779E-004   4.0982845257224709E-004   1.2725020224802690E-002   6.3629871246069615E-003
   135.00000000000000        5.4362325794208789E-005  -2.6009710635290715E-004   4.2760629594333410E-004   1.2769541733054371E-002   6.3616181448062437E-003
   140.00000000000000        4.9882289535167070E-005  -2.7675932291305568E-004   4.4671080561928212E-004   1.2760659888008518E-002   6.3455205686872816E-003
   145.00000000000000        9.3420175386685681E-005  -3.1620833549632972E-004   4.8187294790967105E-004   1.2949343377601669E-002   6.4018276055217826E-003
   150.00000000000000        1.0129207379197949E-004  -3.1179732178975874E-004   4.6266868989472301E-004   1.1730685273559761E-002   5.7820628297650337E-003
   155.00000000000000        1.1725009465669625E-004  -3.5466640007748292E-004   5.1188147085792269E-004   1.2191987640283434E-002   5.9839529444640771E-003
   160.00000000000000        1.4047663758270931E-004  -3.6808379486628375E-004   5.2368740041965729E-004   1.1986242168820646E-002   5.8666446542698578E-003
   165.00000000000000        1.4620893484587795E-004  -3.7148617112627404E-004   5.2169567186640515E-004   1.1285333091956966E-002   5.5008431969140641E-003
   170.00000000000000        1.7794296615235321E-004  -4.0224418964204047E-004   5.5041760862505518E-004   1.1151457177491267E-002   5.4134861380339900E-003
   175.00000000000000        2.0216735012756125E-004  -4.1466820833486768E-004   5.5795000836128246E-004   1.0529186538841575E-002   5.0790072314743579E-003
   180.00000000000000        2.0489121163877255E-004  -4.1318031454074818E-004   5.4619282757988432E-004   9.7310198084433371E-003   4.6759178055488506E-003
   185.00000000000000        2.1588534057210640E-004  -4.0531295039120124E-004   5.2775111794498258E-004   8.7551552538526287E-003   4.1819647984053859E-003
   190.00000000000000        2.1567876672895292E-004  -3.8820921188545052E-004   5.0429485994056057E-004   8.1246285528727043E-003   3.8687022532732343E-003
   195.00000000000000        2.0720740990038441E-004  -3.6568560619932618E-004   4.7780209459185842E-004   7.5275703904578144E-003   3.5804204110188864E-003
   200.00000000000000        2.0937169620730835E-004  -3.5158763925484572E-004   4.5318362240818973E-004   6.6780811610669538E-003   3.1579411689238615E-003
   205.00000000000000        1.8950989675391234E-004  -3.1056747520705072E-004   3.9879850130856108E-004   5.6528136915642638E-003   2.6655305312430623E-003
   210.00000000000000        1.9805919212844360E-004  -3.0257146093419859E-004   3.8614187234969151E-004   5.2617757288894009E-003   2.4658215417528912E-003
   215.00000000000000        1.7522258578537092E-004  -2.7136300637110622E-004   3.4849674439447532E-004   4.6620488693648338E-003   2.1864917327231665E-003
   220.00000000000000        1.6693630702551191E-004  -2.4673690052207873E-004   3.1458986117164771E-004   4.0360129428135428E-003   1.8839911315286628E-003
   225.00000000000000        1.6373232392170821E-004  -2.2857753687763883E-004   2.8925596067674864E-004   3.5850382980086026E-003   1.6694455403681743E-003
   230.00000000000000        1.3800834604528619E-004  -1.9434006071380840E-004   2.4734778762411754E-004   2.9525450174482247E-003   1.3703709651786630E-003
   235.00000000000000        1.3287497527996226E-004  -1.8176457018515810E-004   2.3013803216204848E-004   2.6398084760353778E-003   1.2195452852780816E-003
   240.00000000000000        1.0553598612332365E-004  -1.4129353826233400E-004   1.7960938117468134E-004   2.0482153937194784E-003   9.4673526633554615E-004
   245.00000000000000        1.0579876888819303E-004  -1.3877873676382298E-004   1.7348962257804078E-004   1.8952546979140272E-003   8.7259159785676532E-004
   250.00000000000000        9.3216331192347903E-005  -1.1899034506620419E-004   1.5063355174089899E-004   1.5792142543157111E-003   7.2499393281517878E-004
   255.00000000000000        7.5985624129774215E-005  -9.8310447335686748E-005   1.2442654072844012E-004   1.3393089170016543E-003   6.1630733535238472E-004
   260.00000000000000        6.5182380389946959E-005  -8.1996132144534876E-005   1.0359403579467792E-004   1.0398123303234147E-003   4.7619551608011967E-004
   265.00000000000000        5.6978769647538093E-005  -7.1634592986073600E-005   8.9889543674122940E-005   8.7893253643503302E-004   4.0225039583571684E-004
   270.00000000000000        5.5229414795088748E-005  -6.8143844463694679E-005   8.6117977203727621E-005   8.2133083544938524E-004   3.7515186351265174E-004
   275.00000000000000        3.9806512708707709E-005  -4.8311632602382464E-005   6.0862234456532247E-005   5.7745385613151780E-004   2.6367245737025501E-004
   280.00000000000000        3.4840697001382383E-005  -4.2285000998527350E-005   5.2503065290940713E-005   4.8297627327710394E-004   2.1996370603690263E-004
   285.00000000000000        2.9978764905623622E-005  -3.6385597971400468E-005   4.5136966128060416E-005   4.1793611790270349E-004   1.9061428480887391E-004
   290.00000000000000        2.3006208850387091E-005  -2.8263345544107007E-005   3.5917937482916683E-005   3.2728712480975438E-004   1.4898695118917805E-004
   295.00000000000000        2.2428501839483874E-005  -2.7104306395040778E-005   3.4036931939858987E-005   3.1593221604456385E-004   1.4440728411100191E-004
   300.00000000000000        1.5159188634973173E-005  -1.8154293369261717E-005   2.3161812757803483E-005   2.1716805897630242E-004   9.9264767498018837E-005
   305.00000000000000        1.5249573443866454E-005  -1.7809596091520448E-005   2.2370807053174125E-005   1.9632601124073930E-004   8.9459308549563298E-005
   310.00000000000000        1.1427201464008713E-005  -1.3443786983894554E-005   1.6964753156976034E-005   1.4086163524517690E-004   6.3833619492904237E-005
   315.00000000000000        8.3198015658509132E-006  -9.9487237659493323E-006   1.2852368407231191E-005   1.0972120612569071E-004   4.9921949826662050E-005
   320.00000000000000        7.8052160368859266E-006  -9.4385700581145707E-006   1.2085522636527584E-005   1.0326539538072631E-004   4.6961209404465339E-005
   325.00000000000000        6.5794279678048884E-006  -7.6422825786942381E-006   9.4595296449663030E-006   7.8304051968538943E-005   3.5513680149503772E-005
   330.00000000000000        3.7448097536708182E-006  -4.1438932421111850E-006   5.1706847691369496E-006   4.3266149248626704E-005   1.9655446367399291E-005
   335.00000000000000        3.7230636240752573E-006  -4.1096403521539172E-006   5.1203056810022714E-006   3.9802565356069695E-005   1.8060101975217258E-005
   340.00000000000000        2.2348003384247531E-006  -2.7214817445190829E-006   3.5389421853229797E-006   2.9794026894770627E-005   1.3556348371269198E-005
   345.00000000000000        2.8083332241635664E-006  -3.1696827509776287E-006   4.0526585358083221E-006   3.3477579672495143E-005   1.5264786834103960E-005
   350.00000000000000        1.4136917413636246E-006  -1.5765404601133907E-006   2.1028993251301498E-006   1.7317774668620813E-005   7.8810608527947639E-006
   355.00000000000000        2.0158324096462806E-006  -2.1395349110318363E-006   2.5969488808641197E-006   1.8112355953368504E-005   8.1857726365181960E-006
   360.00000000000000        1.7554155708308532E-006  -2.0614387326629170E-006   2.5661470558758960E-006   2.0094883806669588E-005   9.1105922574012766E-006
   365.00000000000000        4.7489071579243891E-007  -5.6079305620245972E-007   6.8583139220637133E-007   6.4718437700913853E-006   2.9697190270471406E-006
   370.00000000000000        5.9299483093745262E-007  -6.9069130839381826E-007   8.5577666258814566E-007   6.4197087712590374E-006   2.9129315674088958E-006
   375.00000000000000        7.7705550165396310E-007  -8.1059301235505766E-007   1.0040515851427374E-006   7.6670057909370383E-006   3.5029602692021346E-006
   380.00000000000000        5.8252243852441780E-007  -6.5400504272125997E-007   7.5945754720135111E-007   5.0474220375605727E-006   2.2608963628603241E-006
   385.00000000000000        3.6443181353396618E-007  -4.2130437274573588E-007   4.8506386436877910E-007   2.9664805794861548E-006   1.3220717833409852E-006
   390.00000000000000        4.1521359806785623E-007  -3.2630418867212387E-007   3.7072217672277039E-007   4.8262289194325637E-006   2.2622601094413113E-006
   395.00000000000000        4.2192633581213882E-011  -3.5186161380331530E-011   4.3473567367827841E-011   6.3335405132829515E-010   3.0117411223701671E-010
   400.00000000000000        3.4405204604112284E-007  -3.6919294544367906E-007   4.1245082792206254E-007   2.6062266894561199E-006   1.1604143979523130E-006
   405.00000000000000        0.0000000000000000        0.0000000000000000        0.0000000000000000        0.0000000000000000        0.0000000000000000     
   410.00000000000000        2.8276620271220625E-008  -1.6509977243007121E-008   1.2270757908178633E-008   1.4404340787330239E-007   6.7014843082716812E-008
   415.00000000000000        3.2669364540985842E-010  -1.7343826777253056E-010   1.1644983431382978E-010   1.5966993381852849E-009   7.7261630676370711E-010
   420.00000000000000        0.0000000000000000        0.0000000000000000        0.0000000000000000        0.0000000000000000        0.0000000000000000     
   425.00000000000000        8.8393386263103132E-007  -7.0528353318107418E-007   6.3626939999664280E-007   7.6531338505870500E-006   3.5933059823071154E-006
   430.00000000000000        2.0988772933967509E-007  -1.8425507150984165E-007   1.7424227525774964E-007   1.6164246495690497E-006   7.4696550206471958E-007
   435.00000000000000        4.8519943281701154E-007  -4.9064315269505835E-007   5.4872732114385821E-007   3.6672621291059543E-006   1.6569671708301701E-006
   440.00000000000000        7.4841332127886542E-007  -7.6115548833000384E-007   8.3554215825176627E-007   5.9652337752719944E-006   2.7277829003813708E-006
   445.00000000000000        2.8797001690234405E-007  -2.4905114747285175E-007   2.5642600471428773E-007   2.9961013012563261E-006   1.3980560835698783E-006
   450.00000000000000        2.4160886028970485E-007  -2.4918645983168761E-007   2.5249558086225447E-007   2.6915437961891133E-006   1.2550215736862655E-006
   455.00000000000000        9.7215721520931929E-008  -1.1345790013369034E-007   1.1469824476923392E-007   1.3122614340806144E-006   6.1545911925176605E-007
   460.00000000000000        1.2891938585256748E-011  -1.4659978843985738E-011   1.7500162998948535E-011   3.5188467915848036E-010   1.6810058673595216E-010
   465.00000000000000        1.5162102066056484E-007  -2.2599179146658552E-007   2.7652030073552039E-007   2.3397952108165624E-006   1.0785726459917063E-006
   470.00000000000000        6.2263950503263441E-007  -6.5611219930933024E-007   7.0711935386403510E-007   4.9378968120430755E-006   2.2602539737995855E-006
   475.00000000000000        1.3578382967545764E-007  -1.7839361098258201E-007   1.9515359590296625E-007   2.0604371472080812E-006   9.6254141051621382E-007
   480.00000000000000        1.6248993778613316E-007  -1.9601522504965558E-007   2.1596724993619174E-007   1.7326042133875007E-006   8.0266256840637063E-007
   485.00000000000000        0.0000000000000000        0.0000000000000000        0.0000000000000000        0.0000000000000000        0.0000000000000000     
   490.00000000000000        7.1956898931642929E-007  -5.5945431881508349E-007   5.5114721127898370E-007   4.2600378699537666E-006   1.9547074579163833E-006
   495.00000000000000        1.3727621163252605E-007  -1.2818061232819017E-007   1.2467625495335948E-007   1.6797140208513931E-006   7.8815653461152360E-007
   500.00000000000000        0.0000000000000000        0.0000000000000000        0.0000000000000000        0.0000000000000000        0.0000000000000000     
