   3.0000000000000000        0.0000000000000000        0.0000000000000000        0.0000000000000000        0.0000000000000000        0.0000000000000000     
   6.0000000000000000       -1.3041012942732939E-009  -3.1887511900601378E-010   2.3345510691210064E-009   4.5192444156336555E-008   1.8979534316191151E-008
   9.0000000000000000       -1.8185002660589309E-007  -4.9461425791162561E-007   9.3329934437853540E-007   1.2300612772045583E-005   5.1374272556667128E-006
   12.000000000000000        2.0320657778923214E-007  -5.0405664418488705E-008   1.5963653433792720E-006   2.6057851069052737E-005   1.4936905019701562E-005
   15.000000000000000       -1.2072814496600858E-006  -2.2809663945248692E-006   4.8906405707092451E-006   7.1297042232254727E-005   3.6085053384814545E-005
   18.000000000000000       -4.5423466445592771E-006  -2.3940469077062967E-005   4.8087762095498797E-005   7.0729080505148811E-004   3.5992382318480038E-004
   21.000000000000000       -2.3227536848212904E-005  -1.6670810767598600E-004   4.0915187463589709E-004   6.1059624136377000E-003   3.0828987946224882E-003
   24.000000000000000        7.8489574512449844E-006  -3.7167657030932492E-004   9.8501123002188050E-004   1.5102397641444429E-002   7.5493930706815107E-003
   27.000000000000000        1.3092345608100875E-004  -5.5511045396579686E-004   1.3577196686212752E-003   2.0587610511365817E-002   1.0146644909596906E-002
   30.000000000000000        1.9453149912475957E-004  -6.7305765787129706E-004   1.4905410890048677E-003   2.1915193443977004E-002   1.0749691350681911E-002
   33.000000000000000        3.1567840123296358E-004  -7.5435053077995567E-004   1.6652942601605735E-003   2.4341149388817134E-002   1.1785757888198209E-002
   36.000000000000000        3.6762437332824271E-004  -8.5008907202335272E-004   1.6956221509504179E-003   2.4134265675891383E-002   1.1593761686526583E-002
   39.000000000000000        4.4328896693238557E-004  -1.0240787705435767E-003   1.9441756150375795E-003   2.6573770417585060E-002   1.2698714493245791E-002
   42.000000000000000        5.0284471403870480E-004  -1.0284601389363188E-003   1.9482615332252170E-003   2.6570424380246895E-002   1.2607349212618803E-002
   45.000000000000000        5.9120147999226595E-004  -1.2344806673046413E-003   2.2047523976958510E-003   2.8906127186847229E-002   1.3606468278942220E-002
   48.000000000000000        6.9401907651302545E-004  -1.4261034278619986E-003   2.4113632164744088E-003   2.9972392761864548E-002   1.4071669635662264E-002
   51.000000000000000        7.4925863434589183E-004  -1.5034555231329388E-003   2.5168072740747432E-003   3.1043848831989906E-002   1.4463044574021013E-002
   54.000000000000000        8.2753124075317082E-004  -1.6078550946720660E-003   2.5782424216607117E-003   3.0227290089223102E-002   1.3953974145205361E-002
   57.000000000000000        8.6299412413803553E-004  -1.6207014169084930E-003   2.6262453088316856E-003   3.0377283078804326E-002   1.3975356186471659E-002
   60.000000000000000        9.2980824620513024E-004  -1.7258347489946576E-003   2.6767105868231965E-003   2.9550557223155673E-002   1.3473805200859406E-002
   63.000000000000000        1.0276073496721502E-003  -1.9193992708319259E-003   2.9507243386809770E-003   3.1504226286784939E-002   1.4405657191085676E-002
   66.000000000000000        1.0520274318986200E-003  -1.8338920904664617E-003   2.7706059842692713E-003   2.8355809943344246E-002   1.2668053992591934E-002
   69.000000000000000        1.0814686570399914E-003  -1.8906716705098952E-003   2.8141376151443061E-003   2.7640476123161117E-002   1.2254412073489556E-002
   72.000000000000000        1.0855472741619582E-003  -1.8832712933095058E-003   2.7490944203866427E-003   2.6037292224797847E-002   1.1454026917979622E-002
   75.000000000000000        1.0755377667505690E-003  -1.7361593706618386E-003   2.4977464867720809E-003   2.2737122442809662E-002   9.7995558636055618E-003
   78.000000000000000        1.1379945857636878E-003  -1.8734427001226193E-003   2.6802918743314866E-003   2.3570464977358385E-002   1.0148715127380815E-002
   81.000000000000000        1.0745752564884224E-003  -1.7667221477919461E-003   2.5568075974254202E-003   2.2196301105424813E-002   9.5286286738647096E-003
   84.000000000000000        1.0154782337336826E-003  -1.6549889672776096E-003   2.3978157203633594E-003   2.0100885940493529E-002   8.5350250731022655E-003
   87.000000000000000        1.0753212845938844E-003  -1.6480997251459126E-003   2.3441743066165625E-003   1.8998271358728686E-002   7.9346630470337499E-003
   90.000000000000000        9.5385637099972822E-004  -1.5068303821847110E-003   2.1341278893611515E-003   1.6216944343677393E-002   6.7119447112375333E-003
   93.000000000000000        9.3079142495493608E-004  -1.4409131710681783E-003   2.0387362171122633E-003   1.5305625072089470E-002   6.2547754255337980E-003
   96.000000000000000        8.6912225578338444E-004  -1.3259331529120208E-003   1.8901394273081538E-003   1.4090221961728534E-002   5.7523619872087471E-003
   99.000000000000000        7.9378422743315929E-004  -1.2032421575389565E-003   1.7141034105359028E-003   1.2412768048593419E-002   5.0006304139441253E-003
   102.00000000000000        7.9118453608056113E-004  -1.1887183464742148E-003   1.6763432369330876E-003   1.1509202152088730E-002   4.5991659549681242E-003
   105.00000000000000        7.5173745395732815E-004  -1.1122946441985476E-003   1.5748144096665985E-003   1.0528700468967285E-002   4.1712014013675826E-003
   108.00000000000000        6.7024834967749575E-004  -9.8244133804104169E-004   1.3937683190068228E-003   9.1291325921564158E-003   3.5739483595692997E-003
   111.00000000000000        6.1025640971887427E-004  -9.0347917248726265E-004   1.2851348652549311E-003   7.9809881809067389E-003   3.0675093170900954E-003
   114.00000000000000        5.4169379300871804E-004  -8.0178021552074392E-004   1.1414580403434282E-003   7.0810565166242161E-003   2.7321531243308531E-003
   117.00000000000000        4.8447827367675123E-004  -7.1707131209295489E-004   1.0223862948934258E-003   6.2399053818250590E-003   2.4148052265960574E-003
   120.00000000000000        4.3202640961867634E-004  -6.2863007694435034E-004   8.8968180840185351E-004   5.1440083691637042E-003   1.9496014494640092E-003
   123.00000000000000        3.6629772691390425E-004  -5.3842025717188585E-004   7.7549722419642346E-004   4.4741975217023654E-003   1.7019266750835215E-003
   126.00000000000000        3.6018404264799748E-004  -5.2158036635017785E-004   7.3905356492444765E-004   4.1670273792281205E-003   1.5642576145365760E-003
   129.00000000000000        2.9290988147330900E-004  -4.2192799600645315E-004   6.0633836272608018E-004   3.4815080041141213E-003   1.3181139238035288E-003
   132.00000000000000        2.7603100411584199E-004  -3.9057742738973219E-004   5.5747689188127988E-004   3.0915115836361645E-003   1.1611618799085332E-003
   135.00000000000000        2.5980257176751089E-004  -3.7118536234448049E-004   5.3310793144365290E-004   2.8627489347115092E-003   1.0624653494834570E-003
   138.00000000000000        2.0293941233737742E-004  -2.8661171099241591E-004   4.1223726300598459E-004   2.2333874821239413E-003   8.3168874075352625E-004
   141.00000000000000        1.9020821361324139E-004  -2.7111506095122524E-004   3.9223048959705369E-004   2.0602681666107370E-003   7.5847950068406533E-004
   144.00000000000000        1.5036806226173215E-004  -2.1183553114958916E-004   3.0340617386692649E-004   1.5943183921462852E-003   5.9546991031598465E-004
   147.00000000000000        1.5374065045181183E-004  -2.1574860316663253E-004   3.1313030722381665E-004   1.6066180660188590E-003   5.9011265589099782E-004
   150.00000000000000        1.2096156229766815E-004  -1.6659738949943907E-004   2.4212386232946929E-004   1.2525739084071445E-003   4.6244694487191827E-004
   153.00000000000000        1.1205879596649779E-004  -1.5794404431375989E-004   2.3367535454955833E-004   1.2274521791924367E-003   4.5375433670545107E-004
   156.00000000000000        8.5718794010903652E-005  -1.2230139507869400E-004   1.7674318354096654E-004   8.3185813940604724E-004   3.0096339193186507E-004
   159.00000000000000        7.4822913507046560E-005  -1.0857308657930615E-004   1.5943073953028966E-004   7.5919496767730649E-004   2.7614317065613621E-004
   162.00000000000000        6.7597862374433877E-005  -9.7578012777987849E-005   1.4483278457400129E-004   6.7529585821540750E-004   2.4513093954399613E-004
   165.00000000000000        5.4755696872499891E-005  -7.9003937124062773E-005   1.1673176151047023E-004   5.4068837860496920E-004   1.9501796752774799E-004
   168.00000000000000        5.2059861441192221E-005  -7.2082458534504493E-005   1.0334756994385025E-004   4.9083006530632127E-004   1.7746058980748505E-004
   171.00000000000000        4.9866404195525858E-005  -7.0526743308831622E-005   1.0220027328059824E-004   4.8628241443368815E-004   1.7680524039632257E-004
   174.00000000000000        3.0467184897322535E-005  -4.3296663450729271E-005   6.5313255317479957E-005   3.1443274096670955E-004   1.1474502339575259E-004
   177.00000000000000        3.5271678402705209E-005  -5.1675177338641509E-005   8.0629054468261353E-005   3.7074971444000187E-004   1.3442410466127120E-004
   180.00000000000000        2.2406086236853808E-005  -3.0730121003281937E-005   4.7022404849912978E-005   2.3333937909397797E-004   8.5914663783277697E-005
   183.00000000000000        2.3428155487492171E-005  -3.3237951123129678E-005   5.0098660779365409E-005   2.2491197573349831E-004   8.1365177361883919E-005
   186.00000000000000        2.0030766309307676E-005  -2.8037011640316081E-005   4.1271464387201584E-005   1.7054877605760679E-004   6.0009801361321750E-005
   189.00000000000000        1.2838759387834048E-005  -1.9645756116811241E-005   3.0072131012054019E-005   1.3338976618601064E-004   4.8229711365397721E-005
   192.00000000000000        1.1028401058421757E-005  -1.6147627595559201E-005   2.4737439504332359E-005   1.2158003190473462E-004   4.4745724043399217E-005
   195.00000000000000        1.4716537141705541E-005  -1.9696004892662006E-005   2.8682821612824793E-005   1.2803113930540697E-004   4.6088194889252465E-005
   198.00000000000000        8.5066166780672245E-006  -1.0509197408688948E-005   1.6055559791955532E-005   7.1419654963735823E-005   2.5658096642547464E-005
   201.00000000000000        7.5435328583890772E-006  -1.0141095213345534E-005   1.5679290160020140E-005   6.6201052363313770E-005   2.3754230460893770E-005
   204.00000000000000        5.5539922657998362E-006  -8.3997158904440274E-006   1.2796921329811137E-005   5.4780385024788108E-005   1.9739771498550665E-005
   207.00000000000000        6.3351854294954850E-006  -8.9246234371377905E-006   1.4279078065425933E-005   6.4307461886786311E-005   2.3324064071665541E-005
   210.00000000000000        3.2024015369287421E-006  -4.6245815915868511E-006   8.0102547195011809E-006   3.4709474298165686E-005   1.2534318598442059E-005
   213.00000000000000        5.8236735194864891E-006  -7.7118006449987211E-006   1.1352965844412252E-005   4.6377230220055401E-005   1.6522844664576190E-005
   216.00000000000000        4.6126278916879019E-006  -6.3339668885370663E-006   9.2000288363902306E-006   4.2432573850675152E-005   1.5545571530074624E-005
   219.00000000000000        2.0000077494500489E-006  -2.4717515108557407E-006   3.5630637353588431E-006   1.8266105979488556E-005   6.7839544871846349E-006
   222.00000000000000        2.0542942789988248E-006  -2.9821230592389494E-006   4.3485769383726540E-006   1.7474621348349152E-005   6.1802033777274128E-006
   225.00000000000000        3.8923292459862785E-006  -5.9887545941353004E-006   9.6756014213995269E-006   3.6015152448531446E-005   1.2786468585398877E-005
   228.00000000000000        2.6636388324652846E-006  -3.6096133088793262E-006   5.2902737375433487E-006   2.1676927580630063E-005   7.7924980389002387E-006
   231.00000000000000        9.7005580416983351E-007  -1.0777330816573707E-006   1.3196219978069974E-006   6.3552926555972075E-006   2.3412197289388197E-006
   234.00000000000000        9.3533803649127115E-007  -2.9179580160301119E-007   9.8539270974058700E-007   1.0012129685425149E-005   3.9605263956192350E-006
   237.00000000000000        5.0829467233293256E-007  -9.0209056061418345E-007   1.5081882633230513E-006   5.5752015453005963E-006   2.0202488841352691E-006
   240.00000000000000        1.4975934779851652E-006  -1.8392888600189983E-006   2.6943666171396502E-006   1.3273677960149219E-005   4.9665056377691354E-006
   243.00000000000000        9.8148121456069693E-007  -1.3440075938464640E-006   1.8852244569886604E-006   5.1877446921348157E-006   1.6879249080509280E-006
   246.00000000000000        6.6560658530689548E-007  -1.0161465879661768E-006   1.6128622315450868E-006   6.0323553641669446E-006   2.1584412821830807E-006
   249.00000000000000        5.6415686420454400E-007  -8.0751477619140670E-007   1.1622699930072633E-006   4.3881272573257685E-006   1.5620451222009978E-006
   252.00000000000000        4.9815082055692798E-011  -1.4085868760903405E-010   2.8951445964622905E-010   1.8406995442933710E-009   6.9096676224341441E-010
   255.00000000000000        2.3019314181396679E-006  -8.3111685457194906E-007   1.3171394790077476E-006   1.7385947660657778E-005   6.9435047678238739E-006
   258.00000000000000        5.1828765638635268E-007  -2.9384569595254123E-007   3.0795507725881001E-007   3.6860199846673040E-006   1.4832444851444773E-006
   261.00000000000000        1.9493092880069634E-006  -1.9547981735717040E-006   3.4934419279762529E-006   1.6939563601500354E-005   6.3065097480479851E-006
   264.00000000000000        1.6572015846865880E-006  -1.3215612835714470E-006   1.5902064468494613E-006   1.2066030486920117E-005   4.6804619885305316E-006
   267.00000000000000        6.9555064964498751E-007  -3.0250039441886861E-007   5.1806433393682200E-007   7.0194351461692434E-006   2.8213891707757607E-006
   270.00000000000000        6.2321689277360905E-007  -4.4509673159805400E-007   5.5348997821326653E-007   6.1561607481301051E-006   2.4615995662646730E-006
   273.00000000000000        2.0619205566557423E-007  -1.4494071264898726E-007   1.6807505932724774E-007   2.5245806120603629E-006   1.0184760856967700E-006
   276.00000000000000        2.6942763160530933E-011  -2.0682299519054783E-011   3.9951390500506525E-011   7.7322994729040138E-010   3.2581886542680087E-010
   279.00000000000000        2.1951114393712856E-007  -3.0475279867464566E-007   3.8922462638822510E-007   3.6390051528544325E-006   1.4449172845096158E-006
   282.00000000000000        1.5609352284867685E-006  -1.4020031309606622E-006   1.8601570674480643E-006   1.2722906131140400E-005   4.9699471784591930E-006
   285.00000000000000        5.0258504731501487E-007  -5.5744095237387183E-007   7.8006788914938627E-007   4.8770314809186724E-006   1.8508220580757456E-006
   288.00000000000000        2.6280038086283535E-007  -2.2133526168856514E-007   2.6282600872965255E-007   2.8968617684395465E-006   1.1553467144312165E-006
   291.00000000000000        0.0000000000000000        0.0000000000000000        0.0000000000000000        0.0000000000000000        0.0000000000000000     
   294.00000000000000        2.1194080308082004E-006  -7.7154040046031927E-007   1.3633556635585618E-006   1.1739695087400800E-005   4.5364528157570841E-006
   297.00000000000000        3.4239946683595007E-007  -1.2851723862576468E-007   2.2776042049815589E-007   3.7090561257271352E-006   1.4939486829500300E-006
   300.00000000000000       -9.2941247635506549E-014  -8.9303188163468075E-014   4.0373068376464969E-013   2.9618568463408816E-012   1.1026474175048245E-012
