   0.0000000000000000        500.00000000000000        0.0000000000000000        0.0000000000000000        0.0000000000000000        0.0000000000000000        0.0000000000000000     
   2.5000000000000000        500.00000000000000        0.0000000000000000        0.0000000000000000        0.0000000000000000        0.0000000000000000        0.0000000000000000     
   5.0000000000000000        500.00000000000000        0.0000000000000000        0.0000000000000000        0.0000000000000000        0.0000000000000000        0.0000000000000000     
   7.5000000000000000        500.00000000000000        0.0000000000000000        0.0000000000000000        0.0000000000000000        0.0000000000000000        0.0000000000000000     
   10.000000000000000        500.00000000000000        0.0000000000000000        0.0000000000000000        0.0000000000000000        0.0000000000000000        0.0000000000000000     
   12.500000000000000        500.00000000000000        0.0000000000000000        0.0000000000000000        0.0000000000000000        0.0000000000000000        0.0000000000000000     
   15.000000000000000        500.00000000000000        0.0000000000000000        0.0000000000000000        0.0000000000000000        0.0000000000000000        0.0000000000000000     
   17.500000000000000        500.00000000000000        0.0000000000000000        0.0000000000000000        0.0000000000000000        0.0000000000000000        0.0000000000000000     
   20.000000000000000        500.00000000000000        0.0000000000000000        0.0000000000000000        0.0000000000000000        0.0000000000000000        0.0000000000000000     
   22.500000000000000        500.00000000000000        0.0000000000000000        0.0000000000000000        0.0000000000000000        0.0000000000000000        0.0000000000000000     
   25.000000000000000        500.00000000000000        0.0000000000000000        0.0000000000000000        0.0000000000000000        0.0000000000000000        0.0000000000000000     
   27.500000000000000        500.00000000000000        6.9161406398063443E-006   3.0194943740041682E-007   1.9454665103064865E-005   6.8229235730001220E-005   3.3210134622365273E-005
   30.000000000000000        500.00000000000000        2.5241150792848586E-005   7.0638398580283133E-007   7.0945893366842762E-005   2.4887903080439162E-004   1.2113901925708736E-004
   32.500000000000000        500.00000000000000        6.8210114376168461E-005   9.5415742038171733E-007   1.9158847906639866E-004   6.7216913438539888E-004   3.2716706189917053E-004
   35.000000000000000        500.00000000000000        1.6146619292276945E-004   1.0597874728249524E-007   4.5333174964125978E-004   1.5904557555280836E-003   7.7412130199441158E-004
   37.500000000000000        500.00000000000000        3.6475521113209794E-004  -3.8560283318799143E-006   1.0246488464192016E-003   3.5941729507352718E-003   1.7494009130403876E-003
   40.000000000000000        500.00000000000000        1.4825905833944285E-003  -1.1350833335919509E-005   4.2041395994263670E-003   1.4728689521722510E-002   7.1700255629667999E-003
   42.500000000000000        500.00000000000000        1.2515512196775550E-002  -2.1693958017834571E-005   3.5591627267656495E-002  0.12460229406554509        6.0659687570451065E-002
   45.000000000000000        500.00000000000000        6.0506748572866018E-002  -3.9658262729477952E-004  0.17119804703362049       0.59943730306807519       0.29179525859484845     
   47.500000000000000        500.00000000000000       0.14776974454540848       -2.9548408466137308E-003  0.41564380280004648        1.4559284247814206       0.70864669535580993     
   50.000000000000000        500.00000000000000       0.24264634524441386       -1.0542904118736223E-002  0.67978387278233277        2.3821709537597702        1.1593998342784697     
   52.500000000000000        500.00000000000000       0.34028648605068801       -2.5001108160475134E-002  0.95126345430086712        3.3343855207206357        1.6227830565207568     
   55.000000000000000        500.00000000000000       0.44950534636851786       -4.7175444723641796E-002   1.2540923497024168        4.3959743245614877        2.1393603957674463     
   57.500000000000000        500.00000000000000       0.57927395547465221       -7.8860148180405099E-002   1.6125751614861170        5.6511083595896228        2.7500631258847319     
   60.000000000000000        500.00000000000000       0.73402008478648684      -0.12200531726528099        2.0382427584172573        7.1390677478102198        3.4739716557404448     
   62.500000000000000        500.00000000000000       0.91450399007533034      -0.17839283621899349        2.5319680863356275        8.8616443209584457        4.3119075619178604     
   65.000000000000000        500.00000000000000        1.1223937375884914      -0.24990208301299643        3.0971770519488722        10.829309734208442        5.2689148428462929     
   67.500000000000000        500.00000000000000        1.3524765000063930      -0.33619249531233447        3.7172604556268976        12.982913148157177        6.3161327082568217     
   70.000000000000000        500.00000000000000        1.6017519649935097      -0.43742521641484833        4.3822459407158583        15.286305492864162        7.4359072746582582     
   72.500000000000000        500.00000000000000        1.8743063778009934      -0.55602934108176449        5.1029692442669514        17.775289499761094        8.6456262368733121     
   75.000000000000000        500.00000000000000        2.1720702024778626      -0.69389290828508232        5.8841085409011979        20.464107675799742        9.9521803609054089     
   77.500000000000000        500.00000000000000        2.4941737500514121      -0.85193265150412745        6.7223461636418129        23.339251565944608        11.348951410416198     
   80.000000000000000        500.00000000000000        2.8381869920149652       -1.0302761925745516        7.6100608969722536        26.372468115964839        12.822149809601704     
   82.500000000000000        500.00000000000000        3.1989398289244613       -1.2274123171570515        8.5321341443615282        29.510183581882259        14.345675704258404     
   85.000000000000000        500.00000000000000        3.5645266292330016       -1.4379365542129592        9.4547801120924930        32.635800087731027        15.862781025934812     
   87.500000000000000        500.00000000000000        3.9313143851298413       -1.6599931152896592        10.367842139621205        35.713783356839969        17.356172031814975     
   90.000000000000000        500.00000000000000        4.3045366009634858       -1.8959579651747727        11.286444760381141        38.794912756457848        18.850559603393776     
   92.500000000000000        500.00000000000000        4.6848448193363597       -2.1460970050909332        12.212725251584525        41.885562392806790        20.349046745894853     
   95.000000000000000        500.00000000000000        5.0705327199990071       -2.4093525554594279        13.142340546144762        44.970302716043079        21.844135942411405     
   97.500000000000000        500.00000000000000        5.4589583550172698       -2.6840967222311174        14.068395588389775        48.025209381012878        23.324201189296026     
   100.00000000000000        500.00000000000000        5.8429220018474997       -2.9656916814235519        14.971733578142238        50.985782658975822        24.757903819631146     
   102.50000000000000        500.00000000000000        6.2209892821690316       -3.2529247294625345        15.848995526903387        53.840541250652358        26.139679453724039     
   105.00000000000000        500.00000000000000        6.6001964544969374       -3.5499506582823646        16.719901442351770        56.654885948160015        27.501329580561787     
   107.50000000000000        500.00000000000000        6.9807857983516559       -3.8567258752410947        17.585690097049230        59.432578656919418        28.844698621401022     
   110.00000000000000        500.00000000000000        7.3547459760659066       -4.1677190927221908        18.425335172152074        62.103772877292656        30.135868562465106     
   112.50000000000000        500.00000000000000        7.7213255442499982       -4.4821321603038458        19.237348810856943        64.663411334756660        31.372399566991788     
   115.00000000000000        500.00000000000000        8.0820616170111759       -4.8007200082067225        20.026390935978558        67.126736932139195        32.561713591216922     
   117.50000000000000        500.00000000000000        8.4365952752989060       -5.1229459583416999        20.792049737576509        69.492309725718840        33.703129462206149     
   120.00000000000000        500.00000000000000        8.7855762738826435       -5.4490502568692980        21.536476731812552        71.766926560156350        34.799960625872714     
   122.50000000000000        500.00000000000000        9.1304090214034694       -5.7799013634508061        22.263698441503276        73.963299735376182        35.858386796247046     
   125.00000000000000        500.00000000000000        9.4694129835529406       -6.1140801614516569        22.969662800177037        76.067941437032587        36.871870962041015     
   127.50000000000000        500.00000000000000        9.8004341722185195       -6.4497302030939831        23.649138545683119        78.063733539874448        37.832117999758260     
   130.00000000000000        500.00000000000000        10.121979976054456       -6.7854121814413784        24.298677613846579        79.939511914263832        38.733726064063944     
   132.50000000000000        500.00000000000000        10.433155383786460       -7.1200742428158215        24.916454102242284        81.689528340597008        39.573925440703690     
   135.00000000000000        500.00000000000000        10.733396856799454       -7.4528375476946049        25.501634442973753        83.311500537873457        40.351635176291794     
   137.50000000000000        500.00000000000000        11.021998554568089       -7.7826494323732067        26.053124632121534        84.802552664639407        41.065492341916510     
   140.00000000000000        500.00000000000000        11.297793583646360       -8.1080446754756093        26.568715600076793        86.156455210340013        41.712511808838869     
   142.50000000000000        500.00000000000000        11.559169454062010       -8.4271509146045105        27.045127426568531        87.363806009665396        42.288174582036504     
   145.00000000000000        500.00000000000000        11.804634543107216       -8.7381456296546620        27.479457708621283        88.416647640216624        42.788666989698413     
   147.50000000000000        500.00000000000000        12.032697574895902       -9.0391527903637652        27.868892233801304        89.307581577308582        43.210452076436361     
   150.00000000000000        500.00000000000000        12.241290536623076       -9.3277535294690850        28.209250108783998        90.025215329178764        43.548063241347926     
   152.50000000000000        500.00000000000000        12.428295463444293       -9.6014291056470675        28.496291742110881        90.558265949217216        43.796092235544791     
   155.00000000000000        500.00000000000000        12.592150308525270       -9.8580922700586733        28.727216260526056        90.900202207869199        43.951437280808378     
   157.50000000000000        500.00000000000000        12.731133522608868       -10.095464263828518        28.898913326719068        91.043853699626055        44.010693315672640     
   160.00000000000000        500.00000000000000        12.843472073711110       -10.311175468942242        29.008207539327138        90.982143758373809        43.970505868029676     
   162.50000000000000        500.00000000000000        12.927343079644425       -10.502767684912731        29.051859991407209        90.708099000280498        43.827575624120485     
   165.00000000000000        500.00000000000000        12.980937263499833       -10.667759284327191        29.026697313929347        90.215208198608352        43.578830804929105     
   167.50000000000000        500.00000000000000        13.003073246693283       -10.804210796831331        28.931099849531670        89.501938573783121        43.223612223256758     
   170.00000000000000        500.00000000000000        12.993118230031923       -10.910675893693448        28.764780788828688        88.570978984378996        42.763305117898710     
   172.50000000000000        500.00000000000000        12.950380611255241       -10.985658227108914        28.527296298827387        87.424667008418325        42.199125438983785     
   175.00000000000000        500.00000000000000        12.874246610040977       -11.027745936948156        28.218346053820426        86.065844542206037        41.532532091883084     
   177.50000000000000        500.00000000000000        12.764497221064524       -11.035918194559475        27.838508925185664        84.500009417507158        40.766265887376861     
   180.00000000000000        500.00000000000000        12.621752137712321       -11.009994047738473        27.390221666853414        82.738065325634111        39.905674129819943     
   182.50000000000000        500.00000000000000        12.450675796674528       -10.953823516005837        26.884897626391592        80.816560668687913        38.968464428955841     
   185.00000000000000        500.00000000000000        12.257302118339570       -10.872726979680399        26.336929510260131        78.780244542093101        37.976290438180939     
   187.50000000000000        500.00000000000000        12.032266629702555       -10.756844462031653        25.726163639507959        76.574850569163516        36.903062502131888     
   190.00000000000000        500.00000000000000        11.772734286295680       -10.602718193179172        25.046942979404779        74.187727107102347        35.742751624805720     
   192.50000000000000        500.00000000000000        11.490920120475923       -10.422011433483862        24.326944298455924        71.700540595537944        34.534774695660957     
   195.00000000000000        500.00000000000000        11.195975784734998       -10.223535212680114        23.586926721827062        69.174599946581381        33.308723888249176     
   197.50000000000000        500.00000000000000        10.877312715432701       -9.9962179850417066        22.804078558611586        66.548472451570007        32.035062558735284     
   200.00000000000000        500.00000000000000        10.543094250541369       -9.7480486021296535        21.996298294057659        63.874036410662434        30.738795399888051     
   202.50000000000000        500.00000000000000        10.197429631015977       -9.4829706832118514        21.172920176617964        61.179472759558756        29.433531490006644     
   205.00000000000000        500.00000000000000        9.8321690930695684       -9.1923903952421533        20.316328807433404        58.417793328399625        28.096682626208349     
   207.50000000000000        500.00000000000000        9.4652822906641241       -8.8947308232006357        19.465074213358385        55.695934511685799        26.779697163100035     
   210.00000000000000        500.00000000000000        9.1005095249045347       -8.5938782130982716        18.627135761669706        53.036470400682028        25.493438619113181     
   212.50000000000000        500.00000000000000        8.7277419060321968       -8.2792878999431512        17.780834650954425        50.381255562976008        24.209957627786807     
   215.00000000000000        500.00000000000000        8.3394370831718891       -7.9429653352693013        16.909987442779414        47.687531230279731        22.908709406403293     
   217.50000000000000        500.00000000000000        7.9560700261120978       -7.6064505229738000        16.057484982557209        45.070656544552335        21.645104118770593     
   220.00000000000000        500.00000000000000        7.5845927752880904       -7.2772516039310782        15.237729302724148        42.568914166558237        20.437515703935883     
   222.50000000000000        500.00000000000000        7.2153626247755147       -6.9453101009201372        14.430202859691926        40.127457411665389        19.259589443942534     
   225.00000000000000        500.00000000000000        6.8385194185720390       -6.6001908332507968        13.614037527546699        37.691194756052397        18.084867522201598     
   227.50000000000000        500.00000000000000        6.4717181585176515       -6.2608879249809650        12.825295280311096        35.354035202887914        16.958375128484995     
   230.00000000000000        500.00000000000000        6.1242526623125917       -5.9376416804331287        12.082805564381136        33.164096108774409        15.903161217583135     
   232.50000000000000        500.00000000000000        5.7907292141208266       -5.6249456866077878        11.374876934505139        31.089450274604751        14.903865801586258     
   235.00000000000000        500.00000000000000        5.4685770043559812       -5.3202773697355941        10.695692719092818        29.113690083876740        13.952578096130466     
   237.50000000000000        500.00000000000000        5.1577301380127007       -5.0238044513276332        10.044644609721217        27.233988558760831        13.047902998145357     
   240.00000000000000        500.00000000000000        4.8589932260454578       -4.7366431316769377        9.4229094631854977        25.452036038415024        12.190609726695302     
   242.50000000000000        500.00000000000000        4.5727052157689503       -4.4594082605849081        8.8307221024041969        23.767051352621770        11.380282701390842     
   245.00000000000000        500.00000000000000        4.2993007490055959       -4.1928234151843515        8.2685412767024484        22.178808297049599        10.616773283351325     
   247.50000000000000        500.00000000000000        4.0394269678999102       -3.9378481253768927        7.7372511680296192        20.688075584892854        9.9004079070692192     
   250.00000000000000        500.00000000000000        3.7932421981757845       -3.6949052710363062        7.2367542678498964        19.293109759843748        9.2303099822987189     
   252.50000000000000        500.00000000000000        3.5606447069060403       -3.4641270531309036        6.7664564222713732        17.990943561719622        8.6050187281190045     
   255.00000000000000        500.00000000000000        3.3417731844346763       -3.2459066158308429        6.3262464678850066        16.779785973407577        8.0236358768681182     
   257.50000000000000        500.00000000000000        3.1375108556839186       -3.0414626447401965        5.9174492079560572        15.661246514878583        7.4868851226393707     
   260.00000000000000        500.00000000000000        2.9523594194778924       -2.8560675845700141        5.5484547355679634        14.653837957644395        7.0035588037854328     
   262.50000000000000        500.00000000000000        2.7833235684909230       -2.6866323098207250        5.2131104818688963        13.741158955083659        6.5657854966928797     
   265.00000000000000        500.00000000000000        2.6200480795117160       -2.5217372309843098        4.8908623177590309        12.872551483492295        6.1493441281225252     
   267.50000000000000        500.00000000000000        2.4642747260019324       -2.3634805146382778        4.5848310285881668        12.054398111947169        5.7572504898480288     
   270.00000000000000        500.00000000000000        2.3186461230260873       -2.2149958338797635        4.2999330711748041        11.297306995508652        5.3945377890713910     
   272.50000000000000        500.00000000000000        2.1843853292696878       -2.0778306664156641        4.0382905417533586        10.605085084831025        5.0629899067542237     
   275.00000000000000        500.00000000000000        2.0641891702314470       -1.9552106982507711        3.8048129187046720        9.9878579774340661        4.7673970877605525     
   277.50000000000000        500.00000000000000        1.9559494943314084       -1.8449201755381130        3.5952838372022224        9.4346731788462233        4.5025120941009416     
   280.00000000000000        500.00000000000000        1.8525916730394063       -1.7390405042379360        3.3959792543708689        8.9128483221053756        4.2527408586931905     
   282.50000000000000        500.00000000000000        1.7550647483463759       -1.6387487645350478        3.2085504341016424        8.4254039773656029        4.0195007390321065     
   285.00000000000000        500.00000000000000        1.6660020413213448       -1.5471607442398163        3.0378599162989106        7.9826237949205137        3.8076655794364331     
   287.50000000000000        500.00000000000000        1.5874960825203237       -1.4667912187768650        2.8877286637597663        7.5922635175376421        3.6209025898007319     
   290.00000000000000        500.00000000000000        1.5151230118098882       -1.3926775738544188        2.7497256063537603        7.2346127691265085        3.4498200113769872     
   292.50000000000000        500.00000000000000        1.4471013830157811       -1.3228475015168037        2.6203568587460304        6.9011584806079096        3.2903511286686009     
   295.00000000000000        500.00000000000000        1.3862856663026630       -1.2606659807006879        2.5048797045966689        6.6029629369882379        3.1477372174599090     
   297.50000000000000        500.00000000000000        1.3306407594459870       -1.2038698824026663        2.3994498213140409        6.3310219813506246        3.0176891402703752     
   300.00000000000000        500.00000000000000        1.2782989756953742       -1.1503571656214600        2.3004925897877375        6.0769723880801614        2.8962212849652946     
   302.50000000000000        500.00000000000000        1.2314137323918599       -1.1026811512425292        2.2119380458977838        5.8488942869254918        2.7871565944638457     
   305.00000000000000        500.00000000000000        1.1896328092672128       -1.0604986392793925        2.1330952149298197        5.6448447089254365        2.6895626802875698     
   307.50000000000000        500.00000000000000        1.1516218280749770       -1.0223105584000103        2.0614344791351038        5.4589355551181020        2.6006351164873105     
   310.00000000000000        500.00000000000000        1.1157518265019313      -0.98626268214845858        1.9939231331428982        5.2843891322015510        2.5171531810685122     
   312.50000000000000        500.00000000000000        1.0820399552386346      -0.95240427430752406        1.9305450205387442        5.1208790498985381        2.4389542568688154     
   315.00000000000000        500.00000000000000        1.0520247468084383      -0.92257275418186491        1.8740911169636283        4.9740001757429138        2.3686817428360691     
   317.50000000000000        500.00000000000000        1.0250149589448307      -0.89599686728773897        1.8232772937548325        4.8407850218915094        2.3049238287750611     
   320.00000000000000        500.00000000000000        1.0003014887185695      -0.87187698802546088        1.7767780712457260        4.7182138572974779        2.2462443029031793     
   322.50000000000000        500.00000000000000       0.97680467586110464      -0.84896870523973011        1.7326125378914607        4.6020148184589615        2.1906174562826211     
   325.00000000000000        500.00000000000000       0.95489752235265724      -0.82773023372438048        1.6914353829585451        4.4933571875280531        2.1385917414206030     
   327.50000000000000        500.00000000000000       0.93446132923389535      -0.80898019914200792        1.6523182859855798        4.3881204680108201        2.0881387253134776     
   330.00000000000000        500.00000000000000       0.91578188520551307      -0.79215852604520554        1.6164458008620146        4.2905379062578435        2.0413295774268709     
   332.50000000000000        500.00000000000000       0.89859076437825192      -0.77696242311213337        1.5833182290927219        4.1994467001026416        1.9976109608780281     
   335.00000000000000        500.00000000000000       0.88259911896516852      -0.76306676729232448        1.5523947110799270        4.1136137345035335        1.9563963744675466     
   337.50000000000000        500.00000000000000       0.86773785279608839      -0.75040110380880920        1.5235580688810506        4.0327267281383632        1.9175371054341124     
   340.00000000000000        500.00000000000000       0.85390061642319459      -0.73884612411885686        1.4966000166226032        3.9562486396160246        1.8807762151729697     
   342.50000000000000        500.00000000000000       0.84075160576504959      -0.72801743612860059        1.4709240391622727        3.8829463193932643        1.8455309468345260     
   345.00000000000000        500.00000000000000       0.82832772137719513      -0.71796223590005659        1.4465780391940910        3.8128085376653638        1.8117928913980021     
   347.50000000000000        500.00000000000000       0.81700864799466477      -0.70914025017229942        1.4242493549884403        3.7471168054500752        1.7801655287536804     
   350.00000000000000        500.00000000000000       0.80657808239962647      -0.70130656919862089        1.4035312648454448        3.6849663014910345        1.7502188136408874     
   352.50000000000000        500.00000000000000       0.79689440416865032      -0.69429317826398251        1.3841833962469077        3.6258625023354143        1.7217197012897976     
   355.00000000000000        500.00000000000000       0.78780708783884323      -0.68792958604106513        1.3659342935375873        3.5692273947169442        1.6943945189731320     
   357.50000000000000        500.00000000000000       0.77929574388064315      -0.68219305192573421        1.3487442736316499        3.5149307491819668        1.6681805997242134     
   360.00000000000000        500.00000000000000       0.77128041803591474      -0.67699333964173580        1.3324582576238622        3.4626088759506075        1.6429045709207832     
   362.50000000000000        500.00000000000000       0.76371258036440692      -0.67227498060579971        1.3169978903184980        3.4120947848184038        1.6184878516699781     
   365.00000000000000        500.00000000000000       0.75655958433218395      -0.66800054139445009        1.3023022045996309        3.3632343822117914        1.5948569434351814     
   367.50000000000000        500.00000000000000       0.74975248152044616      -0.66409277495815999        1.2882482662517138        3.3157684160423253        1.5718892419756887     
   370.00000000000000        500.00000000000000       0.74329385034804285      -0.66055557023530798        1.2748389880436020        3.2696714034194714        1.5495720205348316     
   372.50000000000000        500.00000000000000       0.73718758761401082      -0.65739464793491031        1.2620800802965630        3.2249254156416960        1.5278961828276150     
   375.00000000000000        500.00000000000000       0.73135660646160938      -0.65451950671470416        1.2498460338223847        3.1813040266242254        1.5067560011039587     
   377.50000000000000        500.00000000000000       0.72567912431575454      -0.65178334981145392        1.2379139527102094        3.1383710737084609        1.4859455586941657     
   380.00000000000000        500.00000000000000       0.72017352517709143      -0.64921001379804055        1.2263247753914646        3.0962061230295008        1.4655028101884353     
   382.50000000000000        500.00000000000000       0.71484078565541043      -0.64680103228625818        1.2150718945095280        3.0547659858685323        1.4454063607522563     
   385.00000000000000        500.00000000000000       0.70965613976033337      -0.64452773749126724        1.2041208689046570        3.0139999314159471        1.4256331645880767     
   387.50000000000000        500.00000000000000       0.70461060400106179      -0.64237886580182157        1.1934563670131448        2.9738728393773517        1.4061666160976836     
   390.00000000000000        500.00000000000000       0.69968097523844941      -0.64032675392215421        1.1830386256781111        2.9343102078522763        1.3869717640979471     
   392.50000000000000        500.00000000000000       0.69484553674005167      -0.63834560320169476        1.1728245836304425        2.8952202839859029        1.3680049922268669     
   395.00000000000000        500.00000000000000       0.69009294965811518      -0.63642165486804070        1.1628021476488932        2.8565962952627797        1.3492638989973789     
   397.50000000000000        500.00000000000000       0.68540853380345801      -0.63453727879409849        1.1529465570758637        2.8183952029334436        1.3307283985560603     
   400.00000000000000        500.00000000000000       0.68078370978397718      -0.63268206046782494        1.1432441236170956        2.7805951154391546        1.3123883719444078     
   402.50000000000000        500.00000000000000       0.67617158906105790      -0.63079857941261508        1.1336148238266746        2.7430657640163627        1.2941831466380931     
   405.00000000000000        500.00000000000000       0.67157443255565785      -0.62888974556465072        1.1240670269491968        2.7058330218221256        1.2761253562765082     
   407.50000000000000        500.00000000000000       0.66698549275525543      -0.62694713035847160        1.1145859548254404        2.6688675737088730        1.2582010450024022     
   410.00000000000000        500.00000000000000       0.66240197605864426      -0.62496722187315279        1.1051675382288544        2.6321673166539634        1.2404094010139304     
   412.50000000000000        500.00000000000000       0.65782583552047535      -0.62295243516413523        1.0958162323020555        2.5957451702688932        1.2227566615509886     
   415.00000000000000        500.00000000000000       0.65324211341961536      -0.62088383840887795        1.0865088054592822        2.5595734333730258        1.2052303144962937     
   417.50000000000000        500.00000000000000       0.64864352405995973      -0.61875289887237872        1.0772314737771376        2.5236317284004599        1.1878208551139546     
   420.00000000000000        500.00000000000000       0.64402695126063447      -0.61655521790334555        1.0679795584632801        2.4879191692280274        1.1705280850869941     
   422.50000000000000        500.00000000000000       0.63939107410218943      -0.61428962925096453        1.0587518036342538        2.4524413185009646        1.1533548505521625     
   425.00000000000000        500.00000000000000       0.63473702156526512      -0.61195707080362804        1.0495500231587664        2.4172060008730605        1.1363049179763198     
   427.50000000000000        500.00000000000000       0.63006215330284343      -0.60955469107016502        1.0403702010887477        2.3822135641791666        1.1193786525420015     
   430.00000000000000        500.00000000000000       0.62536047075405077      -0.60707468805495934        1.0312028113790803        2.3474568685840440        1.1025729808422078     
   432.50000000000000        500.00000000000000       0.62062995196018078      -0.60451449482111530        1.0220435412623190        2.3129332679625083        1.0858867343400602     
   435.00000000000000        500.00000000000000       0.61587021632538241      -0.60187401997394252        1.0128914861680351        2.2786468225515284        1.0693219292609251     
   437.50000000000000        500.00000000000000       0.61108131745388483      -0.59915350950622881        1.0037486582595589        2.2446110449605290        1.0528852196851357     
   440.00000000000000        500.00000000000000       0.60626556187831304      -0.59635541884270604       0.99461699022572003        2.2108299778622182        1.0365783959886254     
   442.50000000000000        500.00000000000000       0.60142280089456424      -0.59347966710918987       0.98549597624489804        2.1773081258960265        1.0204036705506869     
   445.00000000000000        500.00000000000000       0.59655288987322164      -0.59052619009620699       0.97638515878902843        2.1440501032051476        1.0043633080179513     
   447.50000000000000        500.00000000000000       0.59166219284449983      -0.58750362583952775       0.96729978116611726        2.1110939018525201       0.98847556376154699     
   450.00000000000000        500.00000000000000       0.58675005627787558      -0.58441105109683811       0.95823539245778999        2.0784304430148111       0.97273596805215412     
   452.50000000000000        500.00000000000000       0.58181617294863630      -0.58124858216758180       0.94919142545251045        2.0460640266464392       0.95714663952990686     
   455.00000000000000        500.00000000000000       0.57686230721294973      -0.57801838492766378       0.94017060134840291        2.0140029036615896       0.94171148636188895     
   457.50000000000000        500.00000000000000       0.57189396506251144      -0.57472775008219501       0.93118240149231724        1.9822654070411829       0.92643910653568007     
   460.00000000000000        500.00000000000000       0.56690941300670905      -0.57137481067550655       0.92222354863950984        1.9508507116553178       0.91132919393006406     
   462.50000000000000        500.00000000000000       0.56191474822934062      -0.56796857576685089       0.91331136643745614        1.9198034428675974       0.89640329793832452     
   465.00000000000000        500.00000000000000       0.55691105021863319      -0.56451000147644304       0.90444129204815282        1.8891060313167021       0.88165261202282752     
   467.50000000000000        500.00000000000000       0.55190366121725920      -0.56100649957036985       0.89562217438121561        1.8587735844683311       0.86708415072295264     
   470.00000000000000        500.00000000000000       0.54688878421206077      -0.55745210054095462       0.88683914640502315        1.8287695912042099       0.85268012636475288     
   472.50000000000000        500.00000000000000       0.54187420524620400      -0.55385845314328330       0.87811295387716570        1.7991429515837551       0.83846406679613816     
   475.00000000000000        500.00000000000000       0.53686671831303279      -0.55023608554895809       0.86946382813633205        1.7699437192331278       0.82446014567889625     
   477.50000000000000        500.00000000000000       0.53186061658936756      -0.54657706883564472       0.86087331965488523        1.7411290772115480       0.81064760672897007     
   480.00000000000000        500.00000000000000       0.52685372071844294      -0.54287759244529354       0.85232778426213940        1.7126601794525838       0.79700738381504799     
   482.50000000000000        500.00000000000000       0.52185327507748602      -0.53914879282086714       0.84384798442238884        1.6845863782100241       0.78356326776172169     
   485.00000000000000        500.00000000000000       0.51685846912153888      -0.53539001364853633       0.83543185042932389        1.6569052235710107       0.77031407341960656     
   487.50000000000000        500.00000000000000       0.51187401177897807      -0.53160798292115241       0.82708680835386372        1.6296265459808610       0.75726425614672555     
   490.00000000000000        500.00000000000000       0.50690606991347509      -0.52781123891202264       0.81882256968081513        1.6027620666164104       0.74441909319892607     
   492.50000000000000        500.00000000000000       0.50194739768970431      -0.52398884463597473       0.81061513717415212        1.5762551019519933       0.73175110164251744     
   495.00000000000000        500.00000000000000       0.49701266980938263      -0.52016207036617890       0.80249914940632783        1.5501728363637135       0.71929230725244264     
   497.50000000000000        500.00000000000000       0.49210371838374384      -0.51633372722237014       0.79447691952119470        1.5245165030703820       0.70704314109411148     
