   202.59999999999999        0.0000000000000000        1.6808810990595063E-004
   205.19999999999999        0.0000000000000000        1.5800638153674556E-004
   207.80000000000001        0.0000000000000000        5.9091403512245464E-004
   210.40000000000001        0.0000000000000000        9.7596409222929704E-005
   213.00000000000000        0.0000000000000000        2.0457689590802608E-004
   215.59999999999999        0.0000000000000000        2.6797833415691561E-004
   218.19999999999999        0.0000000000000000        2.8792223250193911E-004
   220.80000000000001        0.0000000000000000        7.2456028429188448E-004
   223.40000000000001        0.0000000000000000        2.7933990482370829E-004
   226.00000000000000        0.0000000000000000        1.6056265597091308E-003
   228.59999999999999        0.0000000000000000        5.8450856473377902E-004
   231.19999999999999        0.0000000000000000        5.8234063060068949E-004
   233.80000000000001        0.0000000000000000        1.2434419683829009E-003
   236.40000000000001        0.0000000000000000        1.2414442511909189E-003
   239.00000000000000        0.0000000000000000        1.3355081778107045E-003
   241.59999999999999        0.0000000000000000        4.0293545591103654E-003
   244.19999999999999        0.0000000000000000        2.0380193067467203E-003
   246.80000000000001        0.0000000000000000        3.8251734668695971E-003
   249.40000000000001        0.0000000000000000        3.7137239241086034E-003
   252.00000000000000        0.0000000000000000        4.2148000643637612E-003
   254.59999999999999        0.0000000000000000        4.7634876203198548E-003
   257.19999999999999        0.0000000000000000        9.2953296063153154E-003
   259.80000000000001        0.0000000000000000        6.8687686250298377E-003
   262.39999999999998        0.0000000000000000        1.0161086267597345E-002
   265.00000000000000        0.0000000000000000        1.1611336915536454E-002
   267.60000000000002        0.0000000000000000        1.5119694612746022E-002
   270.19999999999999        0.0000000000000000        2.1084270765324341E-002
   272.80000000000001        0.0000000000000000        2.6554078564452823E-002
   275.39999999999998        0.0000000000000000        3.3360196381360577E-002
   278.00000000000000        0.0000000000000000        3.5317680923251021E-002
   280.60000000000002        0.0000000000000000        3.4602715434857587E-002
   283.19999999999999        0.0000000000000000        4.4661132441995960E-002
   285.80000000000001        0.0000000000000000        5.3141857931624778E-002
   288.39999999999998        0.0000000000000000        5.3032054234713487E-002
   291.00000000000000        0.0000000000000000        7.4036630960730890E-002
   293.60000000000002        0.0000000000000000        8.2364063938888413E-002
   296.19999999999999        0.0000000000000000        8.9806776914906739E-002
   298.80000000000001        0.0000000000000000       0.10624041302826859     
   301.39999999999998        0.0000000000000000       0.12120203225650086     
   304.00000000000000        0.0000000000000000       0.13013992242909975     
   306.60000000000002        0.0000000000000000       0.14285673556856562     
   309.19999999999999        0.0000000000000000       0.17739058965079954     
   311.80000000000001        0.0000000000000000       0.18453323806147978     
   314.39999999999998        0.0000000000000000       0.20193574762727987     
   317.00000000000000        0.0000000000000000       0.23908279727610379     
   319.60000000000002        0.0000000000000000       0.24979954612724717     
   322.19999999999999        0.0000000000000000       0.27771176481695159     
   324.80000000000001        0.0000000000000000       0.29698888470483131     
   327.39999999999998        0.0000000000000000       0.35093388792076391     
   330.00000000000000        0.0000000000000000       0.38748280596908941     
   332.60000000000002        0.0000000000000000       0.38852762047455597     
   335.20000000000005        0.0000000000000000       0.41722707858211733     
   337.80000000000001        0.0000000000000000       0.44968743560395102     
   340.39999999999998        0.0000000000000000       0.49327534694185132     
   343.00000000000000        0.0000000000000000       0.52269217154678371     
   345.60000000000002        0.0000000000000000       0.54683419350253648     
   348.20000000000005        0.0000000000000000       0.58379474758870886     
   350.80000000000001        0.0000000000000000       0.62041870140705846     
   353.39999999999998        0.0000000000000000       0.61555247929385759     
   356.00000000000000        0.0000000000000000       0.67505246464699409     
   358.60000000000002        0.0000000000000000       0.72160760119099232     
   361.20000000000005        0.0000000000000000       0.70224414774768262     
   363.80000000000001        0.0000000000000000       0.73780165593444147     
   366.39999999999998        0.0000000000000000       0.77564455792665232     
   369.00000000000000        0.0000000000000000       0.82897521573536992     
   371.60000000000002        0.0000000000000000       0.82286392347976600     
   374.20000000000005        0.0000000000000000       0.85558816645217872     
   376.80000000000001        0.0000000000000000       0.90134549855122892     
   379.39999999999998        0.0000000000000000       0.87925338369560024     
   382.00000000000000        0.0000000000000000       0.90609233328686134     
   384.60000000000002        0.0000000000000000       0.98211062301299823     
   387.20000000000005        0.0000000000000000       0.97311048758867558     
   389.80000000000001        0.0000000000000000       0.97028462631410362     
   392.39999999999998        0.0000000000000000        1.0032807327614048     
   395.00000000000000        0.0000000000000000        1.0037953055719744     
   397.60000000000002        0.0000000000000000        1.0197159653945553     
   400.20000000000005        0.0000000000000000        1.0163321337192075     
   402.80000000000001        0.0000000000000000        1.0682600161003830     
   405.39999999999998        0.0000000000000000        1.0196990733111542     
   408.00000000000000        0.0000000000000000        1.0364119684678073     
   410.60000000000002        0.0000000000000000        1.0501359985195327     
   413.20000000000005        0.0000000000000000        1.0791143804215328     
   415.80000000000001        0.0000000000000000        1.0661242429370374     
   418.39999999999998        0.0000000000000000        1.0892559828716861     
   421.00000000000000        0.0000000000000000        1.0436017064706846     
   423.60000000000002        0.0000000000000000        1.0807294357976405     
   426.20000000000005        0.0000000000000000        1.1289451596700766     
   428.80000000000001        0.0000000000000000        1.0770495577652035     
   431.39999999999998        0.0000000000000000        1.0658285115756589     
   434.00000000000000        0.0000000000000000        1.1033769150806783     
   436.60000000000002        0.0000000000000000        1.0619683526613646     
   439.20000000000005        0.0000000000000000        1.0602029313182648     
   441.80000000000001        0.0000000000000000        1.0737087042259150     
   444.39999999999998        0.0000000000000000        1.0434422006911563     
   447.00000000000000        0.0000000000000000        1.0630980702038320     
   449.60000000000002        0.0000000000000000        1.0566353526701617     
   452.20000000000005        0.0000000000000000        1.0840754683719573     
   454.80000000000001        0.0000000000000000        1.0933802771331567     
   457.40000000000003        0.0000000000000000        1.0516493184377327     
   460.00000000000000        0.0000000000000000       0.99080065416159224     
   462.60000000000002        0.0000000000000000        1.0256357410833616     
   465.19999999999999        0.0000000000000000       0.94001119047025139     
   467.80000000000001        0.0000000000000000       0.97140412971428558     
   470.40000000000003        0.0000000000000000       0.98290843881646761     
   473.00000000000000        0.0000000000000000       0.94263008369060997     
   475.60000000000002        0.0000000000000000       0.92832268902204496     
   478.19999999999999        0.0000000000000000       0.92667593530279424     
   480.80000000000001        0.0000000000000000       0.90824577245984373     
   483.40000000000003        0.0000000000000000       0.89424640208547834     
   486.00000000000000        0.0000000000000000       0.85002618850017819     
   488.60000000000002        0.0000000000000000       0.84005863322321039     
   491.19999999999999        0.0000000000000000       0.80046084365468984     
   493.80000000000001        0.0000000000000000       0.79897652089621629     
   496.40000000000003        0.0000000000000000       0.70531790663396854     
   499.00000000000000        0.0000000000000000       0.72324950080898331     
   501.60000000000002        0.0000000000000000       0.69238808578651179     
   504.19999999999999        0.0000000000000000       0.66177634346110426     
   506.80000000000001        0.0000000000000000       0.65652229509292936     
   509.40000000000003        0.0000000000000000       0.59828723213048962     
   512.00000000000000        0.0000000000000000       0.56106071061516405     
   514.60000000000002        0.0000000000000000       0.56492688130302748     
   517.20000000000005        0.0000000000000000       0.51014942349569814     
   519.79999999999995        0.0000000000000000       0.48263141866769599     
   522.40000000000009        0.0000000000000000       0.50220526112018493     
   525.00000000000000        0.0000000000000000       0.45013912977039600     
   527.60000000000002        0.0000000000000000       0.42831761329160734     
   530.20000000000005        0.0000000000000000       0.40613602731282822     
   532.79999999999995        0.0000000000000000       0.37432487467482428     
   535.40000000000009        0.0000000000000000       0.35831321808104349     
   538.00000000000000        0.0000000000000000       0.33458394066962760     
   540.60000000000002        0.0000000000000000       0.32971622191384575     
   543.20000000000005        0.0000000000000000       0.28816263575269641     
   545.79999999999995        0.0000000000000000       0.26570891259560753     
   548.40000000000009        0.0000000000000000       0.26230086442609596     
   551.00000000000000        0.0000000000000000       0.23105313849239215     
   553.60000000000002        0.0000000000000000       0.21493941027582511     
   556.20000000000005        0.0000000000000000       0.20179689533519740     
   558.79999999999995        0.0000000000000000       0.18422436912233381     
   561.40000000000009        0.0000000000000000       0.16337099558247134     
   564.00000000000000        0.0000000000000000       0.15365793877951414     
   566.60000000000002        0.0000000000000000       0.15069613401772808     
   569.20000000000005        0.0000000000000000       0.13460832058931355     
   571.79999999999995        0.0000000000000000       0.12507506703526422     
   574.40000000000009        0.0000000000000000       0.11463089787220075     
   577.00000000000000        0.0000000000000000       0.10248064500439960     
   579.60000000000002        0.0000000000000000        9.1019869471154466E-002
   582.20000000000005        0.0000000000000000        9.1531216632026360E-002
   584.79999999999995        0.0000000000000000        7.7325315327980884E-002
   587.40000000000009        0.0000000000000000        6.2853027524469821E-002
   590.00000000000000        0.0000000000000000        6.0877936749976026E-002
   592.60000000000002        0.0000000000000000        5.7806402921458389E-002
   595.20000000000005        0.0000000000000000        5.5290707756824140E-002
   597.79999999999995        0.0000000000000000        4.9529994958977239E-002
   600.40000000000009        0.0000000000000000        3.8260008844875397E-002
   603.00000000000000        0.0000000000000000        3.3158650625828852E-002
   605.60000000000002        0.0000000000000000        3.4812289048226190E-002
   608.20000000000005        0.0000000000000000        2.6453526545792021E-002
   610.79999999999995        0.0000000000000000        2.8264950542535895E-002
   613.40000000000009        0.0000000000000000        2.4938199068070398E-002
   616.00000000000000        0.0000000000000000        1.8684651424728933E-002
   618.60000000000002        0.0000000000000000        1.5087639583278835E-002
   621.20000000000005        0.0000000000000000        1.6719742922368205E-002
   623.79999999999995        0.0000000000000000        1.3360917392862492E-002
   626.40000000000009        0.0000000000000000        1.3469727555170972E-002
   629.00000000000000        0.0000000000000000        1.4513816466174239E-002
   631.60000000000002        0.0000000000000000        9.5798924911686054E-003
   634.20000000000005        0.0000000000000000        9.2804799186805981E-003
   636.79999999999995        0.0000000000000000        7.4872876999506023E-003
   639.40000000000009        0.0000000000000000        4.7032103031415928E-003
   642.00000000000000        0.0000000000000000        5.7016965987846729E-003
   644.60000000000002        0.0000000000000000        4.0241042648824473E-003
   647.20000000000005        0.0000000000000000        8.1606270881658810E-003
   649.79999999999995        0.0000000000000000        2.4421061678821568E-003
   652.40000000000009        0.0000000000000000        4.7148231975960514E-003
   655.00000000000000        0.0000000000000000        4.3311047887386427E-003
   657.60000000000002        0.0000000000000000        3.0548544235200507E-003
   660.20000000000005        0.0000000000000000        2.2252372671320683E-003
   662.79999999999995        0.0000000000000000        1.5605777645085169E-003
   665.40000000000009        0.0000000000000000        1.1938959861384569E-003
   668.00000000000000        0.0000000000000000        1.9667674784621964E-003
   670.60000000000002        0.0000000000000000        1.7705296195825711E-003
   673.20000000000005        0.0000000000000000        6.8652436624412139E-004
   675.79999999999995        0.0000000000000000        1.1682440739264424E-003
   678.40000000000009        0.0000000000000000        1.1584514255110361E-003
   681.00000000000000        0.0000000000000000        1.2517380176989566E-004
   683.60000000000002        0.0000000000000000        1.9891665055181567E-004
   686.20000000000005        0.0000000000000000        9.3532090251772148E-004
   688.79999999999995        0.0000000000000000        1.7600526727903917E-004
   691.40000000000009        0.0000000000000000        9.7572236669025969E-004
   694.00000000000000        0.0000000000000000        1.7940749004770454E-004
   696.60000000000002        0.0000000000000000        4.0237226365723609E-004
   699.20000000000005        0.0000000000000000        6.9713431874885942E-004
   701.79999999999995        0.0000000000000000        8.5608913331253320E-004
   704.40000000000009        0.0000000000000000        2.4523625173148334E-004
   707.00000000000000        0.0000000000000000       -3.0104842208745478E-005
   709.60000000000002        0.0000000000000000        2.0940017307894656E-005
   712.20000000000005        0.0000000000000000        1.0714596888523299E-004
   714.80000000000007        0.0000000000000000        1.6174948955916086E-004
   717.39999999999998        0.0000000000000000        3.2930888790106316E-005
   720.00000000000000        0.0000000000000000       -1.9554878215973355E-005
   722.60000000000002        0.0000000000000000        2.9111931058331834E-004
   725.20000000000005        0.0000000000000000       -2.0216437544646528E-005
   727.80000000000007        0.0000000000000000        1.3352011389241851E-004
   730.39999999999998        0.0000000000000000        3.2085091703655535E-005
   733.00000000000000        0.0000000000000000        1.0840698897609215E-004
   735.60000000000002        0.0000000000000000        4.5652379551836530E-005
   738.20000000000005        0.0000000000000000        1.9116749446903020E-005
   740.80000000000007        0.0000000000000000        2.0696737237634855E-004
   743.39999999999998        0.0000000000000000        5.8740843912160500E-005
   746.00000000000000        0.0000000000000000        3.0266926237406321E-005
   748.60000000000002        0.0000000000000000        3.0916535934762667E-005
   751.20000000000005        0.0000000000000000        1.9105469611158931E-005
   753.80000000000007        0.0000000000000000        4.8629583803518167E-005
   756.39999999999998        0.0000000000000000        4.3358279602046960E-005
   759.00000000000000        0.0000000000000000        1.5937114873492205E-005
   761.60000000000002        0.0000000000000000       -2.6961641154302114E-009
   764.20000000000005        0.0000000000000000       -1.8169993867732960E-005
   766.80000000000007        0.0000000000000000        5.8250110992934576E-005
   769.39999999999998        0.0000000000000000        2.1618828579614251E-005
   772.00000000000000        0.0000000000000000        4.1044653568785277E-006
   774.60000000000002        0.0000000000000000       -2.2508962596742325E-005
   777.20000000000005        0.0000000000000000       -1.7408824824988382E-009
   779.80000000000007        0.0000000000000000        5.7159664107107226E-008
   782.39999999999998        0.0000000000000000        0.0000000000000000     
   785.00000000000000        0.0000000000000000       -1.2772652025679088E-009
   787.60000000000002        0.0000000000000000        1.5791510312325998E-005
   790.20000000000005        0.0000000000000000        9.0143436064277929E-005
   792.80000000000007        0.0000000000000000        1.9977101566263333E-005
   795.39999999999998        0.0000000000000000        4.2420517758276747E-005
   798.00000000000000        0.0000000000000000       -9.5395866572369434E-007
   800.60000000000002        0.0000000000000000        7.5530437945702299E-009
   803.20000000000005        0.0000000000000000        2.5609489644554206E-005
   805.80000000000007        0.0000000000000000       -1.0245272219503616E-005
   808.39999999999998        0.0000000000000000        3.3250133636156403E-005
   811.00000000000000        0.0000000000000000        4.5441533162679180E-009
   813.60000000000002        0.0000000000000000        3.7410447433298876E-005
   816.20000000000005        0.0000000000000000        7.4909185482662362E-005
   818.80000000000007        0.0000000000000000       -1.1395336952338173E-005
   821.39999999999998        0.0000000000000000       -2.7176351720724841E-008
   824.00000000000000        0.0000000000000000        1.5678269737031808E-005
   826.60000000000002        0.0000000000000000        3.8974224155516959E-005
   829.20000000000005        0.0000000000000000       -1.1264358934610438E-005
   831.80000000000007        0.0000000000000000        4.3362715318567220E-005
   834.39999999999998        0.0000000000000000       -1.0654587507432269E-005
   837.00000000000000        0.0000000000000000        5.6724826582413509E-006
   839.60000000000002        0.0000000000000000        1.7544259291618507E-005
   842.20000000000005        0.0000000000000000       -1.2542383939562661E-006
   844.80000000000007        0.0000000000000000        1.9736800978113542E-006
   847.39999999999998        0.0000000000000000        1.9174207390609715E-009
   850.00000000000000        0.0000000000000000        3.0838449324707008E-006
