   1.6000000000000001        0.0000000000000000        0.0000000000000000     
   3.2000000000000002        0.0000000000000000        0.0000000000000000     
   4.8000000000000007        0.0000000000000000        0.0000000000000000     
   6.4000000000000004        0.0000000000000000        0.0000000000000000     
   8.0000000000000000        0.0000000000000000        0.0000000000000000     
   9.6000000000000014        0.0000000000000000        0.0000000000000000     
   11.200000000000001        0.0000000000000000        0.0000000000000000     
   12.800000000000001        0.0000000000000000        0.0000000000000000     
   14.400000000000000        0.0000000000000000        0.0000000000000000     
   16.000000000000000        0.0000000000000000        0.0000000000000000     
   17.600000000000001        0.0000000000000000        0.0000000000000000     
   19.200000000000003        0.0000000000000000        0.0000000000000000     
   20.800000000000001        0.0000000000000000        0.0000000000000000     
   22.400000000000002        0.0000000000000000        0.0000000000000000     
   24.000000000000000        0.0000000000000000        0.0000000000000000     
   25.600000000000001        0.0000000000000000        0.0000000000000000     
   27.200000000000003        0.0000000000000000        0.0000000000000000     
   28.800000000000001        0.0000000000000000        0.0000000000000000     
   30.400000000000002        0.0000000000000000        0.0000000000000000     
   32.000000000000000        0.0000000000000000        0.0000000000000000     
   33.600000000000001        0.0000000000000000        0.0000000000000000     
   35.200000000000003        0.0000000000000000        5.9065095182675194E-006
   36.800000000000004        0.0000000000000000        1.2603112352073454E-007
   38.400000000000006        0.0000000000000000        0.0000000000000000     
   40.000000000000000        0.0000000000000000        4.2605121474889431E-003
   41.600000000000001        0.0000000000000000        4.3016885039106551E-003
   43.200000000000003        0.0000000000000000        4.3416508842408514E-003
   44.800000000000004        0.0000000000000000        3.9647836899195397E-002
   46.400000000000006        0.0000000000000000       0.10826810021418939     
   48.000000000000000        0.0000000000000000       0.25739195863692288     
   49.600000000000001        0.0000000000000000       0.22947219753505047     
   51.200000000000003        0.0000000000000000       0.42099741913879585     
   52.800000000000004        0.0000000000000000       0.59470338332037276     
   54.400000000000006        0.0000000000000000       0.60184841145612622     
   56.000000000000000        0.0000000000000000       0.87152357172362349     
   57.600000000000001        0.0000000000000000        1.0434327866642417     
   59.200000000000003        0.0000000000000000        1.1698538575954789     
   60.800000000000004        0.0000000000000000        1.4209551715156250     
   62.400000000000006        0.0000000000000000        1.6164912745004674     
   64.000000000000000        0.0000000000000000        1.7750172917237601     
   65.600000000000009        0.0000000000000000        1.8829747275287811     
   67.200000000000003        0.0000000000000000        2.5155164560215635     
   68.799999999999997        0.0000000000000000        2.5612456534009893     
   70.400000000000006        0.0000000000000000        2.8070145246813802     
   72.000000000000000        0.0000000000000000        3.3030181668721124     
   73.600000000000009        0.0000000000000000        3.5751688470360827     
   75.200000000000003        0.0000000000000000        3.9708998795400210     
   76.800000000000011        0.0000000000000000        4.0292142601408321     
   78.400000000000006        0.0000000000000000        4.7896522834981630     
   80.000000000000000        0.0000000000000000        5.2173086017952865     
   81.600000000000009        0.0000000000000000        5.2235381477587230     
   83.200000000000003        0.0000000000000000        5.4317394209088254     
   84.800000000000011        0.0000000000000000        5.8717841868913867     
   86.400000000000006        0.0000000000000000        6.5443798948109739     
   88.000000000000000        0.0000000000000000        6.6799457910993612     
   89.600000000000009        0.0000000000000000        6.9900707554895094     
   91.200000000000003        0.0000000000000000        7.4218505556728260     
   92.800000000000011        0.0000000000000000        7.6499589828773962     
   94.400000000000006        0.0000000000000000        7.7544929572175230     
   96.000000000000000        0.0000000000000000        8.1842738478512835     
   97.600000000000009        0.0000000000000000        8.6608096863241499     
   99.200000000000003        0.0000000000000000        8.4937208103124302     
   100.80000000000001        0.0000000000000000        8.8292671117149730     
   102.40000000000001        0.0000000000000000        9.0791806995954882     
   104.00000000000000        0.0000000000000000        9.5743427403258394     
   105.60000000000001        0.0000000000000000        9.5712555142161158     
   107.20000000000000        0.0000000000000000        9.7796258352114602     
   108.80000000000001        0.0000000000000000        10.196777842241445     
   110.40000000000001        0.0000000000000000        9.9296121008902034     
   112.00000000000000        0.0000000000000000        10.166616804553076     
   113.60000000000001        0.0000000000000000        10.886499866766204     
   115.20000000000000        0.0000000000000000        10.725895312576357     
   116.80000000000001        0.0000000000000000        10.610831872117162     
   118.40000000000001        0.0000000000000000        10.991591729278475     
   120.00000000000000        0.0000000000000000        10.922900258975094     
   121.60000000000001        0.0000000000000000        11.158311413225958     
   123.20000000000000        0.0000000000000000        10.886413078039386     
   124.80000000000001        0.0000000000000000        11.352843308242601     
   126.40000000000001        0.0000000000000000        10.980296603680319     
   128.00000000000000        0.0000000000000000        11.039117959038871     
   129.59999999999999        0.0000000000000000        11.032341060777945     
   131.20000000000002        0.0000000000000000        11.407908297337610     
   132.80000000000001        0.0000000000000000        11.313815584406955     
   134.40000000000001        0.0000000000000000        11.417338529838663     
   136.00000000000000        0.0000000000000000        11.024559805868646     
   137.59999999999999        0.0000000000000000        11.315258062350999     
   139.20000000000002        0.0000000000000000        11.699399768787814     
   140.80000000000001        0.0000000000000000        11.093087431628270     
   142.40000000000001        0.0000000000000000        11.236403414563890     
   144.00000000000000        0.0000000000000000        11.328766514577989     
   145.59999999999999        0.0000000000000000        10.971131499697343     
   147.20000000000002        0.0000000000000000        11.021700123607346     
   148.80000000000001        0.0000000000000000        10.932509313107731     
   150.40000000000001        0.0000000000000000        10.548397652487530     
   152.00000000000000        0.0000000000000000        10.905355525756580     
   153.60000000000002        0.0000000000000000        10.776357391042614     
   155.20000000000002        0.0000000000000000        10.959165394506135     
   156.80000000000001        0.0000000000000000        10.878249312358738     
   158.40000000000001        0.0000000000000000        10.447103943635543     
   160.00000000000000        0.0000000000000000        10.042959631416537     
   161.60000000000002        0.0000000000000000        10.303333995973986     
   163.20000000000002        0.0000000000000000        9.7632769786017146     
   164.80000000000001        0.0000000000000000        9.8300849744416485     
   166.40000000000001        0.0000000000000000        9.9055858420617415     
   168.00000000000000        0.0000000000000000        9.4943094205165544     
   169.60000000000002        0.0000000000000000        9.2662132150993735     
   171.20000000000002        0.0000000000000000        9.4234787026740587     
   172.80000000000001        0.0000000000000000        9.0773545526700392     
   174.40000000000001        0.0000000000000000        9.1366662483688028     
   176.00000000000000        0.0000000000000000        8.8924539598145351     
   177.60000000000002        0.0000000000000000        8.6355850945234600     
   179.20000000000002        0.0000000000000000        8.2783133113848031     
   180.80000000000001        0.0000000000000000        8.4620744867811339     
   182.40000000000001        0.0000000000000000        7.6590773201002973     
   184.00000000000000        0.0000000000000000        8.0245099837140881     
   185.60000000000002        0.0000000000000000        7.5636503647773701     
   187.20000000000002        0.0000000000000000        7.6205968221526206     
   188.80000000000001        0.0000000000000000        7.2882427414930797     
   190.40000000000001        0.0000000000000000        7.1481996784180524     
   192.00000000000000        0.0000000000000000        6.7918655540669191     
   193.60000000000002        0.0000000000000000        6.5576302226401850     
   195.20000000000002        0.0000000000000000        6.4668521625803681     
   196.80000000000001        0.0000000000000000        6.2884302129269276     
   198.40000000000001        0.0000000000000000        6.1524977521973101     
   200.00000000000000        0.0000000000000000        5.7353991328788068     
   201.60000000000002        0.0000000000000000        5.5937891492835377     
   203.20000000000002        0.0000000000000000        5.5319130430604977     
   204.80000000000001        0.0000000000000000        5.3199176472312217     
   206.40000000000001        0.0000000000000000        5.1702638112899137     
   208.00000000000000        0.0000000000000000        4.9310691829119255     
   209.60000000000002        0.0000000000000000        4.7898268913507049     
   211.20000000000002        0.0000000000000000        4.5958268355652692     
   212.80000000000001        0.0000000000000000        4.5127150906316205     
   214.40000000000001        0.0000000000000000        4.4521607545109703     
   216.00000000000000        0.0000000000000000        4.0069285701178039     
   217.60000000000002        0.0000000000000000        3.9692298955103675     
   219.20000000000002        0.0000000000000000        3.8401259034152102     
   220.80000000000001        0.0000000000000000        3.7057726499481802     
   222.40000000000001        0.0000000000000000        3.4405749839686255     
   224.00000000000000        0.0000000000000000        3.4329079100324669     
   225.60000000000002        0.0000000000000000        3.2154284411447858     
   227.20000000000002        0.0000000000000000        3.1203012128014622     
   228.80000000000001        0.0000000000000000        3.0468788587647362     
   230.40000000000001        0.0000000000000000        2.9034382748266818     
   232.00000000000000        0.0000000000000000        2.7342446054395708     
   233.60000000000002        0.0000000000000000        2.6152403544402758     
   235.20000000000002        0.0000000000000000        2.5777770313050863     
   236.80000000000001        0.0000000000000000        2.4198177624492949     
   238.40000000000001        0.0000000000000000        2.2294422154796276     
   240.00000000000000        0.0000000000000000        2.0463240519021766     
   241.60000000000002        0.0000000000000000        2.1057690052617088     
   243.20000000000002        0.0000000000000000        2.0420883462674939     
   244.80000000000001        0.0000000000000000        1.8709752078503215     
   246.40000000000001        0.0000000000000000        1.7636292515323702     
   248.00000000000000        0.0000000000000000        1.7511564986842378     
   249.60000000000002        0.0000000000000000        1.7007134403315645     
   251.20000000000002        0.0000000000000000        1.5591863115285471     
   252.80000000000001        0.0000000000000000        1.4487863335825604     
   254.40000000000001        0.0000000000000000        1.5270131565075251     
   256.00000000000000        0.0000000000000000        1.3474477765609489     
   257.60000000000002        0.0000000000000000        1.2655226612369603     
   259.19999999999999        0.0000000000000000        1.1087450909135743     
   260.80000000000001        0.0000000000000000        1.1109785596219712     
   262.40000000000003        0.0000000000000000        1.1236019520777609     
   264.00000000000000        0.0000000000000000        1.0935302213393892     
   265.60000000000002        0.0000000000000000        1.0145668308678768     
   267.19999999999999        0.0000000000000000       0.92191441687885733     
   268.80000000000001        0.0000000000000000       0.92873302537683677     
   270.40000000000003        0.0000000000000000       0.85030869368406981     
   272.00000000000000        0.0000000000000000       0.83316666342337997     
   273.60000000000002        0.0000000000000000       0.80742896596837710     
   275.19999999999999        0.0000000000000000       0.74217226269829573     
   276.80000000000001        0.0000000000000000       0.68599183335133207     
   278.40000000000003        0.0000000000000000       0.66484462629346019     
   280.00000000000000        0.0000000000000000       0.63561601090307929     
   281.60000000000002        0.0000000000000000       0.62017475553471091     
   283.19999999999999        0.0000000000000000       0.58021683747602792     
   284.80000000000001        0.0000000000000000       0.58510124703578181     
   286.40000000000003        0.0000000000000000       0.51166253340767565     
   288.00000000000000        0.0000000000000000       0.47519020123148564     
   289.60000000000002        0.0000000000000000       0.46351620250849668     
   291.19999999999999        0.0000000000000000       0.40520695908569915     
   292.80000000000001        0.0000000000000000       0.40385908087128247     
   294.40000000000003        0.0000000000000000       0.38908451199154392     
   296.00000000000000        0.0000000000000000       0.37731480510684751     
   297.60000000000002        0.0000000000000000       0.34864592903141212     
   299.19999999999999        0.0000000000000000       0.33559001083034817     
   300.80000000000001        0.0000000000000000       0.32342277817106996     
   302.40000000000003        0.0000000000000000       0.26286849790932559     
   304.00000000000000        0.0000000000000000       0.28843751851817728     
   305.60000000000002        0.0000000000000000       0.26052611483021104     
   307.20000000000005        0.0000000000000000       0.25502838743259587     
   308.80000000000001        0.0000000000000000       0.24774680453393974     
   310.40000000000003        0.0000000000000000       0.17994979575306502     
   312.00000000000000        0.0000000000000000       0.21552441877276615     
   313.60000000000002        0.0000000000000000       0.17296532983235285     
   315.20000000000005        0.0000000000000000       0.21080923855219272     
   316.80000000000001        0.0000000000000000       0.16460848862017730     
   318.40000000000003        0.0000000000000000       0.18160044492314009     
   320.00000000000000        0.0000000000000000       0.16940465556779810     
   321.60000000000002        0.0000000000000000       0.15687114124455112     
   323.20000000000005        0.0000000000000000       0.13665768080121846     
   324.80000000000001        0.0000000000000000       0.12472576621440268     
   326.40000000000003        0.0000000000000000       0.12475946748766160     
   328.00000000000000        0.0000000000000000       0.11944126397029697     
   329.60000000000002        0.0000000000000000        9.4434011557941150E-002
   331.20000000000005        0.0000000000000000       0.12762911882433750     
   332.80000000000001        0.0000000000000000       0.11290354323120423     
   334.40000000000003        0.0000000000000000        9.4535972543933713E-002
   336.00000000000000        0.0000000000000000        9.3841913686859096E-002
   337.60000000000002        0.0000000000000000        8.0453130610353696E-002
   339.20000000000005        0.0000000000000000        9.4462875164121926E-002
   340.80000000000001        0.0000000000000000        6.3467073701976157E-002
   342.40000000000003        0.0000000000000000        7.9283432583096447E-002
   344.00000000000000        0.0000000000000000        5.5625253767986063E-002
   345.60000000000002        0.0000000000000000        5.2860863279672821E-002
   347.20000000000005        0.0000000000000000        4.4697002314737264E-002
   348.80000000000001        0.0000000000000000        4.8670629365841385E-002
   350.40000000000003        0.0000000000000000        5.5509436375397687E-002
   352.00000000000000        0.0000000000000000        4.2089602698223330E-002
   353.60000000000002        0.0000000000000000        4.8663022726537712E-002
   355.20000000000005        0.0000000000000000        4.4303371581178190E-002
   356.80000000000001        0.0000000000000000        3.7987030158605377E-002
   358.40000000000003        0.0000000000000000        4.6941228822853009E-002
   360.00000000000000        0.0000000000000000        3.7715453737052339E-002
   361.60000000000002        0.0000000000000000        4.1841969030330259E-002
   363.20000000000005        0.0000000000000000        3.1605241309597472E-002
   364.80000000000001        0.0000000000000000        3.6307488386196157E-002
   366.40000000000003        0.0000000000000000        2.1661887356178820E-002
   368.00000000000000        0.0000000000000000        3.4139450877402895E-002
   369.60000000000002        0.0000000000000000        3.0246950070634791E-002
   371.20000000000005        0.0000000000000000        2.1915046412565451E-002
   372.80000000000001        0.0000000000000000        2.2305888345407282E-002
   374.40000000000003        0.0000000000000000        1.8686700600324829E-002
   376.00000000000000        0.0000000000000000        1.9552860253706117E-002
   377.60000000000002        0.0000000000000000        1.9212051824622069E-002
   379.20000000000005        0.0000000000000000        1.9344601782541555E-002
   380.80000000000001        0.0000000000000000        1.5482666155082441E-002
   382.40000000000003        0.0000000000000000        1.9074025592377204E-002
   384.00000000000000        0.0000000000000000        1.3968041440959053E-002
   385.60000000000002        0.0000000000000000        1.2802583016580134E-002
   387.20000000000005        0.0000000000000000        1.4336793951948272E-002
   388.80000000000001        0.0000000000000000        1.6585713681783555E-002
   390.40000000000003        0.0000000000000000        1.5856001590952781E-002
   392.00000000000000        0.0000000000000000        9.4831454289781413E-003
   393.60000000000002        0.0000000000000000        9.4836406200097499E-003
   395.20000000000005        0.0000000000000000        9.6580647809340770E-003
   396.80000000000001        0.0000000000000000        9.0433242368364985E-003
   398.40000000000003        0.0000000000000000        9.1278741975075635E-003
   400.00000000000000        0.0000000000000000        6.1440415119152327E-003
