   202.59999999999999        0.0000000000000000        2.1579616470341676E-004
   205.19999999999999        0.0000000000000000        2.0249717083444050E-004
   207.80000000000001        0.0000000000000000        7.6063228149010566E-004
   210.40000000000001        0.0000000000000000        1.2559357277950703E-004
   213.00000000000000        0.0000000000000000        2.6161947911709804E-004
   215.59999999999999        0.0000000000000000        3.4251204188836946E-004
   218.19999999999999        0.0000000000000000        3.6778328926797887E-004
   220.80000000000001        0.0000000000000000        9.2870467835728498E-004
   223.40000000000001        0.0000000000000000        3.5656853781485112E-004
   226.00000000000000        0.0000000000000000        2.0485728727100369E-003
   228.59999999999999        0.0000000000000000        7.4573658267683689E-004
   231.19999999999999        0.0000000000000000        7.4185352216657007E-004
   233.80000000000001        0.0000000000000000        1.5827660711375453E-003
   236.40000000000001        0.0000000000000000        1.5792816333821229E-003
   239.00000000000000        0.0000000000000000        1.6987729848977635E-003
   241.59999999999999        0.0000000000000000        5.1372411695866631E-003
   244.19999999999999        0.0000000000000000        2.5894265411054119E-003
   246.80000000000001        0.0000000000000000        4.8595955730741510E-003
   249.40000000000001        0.0000000000000000        4.7163926076876561E-003
   252.00000000000000        0.0000000000000000        5.3426580196624081E-003
   254.59999999999999        0.0000000000000000        6.0343371007038644E-003
   257.19999999999999        0.0000000000000000        1.1775043388837328E-002
   259.80000000000001        0.0000000000000000        8.6977560585457178E-003
   262.39999999999998        0.0000000000000000        1.2859704829441425E-002
   265.00000000000000        0.0000000000000000        1.4677602081782983E-002
   267.60000000000002        0.0000000000000000        1.9098600853276797E-002
   270.19999999999999        0.0000000000000000        2.6633457834201506E-002
   272.80000000000001        0.0000000000000000        3.3504291996987526E-002
   275.39999999999998        0.0000000000000000        4.2049850196788668E-002
   278.00000000000000        0.0000000000000000        4.4504844428465890E-002
   280.60000000000002        0.0000000000000000        4.3587650294353936E-002
   283.19999999999999        0.0000000000000000        5.6206125074566307E-002
   285.80000000000001        0.0000000000000000        6.6859329853144120E-002
   288.39999999999998        0.0000000000000000        6.6672136958095166E-002
   291.00000000000000        0.0000000000000000        9.3021611950480365E-002
   293.60000000000002        0.0000000000000000       0.10342014383754322     
   296.19999999999999        0.0000000000000000       0.11267868687585947     
   298.80000000000001        0.0000000000000000       0.13323846017719485     
   301.39999999999998        0.0000000000000000       0.15190417543918264     
   304.00000000000000        0.0000000000000000       0.16295875687096589     
   306.60000000000002        0.0000000000000000       0.17878684205328657     
   309.19999999999999        0.0000000000000000       0.22189135066211038     
   311.80000000000001        0.0000000000000000       0.23071839530921001     
   314.39999999999998        0.0000000000000000       0.25229016921026975     
   317.00000000000000        0.0000000000000000       0.29852372599516896     
   319.60000000000002        0.0000000000000000       0.31168111905405826     
   322.19999999999999        0.0000000000000000       0.34631962430377022     
   324.80000000000001        0.0000000000000000       0.37007726995048024     
   327.39999999999998        0.0000000000000000       0.43711289504276141     
   330.00000000000000        0.0000000000000000       0.48228219507911418     
   332.60000000000002        0.0000000000000000       0.48339271242986120     
   335.20000000000005        0.0000000000000000       0.51870440029199039     
   337.80000000000001        0.0000000000000000       0.55872450406070728     
   340.39999999999998        0.0000000000000000       0.61251072177349575     
   343.00000000000000        0.0000000000000000       0.64864225789830965     
   345.60000000000002        0.0000000000000000       0.67819223858717848     
   348.20000000000005        0.0000000000000000       0.72367170746400056     
   350.80000000000001        0.0000000000000000       0.76846926604498100     
   353.39999999999998        0.0000000000000000       0.76206365200153570     
   356.00000000000000        0.0000000000000000       0.83520700151265914     
   358.60000000000002        0.0000000000000000       0.89225341233738531     
   361.20000000000005        0.0000000000000000       0.86788856089594990     
   363.80000000000001        0.0000000000000000       0.91112728231981388     
   366.39999999999998        0.0000000000000000       0.95736511765642207     
   369.00000000000000        0.0000000000000000        1.0226294697109040     
   371.60000000000002        0.0000000000000000        1.0144831927639568     
   374.20000000000005        0.0000000000000000        1.0541263103234686     
   376.80000000000001        0.0000000000000000        1.1099084381164614     
   379.39999999999998        0.0000000000000000        1.0821489631313030     
   382.00000000000000        0.0000000000000000        1.1145437034475578     
   384.60000000000002        0.0000000000000000        1.2072763547109773     
   387.20000000000005        0.0000000000000000        1.1955411914990435     
   389.80000000000001        0.0000000000000000        1.1915136779164153     
   392.39999999999998        0.0000000000000000        1.2310996423860083     
   395.00000000000000        0.0000000000000000        1.2308126277263018     
   397.60000000000002        0.0000000000000000        1.2498100973996262     
   400.20000000000005        0.0000000000000000        1.2450598668480228     
   402.80000000000001        0.0000000000000000        1.3074043385165772     
   405.39999999999998        0.0000000000000000        1.2476689176022404     
   408.00000000000000        0.0000000000000000        1.2671966749597567     
   410.60000000000002        0.0000000000000000        1.2832285791198534     
   413.20000000000005        0.0000000000000000        1.3177301753792166     
   415.80000000000001        0.0000000000000000        1.3010045048974654     
   418.39999999999998        0.0000000000000000        1.3283167687599200     
   421.00000000000000        0.0000000000000000        1.2720484907085132     
   423.60000000000002        0.0000000000000000        1.3162957882915718     
   426.20000000000005        0.0000000000000000        1.3742077628541400     
   428.80000000000001        0.0000000000000000        1.3101545575663927     
   431.39999999999998        0.0000000000000000        1.2955744894887891     
   434.00000000000000        0.0000000000000000        1.3402468644473937     
   436.60000000000002        0.0000000000000000        1.2891171224485396     
   439.20000000000005        0.0000000000000000        1.2860397927181091     
   441.80000000000001        0.0000000000000000        1.3017466199164658     
   444.39999999999998        0.0000000000000000        1.2640523269809250     
   447.00000000000000        0.0000000000000000        1.2868989263549258     
   449.60000000000002        0.0000000000000000        1.2781466306945970     
   452.20000000000005        0.0000000000000000        1.3104483604149393     
   454.80000000000001        0.0000000000000000        1.3206340370138414     
   457.40000000000003        0.0000000000000000        1.2693358527882650     
   460.00000000000000        0.0000000000000000        1.1950667673442459     
   462.60000000000002        0.0000000000000000        1.2362485547306490     
   465.19999999999999        0.0000000000000000        1.1326647643417271     
   467.80000000000001        0.0000000000000000        1.1691332593506489     
   470.40000000000003        0.0000000000000000        1.1820737751495596     
   473.00000000000000        0.0000000000000000        1.1330504774442862     
   475.60000000000002        0.0000000000000000        1.1149670111752108     
   478.19999999999999        0.0000000000000000        1.1121722958535762     
   480.80000000000001        0.0000000000000000        1.0893789960782063     
   483.40000000000003        0.0000000000000000        1.0717292695619074     
   486.00000000000000        0.0000000000000000        1.0181548087804451     
   488.60000000000002        0.0000000000000000        1.0053403431638634     
   491.19999999999999        0.0000000000000000       0.95730291113894472     
   493.80000000000001        0.0000000000000000       0.95496927918499575     
   496.40000000000003        0.0000000000000000       0.84256784204146751     
   499.00000000000000        0.0000000000000000       0.86330272574104550     
   501.60000000000002        0.0000000000000000       0.82599395024282252     
   504.19999999999999        0.0000000000000000       0.78890570872723953     
   506.80000000000001        0.0000000000000000       0.78202182733906211     
   509.40000000000003        0.0000000000000000       0.71226704282043218     
   512.00000000000000        0.0000000000000000       0.66756809970017217     
   514.60000000000002        0.0000000000000000       0.67149404351786146     
   517.20000000000005        0.0000000000000000       0.60610353139893580     
   519.79999999999995        0.0000000000000000       0.57324182584229122     
   522.40000000000009        0.0000000000000000       0.59583004778554116     
   525.00000000000000        0.0000000000000000       0.53393815525995758     
   527.60000000000002        0.0000000000000000       0.50756365371943557     
   530.20000000000005        0.0000000000000000       0.48103121553820771     
   532.79999999999995        0.0000000000000000       0.44317584206595118     
   535.40000000000009        0.0000000000000000       0.42390223932457005     
   538.00000000000000        0.0000000000000000       0.39556452211038323     
   540.60000000000002        0.0000000000000000       0.38955500258420450     
   543.20000000000005        0.0000000000000000       0.34029605167617416     
   545.79999999999995        0.0000000000000000       0.31363909523613565     
   548.40000000000009        0.0000000000000000       0.30941137368865157     
   551.00000000000000        0.0000000000000000       0.27242856876207994     
   553.60000000000002        0.0000000000000000       0.25321583195114028     
   556.20000000000005        0.0000000000000000       0.23763833947051463     
   558.79999999999995        0.0000000000000000       0.21685592781810484     
   561.40000000000009        0.0000000000000000       0.19221771417737937     
   564.00000000000000        0.0000000000000000       0.18069988513454896     
   566.60000000000002        0.0000000000000000       0.17710398447619355     
   569.20000000000005        0.0000000000000000       0.15813272910983611     
   571.79999999999995        0.0000000000000000       0.14686466610289073     
   574.40000000000009        0.0000000000000000       0.13454414417240487     
   577.00000000000000        0.0000000000000000       0.12021957186535766     
   579.60000000000002        0.0000000000000000       0.10677597115935612     
   582.20000000000005        0.0000000000000000       0.10726013761561839     
   584.79999999999995        0.0000000000000000        9.0578493925056361E-002
   587.40000000000009        0.0000000000000000        7.3587707876268491E-002
   590.00000000000000        0.0000000000000000        7.1231201825057169E-002
   592.60000000000002        0.0000000000000000        6.7597923205721583E-002
   595.20000000000005        0.0000000000000000        6.4631144909219770E-002
   597.79999999999995        0.0000000000000000        5.7857781846689937E-002
   600.40000000000009        0.0000000000000000        4.4705859861006544E-002
   603.00000000000000        0.0000000000000000        3.8711670246656768E-002
   605.60000000000002        0.0000000000000000        4.0608822202132230E-002
   608.20000000000005        0.0000000000000000        3.0866916652135912E-002
   610.79999999999995        0.0000000000000000        3.2959933540139451E-002
   613.40000000000009        0.0000000000000000        2.9041873719667724E-002
   616.00000000000000        0.0000000000000000        2.1792273200985982E-002
   618.60000000000002        0.0000000000000000        1.7566201506596008E-002
   621.20000000000005        0.0000000000000000        1.9465271012224207E-002
   623.79999999999995        0.0000000000000000        1.5548384670208432E-002
   626.40000000000009        0.0000000000000000        1.5678955259026475E-002
   629.00000000000000        0.0000000000000000        1.6864818176417298E-002
   631.60000000000002        0.0000000000000000        1.1136385125295297E-002
   634.20000000000005        0.0000000000000000        1.0782926791331660E-002
   636.79999999999995        0.0000000000000000        8.6950260127101071E-003
   639.40000000000009        0.0000000000000000        5.4693736786967026E-003
   642.00000000000000        0.0000000000000000        6.6127729385738439E-003
   644.60000000000002        0.0000000000000000        4.6839702249162245E-003
   647.20000000000005        0.0000000000000000        9.4591786291042066E-003
   649.79999999999995        0.0000000000000000        2.8411537004935828E-003
   652.40000000000009        0.0000000000000000        5.4583058807824566E-003
   655.00000000000000        0.0000000000000000        5.0161324865757272E-003
   657.60000000000002        0.0000000000000000        3.5410168238580240E-003
   660.20000000000005        0.0000000000000000        2.5799278329857876E-003
   662.79999999999995        0.0000000000000000        1.8020360185191334E-003
   665.40000000000009        0.0000000000000000        1.3840866774567692E-003
   668.00000000000000        0.0000000000000000        2.2715289961512675E-003
   670.60000000000002        0.0000000000000000        2.0488148620048550E-003
   673.20000000000005        0.0000000000000000        7.9504222789373582E-004
   675.79999999999995        0.0000000000000000        1.3522317618323725E-003
   678.40000000000009        0.0000000000000000        1.3374263481757557E-003
   681.00000000000000        0.0000000000000000        1.5008886938016041E-004
   683.60000000000002        0.0000000000000000        2.3310268545144818E-004
   686.20000000000005        0.0000000000000000        1.0869765561793035E-003
   688.79999999999995        0.0000000000000000        2.0333960565793553E-004
   691.40000000000009        0.0000000000000000        1.1380389754373898E-003
   694.00000000000000        0.0000000000000000        2.0700843456458463E-004
   696.60000000000002        0.0000000000000000        4.6310138206658090E-004
   699.20000000000005        0.0000000000000000        8.0937680550238712E-004
   701.79999999999995        0.0000000000000000        9.8551467951532514E-004
   704.40000000000009        0.0000000000000000        2.8566306763295281E-004
   707.00000000000000        0.0000000000000000       -3.0669046954109580E-005
   709.60000000000002        0.0000000000000000        2.5629216425242817E-005
   712.20000000000005        0.0000000000000000        1.2583202600377458E-004
   714.80000000000007        0.0000000000000000        1.8676883574270128E-004
   717.39999999999998        0.0000000000000000        3.9331405678098739E-005
   720.00000000000000        0.0000000000000000       -2.2222998093327691E-005
   722.60000000000002        0.0000000000000000        3.3414131283849966E-004
   725.20000000000005        0.0000000000000000       -2.3079652200081709E-005
   727.80000000000007        0.0000000000000000        1.5824194410968474E-004
   730.39999999999998        0.0000000000000000        3.6961237311964263E-005
   733.00000000000000        0.0000000000000000        1.2761592016786771E-004
   735.60000000000002        0.0000000000000000        5.4956695588293745E-005
   738.20000000000005        0.0000000000000000        2.3067538753535895E-005
   740.80000000000007        0.0000000000000000        2.4003958489403541E-004
   743.39999999999998        0.0000000000000000        6.7391916697854024E-005
   746.00000000000000        0.0000000000000000        3.4542894061265135E-005
   748.60000000000002        0.0000000000000000        3.5797487683800234E-005
   751.20000000000005        0.0000000000000000        2.2104528309592482E-005
   753.80000000000007        0.0000000000000000        5.5430708348491377E-005
   756.39999999999998        0.0000000000000000        4.9692132874526640E-005
   759.00000000000000        0.0000000000000000        1.8415835390254191E-005
   761.60000000000002        0.0000000000000000       -3.0861412992578790E-009
   764.20000000000005        0.0000000000000000       -2.0960856657211902E-005
   766.80000000000007        0.0000000000000000        6.7232019648886057E-005
   769.39999999999998        0.0000000000000000        2.5307633280230918E-005
   772.00000000000000        0.0000000000000000        4.8227442883411926E-006
   774.60000000000002        0.0000000000000000       -2.6127109606651354E-005
   777.20000000000005        0.0000000000000000       -2.0064712041313072E-009
   779.80000000000007        0.0000000000000000        7.3514508078726737E-007
   782.39999999999998        0.0000000000000000        0.0000000000000000     
   785.00000000000000        0.0000000000000000       -1.4796270898943585E-009
   787.60000000000002        0.0000000000000000        1.8342226178826483E-005
   790.20000000000005        0.0000000000000000        1.0438935852529216E-004
   792.80000000000007        0.0000000000000000        2.3729280566799346E-005
   795.39999999999998        0.0000000000000000        4.8723358192972503E-005
   798.00000000000000        0.0000000000000000       -7.1860355816610695E-007
   800.60000000000002        0.0000000000000000        8.7020213525542362E-009
   803.20000000000005        0.0000000000000000        3.0252187715090939E-005
   805.80000000000007        0.0000000000000000       -1.1712874559650782E-005
   808.39999999999998        0.0000000000000000        3.9228376330703075E-005
   811.00000000000000        0.0000000000000000        5.2451716866293849E-009
   813.60000000000002        0.0000000000000000        4.3092578519811050E-005
   816.20000000000005        0.0000000000000000        8.6653046719395983E-005
   818.80000000000007        0.0000000000000000       -1.3073424117878722E-005
   821.39999999999998        0.0000000000000000       -3.1644978190273785E-008
   824.00000000000000        0.0000000000000000        1.8473514030788038E-005
   826.60000000000002        0.0000000000000000        4.4703551879330431E-005
   829.20000000000005        0.0000000000000000       -1.2917437225986993E-005
   831.80000000000007        0.0000000000000000        5.0377949853737977E-005
   834.39999999999998        0.0000000000000000       -1.2158806473608397E-005
   837.00000000000000        0.0000000000000000        6.6364249440434472E-006
   839.60000000000002        0.0000000000000000        2.0387114769907391E-005
   842.20000000000005        0.0000000000000000       -1.4476557586627657E-006
   844.80000000000007        0.0000000000000000        2.2737478741325875E-006
   847.39999999999998        0.0000000000000000        2.2675683126192943E-009
   850.00000000000000        0.0000000000000000        3.5884788163758339E-006
