   8.0000000000000000        0.0000000000000000        0.0000000000000000     
   16.000000000000000        0.0000000000000000        0.0000000000000000     
   24.000000000000000        0.0000000000000000        0.0000000000000000     
   32.000000000000000        0.0000000000000000        0.0000000000000000     
   40.000000000000000        0.0000000000000000       -1.1127333874109763E-010
   48.000000000000000        0.0000000000000000        7.0547579668454364E-004
   56.000000000000000        0.0000000000000000        1.5828675221574936E-002
   64.000000000000000        0.0000000000000000        5.5135287886993053E-002
   72.000000000000000        0.0000000000000000       0.15250436838355028     
   80.000000000000000        0.0000000000000000       0.30937750668191483     
   88.000000000000000        0.0000000000000000       0.64894038745931015     
   96.000000000000000        0.0000000000000000        1.0765973264373969     
   104.00000000000000        0.0000000000000000        1.6096647821397256     
   112.00000000000000        0.0000000000000000        2.1581988932554470     
   120.00000000000000        0.0000000000000000        2.7375437152309163     
   128.00000000000000        0.0000000000000000        3.1968507024849511     
   136.00000000000000        0.0000000000000000        3.4701200015921758     
   144.00000000000000        0.0000000000000000        3.6445171869077071     
   152.00000000000000        0.0000000000000000        3.8173195102229456     
   160.00000000000000        0.0000000000000000        3.7881550856291319     
   168.00000000000000        0.0000000000000000        3.7295760674349161     
   176.00000000000000        0.0000000000000000        3.6227345926925505     
   184.00000000000000        0.0000000000000000        3.4476262291992033     
   192.00000000000000        0.0000000000000000        3.2035588640571797     
   200.00000000000000        0.0000000000000000        2.8386781757211188     
   208.00000000000000        0.0000000000000000        2.5074032296421978     
   216.00000000000000        0.0000000000000000        2.1404582212078100     
   224.00000000000000        0.0000000000000000        1.7750735784823726     
   232.00000000000000        0.0000000000000000        1.4556289791800194     
   240.00000000000000        0.0000000000000000        1.1472935956056931     
   248.00000000000000        0.0000000000000000       0.91105176111555242     
   256.00000000000000        0.0000000000000000       0.68500065363630958     
   264.00000000000000        0.0000000000000000       0.52865860206673010     
   272.00000000000000        0.0000000000000000       0.38342322029065529     
   280.00000000000000        0.0000000000000000       0.28862942306090145     
   288.00000000000000        0.0000000000000000       0.20319628745922300     
   296.00000000000000        0.0000000000000000       0.14452493790934229     
   304.00000000000000        0.0000000000000000       0.10446757917989913     
   312.00000000000000        0.0000000000000000        7.2299792204783844E-002
   320.00000000000000        0.0000000000000000        4.8808386930061357E-002
   328.00000000000000        0.0000000000000000        3.3459120710450360E-002
   336.00000000000000        0.0000000000000000        2.2946421783281688E-002
   344.00000000000000        0.0000000000000000        1.5542005188271854E-002
   352.00000000000000        0.0000000000000000        1.1572892228576321E-002
   360.00000000000000        0.0000000000000000        7.1349700769268217E-003
   368.00000000000000        0.0000000000000000        4.3639729822525872E-003
   376.00000000000000        0.0000000000000000        3.0080968514089781E-003
   384.00000000000000        0.0000000000000000        1.8355221919338167E-003
   392.00000000000000        0.0000000000000000        1.1136039379788568E-003
   400.00000000000000        0.0000000000000000        8.9636912018141598E-004
