   8.0000000000000000        0.0000000000000000        0.0000000000000000     
   16.000000000000000        0.0000000000000000        0.0000000000000000     
   24.000000000000000        0.0000000000000000        0.0000000000000000     
   32.000000000000000        0.0000000000000000        0.0000000000000000     
   40.000000000000000        0.0000000000000000       -1.0123530000131418E-010
   48.000000000000000        0.0000000000000000        6.4227390602947026E-004
   56.000000000000000        0.0000000000000000        1.4418762232774865E-002
   64.000000000000000        0.0000000000000000        5.0263906190381555E-002
   72.000000000000000        0.0000000000000000       0.13918285636080760     
   80.000000000000000        0.0000000000000000       0.28263361713278773     
   88.000000000000000        0.0000000000000000       0.59347006251357493     
   96.000000000000000        0.0000000000000000       0.98560214860250128     
   104.00000000000000        0.0000000000000000        1.4752753308096951     
   112.00000000000000        0.0000000000000000        1.9801295387357376     
   120.00000000000000        0.0000000000000000        2.5143291884065726     
   128.00000000000000        0.0000000000000000        2.9392297441795567     
   136.00000000000000        0.0000000000000000        3.1936845947400476     
   144.00000000000000        0.0000000000000000        3.3574815849443080     
   152.00000000000000        0.0000000000000000        3.5200602289850247     
   160.00000000000000        0.0000000000000000        3.4966404446123818     
   168.00000000000000        0.0000000000000000        3.4461352547074142     
   176.00000000000000        0.0000000000000000        3.3506844422952691     
   184.00000000000000        0.0000000000000000        3.1921512003485608     
   192.00000000000000        0.0000000000000000        2.9692262511779388     
   200.00000000000000        0.0000000000000000        2.6337691589827874     
   208.00000000000000        0.0000000000000000        2.3288440847412177     
   216.00000000000000        0.0000000000000000        1.9901296125727153     
   224.00000000000000        0.0000000000000000        1.6520869834674974     
   232.00000000000000        0.0000000000000000        1.3562086339234494     
   240.00000000000000        0.0000000000000000        1.0700595418442622     
   248.00000000000000        0.0000000000000000       0.85053410181183342     
   256.00000000000000        0.0000000000000000       0.64012569356328308     
   264.00000000000000        0.0000000000000000       0.49449665743987498     
   272.00000000000000        0.0000000000000000       0.35896626882321936     
   280.00000000000000        0.0000000000000000       0.27045363100101005     
   288.00000000000000        0.0000000000000000       0.19055289629277847     
   296.00000000000000        0.0000000000000000       0.13563487029478655     
   304.00000000000000        0.0000000000000000        9.8120884146290652E-002
   312.00000000000000        0.0000000000000000        6.7945771992846640E-002
   320.00000000000000        0.0000000000000000        4.5904299436183661E-002
   328.00000000000000        0.0000000000000000        3.1481925690684497E-002
   336.00000000000000        0.0000000000000000        2.1601276131536385E-002
   344.00000000000000        0.0000000000000000        1.4640017068575423E-002
   352.00000000000000        0.0000000000000000        1.0906766157095273E-002
   360.00000000000000        0.0000000000000000        6.7248866572029954E-003
   368.00000000000000        0.0000000000000000        4.1138994147285283E-003
   376.00000000000000        0.0000000000000000        2.8367672270048229E-003
   384.00000000000000        0.0000000000000000        1.7289507249860930E-003
   392.00000000000000        0.0000000000000000        1.0501258969725618E-003
   400.00000000000000        0.0000000000000000        8.4427662113818118E-004
