   1.6000000000000001        0.0000000000000000        0.0000000000000000     
   3.2000000000000002        0.0000000000000000        0.0000000000000000     
   4.8000000000000007        0.0000000000000000        0.0000000000000000     
   6.4000000000000004        0.0000000000000000        0.0000000000000000     
   8.0000000000000000        0.0000000000000000        0.0000000000000000     
   9.6000000000000014        0.0000000000000000        0.0000000000000000     
   11.200000000000001        0.0000000000000000        0.0000000000000000     
   12.800000000000001        0.0000000000000000        0.0000000000000000     
   14.400000000000000        0.0000000000000000        0.0000000000000000     
   16.000000000000000        0.0000000000000000        0.0000000000000000     
   17.600000000000001        0.0000000000000000        0.0000000000000000     
   19.200000000000003        0.0000000000000000        0.0000000000000000     
   20.800000000000001        0.0000000000000000        0.0000000000000000     
   22.400000000000002        0.0000000000000000        0.0000000000000000     
   24.000000000000000        0.0000000000000000        0.0000000000000000     
   25.600000000000001        0.0000000000000000        0.0000000000000000     
   27.200000000000003        0.0000000000000000        0.0000000000000000     
   28.800000000000001        0.0000000000000000        0.0000000000000000     
   30.400000000000002        0.0000000000000000        0.0000000000000000     
   32.000000000000000        0.0000000000000000        0.0000000000000000     
   33.600000000000001        0.0000000000000000        0.0000000000000000     
   35.200000000000003        0.0000000000000000        6.3603346385069691E-006
   36.800000000000004        0.0000000000000000        1.3575307294397850E-007
   38.400000000000006        0.0000000000000000        0.0000000000000000     
   40.000000000000000        0.0000000000000000        4.5702655203155064E-003
   41.600000000000001        0.0000000000000000        4.5987523519634864E-003
   43.200000000000003        0.0000000000000000        4.6586861802897497E-003
   44.800000000000004        0.0000000000000000        4.2389247167188865E-002
   46.400000000000006        0.0000000000000000       0.11576866396152824     
   48.000000000000000        0.0000000000000000       0.27513845723832253     
   49.600000000000001        0.0000000000000000       0.24541940500298928     
   51.200000000000003        0.0000000000000000       0.45001666622408493     
   52.800000000000004        0.0000000000000000       0.63596163090593016     
   54.400000000000006        0.0000000000000000       0.64361575277408811     
   56.000000000000000        0.0000000000000000       0.93146903263813507     
   57.600000000000001        0.0000000000000000        1.1155799079327708     
   59.200000000000003        0.0000000000000000        1.2506020330814942     
   60.800000000000004        0.0000000000000000        1.5193691507889033     
   62.400000000000006        0.0000000000000000        1.7280886185930533     
   64.000000000000000        0.0000000000000000        1.8972462919779354     
   65.600000000000009        0.0000000000000000        2.0128555111607187     
   67.200000000000003        0.0000000000000000        2.6889332469961826     
   68.799999999999997        0.0000000000000000        2.7379540095466157     
   70.400000000000006        0.0000000000000000        3.0004170696159256     
   72.000000000000000        0.0000000000000000        3.5301182539095048     
   73.600000000000009        0.0000000000000000        3.8209184359558384     
   75.200000000000003        0.0000000000000000        4.2436462013775875     
   76.800000000000011        0.0000000000000000        4.3061202787113695     
   78.400000000000006        0.0000000000000000        5.1192441337487491     
   80.000000000000000        0.0000000000000000        5.5754615501460272     
   81.600000000000009        0.0000000000000000        5.5829103243338727     
   83.200000000000003        0.0000000000000000        5.8050275639369353     
   84.800000000000011        0.0000000000000000        6.2749283497219208     
   86.400000000000006        0.0000000000000000        6.9934080938040344     
   88.000000000000000        0.0000000000000000        7.1390419197071857     
   89.600000000000009        0.0000000000000000        7.4702515323686347     
   91.200000000000003        0.0000000000000000        7.9311340468670233     
   92.800000000000011        0.0000000000000000        8.1746120002383549     
   94.400000000000006        0.0000000000000000        8.2866948893729422     
   96.000000000000000        0.0000000000000000        8.7455603800186843     
   97.600000000000009        0.0000000000000000        9.2547786752488346     
   99.200000000000003        0.0000000000000000        9.0757453947990392     
   100.80000000000001        0.0000000000000000        9.4348882345196490     
   102.40000000000001        0.0000000000000000        9.7021176482220781     
   104.00000000000000        0.0000000000000000        10.230549296429643     
   105.60000000000001        0.0000000000000000        10.227101684854166     
   107.20000000000000        0.0000000000000000        10.450337917128998     
   108.80000000000001        0.0000000000000000        10.896480208899932     
   110.40000000000001        0.0000000000000000        10.611795452036496     
   112.00000000000000        0.0000000000000000        10.864380142431017     
   113.60000000000001        0.0000000000000000        11.633113498240949     
   115.20000000000000        0.0000000000000000        11.462718987780113     
   116.80000000000001        0.0000000000000000        11.341140695916430     
   118.40000000000001        0.0000000000000000        11.746427107390016     
   120.00000000000000        0.0000000000000000        11.671518838734416     
   121.60000000000001        0.0000000000000000        11.923908678059904     
   123.20000000000000        0.0000000000000000        11.635725971927860     
   124.80000000000001        0.0000000000000000        12.131385731221352     
   126.40000000000001        0.0000000000000000        11.736837236838658     
   128.00000000000000        0.0000000000000000        11.798527895239740     
   129.59999999999999        0.0000000000000000        11.792177307453432     
   131.20000000000002        0.0000000000000000        12.191768259621563     
   132.80000000000001        0.0000000000000000        12.091366689352414     
   134.40000000000001        0.0000000000000000        12.201716307846057     
   136.00000000000000        0.0000000000000000        11.783530303017166     
   137.59999999999999        0.0000000000000000        12.092507192186135     
   139.20000000000002        0.0000000000000000        12.505186396147801     
   140.80000000000001        0.0000000000000000        11.857091079654927     
   142.40000000000001        0.0000000000000000        12.006621207639126     
   144.00000000000000        0.0000000000000000        12.107909252501802     
   145.59999999999999        0.0000000000000000        11.726116800682560     
   147.20000000000002        0.0000000000000000        11.778274173822462     
   148.80000000000001        0.0000000000000000        11.684698673099223     
   150.40000000000001        0.0000000000000000        11.274991533213134     
   152.00000000000000        0.0000000000000000        11.654988154184954     
   153.60000000000002        0.0000000000000000        11.516632837920467     
   155.20000000000002        0.0000000000000000        11.712693955616292     
   156.80000000000001        0.0000000000000000        11.626608047967004     
   158.40000000000001        0.0000000000000000        11.166010338023733     
   160.00000000000000        0.0000000000000000        10.733786879600599     
   161.60000000000002        0.0000000000000000        11.012768385330036     
   163.20000000000002        0.0000000000000000        10.434693791984241     
   164.80000000000001        0.0000000000000000        10.506363917592552     
   166.40000000000001        0.0000000000000000        10.588133796739797     
   168.00000000000000        0.0000000000000000        10.147645655321410     
   169.60000000000002        0.0000000000000000        9.9030581524676968     
   171.20000000000002        0.0000000000000000        10.071678371799324     
   172.80000000000001        0.0000000000000000        9.7026320268834390     
   174.40000000000001        0.0000000000000000        9.7654566434969681     
   176.00000000000000        0.0000000000000000        9.5032966677078310     
   177.60000000000002        0.0000000000000000        9.2287375428049554     
   179.20000000000002        0.0000000000000000        8.8467723058574084     
   180.80000000000001        0.0000000000000000        9.0424744557994376     
   182.40000000000001        0.0000000000000000        8.1849853317837500     
   184.00000000000000        0.0000000000000000        8.5749365044691732     
   185.60000000000002        0.0000000000000000        8.0835393025406965     
   187.20000000000002        0.0000000000000000        8.1431826260601348     
   188.80000000000001        0.0000000000000000        7.7881338285770099     
   190.40000000000001        0.0000000000000000        7.6385970154131870     
   192.00000000000000        0.0000000000000000        7.2583243503417219     
   193.60000000000002        0.0000000000000000        7.0077625981032687     
   195.20000000000002        0.0000000000000000        6.9094474825980994     
   196.80000000000001        0.0000000000000000        6.7193409608780152     
   198.40000000000001        0.0000000000000000        6.5737922513263829     
   200.00000000000000        0.0000000000000000        6.1292193892050282     
   201.60000000000002        0.0000000000000000        5.9773336115735294     
   203.20000000000002        0.0000000000000000        5.9094440717618015     
   204.80000000000001        0.0000000000000000        5.6837743496181838     
   206.40000000000001        0.0000000000000000        5.5238611574652623     
   208.00000000000000        0.0000000000000000        5.2680092794630227     
   209.60000000000002        0.0000000000000000        5.1171202340360749     
   211.20000000000002        0.0000000000000000        4.9097007841192166     
   212.80000000000001        0.0000000000000000        4.8198758765514143     
   214.40000000000001        0.0000000000000000        4.7557158065182641     
   216.00000000000000        0.0000000000000000        4.2803495137013510     
   217.60000000000002        0.0000000000000000        4.2396800340108811     
   219.20000000000002        0.0000000000000000        4.1012472120417911     
   220.80000000000001        0.0000000000000000        3.9577672551915075     
   222.40000000000001        0.0000000000000000        3.6744511241504201     
   224.00000000000000        0.0000000000000000        3.6661076609254324     
   225.60000000000002        0.0000000000000000        3.4342095787118532     
   227.20000000000002        0.0000000000000000        3.3320126046454077     
   228.80000000000001        0.0000000000000000        3.2535533335805784     
   230.40000000000001        0.0000000000000000        3.1002846511414055     
   232.00000000000000        0.0000000000000000        2.9194274857100844     
   233.60000000000002        0.0000000000000000        2.7926614783997588     
   235.20000000000002        0.0000000000000000        2.7519722142900953     
   236.80000000000001        0.0000000000000000        2.5833518133493993     
   238.40000000000001        0.0000000000000000        2.3798659090280689     
   240.00000000000000        0.0000000000000000        2.1846676352370977     
   241.60000000000002        0.0000000000000000        2.2478668065844172     
   243.20000000000002        0.0000000000000000        2.1796074817669435     
   244.80000000000001        0.0000000000000000        1.9972473746800548     
   246.40000000000001        0.0000000000000000        1.8822107726434936     
   248.00000000000000        0.0000000000000000        1.8689160231057875     
   249.60000000000002        0.0000000000000000        1.8149515694515754     
   251.20000000000002        0.0000000000000000        1.6637857947860049     
   252.80000000000001        0.0000000000000000        1.5460135498965113     
   254.40000000000001        0.0000000000000000        1.6292651180089863     
   256.00000000000000        0.0000000000000000        1.4378637766981051     
   257.60000000000002        0.0000000000000000        1.3502486203372825     
   259.19999999999999        0.0000000000000000        1.1831317657220599     
   260.80000000000001        0.0000000000000000        1.1853210421943816     
   262.40000000000003        0.0000000000000000        1.1987381513371200     
   264.00000000000000        0.0000000000000000        1.1666030166154455     
   265.60000000000002        0.0000000000000000        1.0821645730036791     
   267.19999999999999        0.0000000000000000       0.98321917812802528     
   268.80000000000001        0.0000000000000000       0.99062769326369071     
   270.40000000000003        0.0000000000000000       0.90693700716555592     
   272.00000000000000        0.0000000000000000       0.88842573516597523     
   273.60000000000002        0.0000000000000000       0.86094204527006701     
   275.19999999999999        0.0000000000000000       0.79153383945970268     
   276.80000000000001        0.0000000000000000       0.73140863677941392     
   278.40000000000003        0.0000000000000000       0.70912349800413099     
   280.00000000000000        0.0000000000000000       0.67785013971572494     
   281.60000000000002        0.0000000000000000       0.66136289452461205     
   283.19999999999999        0.0000000000000000       0.61856152195561243     
   284.80000000000001        0.0000000000000000       0.62378466579859182     
   286.40000000000003        0.0000000000000000       0.54551213156879463     
   288.00000000000000        0.0000000000000000       0.50653749469973697     
   289.60000000000002        0.0000000000000000       0.49428273641699971     
   291.19999999999999        0.0000000000000000       0.43186517162695520     
   292.80000000000001        0.0000000000000000       0.43049711038020300     
   294.40000000000003        0.0000000000000000       0.41480635031202567     
   296.00000000000000        0.0000000000000000       0.40225055662686915     
   297.60000000000002        0.0000000000000000       0.37154424811915326     
   299.19999999999999        0.0000000000000000       0.35766785041198906     
   300.80000000000001        0.0000000000000000       0.34466658968296593     
   302.40000000000003        0.0000000000000000       0.28033440889015970     
   304.00000000000000        0.0000000000000000       0.30738028963695557     
   305.60000000000002        0.0000000000000000       0.27770373228615963     
   307.20000000000005        0.0000000000000000       0.27193016189598090     
   308.80000000000001        0.0000000000000000       0.26414805126650859     
   310.40000000000003        0.0000000000000000       0.19185040974101408     
   312.00000000000000        0.0000000000000000       0.22974077728588566     
   313.60000000000002        0.0000000000000000       0.18432900179517930     
   315.20000000000005        0.0000000000000000       0.22463524287357325     
   316.80000000000001        0.0000000000000000       0.17542519563140330     
   318.40000000000003        0.0000000000000000       0.19355628597043958     
   320.00000000000000        0.0000000000000000       0.18054743120151800     
   321.60000000000002        0.0000000000000000       0.16713696483579282     
   323.20000000000005        0.0000000000000000       0.14561489698987737     
   324.80000000000001        0.0000000000000000       0.13295958306229549     
   326.40000000000003        0.0000000000000000       0.13298458655864465     
   328.00000000000000        0.0000000000000000       0.12727164498766688     
   329.60000000000002        0.0000000000000000       0.10067748456540751     
   331.20000000000005        0.0000000000000000       0.13600844792028990     
   332.80000000000001        0.0000000000000000       0.12038556370424866     
   334.40000000000003        0.0000000000000000       0.10067151762217968     
   336.00000000000000        0.0000000000000000        9.9987938578410082E-002
   337.60000000000002        0.0000000000000000        8.5725560452678512E-002
   339.20000000000005        0.0000000000000000       0.10062372456160867     
   340.80000000000001        0.0000000000000000        6.7631799212228921E-002
   342.40000000000003        0.0000000000000000        8.4476513454016425E-002
   344.00000000000000        0.0000000000000000        5.9294070466977551E-002
   345.60000000000002        0.0000000000000000        5.6337207541660404E-002
   347.20000000000005        0.0000000000000000        4.7669441890192024E-002
   348.80000000000001        0.0000000000000000        5.1869232733333388E-002
   350.40000000000003        0.0000000000000000        5.9163037079965765E-002
   352.00000000000000        0.0000000000000000        4.4874969929460259E-002
   353.60000000000002        0.0000000000000000        5.1899402198472236E-002
   355.20000000000005        0.0000000000000000        4.7224014411355771E-002
   356.80000000000001        0.0000000000000000        4.0500623607442221E-002
   358.40000000000003        0.0000000000000000        4.9988757598255794E-002
   360.00000000000000        0.0000000000000000        4.0185663046773935E-002
   361.60000000000002        0.0000000000000000        4.4584433765921784E-002
   363.20000000000005        0.0000000000000000        3.3735014096751094E-002
   364.80000000000001        0.0000000000000000        3.8703052272127038E-002
   366.40000000000003        0.0000000000000000        2.3093897427004264E-002
   368.00000000000000        0.0000000000000000        3.6390166460074772E-002
   369.60000000000002        0.0000000000000000        3.2253441529267297E-002
   371.20000000000005        0.0000000000000000        2.3392224406821420E-002
   372.80000000000001        0.0000000000000000        2.3784445659918531E-002
   374.40000000000003        0.0000000000000000        1.9946562588092701E-002
   376.00000000000000        0.0000000000000000        2.0851363266028228E-002
   377.60000000000002        0.0000000000000000        2.0474437858697524E-002
   379.20000000000005        0.0000000000000000        2.0648310555263175E-002
   380.80000000000001        0.0000000000000000        1.6526232264333841E-002
   382.40000000000003        0.0000000000000000        2.0326614135474839E-002
   384.00000000000000        0.0000000000000000        1.4890071429257379E-002
   385.60000000000002        0.0000000000000000        1.3665029756150760E-002
   387.20000000000005        0.0000000000000000        1.5279694616412728E-002
   388.80000000000001        0.0000000000000000        1.7693705928540783E-002
   390.40000000000003        0.0000000000000000        1.6910165330406342E-002
   392.00000000000000        0.0000000000000000        1.0118384854968972E-002
   393.60000000000002        0.0000000000000000        1.0139123636973850E-002
   395.20000000000005        0.0000000000000000        1.0294681434637031E-002
   396.80000000000001        0.0000000000000000        9.6468521295570153E-003
   398.40000000000003        0.0000000000000000        9.7339516721739322E-003
   400.00000000000000        0.0000000000000000        6.5525679005924136E-003
