   3.3333333333333335        3.7683469663081217E-018   0.0000000000000000     
   10.000000000000000        7.6649833613889299E-018   0.0000000000000000     
   16.666666666666668        9.9103820548189785E-018   0.0000000000000000     
   23.333333333333336        1.3222238378941439E-017   0.0000000000000000     
   30.000000000000000        1.7762307022752247E-017   0.0000000000000000     
   36.666666666666671        2.5097653836989859E-017   0.0000000000000000     
   43.333333333333336        2.9459627730331843E-017   0.0000000000000000     
   50.000000000000000        3.3378217062246872E-017   0.0000000000000000     
   56.666666666666671        4.4615752223144525E-017   0.0000000000000000     
   63.333333333333336        4.9396205780293658E-017   0.0000000000000000     
   70.000000000000000        6.0034855126612902E-017   0.0000000000000000     
   76.666666666666671        6.2991527303158087E-017   0.0000000000000000     
   83.333333333333343        7.7153564841926849E-017   0.0000000000000000     
   90.000000000000000        7.8308995523801305E-017   0.0000000000000000     
   96.666666666666671        1.0372062228090440E-016   0.0000000000000000     
   103.33333333333334        1.1918952651442717E-016   0.0000000000000000     
   110.00000000000000        1.2141883416004506E-016   0.0000000000000000     
   116.66666666666667        1.1723652437123183E-016   0.0000000000000000     
   123.33333333333334        1.5060889674408133E-016   0.0000000000000000     
   130.00000000000000        1.6545907789992467E-016   0.0000000000000000     
   136.66666666666669        1.9081075707316142E-016   0.0000000000000000     
   143.33333333333334        2.1096811429985156E-016   0.0000000000000000     
   150.00000000000000        2.4494678549435172E-016   0.0000000000000000     
   156.66666666666669        2.4428587536884570E-016   0.0000000000000000     
   163.33333333333334        2.5379439401043023E-016   0.0000000000000000     
   170.00000000000000        2.5933081648277463E-016   0.0000000000000000     
   176.66666666666669        2.9622946011184813E-016   0.0000000000000000     
   183.33333333333334        3.2204862641977946E-016   0.0000000000000000     
   190.00000000000000        3.4716024480139954E-016   0.0000000000000000     
   196.66666666666669        3.5905369269765562E-016   0.0000000000000000     
   203.33333333333334        3.7783994153908252E-016   0.0000000000000000     
   210.00000000000000        4.1668669715939503E-016   0.0000000000000000     
   216.66666666666669        4.1982361937445561E-016   0.0000000000000000     
   223.33333333333334        4.5884271389330652E-016   0.0000000000000000     
   230.00000000000000        4.8814921562187374E-016   0.0000000000000000     
   236.66666666666669        5.0746355125599861E-016   0.0000000000000000     
   243.33333333333334        5.6399078248087276E-016   0.0000000000000000     
   250.00000000000000        5.3948526302896544E-016   0.0000000000000000     
   256.66666666666669        5.5063013610203219E-016   0.0000000000000000     
   263.33333333333337        5.8963773031014615E-016   0.0000000000000000     
   270.00000000000000        6.3014453480053592E-016   0.0000000000000000     
   276.66666666666669        6.2137104545802012E-016   0.0000000000000000     
   283.33333333333337        6.6247695037270357E-016   0.0000000000000000     
   290.00000000000000        7.1323681715419287E-016   0.0000000000000000     
   296.66666666666669        7.2082973541943071E-016   0.0000000000000000     
   303.33333333333337        7.0223255403805533E-016   0.0000000000000000     
   310.00000000000000        7.1558739808026353E-016   0.0000000000000000     
   316.66666666666669        7.5471834586844589E-016   0.0000000000000000     
   323.33333333333337        7.7978637920768345E-016   0.0000000000000000     
   330.00000000000000        7.8712475220913347E-016   0.0000000000000000     
   336.66666666666669        7.7099971371700348E-016   0.0000000000000000     
   343.33333333333337        8.3646723545773878E-016   0.0000000000000000     
   350.00000000000000        8.0320331755892812E-016   0.0000000000000000     
   356.66666666666669        8.6057135767170805E-016   0.0000000000000000     
   363.33333333333337        7.9134321897163892E-016   0.0000000000000000     
   370.00000000000000        8.5161133396306926E-016   0.0000000000000000     
   376.66666666666669        8.8153514184135618E-016   0.0000000000000000     
   383.33333333333337        8.8250229129206150E-016   0.0000000000000000     
   390.00000000000000        9.0550874556855358E-016   0.0000000000000000     
   396.66666666666669        9.0988196608286063E-016   0.0000000000000000     
   403.33333333333337        9.2007519223701984E-016   0.0000000000000000     
   410.00000000000000        8.9974904987437494E-016   0.0000000000000000     
   416.66666666666669        9.2030547327535914E-016   0.0000000000000000     
   423.33333333333337        8.6896104156848596E-016   0.0000000000000000     
   430.00000000000000        8.9093658152928266E-016   0.0000000000000000     
   436.66666666666669        8.9161540088861880E-016   0.0000000000000000     
   443.33333333333337        9.2112208184104662E-016   0.0000000000000000     
   450.00000000000000        8.6421812242107024E-016   0.0000000000000000     
   456.66666666666669        8.7128468716765702E-016   0.0000000000000000     
   463.33333333333337        9.3997048385633991E-016   0.0000000000000000     
   470.00000000000000        8.9774004350850824E-016   0.0000000000000000     
   476.66666666666669        8.6508453296474411E-016   0.0000000000000000     
   483.33333333333337        8.5085281296750303E-016   0.0000000000000000     
   490.00000000000000        8.3221202637275977E-016   0.0000000000000000     
   496.66666666666669        8.7172628372032191E-016   0.0000000000000000     
   503.33333333333337        8.0933254229123961E-016   0.0000000000000000     
   510.00000000000000        8.1295850194666602E-016   0.0000000000000000     
   516.66666666666674        7.7848771589658960E-016   0.0000000000000000     
   523.33333333333337        7.8476106463294052E-016   0.0000000000000000     
   530.00000000000000        7.8578606158166790E-016   0.0000000000000000     
   536.66666666666674        7.6855194935729271E-016   0.0000000000000000     
   543.33333333333337        7.3409246847638627E-016   0.0000000000000000     
   550.00000000000000        7.5373343079873251E-016   0.0000000000000000     
   556.66666666666674        6.9896132560526722E-016   0.0000000000000000     
   563.33333333333337        7.1186901125994837E-016   0.0000000000000000     
   570.00000000000000        6.9851402481248752E-016   0.0000000000000000     
   576.66666666666674        6.5685657899986283E-016   0.0000000000000000     
   583.33333333333337        6.4718036534057830E-016   0.0000000000000000     
   590.00000000000000        5.9997617013397455E-016   0.0000000000000000     
   596.66666666666674        5.9333548384823933E-016   0.0000000000000000     
   603.33333333333337        5.9329020493241216E-016   0.0000000000000000     
   610.00000000000000        5.6365995594729956E-016   0.0000000000000000     
   616.66666666666674        5.5379903545672860E-016   0.0000000000000000     
   623.33333333333337        5.3276274370062845E-016   0.0000000000000000     
   630.00000000000000        5.3723498946856693E-016   0.0000000000000000     
   636.66666666666674        5.0446715639354696E-016   0.0000000000000000     
   643.33333333333337        4.8811595367400841E-016   0.0000000000000000     
   650.00000000000000        4.7077545073815407E-016   0.0000000000000000     
   656.66666666666674        4.4033434467142972E-016   0.0000000000000000     
   663.33333333333337        4.0966018573983862E-016   0.0000000000000000     
   670.00000000000000        4.0142732619262140E-016   0.0000000000000000     
   676.66666666666674        3.8170174379126803E-016   0.0000000000000000     
   683.33333333333337        3.9283192784025421E-016   0.0000000000000000     
   690.00000000000000        3.4613296811790797E-016   0.0000000000000000     
   696.66666666666674        3.3308515341160563E-016   0.0000000000000000     
   703.33333333333337        3.3405305537621932E-016   0.0000000000000000     
   710.00000000000000        3.0226136379287287E-016   0.0000000000000000     
   716.66666666666674        2.9415772756871871E-016   0.0000000000000000     
   723.33333333333337        2.7614254500390971E-016   0.0000000000000000     
   730.00000000000000        2.5359407697507914E-016   0.0000000000000000     
   736.66666666666674        2.4639666242611788E-016   0.0000000000000000     
   743.33333333333337        2.3334818143018088E-016   0.0000000000000000     
   750.00000000000000        2.2378774392094108E-016   0.0000000000000000     
   756.66666666666674        2.0148770743412875E-016   0.0000000000000000     
   763.33333333333337        1.7952198856783078E-016   0.0000000000000000     
   770.00000000000000        1.8079090168320187E-016   0.0000000000000000     
   776.66666666666674        1.6294083417623416E-016   0.0000000000000000     
   783.33333333333337        1.5760036203615092E-016   0.0000000000000000     
   790.00000000000000        1.4639053861523374E-016   0.0000000000000000     
   796.66666666666674        1.3699307949975290E-016   0.0000000000000000     
   803.33333333333337        1.2488000433970081E-016   0.0000000000000000     
   810.00000000000000        1.1702955023772181E-016   0.0000000000000000     
   816.66666666666674        1.1180898570480928E-016   0.0000000000000000     
   823.33333333333337        1.0823820777543970E-016   0.0000000000000000     
   830.00000000000000        9.4886968922803608E-017   0.0000000000000000     
   836.66666666666674        8.7156740393118259E-017   0.0000000000000000     
   843.33333333333337        8.3134106635370195E-017   0.0000000000000000     
   850.00000000000000        7.3226461326721461E-017   0.0000000000000000     
   856.66666666666674        6.8436094598891602E-017   0.0000000000000000     
   863.33333333333337        6.7710110539977791E-017   0.0000000000000000     
   870.00000000000000        5.9557234774576099E-017   0.0000000000000000     
   876.66666666666674        5.5415109117050867E-017   0.0000000000000000     
   883.33333333333337        5.1524651179170803E-017   0.0000000000000000     
   890.00000000000000        4.6268145039822955E-017   0.0000000000000000     
   896.66666666666674        4.2161586070425985E-017   0.0000000000000000     
   903.33333333333337        3.8391467002204000E-017   0.0000000000000000     
   910.00000000000000        3.7872351576632820E-017   0.0000000000000000     
   916.66666666666674        3.3810622590295071E-017   0.0000000000000000     
   923.33333333333337        2.9946436970654129E-017   0.0000000000000000     
   930.00000000000000        2.8234533185827150E-017   0.0000000000000000     
   936.66666666666674        2.5446459614574816E-017   0.0000000000000000     
   943.33333333333337        2.3948380594964542E-017   0.0000000000000000     
   950.00000000000000        2.1945725474978267E-017   0.0000000000000000     
   956.66666666666674        2.0516364006803557E-017   0.0000000000000000     
   963.33333333333337        1.8121423369955065E-017   0.0000000000000000     
   970.00000000000000        1.6563391541363521E-017   0.0000000000000000     
   976.66666666666674        1.5530179167738437E-017   0.0000000000000000     
   983.33333333333337        1.4124436480868958E-017   0.0000000000000000     
   990.00000000000000        1.2847627157953014E-017   0.0000000000000000     
   996.66666666666674        1.1954549470218825E-017   0.0000000000000000     
   1003.3333333333334        1.0923262654062574E-017   0.0000000000000000     
   1010.0000000000000        1.0017570875466365E-017   0.0000000000000000     
   1016.6666666666667        9.0371654496705208E-018   0.0000000000000000     
   1023.3333333333334        8.0455940891302086E-018   0.0000000000000000     
   1030.0000000000000        7.4306611874255740E-018   0.0000000000000000     
   1036.6666666666667        6.9650452914318277E-018   0.0000000000000000     
   1043.3333333333335        6.3368197714651872E-018   0.0000000000000000     
   1050.0000000000000        5.8375524919826461E-018   0.0000000000000000     
   1056.6666666666667        5.5477225602880737E-018   0.0000000000000000     
   1063.3333333333335        4.9095293375954985E-018   0.0000000000000000     
   1070.0000000000000        4.6508802615862525E-018   0.0000000000000000     
   1076.6666666666667        4.2897962247427507E-018   0.0000000000000000     
   1083.3333333333335        4.0337542838718889E-018   0.0000000000000000     
   1090.0000000000000        3.7045200525524868E-018   0.0000000000000000     
   1096.6666666666667        3.3061959484439823E-018   0.0000000000000000     
   1103.3333333333335        3.0954978607712572E-018   0.0000000000000000     
   1110.0000000000000        2.8144946478995486E-018   0.0000000000000000     
   1116.6666666666667        2.5270868855956949E-018   0.0000000000000000     
   1123.3333333333335        2.4841583020405536E-018   0.0000000000000000     
   1130.0000000000000        2.2465372888021804E-018   0.0000000000000000     
   1136.6666666666667        2.1446334006754517E-018   0.0000000000000000     
   1143.3333333333335        1.8639240997771172E-018   0.0000000000000000     
   1150.0000000000000        1.7830207072371980E-018   0.0000000000000000     
   1156.6666666666667        1.7333338815970424E-018   0.0000000000000000     
   1163.3333333333335        1.5927797385566874E-018   0.0000000000000000     
   1170.0000000000000        1.4350318777414445E-018   0.0000000000000000     
   1176.6666666666667        1.3589169071719839E-018   0.0000000000000000     
   1183.3333333333335        1.2876805127572112E-018   0.0000000000000000     
   1190.0000000000000        1.1735904067048208E-018   0.0000000000000000     
   1196.6666666666667        1.1040153849153960E-018   0.0000000000000000     
   1203.3333333333335        1.0073736664088769E-018   0.0000000000000000     
   1210.0000000000000        9.5932271655321806E-019   0.0000000000000000     
   1216.6666666666667        8.8690369640820995E-019   0.0000000000000000     
   1223.3333333333335        8.3125113182787573E-019   0.0000000000000000     
   1230.0000000000000        7.9082423768109097E-019   0.0000000000000000     
   1236.6666666666667        7.1212480952433594E-019   0.0000000000000000     
   1243.3333333333335        6.6596922004493936E-019   0.0000000000000000     
   1250.0000000000000        6.3526013952575895E-019   0.0000000000000000     
   1256.6666666666667        6.0601303827536540E-019   0.0000000000000000     
   1263.3333333333335        5.4989587346607668E-019   0.0000000000000000     
   1270.0000000000000        5.1799080539630901E-019   0.0000000000000000     
   1276.6666666666667        4.7588406213484203E-019   0.0000000000000000     
   1283.3333333333335        4.4228665976546653E-019   0.0000000000000000     
   1290.0000000000000        4.1933250601159482E-019   0.0000000000000000     
   1296.6666666666667        3.8014832257736739E-019   0.0000000000000000     
   1303.3333333333335        3.6506914978108758E-019   0.0000000000000000     
   1310.0000000000000        3.5648330069708023E-019   0.0000000000000000     
   1316.6666666666667        3.3101157266572799E-019   0.0000000000000000     
   1323.3333333333335        3.0887617162925587E-019   0.0000000000000000     
   1330.0000000000000        2.7988123251275708E-019   0.0000000000000000     
   1336.6666666666667        2.5953745105019878E-019   0.0000000000000000     
   1343.3333333333335        2.4402288983909933E-019   0.0000000000000000     
   1350.0000000000000        2.1576026991760851E-019   0.0000000000000000     
   1356.6666666666667        2.0477412981163093E-019   0.0000000000000000     
   1363.3333333333335        1.9674262291787073E-019   0.0000000000000000     
   1370.0000000000000        1.7949955239480116E-019   0.0000000000000000     
   1376.6666666666667        1.7301922607101990E-019   0.0000000000000000     
   1383.3333333333335        1.5361374633769538E-019   0.0000000000000000     
   1390.0000000000000        1.4601529616842775E-019   0.0000000000000000     
   1396.6666666666667        1.3319027932749236E-019   0.0000000000000000     
   1403.3333333333335        1.2617310333574739E-019   0.0000000000000000     
   1410.0000000000000        1.1255631374297001E-019   0.0000000000000000     
   1416.6666666666667        1.0602567440216796E-019   0.0000000000000000     
   1423.3333333333335        9.9497379968938821E-020   0.0000000000000000     
   1430.0000000000000        9.1868252576355789E-020   0.0000000000000000     
   1436.6666666666667        8.6323300599815344E-020   0.0000000000000000     
   1443.3333333333335        8.0836070694513259E-020   0.0000000000000000     
   1450.0000000000000        7.3565764851764459E-020   0.0000000000000000     
   1456.6666666666667        6.4701138918355659E-020   0.0000000000000000     
   1463.3333333333335        6.2822093923142079E-020   0.0000000000000000     
   1470.0000000000000        5.8562282890589104E-020   0.0000000000000000     
   1476.6666666666667        5.2376760267092083E-020   0.0000000000000000     
   1483.3333333333335        4.8795858628615107E-020   0.0000000000000000     
   1490.0000000000000        4.6511639117424959E-020   0.0000000000000000     
   1496.6666666666667        4.3682721356711981E-020   0.0000000000000000     
   1503.3333333333335        3.9411207488986042E-020   0.0000000000000000     
   1510.0000000000000        3.5497669645222183E-020   0.0000000000000000     
   1516.6666666666667        3.3980268886946995E-020   0.0000000000000000     
   1523.3333333333335        3.0926812966121146E-020   0.0000000000000000     
   1530.0000000000000        2.8593907085346132E-020   0.0000000000000000     
   1536.6666666666667        2.5186897409095863E-020   0.0000000000000000     
   1543.3333333333335        2.3666096167732689E-020   0.0000000000000000     
   1550.0000000000000        2.1209632029988937E-020   0.0000000000000000     
   1556.6666666666667        1.9594404107651354E-020   0.0000000000000000     
   1563.3333333333335        1.9220298743588980E-020   0.0000000000000000     
   1570.0000000000000        1.7672240443465807E-020   0.0000000000000000     
   1576.6666666666667        1.5353542069069354E-020   0.0000000000000000     
   1583.3333333333335        1.4254048109119384E-020   0.0000000000000000     
   1590.0000000000000        1.2629293999142906E-020   0.0000000000000000     
   1596.6666666666667        1.1470910597186589E-020   0.0000000000000000     
   1603.3333333333335        1.0770136901699733E-020   0.0000000000000000     
   1610.0000000000000        9.4926511095282578E-021   0.0000000000000000     
   1616.6666666666667        9.0886395028511152E-021   0.0000000000000000     
   1623.3333333333335        8.5436572497477724E-021   0.0000000000000000     
   1630.0000000000000        7.6026904336557474E-021   0.0000000000000000     
   1636.6666666666667        6.7164045532147722E-021   0.0000000000000000     
   1643.3333333333335        6.4531105925250461E-021   0.0000000000000000     
   1650.0000000000000        6.2334266013293472E-021   0.0000000000000000     
   1656.6666666666667        5.6757813372967556E-021   0.0000000000000000     
   1663.3333333333335        5.3311896702592377E-021   0.0000000000000000     
   1670.0000000000000        4.8069049154859389E-021   0.0000000000000000     
   1676.6666666666667        4.0745520681873935E-021   0.0000000000000000     
   1683.3333333333335        3.6447293598137241E-021   0.0000000000000000     
   1690.0000000000000        3.5518779084611581E-021   0.0000000000000000     
   1696.6666666666667        3.2495301345852866E-021   0.0000000000000000     
   1703.3333333333335        3.0090648978608585E-021   0.0000000000000000     
   1710.0000000000000        2.8215425829894622E-021   0.0000000000000000     
   1716.6666666666667        2.4556654898559744E-021   0.0000000000000000     
   1723.3333333333335        2.4686533811359911E-021   0.0000000000000000     
   1730.0000000000000        2.1478953610306010E-021   0.0000000000000000     
   1736.6666666666667        2.1848371460613618E-021   0.0000000000000000     
   1743.3333333333335        1.8557061701831918E-021   0.0000000000000000     
   1750.0000000000000        1.8923612674695022E-021   0.0000000000000000     
   1756.6666666666667        1.6255365248295373E-021   0.0000000000000000     
   1763.3333333333335        1.4995001325941426E-021   0.0000000000000000     
   1770.0000000000000        1.4308740673392750E-021   0.0000000000000000     
   1776.6666666666667        1.2488552313745812E-021   0.0000000000000000     
   1783.3333333333335        1.0562539322532889E-021   0.0000000000000000     
   1790.0000000000000        1.0108991612746075E-021   0.0000000000000000     
   1796.6666666666667        9.6721598805662178E-022   0.0000000000000000     
   1803.3333333333335        1.0127242824308565E-021   0.0000000000000000     
   1810.0000000000000        8.3909019864532620E-022   0.0000000000000000     
   1816.6666666666667        6.9719903462896477E-022   0.0000000000000000     
   1823.3333333333335        8.5778551960899927E-022   0.0000000000000000     
   1830.0000000000000        6.8992916031039310E-022   0.0000000000000000     
   1836.6666666666667        6.3328488215378649E-022   0.0000000000000000     
   1843.3333333333335        5.6076226363922385E-022   0.0000000000000000     
   1850.0000000000000        5.9259076286783413E-022   0.0000000000000000     
   1856.6666666666667        6.0387280215997484E-022   0.0000000000000000     
   1863.3333333333335        5.0350757040461532E-022   0.0000000000000000     
   1870.0000000000000        4.3118352217993683E-022   0.0000000000000000     
   1876.6666666666667        4.1499669313485509E-022   0.0000000000000000     
   1883.3333333333335        4.7980595511665321E-022   0.0000000000000000     
   1890.0000000000000        3.7280918912289410E-022   0.0000000000000000     
   1896.6666666666667        3.1719979554770952E-022   0.0000000000000000     
   1903.3333333333335        3.3988837908732140E-022   0.0000000000000000     
   1910.0000000000000        2.8539066745082934E-022   0.0000000000000000     
   1916.6666666666667        3.3716896329411873E-022   0.0000000000000000     
   1923.3333333333335        2.9939994292590521E-022   0.0000000000000000     
   1930.0000000000000        2.3884139105839743E-022   0.0000000000000000     
   1936.6666666666667        2.3760539686453315E-022   0.0000000000000000     
   1943.3333333333335        2.3417085640210383E-022   0.0000000000000000     
   1950.0000000000000        1.9122985852234556E-022   0.0000000000000000     
   1956.6666666666667        2.1708027317337436E-022   0.0000000000000000     
   1963.3333333333335        1.7716007413080882E-022   0.0000000000000000     
   1970.0000000000000        1.5918308907209713E-022   0.0000000000000000     
   1976.6666666666667        1.5796895331645715E-022   0.0000000000000000     
   1983.3333333333335        2.0883765479438262E-022   0.0000000000000000     
   1990.0000000000000        1.6566121363648480E-022   0.0000000000000000     
   1996.6666666666667        1.3001601393251010E-022   0.0000000000000000     
