   3.3333333333333335        3.8040184155293029E-018   0.0000000000000000     
   10.000000000000000        8.0401696375475593E-018   0.0000000000000000     
   16.666666666666668        1.1906359836886585E-017   0.0000000000000000     
   23.333333333333336        1.5526697894184861E-017   0.0000000000000000     
   30.000000000000000        1.9440072280751969E-017   0.0000000000000000     
   36.666666666666671        2.4798714996743552E-017   0.0000000000000000     
   43.333333333333336        3.0654772076741236E-017   0.0000000000000000     
   50.000000000000000        3.3379738312740388E-017   0.0000000000000000     
   56.666666666666671        3.8883428103599253E-017   0.0000000000000000     
   63.333333333333336        4.4344751043337491E-017   0.0000000000000000     
   70.000000000000000        5.8420589827497333E-017   0.0000000000000000     
   76.666666666666671        6.5324160165984689E-017   0.0000000000000000     
   83.333333333333343        7.2068212159336785E-017   0.0000000000000000     
   90.000000000000000        8.8333846533154197E-017   0.0000000000000000     
   96.666666666666671        1.0172059095218427E-016   0.0000000000000000     
   103.33333333333334        1.0985669241756950E-016   0.0000000000000000     
   110.00000000000000        1.2830910818761129E-016   0.0000000000000000     
   116.66666666666667        1.3561950263371923E-016   0.0000000000000000     
   123.33333333333334        1.4474881849618987E-016   0.0000000000000000     
   130.00000000000000        1.8262238299825839E-016   0.0000000000000000     
   136.66666666666669        1.9365500682668019E-016   0.0000000000000000     
   143.33333333333334        2.1030202045107729E-016   0.0000000000000000     
   150.00000000000000        2.2074143921782255E-016   0.0000000000000000     
   156.66666666666669        2.3503046715782070E-016   0.0000000000000000     
   163.33333333333334        2.5577648310231796E-016   0.0000000000000000     
   170.00000000000000        3.0006130373187982E-016   0.0000000000000000     
   176.66666666666669        3.2459253173318973E-016   0.0000000000000000     
   183.33333333333334        3.3885290240330463E-016   0.0000000000000000     
   190.00000000000000        3.4363792352057176E-016   0.0000000000000000     
   196.66666666666669        3.8063689089052504E-016   0.0000000000000000     
   203.33333333333334        4.1212623756258437E-016   0.0000000000000000     
   210.00000000000000        4.4323530086062820E-016   0.0000000000000000     
   216.66666666666669        4.4746462101434815E-016   0.0000000000000000     
   223.33333333333334        4.6365777156826350E-016   0.0000000000000000     
   230.00000000000000        4.9546557343505542E-016   0.0000000000000000     
   236.66666666666669        5.4513316096801552E-016   0.0000000000000000     
   243.33333333333334        5.4457662671693356E-016   0.0000000000000000     
   250.00000000000000        5.9191295456141498E-016   0.0000000000000000     
   256.66666666666669        6.4293292785264039E-016   0.0000000000000000     
   263.33333333333337        6.6077814434742527E-016   0.0000000000000000     
   270.00000000000000        6.6526021571772236E-016   0.0000000000000000     
   276.66666666666669        6.9346402129219735E-016   0.0000000000000000     
   283.33333333333337        7.2701806481937164E-016   0.0000000000000000     
   290.00000000000000        7.5552080596007582E-016   0.0000000000000000     
   296.66666666666669        7.7889198579307407E-016   0.0000000000000000     
   303.33333333333337        7.9421174140414049E-016   0.0000000000000000     
   310.00000000000000        8.3746624034305595E-016   0.0000000000000000     
   316.66666666666669        8.5233311398288103E-016   0.0000000000000000     
   323.33333333333337        8.8096185061856041E-016   0.0000000000000000     
   330.00000000000000        8.3819697168869654E-016   0.0000000000000000     
   336.66666666666669        8.8708560609701471E-016   0.0000000000000000     
   343.33333333333337        9.7713199326378381E-016   0.0000000000000000     
   350.00000000000000        9.5700477229939021E-016   0.0000000000000000     
   356.66666666666669        9.7097902375625156E-016   0.0000000000000000     
   363.33333333333337        9.4126761164395679E-016   0.0000000000000000     
   370.00000000000000        9.6866382309034914E-016   0.0000000000000000     
   376.66666666666669        1.0655527886684490E-015   0.0000000000000000     
   383.33333333333337        1.0480168588348787E-015   0.0000000000000000     
   390.00000000000000        1.1030497802802074E-015   0.0000000000000000     
   396.66666666666669        1.0371579503048816E-015   0.0000000000000000     
   403.33333333333337        1.1179335225244002E-015   0.0000000000000000     
   410.00000000000000        1.0567609260674490E-015   0.0000000000000000     
   416.66666666666669        1.0341204562839102E-015   0.0000000000000000     
   423.33333333333337        1.0806433726256876E-015   0.0000000000000000     
   430.00000000000000        1.0861524808384616E-015   0.0000000000000000     
   436.66666666666669        1.1206361838415997E-015   0.0000000000000000     
   443.33333333333337        1.0821942307519359E-015   0.0000000000000000     
   450.00000000000000        1.0402802703484150E-015   0.0000000000000000     
   456.66666666666669        1.0733012819330136E-015   0.0000000000000000     
   463.33333333333337        1.0677038709050941E-015   0.0000000000000000     
   470.00000000000000        1.0841432406887794E-015   0.0000000000000000     
   476.66666666666669        1.1170396811095050E-015   0.0000000000000000     
   483.33333333333337        1.0773903388133458E-015   0.0000000000000000     
   490.00000000000000        1.0464592402387900E-015   0.0000000000000000     
   496.66666666666669        1.0538676781194940E-015   0.0000000000000000     
   503.33333333333337        1.0744499393048206E-015   0.0000000000000000     
   510.00000000000000        1.0502552061723651E-015   0.0000000000000000     
   516.66666666666674        1.0068828843509873E-015   0.0000000000000000     
   523.33333333333337        1.0537960812556550E-015   0.0000000000000000     
   530.00000000000000        1.0188985183324482E-015   0.0000000000000000     
   536.66666666666674        1.0376541318388731E-015   0.0000000000000000     
   543.33333333333337        9.6893617680773494E-016   0.0000000000000000     
   550.00000000000000        9.7225029086695786E-016   0.0000000000000000     
   556.66666666666674        9.7414819397046670E-016   0.0000000000000000     
   563.33333333333337        9.2830757017187518E-016   0.0000000000000000     
   570.00000000000000        9.4259591320752887E-016   0.0000000000000000     
   576.66666666666674        9.1956374307265663E-016   0.0000000000000000     
   583.33333333333337        9.2479550067101473E-016   0.0000000000000000     
   590.00000000000000        8.2754419080827030E-016   0.0000000000000000     
   596.66666666666674        8.8419730043970165E-016   0.0000000000000000     
   603.33333333333337        8.2008351193846718E-016   0.0000000000000000     
   610.00000000000000        8.0979513993230395E-016   0.0000000000000000     
   616.66666666666674        7.5216217562340264E-016   0.0000000000000000     
   623.33333333333337        7.6712570490028886E-016   0.0000000000000000     
   630.00000000000000        7.1615349853289520E-016   0.0000000000000000     
   636.66666666666674        7.3484586109041487E-016   0.0000000000000000     
   643.33333333333337        7.0305900331470558E-016   0.0000000000000000     
   650.00000000000000        6.5565506171918635E-016   0.0000000000000000     
   656.66666666666674        6.6033554533359726E-016   0.0000000000000000     
   663.33333333333337        6.2974729841379569E-016   0.0000000000000000     
   670.00000000000000        6.1876199354565520E-016   0.0000000000000000     
   676.66666666666674        5.7382668138449270E-016   0.0000000000000000     
   683.33333333333337        5.7312666331545993E-016   0.0000000000000000     
   690.00000000000000        5.2889043737331231E-016   0.0000000000000000     
   696.66666666666674        4.9665063810300811E-016   0.0000000000000000     
   703.33333333333337        4.7326536914782743E-016   0.0000000000000000     
   710.00000000000000        4.5971320527331560E-016   0.0000000000000000     
   716.66666666666674        4.2607130621676371E-016   0.0000000000000000     
   723.33333333333337        4.1619495707319540E-016   0.0000000000000000     
   730.00000000000000        4.0218962581739805E-016   0.0000000000000000     
   736.66666666666674        3.8011543279865321E-016   0.0000000000000000     
   743.33333333333337        3.4869258360627283E-016   0.0000000000000000     
   750.00000000000000        3.3888957033148551E-016   0.0000000000000000     
   756.66666666666674        3.2689341546317263E-016   0.0000000000000000     
   763.33333333333337        3.0084381194233897E-016   0.0000000000000000     
   770.00000000000000        2.7833331476117012E-016   0.0000000000000000     
   776.66666666666674        2.7013009578337999E-016   0.0000000000000000     
   783.33333333333337        2.5233501256137055E-016   0.0000000000000000     
   790.00000000000000        2.3927949466222762E-016   0.0000000000000000     
   796.66666666666674        2.2703356772245785E-016   0.0000000000000000     
   803.33333333333337        2.0585895000112903E-016   0.0000000000000000     
   810.00000000000000        1.9340850567896190E-016   0.0000000000000000     
   816.66666666666674        1.8425320313018656E-016   0.0000000000000000     
   823.33333333333337        1.6504228716546287E-016   0.0000000000000000     
   830.00000000000000        1.5543320833687579E-016   0.0000000000000000     
   836.66666666666674        1.4748883636338731E-016   0.0000000000000000     
   843.33333333333337        1.3701213189982187E-016   0.0000000000000000     
   850.00000000000000        1.2887802201424260E-016   0.0000000000000000     
   856.66666666666674        1.1400059708018212E-016   0.0000000000000000     
   863.33333333333337        1.0633573721763750E-016   0.0000000000000000     
   870.00000000000000        1.0405566715313012E-016   0.0000000000000000     
   876.66666666666674        9.3205848692472341E-017   0.0000000000000000     
   883.33333333333337        8.9279287814413787E-017   0.0000000000000000     
   890.00000000000000        8.0943452090083108E-017   0.0000000000000000     
   896.66666666666674        7.4103971185190860E-017   0.0000000000000000     
   903.33333333333337        6.8605883430903357E-017   0.0000000000000000     
   910.00000000000000        6.2518905371665508E-017   0.0000000000000000     
   916.66666666666674        5.7827014449375621E-017   0.0000000000000000     
   923.33333333333337        5.3831175822031997E-017   0.0000000000000000     
   930.00000000000000        4.8987035264543734E-017   0.0000000000000000     
   936.66666666666674        4.6659267680407780E-017   0.0000000000000000     
   943.33333333333337        4.2574341864485355E-017   0.0000000000000000     
   950.00000000000000        3.8297135820139418E-017   0.0000000000000000     
   956.66666666666674        3.5557421421385924E-017   0.0000000000000000     
   963.33333333333337        3.2822183885100834E-017   0.0000000000000000     
   970.00000000000000        2.9170942210777903E-017   0.0000000000000000     
   976.66666666666674        2.7475100613733204E-017   0.0000000000000000     
   983.33333333333337        2.5260564711141338E-017   0.0000000000000000     
   990.00000000000000        2.3416661316668352E-017   0.0000000000000000     
   996.66666666666674        2.0888222616667507E-017   0.0000000000000000     
   1003.3333333333334        1.8664651941263137E-017   0.0000000000000000     
   1010.0000000000000        1.7510390348644590E-017   0.0000000000000000     
   1016.6666666666667        1.5764385307924547E-017   0.0000000000000000     
   1023.3333333333334        1.5271453178233215E-017   0.0000000000000000     
   1030.0000000000000        1.4284061249471648E-017   0.0000000000000000     
   1036.6666666666667        1.2186297844074267E-017   0.0000000000000000     
   1043.3333333333335        1.1421305055284790E-017   0.0000000000000000     
   1050.0000000000000        1.0721232845328397E-017   0.0000000000000000     
   1056.6666666666667        9.6626685309168773E-018   0.0000000000000000     
   1063.3333333333335        8.8824308542468576E-018   0.0000000000000000     
   1070.0000000000000        8.0959173951420772E-018   0.0000000000000000     
   1076.6666666666667        7.1804476612205261E-018   0.0000000000000000     
   1083.3333333333335        6.9138114353702784E-018   0.0000000000000000     
   1090.0000000000000        6.2842270685525319E-018   0.0000000000000000     
   1096.6666666666667        6.1730098383963161E-018   0.0000000000000000     
   1103.3333333333335        5.2162403684840769E-018   0.0000000000000000     
   1110.0000000000000        4.7836886499801463E-018   0.0000000000000000     
   1116.6666666666667        4.3006644979248615E-018   0.0000000000000000     
   1123.3333333333335        4.1533243606111805E-018   0.0000000000000000     
   1130.0000000000000        3.7327981634376099E-018   0.0000000000000000     
   1136.6666666666667        3.5265924356310201E-018   0.0000000000000000     
   1143.3333333333335        3.0897281346161506E-018   0.0000000000000000     
   1150.0000000000000        2.9149486544148187E-018   0.0000000000000000     
   1156.6666666666667        2.6963383985538274E-018   0.0000000000000000     
   1163.3333333333335        2.4907787399221223E-018   0.0000000000000000     
   1170.0000000000000        2.2942495208368523E-018   0.0000000000000000     
   1176.6666666666667        2.0738031549142668E-018   0.0000000000000000     
   1183.3333333333335        1.9244493073018471E-018   0.0000000000000000     
   1190.0000000000000        1.7370032600302328E-018   0.0000000000000000     
   1196.6666666666667        1.6592964555379906E-018   0.0000000000000000     
   1203.3333333333335        1.4516616626175110E-018   0.0000000000000000     
   1210.0000000000000        1.3754582657941510E-018   0.0000000000000000     
   1216.6666666666667        1.2193318826037355E-018   0.0000000000000000     
   1223.3333333333335        1.1424851537365182E-018   0.0000000000000000     
   1230.0000000000000        1.0667700587500575E-018   0.0000000000000000     
   1236.6666666666667        9.4881506944724779E-019   0.0000000000000000     
   1243.3333333333335        9.4446012280932063E-019   0.0000000000000000     
   1250.0000000000000        8.3809950773806820E-019   0.0000000000000000     
   1256.6666666666667        7.2269208565823372E-019   0.0000000000000000     
   1263.3333333333335        6.6989100421255446E-019   0.0000000000000000     
   1270.0000000000000        5.9570493271112814E-019   0.0000000000000000     
   1276.6666666666667        5.6402752324060176E-019   0.0000000000000000     
   1283.3333333333335        5.0235823740132809E-019   0.0000000000000000     
   1290.0000000000000        4.6717383743948034E-019   0.0000000000000000     
   1296.6666666666667        4.4678918729351381E-019   0.0000000000000000     
   1303.3333333333335        4.1681278113326283E-019   0.0000000000000000     
   1310.0000000000000        3.5330921288747696E-019   0.0000000000000000     
   1316.6666666666667        3.2747092023605645E-019   0.0000000000000000     
   1323.3333333333335        2.9574840779627302E-019   0.0000000000000000     
   1330.0000000000000        2.8278302636396359E-019   0.0000000000000000     
   1336.6666666666667        2.6303491627863439E-019   0.0000000000000000     
   1343.3333333333335        2.3643096081380372E-019   0.0000000000000000     
   1350.0000000000000        2.0952902220974236E-019   0.0000000000000000     
   1356.6666666666667        1.9196063449828806E-019   0.0000000000000000     
   1363.3333333333335        1.8474519162901036E-019   0.0000000000000000     
   1370.0000000000000        1.6871192255659580E-019   0.0000000000000000     
   1376.6666666666667        1.5350326377745419E-019   0.0000000000000000     
   1383.3333333333335        1.3088668001928961E-019   0.0000000000000000     
   1390.0000000000000        1.2467982123804504E-019   0.0000000000000000     
   1396.6666666666667        1.2361438193515678E-019   0.0000000000000000     
   1403.3333333333335        1.0991936931643031E-019   0.0000000000000000     
   1410.0000000000000        1.0187785351792318E-019   0.0000000000000000     
   1416.6666666666667        9.2872830171554515E-020   0.0000000000000000     
   1423.3333333333335        9.1858576729593620E-020   0.0000000000000000     
   1430.0000000000000        8.4270554861238522E-020   0.0000000000000000     
   1436.6666666666667        8.4072756781085706E-020   0.0000000000000000     
   1443.3333333333335        7.4446869119462154E-020   0.0000000000000000     
   1450.0000000000000        7.3816045373005956E-020   0.0000000000000000     
   1456.6666666666667        6.6147952895942585E-020   0.0000000000000000     
   1463.3333333333335        6.8278238912102406E-020   0.0000000000000000     
   1470.0000000000000        6.4334937109002450E-020   0.0000000000000000     
   1476.6666666666667        6.2649751520091401E-020   0.0000000000000000     
   1483.3333333333335        6.0286619346584276E-020   0.0000000000000000     
   1490.0000000000000        5.8509764756006052E-020   0.0000000000000000     
   1496.6666666666667        5.6980552624150787E-020   0.0000000000000000     
   1503.3333333333335        5.4612621169272793E-020   0.0000000000000000     
   1510.0000000000000        5.2658619996972289E-020   0.0000000000000000     
   1516.6666666666667        5.0507411575098807E-020   0.0000000000000000     
   1523.3333333333335        4.9726388830614378E-020   0.0000000000000000     
   1530.0000000000000        4.8222089973148882E-020   0.0000000000000000     
   1536.6666666666667        4.7154048272851622E-020   0.0000000000000000     
   1543.3333333333335        4.5821032263463636E-020   0.0000000000000000     
   1550.0000000000000        4.4588514555890737E-020   0.0000000000000000     
   1556.6666666666667        4.2193502584573695E-020   0.0000000000000000     
   1563.3333333333335        4.2368717425904904E-020   0.0000000000000000     
   1570.0000000000000        4.0833214885065102E-020   0.0000000000000000     
   1576.6666666666667        3.9340681421712105E-020   0.0000000000000000     
   1583.3333333333335        3.8318451173746992E-020   0.0000000000000000     
   1590.0000000000000        3.7155828796945174E-020   0.0000000000000000     
   1596.6666666666667        3.5896519291722402E-020   0.0000000000000000     
   1603.3333333333335        3.4502228653677801E-020   0.0000000000000000     
   1610.0000000000000        3.3505801049084228E-020   0.0000000000000000     
   1616.6666666666667        3.2784806374336729E-020   0.0000000000000000     
   1623.3333333333335        3.2369196323308078E-020   0.0000000000000000     
   1630.0000000000000        3.0607275464694377E-020   0.0000000000000000     
   1636.6666666666667        2.9788668723827293E-020   0.0000000000000000     
   1643.3333333333335        2.8496428712633111E-020   0.0000000000000000     
   1650.0000000000000        2.7778234640092165E-020   0.0000000000000000     
   1656.6666666666667        2.6874607278115850E-020   0.0000000000000000     
   1663.3333333333335        2.5717683000412532E-020   0.0000000000000000     
   1670.0000000000000        2.5444402275555372E-020   0.0000000000000000     
   1676.6666666666667        2.3510064344782628E-020   0.0000000000000000     
   1683.3333333333335        2.2816879641963596E-020   0.0000000000000000     
   1690.0000000000000        2.2065908986220735E-020   0.0000000000000000     
   1696.6666666666667        2.0689068145720504E-020   0.0000000000000000     
   1703.3333333333335        2.0589106765927694E-020   0.0000000000000000     
   1710.0000000000000        1.9464641992533431E-020   0.0000000000000000     
   1716.6666666666667        1.8125398868257019E-020   0.0000000000000000     
   1723.3333333333335        1.7697533721283004E-020   0.0000000000000000     
   1730.0000000000000        1.7515471739980923E-020   0.0000000000000000     
   1736.6666666666667        1.6739316111759534E-020   0.0000000000000000     
   1743.3333333333335        1.6129565989298912E-020   0.0000000000000000     
   1750.0000000000000        1.5067227607750496E-020   0.0000000000000000     
   1756.6666666666667        1.4436263695967829E-020   0.0000000000000000     
   1763.3333333333335        1.4666277449530237E-020   0.0000000000000000     
   1770.0000000000000        1.3283740832312123E-020   0.0000000000000000     
   1776.6666666666667        1.2016650523539505E-020   0.0000000000000000     
   1783.3333333333335        1.2859506939028970E-020   0.0000000000000000     
   1790.0000000000000        1.1722566674603035E-020   0.0000000000000000     
   1796.6666666666667        1.1771036834287465E-020   0.0000000000000000     
   1803.3333333333335        1.1174687291847282E-020   0.0000000000000000     
   1810.0000000000000        1.1027161945118533E-020   0.0000000000000000     
   1816.6666666666667        1.0600269448239915E-020   0.0000000000000000     
   1823.3333333333335        1.0237640834308333E-020   0.0000000000000000     
   1830.0000000000000        9.5080384599429368E-021   0.0000000000000000     
   1836.6666666666667        9.7512469622597600E-021   0.0000000000000000     
   1843.3333333333335        9.4863312385449872E-021   0.0000000000000000     
   1850.0000000000000        9.0128787989404153E-021   0.0000000000000000     
   1856.6666666666667        8.9653087414292661E-021   0.0000000000000000     
   1863.3333333333335        8.2280676035418703E-021   0.0000000000000000     
   1870.0000000000000        8.1987156590647370E-021   0.0000000000000000     
   1876.6666666666667        7.9878898422826826E-021   0.0000000000000000     
   1883.3333333333335        7.5592603764613734E-021   0.0000000000000000     
   1890.0000000000000        7.4642793897567066E-021   0.0000000000000000     
   1896.6666666666667        7.5267800688359132E-021   0.0000000000000000     
   1903.3333333333335        7.2181078418508591E-021   0.0000000000000000     
   1910.0000000000000        7.7581184437696677E-021   0.0000000000000000     
   1916.6666666666667        6.4238348942977988E-021   0.0000000000000000     
   1923.3333333333335        7.2148716183501287E-021   0.0000000000000000     
   1930.0000000000000        5.4409347186638211E-021   0.0000000000000000     
   1936.6666666666667        6.5097359720214634E-021   0.0000000000000000     
   1943.3333333333335        6.9800325135822284E-021   0.0000000000000000     
   1950.0000000000000        5.1038319798578108E-021   0.0000000000000000     
   1956.6666666666667        5.6038498049414595E-021   0.0000000000000000     
   1963.3333333333335        5.6891825847092577E-021   0.0000000000000000     
   1970.0000000000000        6.0531001056739078E-021   0.0000000000000000     
   1976.6666666666667        5.2004610779737148E-021   0.0000000000000000     
   1983.3333333333335        5.4177175859856988E-021   0.0000000000000000     
   1990.0000000000000        5.2254088227514157E-021   0.0000000000000000     
   1996.6666666666667        4.5348913687293012E-021   0.0000000000000000     
