   10.000000000000000        0.0000000000000000        1.2181668330006178E-018
   30.000000000000000        0.0000000000000000        3.2944070870250200E-018
   50.000000000000000        0.0000000000000000        7.8300129562387661E-018
   70.000000000000000        0.0000000000000000        1.1751542330065622E-017
   90.000000000000000        0.0000000000000000        1.9913849066611287E-017
   110.00000000000000        0.0000000000000000        2.6852595344888850E-017
   130.00000000000000        0.0000000000000000        3.3333674231666933E-017
   150.00000000000000        0.0000000000000000        4.8609170274370129E-017
   170.00000000000000        0.0000000000000000        5.0365943771581955E-017
   190.00000000000000        0.0000000000000000        6.3915379142936910E-017
   210.00000000000000        0.0000000000000000        7.0694369573161254E-017
   230.00000000000000        0.0000000000000000        8.0409714103419915E-017
   250.00000000000000        0.0000000000000000        8.1515487243853440E-017
   270.00000000000000        0.0000000000000000        8.7278729118120258E-017
   290.00000000000000        0.0000000000000000        8.7616491798619095E-017
   310.00000000000000        0.0000000000000000        8.3904277792157594E-017
   330.00000000000000        0.0000000000000000        8.4820219792924333E-017
   350.00000000000000        0.0000000000000000        7.7045121365817346E-017
   370.00000000000000        0.0000000000000000        7.1114209872672739E-017
   390.00000000000000        0.0000000000000000        6.7289897799452473E-017
   410.00000000000000        0.0000000000000000        6.0534164384901027E-017
   430.00000000000000        0.0000000000000000        5.2168794684297034E-017
   450.00000000000000        0.0000000000000000        4.4866816029617367E-017
   470.00000000000000        0.0000000000000000        3.7678776227850044E-017
   490.00000000000000        0.0000000000000000        3.1816131823506585E-017
   510.00000000000000        0.0000000000000000        2.5842734828313488E-017
   530.00000000000000        0.0000000000000000        1.9080934525616659E-017
   550.00000000000000        0.0000000000000000        1.5906760367306777E-017
   570.00000000000000        0.0000000000000000        1.1787544318449929E-017
   590.00000000000000        0.0000000000000000        9.0473312243850610E-018
   610.00000000000000        0.0000000000000000        6.1642449564816511E-018
   630.00000000000000        0.0000000000000000        4.3679818000051111E-018
   650.00000000000000        0.0000000000000000        3.1920555719304165E-018
   670.00000000000000        0.0000000000000000        2.2366717600337758E-018
   690.00000000000000        0.0000000000000000        1.5031013336656892E-018
   710.00000000000000        0.0000000000000000        9.1091520252265176E-019
   730.00000000000000        0.0000000000000000        5.7089463307861784E-019
   750.00000000000000        0.0000000000000000        4.1293952621604123E-019
   770.00000000000000        0.0000000000000000        2.5286865466498634E-019
   790.00000000000000        0.0000000000000000        1.5169932092302016E-019
   810.00000000000000        0.0000000000000000        1.1613323113403609E-019
   830.00000000000000        0.0000000000000000        6.8332081071371399E-020
   850.00000000000000        0.0000000000000000        4.3739647595538462E-020
   870.00000000000000        0.0000000000000000        2.9281444778294650E-020
   890.00000000000000        0.0000000000000000        2.0713420963416552E-020
   910.00000000000000        0.0000000000000000        1.4314660116241079E-020
   930.00000000000000        0.0000000000000000        1.0001632595333660E-020
   950.00000000000000        0.0000000000000000        7.1110237266500489E-021
   970.00000000000000        0.0000000000000000        5.0730534070131339E-021
   990.00000000000000        0.0000000000000000        3.2684537842137825E-021
   1010.0000000000000        0.0000000000000000        2.3405264189621147E-021
   1030.0000000000000        0.0000000000000000        1.5327651768405674E-021
   1050.0000000000000        0.0000000000000000        1.0067370986964246E-021
   1070.0000000000000        0.0000000000000000        6.6337233394032641E-022
   1090.0000000000000        0.0000000000000000        3.9385117914176211E-022
   1110.0000000000000        0.0000000000000000        2.3355257951684701E-022
   1130.0000000000000        0.0000000000000000        1.2799523949633146E-022
   1150.0000000000000        0.0000000000000000        7.9093098276369971E-023
   1170.0000000000000        0.0000000000000000        4.0523947122382176E-023
   1190.0000000000000        0.0000000000000000        3.1830874676422625E-023
   1210.0000000000000        0.0000000000000000        1.4253156363564864E-023
   1230.0000000000000        0.0000000000000000        6.0058440637872819E-024
   1250.0000000000000        0.0000000000000000        4.4749133631526572E-024
   1270.0000000000000        0.0000000000000000        1.9507288175915026E-024
   1290.0000000000000        0.0000000000000000        4.9591663144454224E-025
   1310.0000000000000        0.0000000000000000        4.4719208545699436E-025
   1330.0000000000000        0.0000000000000000        3.5246644893762443E-025
   1350.0000000000000        0.0000000000000000        3.8968046389163855E-025
   1370.0000000000000        0.0000000000000000        1.6084543707689745E-025
   1390.0000000000000        0.0000000000000000        3.0745275749227176E-025
   1410.0000000000000        0.0000000000000000        7.4274071204910147E-026
   1430.0000000000000        0.0000000000000000        1.4309798142224314E-025
   1450.0000000000000        0.0000000000000000        1.0869747160847078E-025
   1470.0000000000000        0.0000000000000000        1.7617617045736284E-025
   1490.0000000000000        0.0000000000000000        6.1385125919462897E-026
   1510.0000000000000        0.0000000000000000        5.5503528863744234E-027
   1530.0000000000000        0.0000000000000000        5.1662867983852338E-027
   1550.0000000000000        0.0000000000000000        1.0748637155844857E-028
   1570.0000000000000        0.0000000000000000        2.0541228401437953E-028
   1590.0000000000000        0.0000000000000000        3.0042966477949426E-027
   1610.0000000000000        0.0000000000000000        1.7218933669706118E-029
   1630.0000000000000        0.0000000000000000        7.3799808508527530E-029
   1650.0000000000000        0.0000000000000000        7.2619438891957697E-028
   1670.0000000000000        0.0000000000000000        7.3882801836097395E-029
   1690.0000000000000        0.0000000000000000        0.0000000000000000     
   1710.0000000000000        0.0000000000000000        0.0000000000000000     
   1730.0000000000000        0.0000000000000000        4.2594441644985023E-031
   1750.0000000000000        0.0000000000000000        0.0000000000000000     
   1770.0000000000000        0.0000000000000000        0.0000000000000000     
   1790.0000000000000        0.0000000000000000        0.0000000000000000     
   1810.0000000000000        0.0000000000000000        1.5707599092406620E-033
   1830.0000000000000        0.0000000000000000        7.3326662739193088E-035
   1850.0000000000000        0.0000000000000000        0.0000000000000000     
   1870.0000000000000        0.0000000000000000        0.0000000000000000     
   1890.0000000000000        0.0000000000000000        0.0000000000000000     
   1910.0000000000000        0.0000000000000000        0.0000000000000000     
   1930.0000000000000        0.0000000000000000        0.0000000000000000     
   1950.0000000000000        0.0000000000000000        0.0000000000000000     
   1970.0000000000000        0.0000000000000000        0.0000000000000000     
   1990.0000000000000        0.0000000000000000        0.0000000000000000     
