   10.000000000000000        0.0000000000000000        7.3146999192690663E-019
   30.000000000000000        0.0000000000000000        1.3801019024971855E-018
   50.000000000000000        0.0000000000000000        2.2941111034619793E-018
   70.000000000000000        0.0000000000000000        3.3721666616336204E-018
   90.000000000000000        0.0000000000000000        5.3929492774692478E-018
   110.00000000000000        0.0000000000000000        6.1919133768532203E-018
   130.00000000000000        0.0000000000000000        8.3802421725787434E-018
   150.00000000000000        0.0000000000000000        1.3483596716387836E-017
   170.00000000000000        0.0000000000000000        1.4747597565558610E-017
   190.00000000000000        0.0000000000000000        1.8938229950832140E-017
   210.00000000000000        0.0000000000000000        2.2349938796656738E-017
   230.00000000000000        0.0000000000000000        3.2981062426230777E-017
   250.00000000000000        0.0000000000000000        3.5040007244226880E-017
   270.00000000000000        0.0000000000000000        4.6694326760722415E-017
   290.00000000000000        0.0000000000000000        5.1170367171761846E-017
   310.00000000000000        0.0000000000000000        6.0876902913182360E-017
   330.00000000000000        0.0000000000000000        6.9032736044166946E-017
   350.00000000000000        0.0000000000000000        7.6464834026346770E-017
   370.00000000000000        0.0000000000000000        9.7487929985051096E-017
   390.00000000000000        0.0000000000000000        9.1902715905239697E-017
   410.00000000000000        0.0000000000000000        1.1751644276560854E-016
   430.00000000000000        0.0000000000000000        1.2707263403289714E-016
   450.00000000000000        0.0000000000000000        1.3777241747342439E-016
   470.00000000000000        0.0000000000000000        1.5249835141240397E-016
   490.00000000000000        0.0000000000000000        1.5528846857174683E-016
   510.00000000000000        0.0000000000000000        1.6263734977233492E-016
   530.00000000000000        0.0000000000000000        1.6306430811687002E-016
   550.00000000000000        0.0000000000000000        1.8372637657540687E-016
   570.00000000000000        0.0000000000000000        2.0108640932718390E-016
   590.00000000000000        0.0000000000000000        2.0483337949539366E-016
   610.00000000000000        0.0000000000000000        1.9505326769387042E-016
   630.00000000000000        0.0000000000000000        1.9925706935491394E-016
   650.00000000000000        0.0000000000000000        2.0663984289177260E-016
   670.00000000000000        0.0000000000000000        1.9885611491328055E-016
   690.00000000000000        0.0000000000000000        2.0723549317821033E-016
   710.00000000000000        0.0000000000000000        2.0244034934449833E-016
   730.00000000000000        0.0000000000000000        2.0551778191532335E-016
   750.00000000000000        0.0000000000000000        1.9692925252797398E-016
   770.00000000000000        0.0000000000000000        1.9175801287694628E-016
   790.00000000000000        0.0000000000000000        1.8820941464240611E-016
   810.00000000000000        0.0000000000000000        1.7682096963185193E-016
   830.00000000000000        0.0000000000000000        1.8200417962155087E-016
   850.00000000000000        0.0000000000000000        1.8204053874084433E-016
   870.00000000000000        0.0000000000000000        1.8113852422749720E-016
   890.00000000000000        0.0000000000000000        1.6647630401018831E-016
   910.00000000000000        0.0000000000000000        1.5622145985567645E-016
   930.00000000000000        0.0000000000000000        1.3716915322895281E-016
   950.00000000000000        0.0000000000000000        1.3010839615901034E-016
   970.00000000000000        0.0000000000000000        1.2559150412867427E-016
   990.00000000000000        0.0000000000000000        1.2463776804660943E-016
   1010.0000000000000        0.0000000000000000        1.1968028901450834E-016
   1030.0000000000000        0.0000000000000000        1.0760802333840083E-016
   1050.0000000000000        0.0000000000000000        9.3288494598584611E-017
   1070.0000000000000        0.0000000000000000        8.8999993795870110E-017
   1090.0000000000000        0.0000000000000000        8.2725402175787454E-017
   1110.0000000000000        0.0000000000000000        7.6473156624150687E-017
   1130.0000000000000        0.0000000000000000        6.7493021066924981E-017
   1150.0000000000000        0.0000000000000000        6.2168186467274346E-017
   1170.0000000000000        0.0000000000000000        5.4208105857835211E-017
   1190.0000000000000        0.0000000000000000        4.9763641110836972E-017
   1210.0000000000000        0.0000000000000000        4.5904450126348613E-017
   1230.0000000000000        0.0000000000000000        4.1582569853643969E-017
   1250.0000000000000        0.0000000000000000        3.6271216062989329E-017
   1270.0000000000000        0.0000000000000000        3.1492533652763718E-017
   1290.0000000000000        0.0000000000000000        2.9497784139878796E-017
   1310.0000000000000        0.0000000000000000        2.5701681253162864E-017
   1330.0000000000000        0.0000000000000000        2.4256462653807040E-017
   1350.0000000000000        0.0000000000000000        1.9582594136234641E-017
   1370.0000000000000        0.0000000000000000        1.8151044101510466E-017
   1390.0000000000000        0.0000000000000000        1.6955833426716839E-017
   1410.0000000000000        0.0000000000000000        1.3967917678001287E-017
   1430.0000000000000        0.0000000000000000        1.2865411422888611E-017
   1450.0000000000000        0.0000000000000000        1.0958611329584537E-017
   1470.0000000000000        0.0000000000000000        9.7159788289369387E-018
   1490.0000000000000        0.0000000000000000        8.3458527485060846E-018
   1510.0000000000000        0.0000000000000000        7.7279588179900068E-018
   1530.0000000000000        0.0000000000000000        6.8836513742841151E-018
   1550.0000000000000        0.0000000000000000        6.1458358132520021E-018
   1570.0000000000000        0.0000000000000000        5.3292223492254249E-018
   1590.0000000000000        0.0000000000000000        4.8933921127462514E-018
   1610.0000000000000        0.0000000000000000        4.5399627622760914E-018
   1630.0000000000000        0.0000000000000000        3.9458597567865333E-018
   1650.0000000000000        0.0000000000000000        3.7215617835852462E-018
   1670.0000000000000        0.0000000000000000        3.1418943097512492E-018
   1690.0000000000000        0.0000000000000000        2.9205352380857691E-018
   1710.0000000000000        0.0000000000000000        2.6707100298733760E-018
   1730.0000000000000        0.0000000000000000        2.3849041634006342E-018
   1750.0000000000000        0.0000000000000000        2.2304402610270976E-018
   1770.0000000000000        0.0000000000000000        1.9047316584610234E-018
   1790.0000000000000        0.0000000000000000        1.8264643745205429E-018
   1810.0000000000000        0.0000000000000000        1.5812736604814083E-018
   1830.0000000000000        0.0000000000000000        1.5498247462825266E-018
   1850.0000000000000        0.0000000000000000        1.4304313640102119E-018
   1870.0000000000000        0.0000000000000000        1.2506392262023518E-018
   1890.0000000000000        0.0000000000000000        1.2347821807427878E-018
   1910.0000000000000        0.0000000000000000        1.0928290735381093E-018
   1930.0000000000000        0.0000000000000000        9.9749129185060688E-019
   1950.0000000000000        0.0000000000000000        9.8677586551803429E-019
   1970.0000000000000        0.0000000000000000        9.0853571329405893E-019
   1990.0000000000000        0.0000000000000000        8.1207618049810110E-019
