   10.000000000000000        0.0000000000000000        9.9398057972150689E-019
   30.000000000000000        0.0000000000000000        2.4184671675305228E-018
   50.000000000000000        0.0000000000000000        4.9676684950705092E-018
   70.000000000000000        0.0000000000000000        7.9805532975821475E-018
   90.000000000000000        0.0000000000000000        1.2791494656354397E-017
   110.00000000000000        0.0000000000000000        1.6955602291704821E-017
   130.00000000000000        0.0000000000000000        2.0995120286256172E-017
   150.00000000000000        0.0000000000000000        3.4051503594260350E-017
   170.00000000000000        0.0000000000000000        3.7676650251741004E-017
   190.00000000000000        0.0000000000000000        4.7483888706837900E-017
   210.00000000000000        0.0000000000000000        5.8224772813567529E-017
   230.00000000000000        0.0000000000000000        7.2834245289007332E-017
   250.00000000000000        0.0000000000000000        7.5448964492945416E-017
   270.00000000000000        0.0000000000000000        9.1702239303447414E-017
   290.00000000000000        0.0000000000000000        1.0147625440098988E-016
   310.00000000000000        0.0000000000000000        1.0758673448245253E-016
   330.00000000000000        0.0000000000000000        1.0909758825876960E-016
   350.00000000000000        0.0000000000000000        1.1760493171616328E-016
   370.00000000000000        0.0000000000000000        1.2683985233276564E-016
   390.00000000000000        0.0000000000000000        1.2249681213873208E-016
   410.00000000000000        0.0000000000000000        1.2448826917543707E-016
   430.00000000000000        0.0000000000000000        1.2888915781525713E-016
   450.00000000000000        0.0000000000000000        1.2783987355253672E-016
   470.00000000000000        0.0000000000000000        1.2273867450841523E-016
   490.00000000000000        0.0000000000000000        1.1342852614755448E-016
   510.00000000000000        0.0000000000000000        1.1044499807839300E-016
   530.00000000000000        0.0000000000000000        1.0324245496553685E-016
   550.00000000000000        0.0000000000000000        9.5939913875219555E-017
   570.00000000000000        0.0000000000000000        9.1202243298021304E-017
   590.00000000000000        0.0000000000000000        8.6310119073793451E-017
   610.00000000000000        0.0000000000000000        7.7800348879192848E-017
   630.00000000000000        0.0000000000000000        6.8316709839364372E-017
   650.00000000000000        0.0000000000000000        5.7969437262366929E-017
   670.00000000000000        0.0000000000000000        5.4565151708731192E-017
   690.00000000000000        0.0000000000000000        4.6252075016493931E-017
   710.00000000000000        0.0000000000000000        3.6714157287749522E-017
   730.00000000000000        0.0000000000000000        2.9780141902995736E-017
   750.00000000000000        0.0000000000000000        2.7061536273738858E-017
   770.00000000000000        0.0000000000000000        2.1724135108820021E-017
   790.00000000000000        0.0000000000000000        1.7492182475927537E-017
   810.00000000000000        0.0000000000000000        1.4778974512909819E-017
   830.00000000000000        0.0000000000000000        1.1368364799716150E-017
   850.00000000000000        0.0000000000000000        9.1024881511034626E-018
   870.00000000000000        0.0000000000000000        7.0529530045381403E-018
   890.00000000000000        0.0000000000000000        5.5348283961481273E-018
   910.00000000000000        0.0000000000000000        3.9026566924941932E-018
   930.00000000000000        0.0000000000000000        3.2831549623948712E-018
   950.00000000000000        0.0000000000000000        2.5671188504899082E-018
   970.00000000000000        0.0000000000000000        1.8136701340425612E-018
   990.00000000000000        0.0000000000000000        1.3837989494196004E-018
   1010.0000000000000        0.0000000000000000        1.0799887388446335E-018
   1030.0000000000000        0.0000000000000000        8.0142178459082799E-019
   1050.0000000000000        0.0000000000000000        5.9148996497629832E-019
   1070.0000000000000        0.0000000000000000        4.6562219419173662E-019
   1090.0000000000000        0.0000000000000000        3.5737787628267679E-019
   1110.0000000000000        0.0000000000000000        2.5933645940575509E-019
   1130.0000000000000        0.0000000000000000        1.9467926123144184E-019
   1150.0000000000000        0.0000000000000000        1.5436646815477197E-019
   1170.0000000000000        0.0000000000000000        1.2245212423788063E-019
   1190.0000000000000        0.0000000000000000        9.6785391265256734E-020
   1210.0000000000000        0.0000000000000000        7.7882198026423928E-020
   1230.0000000000000        0.0000000000000000        6.3094446391172728E-020
   1250.0000000000000        0.0000000000000000        4.5349344486335574E-020
   1270.0000000000000        0.0000000000000000        3.6668961006825456E-020
   1290.0000000000000        0.0000000000000000        2.8306602364596459E-020
   1310.0000000000000        0.0000000000000000        2.3088199304333257E-020
   1330.0000000000000        0.0000000000000000        1.6956013540305979E-020
   1350.0000000000000        0.0000000000000000        1.2314832334750452E-020
   1370.0000000000000        0.0000000000000000        9.4984839420969336E-021
   1390.0000000000000        0.0000000000000000        6.1532028134161043E-021
   1410.0000000000000        0.0000000000000000        4.2120962889278116E-021
   1430.0000000000000        0.0000000000000000        2.1532233347602827E-021
   1450.0000000000000        0.0000000000000000        9.8784730841209127E-022
   1470.0000000000000        0.0000000000000000       -5.1041080418057891E-024
   1490.0000000000000        0.0000000000000000       -7.4251339362860664E-022
   1510.0000000000000        0.0000000000000000       -1.1266193684779729E-021
   1530.0000000000000        0.0000000000000000       -1.3571956420864969E-021
   1550.0000000000000        0.0000000000000000       -1.5196519217207172E-021
   1570.0000000000000        0.0000000000000000       -1.4595005679988720E-021
   1590.0000000000000        0.0000000000000000       -1.4837271609252555E-021
   1610.0000000000000        0.0000000000000000       -1.3249441028267377E-021
   1630.0000000000000        0.0000000000000000       -1.1624389794034939E-021
   1650.0000000000000        0.0000000000000000       -9.7780583427034666E-022
   1670.0000000000000        0.0000000000000000       -8.3545170569818889E-022
   1690.0000000000000        0.0000000000000000       -7.1362938320731790E-022
   1710.0000000000000        0.0000000000000000       -5.6178261661394226E-022
   1730.0000000000000        0.0000000000000000       -4.7965997756984019E-022
   1750.0000000000000        0.0000000000000000       -3.4409564847628674E-022
   1770.0000000000000        0.0000000000000000       -2.6528083741775728E-022
   1790.0000000000000        0.0000000000000000       -2.1106333661495481E-022
   1810.0000000000000        0.0000000000000000       -1.5035868400380440E-022
   1830.0000000000000        0.0000000000000000       -1.1201786931103481E-022
   1850.0000000000000        0.0000000000000000       -7.2749991888864292E-023
   1870.0000000000000        0.0000000000000000       -5.4806615848872766E-023
   1890.0000000000000        0.0000000000000000       -3.6813995336432014E-023
   1910.0000000000000        0.0000000000000000       -2.2895676743597953E-023
   1930.0000000000000        0.0000000000000000       -1.8077390533980179E-023
   1950.0000000000000        0.0000000000000000       -1.0336852404767985E-023
   1970.0000000000000        0.0000000000000000       -6.2805620011835505E-024
   1990.0000000000000        0.0000000000000000       -2.9048652291252546E-024
