   10.000000000000000        0.0000000000000000        1.2248237747965589E-018
   30.000000000000000        0.0000000000000000        3.3195719615764918E-018
   50.000000000000000        0.0000000000000000        7.9079000554993900E-018
   70.000000000000000        0.0000000000000000        1.1910226686007129E-017
   90.000000000000000        0.0000000000000000        2.0270858389805901E-017
   110.00000000000000        0.0000000000000000        2.7466481458492309E-017
   130.00000000000000        0.0000000000000000        3.4293106990283381E-017
   150.00000000000000        0.0000000000000000        5.0289487258233484E-017
   170.00000000000000        0.0000000000000000        5.2468733183060907E-017
   190.00000000000000        0.0000000000000000        6.7089412875408949E-017
   210.00000000000000        0.0000000000000000        7.4817666788454380E-017
   230.00000000000000        0.0000000000000000        8.5834373725206072E-017
   250.00000000000000        0.0000000000000000        8.7937056696144308E-017
   270.00000000000000        0.0000000000000000        9.5101369252913293E-017
   290.00000000000000        0.0000000000000000        9.6464645441764740E-017
   310.00000000000000        0.0000000000000000        9.3434446024655248E-017
   330.00000000000000        0.0000000000000000        9.5580703594402327E-017
   350.00000000000000        0.0000000000000000        8.7896372493898822E-017
   370.00000000000000        0.0000000000000000        8.2005398928120259E-017
   390.00000000000000        0.0000000000000000        7.8664187517710867E-017
   410.00000000000000        0.0000000000000000        7.1735264383616590E-017
   430.00000000000000        0.0000000000000000        6.2619682052185287E-017
   450.00000000000000        0.0000000000000000        5.4500995534864744E-017
   470.00000000000000        0.0000000000000000        4.6348089451889868E-017
   490.00000000000000        0.0000000000000000        3.9618058864948264E-017
   510.00000000000000        0.0000000000000000        3.2574273195999022E-017
   530.00000000000000        0.0000000000000000        2.4367512975879374E-017
   550.00000000000000        0.0000000000000000        2.0532326230161219E-017
   570.00000000000000        0.0000000000000000        1.5364481178620715E-017
   590.00000000000000        0.0000000000000000        1.1919666602113370E-017
   610.00000000000000        0.0000000000000000        8.2106033185802965E-018
   630.00000000000000        0.0000000000000000        5.8644409676179611E-018
   650.00000000000000        0.0000000000000000        4.3194519797558057E-018
   670.00000000000000        0.0000000000000000        3.0442087322731849E-018
   690.00000000000000        0.0000000000000000        2.0571385436656132E-018
   710.00000000000000        0.0000000000000000        1.2508566717234458E-018
   730.00000000000000        0.0000000000000000        7.8377053917654122E-019
   750.00000000000000        0.0000000000000000        5.6455638956146942E-019
   770.00000000000000        0.0000000000000000        3.4195548509642209E-019
   790.00000000000000        0.0000000000000000        2.0078894789466719E-019
   810.00000000000000        0.0000000000000000        1.4977685326953343E-019
   830.00000000000000        0.0000000000000000        8.3537855559233180E-020
   850.00000000000000        0.0000000000000000        4.8839980327249779E-020
   870.00000000000000        0.0000000000000000        2.8560778922579619E-020
   890.00000000000000        0.0000000000000000        1.7338243459680081E-020
   910.00000000000000        0.0000000000000000        8.8925858243793325E-021
   930.00000000000000        0.0000000000000000        3.9412518531503911E-021
   950.00000000000000        0.0000000000000000        1.0605165138558955E-021
   970.00000000000000        0.0000000000000000       -7.2827044697056069E-022
   990.00000000000000        0.0000000000000000       -1.8846997677753095E-021
   1010.0000000000000        0.0000000000000000       -2.0457960265808348E-021
   1030.0000000000000        0.0000000000000000       -2.0219543669525482E-021
   1050.0000000000000        0.0000000000000000       -1.7094447064443231E-021
   1070.0000000000000        0.0000000000000000       -1.3574590946625560E-021
   1090.0000000000000        0.0000000000000000       -1.0536935102083497E-021
   1110.0000000000000        0.0000000000000000       -6.9578726454955422E-022
   1130.0000000000000        0.0000000000000000       -5.0155383484782895E-022
   1150.0000000000000        0.0000000000000000       -3.3828021486958760E-022
   1170.0000000000000        0.0000000000000000       -2.0100694925406995E-022
   1190.0000000000000        0.0000000000000000       -1.3680315783224422E-022
   1210.0000000000000        0.0000000000000000       -7.9951915068245876E-023
   1230.0000000000000        0.0000000000000000       -3.8596143170064937E-023
   1250.0000000000000        0.0000000000000000       -2.6173096029942507E-023
   1270.0000000000000        0.0000000000000000       -9.7307110397096552E-024
   1290.0000000000000        0.0000000000000000       -5.1355063766370416E-024
   1310.0000000000000        0.0000000000000000       -3.4305464461902313E-024
   1330.0000000000000        0.0000000000000000       -1.8876392953251943E-024
   1350.0000000000000        0.0000000000000000       -1.7782270410762034E-024
   1370.0000000000000        0.0000000000000000       -1.2885067662033315E-024
   1390.0000000000000        0.0000000000000000       -2.0373590437090210E-024
   1410.0000000000000        0.0000000000000000       -8.5928445293938151E-025
   1430.0000000000000        0.0000000000000000       -9.9604085029660076E-025
   1450.0000000000000        0.0000000000000000       -1.2562684224315721E-024
   1470.0000000000000        0.0000000000000000       -1.2407659479717599E-024
   1490.0000000000000        0.0000000000000000       -8.0133554654391988E-025
   1510.0000000000000        0.0000000000000000       -1.4663789241394034E-025
   1530.0000000000000        0.0000000000000000       -1.0219053201398118E-025
   1550.0000000000000        0.0000000000000000       -1.1725919794028137E-027
   1570.0000000000000        0.0000000000000000       -7.4234486119623735E-027
   1590.0000000000000        0.0000000000000000       -8.9712102880011779E-026
   1610.0000000000000        0.0000000000000000       -2.5261340163291603E-028
   1630.0000000000000        0.0000000000000000       -2.3996827325348105E-027
   1650.0000000000000        0.0000000000000000       -2.2997240878592901E-026
   1670.0000000000000        0.0000000000000000       -2.7575677680654278E-027
   1690.0000000000000        0.0000000000000000        0.0000000000000000     
   1710.0000000000000        0.0000000000000000        0.0000000000000000     
   1730.0000000000000        0.0000000000000000       -2.5034793483507010E-029
   1750.0000000000000        0.0000000000000000        0.0000000000000000     
   1770.0000000000000        0.0000000000000000        0.0000000000000000     
   1790.0000000000000        0.0000000000000000        0.0000000000000000     
   1810.0000000000000        0.0000000000000000       -9.2113429417713385E-032
   1830.0000000000000        0.0000000000000000       -4.4895425196348010E-033
   1850.0000000000000        0.0000000000000000        0.0000000000000000     
   1870.0000000000000        0.0000000000000000        0.0000000000000000     
   1890.0000000000000        0.0000000000000000        0.0000000000000000     
   1910.0000000000000        0.0000000000000000        0.0000000000000000     
   1930.0000000000000        0.0000000000000000        0.0000000000000000     
   1950.0000000000000        0.0000000000000000        0.0000000000000000     
   1970.0000000000000        0.0000000000000000        0.0000000000000000     
   1990.0000000000000        0.0000000000000000        0.0000000000000000     
