   10.000000000000000        0.0000000000000000        7.2969532614767580E-019
   30.000000000000000        0.0000000000000000        1.3774648339461191E-018
   50.000000000000000        0.0000000000000000        2.2908133810221561E-018
   70.000000000000000        0.0000000000000000        3.3657306810002423E-018
   90.000000000000000        0.0000000000000000        5.3798450004430025E-018
   110.00000000000000        0.0000000000000000        6.1719168807081485E-018
   130.00000000000000        0.0000000000000000        8.3476407448455119E-018
   150.00000000000000        0.0000000000000000        1.3423031718825206E-017
   170.00000000000000        0.0000000000000000        1.4663819983402733E-017
   190.00000000000000        0.0000000000000000        1.8815742208475555E-017
   210.00000000000000        0.0000000000000000        2.2179306113913980E-017
   230.00000000000000        0.0000000000000000        3.2688125960019156E-017
   250.00000000000000        0.0000000000000000        3.4688948902792695E-017
   270.00000000000000        0.0000000000000000        4.6180230433735991E-017
   290.00000000000000        0.0000000000000000        5.0539421841493340E-017
   310.00000000000000        0.0000000000000000        6.0018939631494505E-017
   330.00000000000000        0.0000000000000000        6.7945770537003771E-017
   350.00000000000000        0.0000000000000000        7.5158239206428061E-017
   370.00000000000000        0.0000000000000000        9.5647879817031846E-017
   390.00000000000000        0.0000000000000000        8.9981038457619326E-017
   410.00000000000000        0.0000000000000000        1.1491276170223830E-016
   430.00000000000000        0.0000000000000000        1.2399385741079585E-016
   450.00000000000000        0.0000000000000000        1.3411333068521019E-016
   470.00000000000000        0.0000000000000000        1.4817573990231676E-016
   490.00000000000000        0.0000000000000000        1.5052920884989262E-016
   510.00000000000000        0.0000000000000000        1.5731693148756920E-016
   530.00000000000000        0.0000000000000000        1.5731308110402711E-016
   550.00000000000000        0.0000000000000000        1.7683371231360819E-016
   570.00000000000000        0.0000000000000000        1.9315265672954732E-016
   590.00000000000000        0.0000000000000000        1.9622392808259497E-016
   610.00000000000000        0.0000000000000000        1.8626835109532959E-016
   630.00000000000000        0.0000000000000000        1.8976627969578881E-016
   650.00000000000000        0.0000000000000000        1.9607456527098091E-016
   670.00000000000000        0.0000000000000000        1.8821444201132502E-016
   690.00000000000000        0.0000000000000000        1.9568709338970308E-016
   710.00000000000000        0.0000000000000000        1.9059429294981105E-016
   730.00000000000000        0.0000000000000000        1.9296664402100175E-016
   750.00000000000000        0.0000000000000000        1.8409341421385184E-016
   770.00000000000000        0.0000000000000000        1.7873415806983559E-016
   790.00000000000000        0.0000000000000000        1.7506045216290070E-016
   810.00000000000000        0.0000000000000000        1.6387402789269977E-016
   830.00000000000000        0.0000000000000000        1.6810701620791748E-016
   850.00000000000000        0.0000000000000000        1.6766381977632608E-016
   870.00000000000000        0.0000000000000000        1.6628044936241750E-016
   890.00000000000000        0.0000000000000000        1.5217484645437695E-016
   910.00000000000000        0.0000000000000000        1.4248450131429034E-016
   930.00000000000000        0.0000000000000000        1.2463730698434569E-016
   950.00000000000000        0.0000000000000000        1.1763511347489402E-016
   970.00000000000000        0.0000000000000000        1.1334486216718476E-016
   990.00000000000000        0.0000000000000000        1.1202302044114839E-016
   1010.0000000000000        0.0000000000000000        1.0732826282244654E-016
   1030.0000000000000        0.0000000000000000        9.6101743747090994E-017
   1050.0000000000000        0.0000000000000000        8.2979807971458793E-017
   1070.0000000000000        0.0000000000000000        7.8868348083624543E-017
   1090.0000000000000        0.0000000000000000        7.3151119876109603E-017
   1110.0000000000000        0.0000000000000000        6.7429196643878191E-017
   1130.0000000000000        0.0000000000000000        5.9227120740583595E-017
   1150.0000000000000        0.0000000000000000        5.4334956412448919E-017
   1170.0000000000000        0.0000000000000000        4.7200543017607942E-017
   1190.0000000000000        0.0000000000000000        4.3187833498767900E-017
   1210.0000000000000        0.0000000000000000        3.9708817879851440E-017
   1230.0000000000000        0.0000000000000000        3.5813073162147162E-017
   1250.0000000000000        0.0000000000000000        3.1180939401230851E-017
   1270.0000000000000        0.0000000000000000        2.6961318453101618E-017
   1290.0000000000000        0.0000000000000000        2.5172577664085052E-017
   1310.0000000000000        0.0000000000000000        2.1850020288269591E-017
   1330.0000000000000        0.0000000000000000        2.0568897163958310E-017
   1350.0000000000000        0.0000000000000000        1.6534755182117955E-017
   1370.0000000000000        0.0000000000000000        1.5249220678553973E-017
   1390.0000000000000        0.0000000000000000        1.4225869194753221E-017
   1410.0000000000000        0.0000000000000000        1.1641989647965705E-017
   1430.0000000000000        0.0000000000000000        1.0711147680932281E-017
   1450.0000000000000        0.0000000000000000        9.0736506541719940E-018
   1470.0000000000000        0.0000000000000000        8.0145500421117835E-018
   1490.0000000000000        0.0000000000000000        6.8573486504023550E-018
   1510.0000000000000        0.0000000000000000        6.3305460069446417E-018
   1530.0000000000000        0.0000000000000000        5.6114997993776139E-018
   1550.0000000000000        0.0000000000000000        4.9964859319085876E-018
   1570.0000000000000        0.0000000000000000        4.3129924649297200E-018
   1590.0000000000000        0.0000000000000000        3.9400783907001415E-018
   1610.0000000000000        0.0000000000000000        3.6486857553972347E-018
   1630.0000000000000        0.0000000000000000        3.1586579749686069E-018
   1650.0000000000000        0.0000000000000000        2.9726989970961958E-018
   1670.0000000000000        0.0000000000000000        2.4929607586482463E-018
   1690.0000000000000        0.0000000000000000        2.3097950989965269E-018
   1710.0000000000000        0.0000000000000000        2.1041774504505917E-018
   1730.0000000000000        0.0000000000000000        1.8711439600606019E-018
   1750.0000000000000        0.0000000000000000        1.7426056968200123E-018
   1770.0000000000000        0.0000000000000000        1.4813852014095251E-018
   1790.0000000000000        0.0000000000000000        1.4174564438887882E-018
   1810.0000000000000        0.0000000000000000        1.2204810087153203E-018
   1830.0000000000000        0.0000000000000000        1.1950483983452910E-018
   1850.0000000000000        0.0000000000000000        1.0979096661534982E-018
   1870.0000000000000        0.0000000000000000        9.5656366528991500E-019
   1890.0000000000000        0.0000000000000000        9.4251020843840695E-019
   1910.0000000000000        0.0000000000000000        8.3000674248543879E-019
   1930.0000000000000        0.0000000000000000        7.5635250881200729E-019
   1950.0000000000000        0.0000000000000000        7.4581386927302089E-019
   1970.0000000000000        0.0000000000000000        6.8504498468710656E-019
   1990.0000000000000        0.0000000000000000        6.0990828250542512E-019
