   10.000000000000000        0.0000000000000000        9.9008595546041942E-019
   30.000000000000000        0.0000000000000000        2.4073637078274012E-018
   50.000000000000000        0.0000000000000000        4.9400476249942283E-018
   70.000000000000000        0.0000000000000000        7.9223852662307332E-018
   90.000000000000000        0.0000000000000000        1.2668061795704081E-017
   110.00000000000000        0.0000000000000000        1.6748687782519702E-017
   130.00000000000000        0.0000000000000000        2.0684204442786530E-017
   150.00000000000000        0.0000000000000000        3.3451479801886525E-017
   170.00000000000000        0.0000000000000000        3.6890686962496199E-017
   190.00000000000000        0.0000000000000000        4.6302463735491155E-017
   210.00000000000000        0.0000000000000000        5.6565237406803203E-017
   230.00000000000000        0.0000000000000000        7.0462737017469047E-017
   250.00000000000000        0.0000000000000000        7.2638940874989726E-017
   270.00000000000000        0.0000000000000000        8.7870270884883975E-017
   290.00000000000000        0.0000000000000000        9.6695348670051410E-017
   310.00000000000000        0.0000000000000000        1.0193824718112013E-016
   330.00000000000000        0.0000000000000000        1.0271791481777642E-016
   350.00000000000000        0.0000000000000000        1.0999939100381123E-016
   370.00000000000000        0.0000000000000000        1.1786770109036354E-016
   390.00000000000000        0.0000000000000000        1.1290513057616069E-016
   410.00000000000000        0.0000000000000000        1.1404101359128401E-016
   430.00000000000000        0.0000000000000000        1.1712360528704325E-016
   450.00000000000000        0.0000000000000000        1.1529735632898300E-016
   470.00000000000000        0.0000000000000000        1.0978829435062429E-016
   490.00000000000000        0.0000000000000000        1.0050252389333504E-016
   510.00000000000000        0.0000000000000000        9.7122167872217836E-017
   530.00000000000000        0.0000000000000000        9.0029845102363993E-017
   550.00000000000000        0.0000000000000000        8.2895473975748882E-017
   570.00000000000000        0.0000000000000000        7.8157547612364060E-017
   590.00000000000000        0.0000000000000000        7.3329027653369169E-017
   610.00000000000000        0.0000000000000000        6.5539816484362141E-017
   630.00000000000000        0.0000000000000000        5.6984268182127198E-017
   650.00000000000000        0.0000000000000000        4.7977133971927049E-017
   670.00000000000000        0.0000000000000000        4.4734734447711583E-017
   690.00000000000000        0.0000000000000000        3.7617880687955446E-017
   710.00000000000000        0.0000000000000000        2.9621370054046600E-017
   730.00000000000000        0.0000000000000000        2.3781759324856875E-017
   750.00000000000000        0.0000000000000000        2.1452760335384434E-017
   770.00000000000000        0.0000000000000000        1.7074959280422982E-017
   790.00000000000000        0.0000000000000000        1.3631254286503055E-017
   810.00000000000000        0.0000000000000000        1.1432161086375868E-017
   830.00000000000000        0.0000000000000000        8.7248825220503962E-018
   850.00000000000000        0.0000000000000000        6.9375599912935658E-018
   870.00000000000000        0.0000000000000000        5.3355377771196176E-018
   890.00000000000000        0.0000000000000000        4.1566728222462315E-018
   910.00000000000000        0.0000000000000000        2.9110822988080561E-018
   930.00000000000000        0.0000000000000000        2.4363519523181800E-018
   950.00000000000000        0.0000000000000000        1.8931363923716898E-018
   970.00000000000000        0.0000000000000000        1.3302571311214723E-018
   990.00000000000000        0.0000000000000000        1.0096757554806635E-018
   1010.0000000000000        0.0000000000000000        7.8549047262885879E-019
   1030.0000000000000        0.0000000000000000        5.8129268552500713E-019
   1050.0000000000000        0.0000000000000000        4.2836314389405151E-019
   1070.0000000000000        0.0000000000000000        3.3742713997388675E-019
   1090.0000000000000        0.0000000000000000        2.5954956743899642E-019
   1110.0000000000000        0.0000000000000000        1.8958322027701835E-019
   1130.0000000000000        0.0000000000000000        1.4351765033599715E-019
   1150.0000000000000        0.0000000000000000        1.1505508156909687E-019
   1170.0000000000000        0.0000000000000000        9.2739940969661594E-020
   1190.0000000000000        0.0000000000000000        7.5097777836352237E-020
   1210.0000000000000        0.0000000000000000        6.1928566584699863E-020
   1230.0000000000000        0.0000000000000000        5.1794309063015117E-020
   1250.0000000000000        0.0000000000000000        3.9364176775356598E-020
   1270.0000000000000        0.0000000000000000        3.3277628033391606E-020
   1290.0000000000000        0.0000000000000000        2.7620060994484318E-020
   1310.0000000000000        0.0000000000000000        2.3991255857267985E-020
   1330.0000000000000        0.0000000000000000        1.9459128935298433E-020
   1350.0000000000000        0.0000000000000000        1.6154343107402404E-020
   1370.0000000000000        0.0000000000000000        1.4069262119767435E-020
   1390.0000000000000        0.0000000000000000        1.1158277412350412E-020
   1410.0000000000000        0.0000000000000000        9.4492617979897184E-021
   1430.0000000000000        0.0000000000000000        7.4940345570360285E-021
   1450.0000000000000        0.0000000000000000        6.1632527089270063E-021
   1470.0000000000000        0.0000000000000000        5.0362397132912706E-021
   1490.0000000000000        0.0000000000000000        4.0392850501777651E-021
   1510.0000000000000        0.0000000000000000        3.1868721031918057E-021
   1530.0000000000000        0.0000000000000000        2.6639916546683048E-021
   1550.0000000000000        0.0000000000000000        2.0487262731012856E-021
   1570.0000000000000        0.0000000000000000        1.5544596980399128E-021
   1590.0000000000000        0.0000000000000000        1.1850989334781860E-021
   1610.0000000000000        0.0000000000000000        9.5381881552779700E-022
   1630.0000000000000        0.0000000000000000        6.6980018878135722E-022
   1650.0000000000000        0.0000000000000000        5.0998262857169711E-022
   1670.0000000000000        0.0000000000000000        3.7057344914663748E-022
   1690.0000000000000        0.0000000000000000        2.7778033362304142E-022
   1710.0000000000000        0.0000000000000000        1.9440332083229157E-022
   1730.0000000000000        0.0000000000000000        1.5760926735724877E-022
   1750.0000000000000        0.0000000000000000        9.7817820238416113E-023
   1770.0000000000000        0.0000000000000000        7.0891557575630616E-023
   1790.0000000000000        0.0000000000000000        5.2071805961228843E-023
   1810.0000000000000        0.0000000000000000        3.3375219873725576E-023
   1830.0000000000000        0.0000000000000000        2.3699101556013111E-023
   1850.0000000000000        0.0000000000000000        1.4246518684819025E-023
   1870.0000000000000        0.0000000000000000        1.0255398055569215E-023
   1890.0000000000000        0.0000000000000000        6.5558984364717513E-024
   1910.0000000000000        0.0000000000000000        3.5951633686060962E-024
   1930.0000000000000        0.0000000000000000        3.1061037691656297E-024
   1950.0000000000000        0.0000000000000000        1.4504341928205183E-024
   1970.0000000000000        0.0000000000000000        8.1472056460106353E-025
   1990.0000000000000        0.0000000000000000        3.1323392031782017E-025
