   3.3333333333333335        3.2407418124900396E-018   0.0000000000000000     
   10.000000000000000        5.9351243040455426E-018   0.0000000000000000     
   16.666666666666668        7.3759800882986960E-018   0.0000000000000000     
   23.333333333333336        9.6597720027567390E-018   0.0000000000000000     
   30.000000000000000        1.2036740288869119E-017   0.0000000000000000     
   36.666666666666671        1.3096039726368424E-017   0.0000000000000000     
   43.333333333333336        1.6794928588259421E-017   0.0000000000000000     
   50.000000000000000        1.6222941391823190E-017   0.0000000000000000     
   56.666666666666671        1.9012591553327414E-017   0.0000000000000000     
   63.333333333333336        2.1253406930391739E-017   0.0000000000000000     
   70.000000000000000        2.4840402791657021E-017   0.0000000000000000     
   76.666666666666671        2.8868239549973470E-017   0.0000000000000000     
   83.333333333333343        3.1406385382145163E-017   0.0000000000000000     
   90.000000000000000        3.7585344464573447E-017   0.0000000000000000     
   96.666666666666671        4.6788841538298817E-017   0.0000000000000000     
   103.33333333333334        5.0850341057321990E-017   0.0000000000000000     
   110.00000000000000        5.1211022066782667E-017   0.0000000000000000     
   116.66666666666667        5.6110233523303571E-017   0.0000000000000000     
   123.33333333333334        6.7240686635150536E-017   0.0000000000000000     
   130.00000000000000        7.6196788639655970E-017   0.0000000000000000     
   136.66666666666669        7.8825183918821123E-017   0.0000000000000000     
   143.33333333333334        9.2090928870204913E-017   0.0000000000000000     
   150.00000000000000        8.9749118568889963E-017   0.0000000000000000     
   156.66666666666669        1.0888696836485205E-016   0.0000000000000000     
   163.33333333333334        1.0042085700687132E-016   0.0000000000000000     
   170.00000000000000        1.3442484426809067E-016   0.0000000000000000     
   176.66666666666669        1.2745116476531368E-016   0.0000000000000000     
   183.33333333333334        1.5750484416253709E-016   0.0000000000000000     
   190.00000000000000        1.6608551129372609E-016   0.0000000000000000     
   196.66666666666669        1.7101521327887707E-016   0.0000000000000000     
   203.33333333333334        1.9458120595703834E-016   0.0000000000000000     
   210.00000000000000        2.1325152976277164E-016   0.0000000000000000     
   216.66666666666669        2.1987685881147604E-016   0.0000000000000000     
   223.33333333333334        2.2035543913453439E-016   0.0000000000000000     
   230.00000000000000        2.2693972797185153E-016   0.0000000000000000     
   236.66666666666669        2.5551709796601188E-016   0.0000000000000000     
   243.33333333333334        2.7379430124335624E-016   0.0000000000000000     
   250.00000000000000        2.8492751445570588E-016   0.0000000000000000     
   256.66666666666669        3.5378961990224489E-016   0.0000000000000000     
   263.33333333333337        3.7506345373233178E-016   0.0000000000000000     
   270.00000000000000        3.4020535169659468E-016   0.0000000000000000     
   276.66666666666669        3.9647737895854807E-016   0.0000000000000000     
   283.33333333333337        3.9106810852293473E-016   0.0000000000000000     
   290.00000000000000        4.1627969056456777E-016   0.0000000000000000     
   296.66666666666669        4.7238906443236610E-016   0.0000000000000000     
   303.33333333333337        4.8183028956409521E-016   0.0000000000000000     
   310.00000000000000        5.2382225071425073E-016   0.0000000000000000     
   316.66666666666669        5.8479368354629423E-016   0.0000000000000000     
   323.33333333333337        5.5196542799336299E-016   0.0000000000000000     
   330.00000000000000        5.2150443957710881E-016   0.0000000000000000     
   336.66666666666669        5.6613895979174886E-016   0.0000000000000000     
   343.33333333333337        6.8522697137478916E-016   0.0000000000000000     
   350.00000000000000        6.0929865708439031E-016   0.0000000000000000     
   356.66666666666669        6.7509106308573573E-016   0.0000000000000000     
   363.33333333333337        7.4669806481175761E-016   0.0000000000000000     
   370.00000000000000        6.9910355364606483E-016   0.0000000000000000     
   376.66666666666669        7.6533917701802598E-016   0.0000000000000000     
   383.33333333333337        7.6928616527024799E-016   0.0000000000000000     
   390.00000000000000        8.6943888257700908E-016   0.0000000000000000     
   396.66666666666669        8.6982527192916066E-016   0.0000000000000000     
   403.33333333333337        9.0465063114934322E-016   0.0000000000000000     
   410.00000000000000        9.1482464089351306E-016   0.0000000000000000     
   416.66666666666669        8.0102013293718841E-016   0.0000000000000000     
   423.33333333333337        9.1256988606282656E-016   0.0000000000000000     
   430.00000000000000        9.7152822540236438E-016   0.0000000000000000     
   436.66666666666669        1.0152044296919814E-015   0.0000000000000000     
   443.33333333333337        9.7280526383662323E-016   0.0000000000000000     
   450.00000000000000        1.0807617745678515E-015   0.0000000000000000     
   456.66666666666669        1.0479594002238620E-015   0.0000000000000000     
   463.33333333333337        1.1810151281893710E-015   0.0000000000000000     
   470.00000000000000        1.0976990591847427E-015   0.0000000000000000     
   476.66666666666669        1.2127016381787634E-015   0.0000000000000000     
   483.33333333333337        1.1671594738055265E-015   0.0000000000000000     
   490.00000000000000        1.2003483307230016E-015   0.0000000000000000     
   496.66666666666669        1.2374329532791728E-015   0.0000000000000000     
   503.33333333333337        1.2373303966411015E-015   0.0000000000000000     
   510.00000000000000        1.3012220486949352E-015   0.0000000000000000     
   516.66666666666674        1.2970904004852481E-015   0.0000000000000000     
   523.33333333333337        1.2927733173708752E-015   0.0000000000000000     
   530.00000000000000        1.4248232027814204E-015   0.0000000000000000     
   536.66666666666674        1.3927219534343828E-015   0.0000000000000000     
   543.33333333333337        1.4414257203750866E-015   0.0000000000000000     
   550.00000000000000        1.3760198386869610E-015   0.0000000000000000     
   556.66666666666674        1.4569907062151190E-015   0.0000000000000000     
   563.33333333333337        1.4821484804867399E-015   0.0000000000000000     
   570.00000000000000        1.4319727437178718E-015   0.0000000000000000     
   576.66666666666674        1.4514093919703524E-015   0.0000000000000000     
   583.33333333333337        1.5086856609090218E-015   0.0000000000000000     
   590.00000000000000        1.5412241913816761E-015   0.0000000000000000     
   596.66666666666674        1.5451215054925936E-015   0.0000000000000000     
   603.33333333333337        1.6258786793108053E-015   0.0000000000000000     
   610.00000000000000        1.5476135127364373E-015   0.0000000000000000     
   616.66666666666674        1.6333061211355811E-015   0.0000000000000000     
   623.33333333333337        1.5996383976031071E-015   0.0000000000000000     
   630.00000000000000        1.5303008167615910E-015   0.0000000000000000     
   636.66666666666674        1.5980925514410495E-015   0.0000000000000000     
   643.33333333333337        1.5976535635508091E-015   0.0000000000000000     
   650.00000000000000        1.5711347794491574E-015   0.0000000000000000     
   656.66666666666674        1.8006528161206239E-015   0.0000000000000000     
   663.33333333333337        1.6187725820783047E-015   0.0000000000000000     
   670.00000000000000        1.7965902559950366E-015   0.0000000000000000     
   676.66666666666674        1.6578906412048319E-015   0.0000000000000000     
   683.33333333333337        1.6668392956515319E-015   0.0000000000000000     
   690.00000000000000        1.5998505854220710E-015   0.0000000000000000     
   696.66666666666674        1.7105131126068988E-015   0.0000000000000000     
   703.33333333333337        1.6470642511853069E-015   0.0000000000000000     
   710.00000000000000        1.7444213311953582E-015   0.0000000000000000     
   716.66666666666674        1.6793881056093067E-015   0.0000000000000000     
   723.33333333333337        1.6512090600422003E-015   0.0000000000000000     
   730.00000000000000        1.6746151402464396E-015   0.0000000000000000     
   736.66666666666674        1.6138240132212789E-015   0.0000000000000000     
   743.33333333333337        1.7270444976774004E-015   0.0000000000000000     
   750.00000000000000        1.6037685863958932E-015   0.0000000000000000     
   756.66666666666674        1.6333411844664804E-015   0.0000000000000000     
   763.33333333333337        1.7406293555035226E-015   0.0000000000000000     
   770.00000000000000        1.6143975618537257E-015   0.0000000000000000     
   776.66666666666674        1.5796120706179466E-015   0.0000000000000000     
   783.33333333333337        1.5060858124571279E-015   0.0000000000000000     
   790.00000000000000        1.6070672523400046E-015   0.0000000000000000     
   796.66666666666674        1.5644468263737149E-015   0.0000000000000000     
   803.33333333333337        1.6726404113836492E-015   0.0000000000000000     
   810.00000000000000        1.5447562354261904E-015   0.0000000000000000     
   816.66666666666674        1.6394082705590047E-015   0.0000000000000000     
   823.33333333333337        1.5115581832904875E-015   0.0000000000000000     
   830.00000000000000        1.6014816759373119E-015   0.0000000000000000     
   836.66666666666674        1.5145248510289451E-015   0.0000000000000000     
   843.33333333333337        1.4636603932806945E-015   0.0000000000000000     
   850.00000000000000        1.4986104699696733E-015   0.0000000000000000     
   856.66666666666674        1.4267441540687196E-015   0.0000000000000000     
   863.33333333333337        1.4298560864072612E-015   0.0000000000000000     
   870.00000000000000        1.4440817094698248E-015   0.0000000000000000     
   876.66666666666674        1.4048236538675477E-015   0.0000000000000000     
   883.33333333333337        1.4312394737831561E-015   0.0000000000000000     
   890.00000000000000        1.3623690749803655E-015   0.0000000000000000     
   896.66666666666674        1.3896805467516357E-015   0.0000000000000000     
   903.33333333333337        1.3322520173236688E-015   0.0000000000000000     
   910.00000000000000        1.3250148220941067E-015   0.0000000000000000     
   916.66666666666674        1.2777162143194671E-015   0.0000000000000000     
   923.33333333333337        1.3128363208759345E-015   0.0000000000000000     
   930.00000000000000        1.2155621950520950E-015   0.0000000000000000     
   936.66666666666674        1.2471687275122941E-015   0.0000000000000000     
   943.33333333333337        1.2571536882487521E-015   0.0000000000000000     
   950.00000000000000        1.1596881879420286E-015   0.0000000000000000     
   956.66666666666674        1.2262395699728114E-015   0.0000000000000000     
   963.33333333333337        1.1746984820367975E-015   0.0000000000000000     
   970.00000000000000        1.1699921248169404E-015   0.0000000000000000     
   976.66666666666674        1.0963909362718572E-015   0.0000000000000000     
   983.33333333333337        1.1064354441860850E-015   0.0000000000000000     
   990.00000000000000        1.0470475091129105E-015   0.0000000000000000     
   996.66666666666674        1.0102308794165010E-015   0.0000000000000000     
   1003.3333333333334        1.0585738090297065E-015   0.0000000000000000     
   1010.0000000000000        9.7185677292861689E-016   0.0000000000000000     
   1016.6666666666667        1.0296765608024857E-015   0.0000000000000000     
   1023.3333333333334        9.3579648248495286E-016   0.0000000000000000     
   1030.0000000000000        9.6620701984985248E-016   0.0000000000000000     
   1036.6666666666667        9.1302062236083200E-016   0.0000000000000000     
   1043.3333333333335        9.2514872318810689E-016   0.0000000000000000     
   1050.0000000000000        8.6575536467742337E-016   0.0000000000000000     
   1056.6666666666667        8.5105496998190302E-016   0.0000000000000000     
   1063.3333333333335        8.2948386747654225E-016   0.0000000000000000     
   1070.0000000000000        8.2304395030547784E-016   0.0000000000000000     
   1076.6666666666667        8.0237930335091415E-016   0.0000000000000000     
   1083.3333333333335        7.6728165634039164E-016   0.0000000000000000     
   1090.0000000000000        7.3483885564272455E-016   0.0000000000000000     
   1096.6666666666667        7.2084642032034036E-016   0.0000000000000000     
   1103.3333333333335        7.2063775328519361E-016   0.0000000000000000     
   1110.0000000000000        6.8744441261905605E-016   0.0000000000000000     
   1116.6666666666667        6.4644294821344360E-016   0.0000000000000000     
   1123.3333333333335        6.3282487075829709E-016   0.0000000000000000     
   1130.0000000000000        6.2952769553682667E-016   0.0000000000000000     
   1136.6666666666667        6.1451537134701482E-016   0.0000000000000000     
   1143.3333333333335        6.0938295126383604E-016   0.0000000000000000     
   1150.0000000000000        5.6580488572818789E-016   0.0000000000000000     
   1156.6666666666667        5.4798482205678343E-016   0.0000000000000000     
   1163.3333333333335        5.3821508617940710E-016   0.0000000000000000     
   1170.0000000000000        5.2686207104758536E-016   0.0000000000000000     
   1176.6666666666667        5.2084650707877560E-016   0.0000000000000000     
   1183.3333333333335        4.9021356567691403E-016   0.0000000000000000     
   1190.0000000000000        4.7364323183330638E-016   0.0000000000000000     
   1196.6666666666667        4.6521702686850416E-016   0.0000000000000000     
   1203.3333333333335        4.6168326588244687E-016   0.0000000000000000     
   1210.0000000000000        4.4960065887987335E-016   0.0000000000000000     
   1216.6666666666667        4.2519285645144248E-016   0.0000000000000000     
   1223.3333333333335        3.9927932543698864E-016   0.0000000000000000     
   1230.0000000000000        3.9362960050077454E-016   0.0000000000000000     
   1236.6666666666667        3.7292316271789070E-016   0.0000000000000000     
   1243.3333333333335        3.5311713552248588E-016   0.0000000000000000     
   1250.0000000000000        3.5677376151485166E-016   0.0000000000000000     
   1256.6666666666667        3.4136812756508655E-016   0.0000000000000000     
   1263.3333333333335        3.2933379103069408E-016   0.0000000000000000     
   1270.0000000000000        3.2718849813642253E-016   0.0000000000000000     
   1276.6666666666667        3.2681617905517656E-016   0.0000000000000000     
   1283.3333333333335        2.9107653690664991E-016   0.0000000000000000     
   1290.0000000000000        2.8820961610711631E-016   0.0000000000000000     
   1296.6666666666667        2.7069984584337639E-016   0.0000000000000000     
   1303.3333333333335        2.6805855031058048E-016   0.0000000000000000     
   1310.0000000000000        2.5777718194960054E-016   0.0000000000000000     
   1316.6666666666667        2.5988244406373067E-016   0.0000000000000000     
   1323.3333333333335        2.4007482651124918E-016   0.0000000000000000     
   1330.0000000000000        2.2825533006255197E-016   0.0000000000000000     
   1336.6666666666667        2.2012974166822801E-016   0.0000000000000000     
   1343.3333333333335        2.1522879399676081E-016   0.0000000000000000     
   1350.0000000000000        2.0615574787988147E-016   0.0000000000000000     
   1356.6666666666667        1.9172743251840297E-016   0.0000000000000000     
   1363.3333333333335        1.9255284052090157E-016   0.0000000000000000     
   1370.0000000000000        1.8150187005017217E-016   0.0000000000000000     
   1376.6666666666667        1.8436411209021422E-016   0.0000000000000000     
   1383.3333333333335        1.7072024530228218E-016   0.0000000000000000     
   1390.0000000000000        1.6923818277380321E-016   0.0000000000000000     
   1396.6666666666667        1.5975947667563427E-016   0.0000000000000000     
   1403.3333333333335        1.4857623672961087E-016   0.0000000000000000     
   1410.0000000000000        1.5162474570941218E-016   0.0000000000000000     
   1416.6666666666667        1.4423803936721450E-016   0.0000000000000000     
   1423.3333333333335        1.3562882778799940E-016   0.0000000000000000     
   1430.0000000000000        1.3147454362654597E-016   0.0000000000000000     
   1436.6666666666667        1.2978788635816232E-016   0.0000000000000000     
   1443.3333333333335        1.2561015936488957E-016   0.0000000000000000     
   1450.0000000000000        1.2221525242674387E-016   0.0000000000000000     
   1456.6666666666667        1.1580221196044473E-016   0.0000000000000000     
   1463.3333333333335        1.1186531683745176E-016   0.0000000000000000     
   1470.0000000000000        1.0635437584452117E-016   0.0000000000000000     
   1476.6666666666667        1.0263817585753551E-016   0.0000000000000000     
   1483.3333333333335        9.9590672004791491E-017   0.0000000000000000     
   1490.0000000000000        9.6994434365994181E-017   0.0000000000000000     
   1496.6666666666667        9.2417786460852497E-017   0.0000000000000000     
   1503.3333333333335        8.8421335208719933E-017   0.0000000000000000     
   1510.0000000000000        8.9557600930102514E-017   0.0000000000000000     
   1516.6666666666667        8.4038936865325213E-017   0.0000000000000000     
   1523.3333333333335        7.9358561526746454E-017   0.0000000000000000     
   1530.0000000000000        7.7424045159433542E-017   0.0000000000000000     
   1536.6666666666667        7.4845858485971489E-017   0.0000000000000000     
   1543.3333333333335        7.3172362770318037E-017   0.0000000000000000     
   1550.0000000000000        6.8234286326263220E-017   0.0000000000000000     
   1556.6666666666667        6.4638454705456294E-017   0.0000000000000000     
   1563.3333333333335        6.4466819190366091E-017   0.0000000000000000     
   1570.0000000000000        6.2580303255462993E-017   0.0000000000000000     
   1576.6666666666667        6.0569570376929704E-017   0.0000000000000000     
   1583.3333333333335        5.8228589568091253E-017   0.0000000000000000     
   1590.0000000000000        5.7882524463230202E-017   0.0000000000000000     
   1596.6666666666667        5.5308531297236854E-017   0.0000000000000000     
   1603.3333333333335        5.3103394471647899E-017   0.0000000000000000     
   1610.0000000000000        5.0230190766037059E-017   0.0000000000000000     
   1616.6666666666667        5.0168809893382431E-017   0.0000000000000000     
   1623.3333333333335        4.8324369170865457E-017   0.0000000000000000     
   1630.0000000000000        4.5280486469773503E-017   0.0000000000000000     
   1636.6666666666667        4.5017534980108406E-017   0.0000000000000000     
   1643.3333333333335        4.2296952679295664E-017   0.0000000000000000     
   1650.0000000000000        4.2618137314192928E-017   0.0000000000000000     
   1656.6666666666667        4.2570697979493483E-017   0.0000000000000000     
   1663.3333333333335        4.0714965692737501E-017   0.0000000000000000     
   1670.0000000000000        3.8925378971574220E-017   0.0000000000000000     
   1676.6666666666667        3.9424900847228354E-017   0.0000000000000000     
   1683.3333333333335        3.6455726146732725E-017   0.0000000000000000     
   1690.0000000000000        3.5824293584194466E-017   0.0000000000000000     
   1696.6666666666667        3.5058473228728134E-017   0.0000000000000000     
   1703.3333333333335        3.4234572870608221E-017   0.0000000000000000     
   1710.0000000000000        3.2976268424641779E-017   0.0000000000000000     
   1716.6666666666667        3.2742594822938103E-017   0.0000000000000000     
   1723.3333333333335        3.0989473481050467E-017   0.0000000000000000     
   1730.0000000000000        3.0046863506474787E-017   0.0000000000000000     
   1736.6666666666667        2.9572007909996917E-017   0.0000000000000000     
   1743.3333333333335        2.8183303241026524E-017   0.0000000000000000     
   1750.0000000000000        2.8436002506367462E-017   0.0000000000000000     
   1756.6666666666667        2.6750455281795834E-017   0.0000000000000000     
   1763.3333333333335        2.6555405779367693E-017   0.0000000000000000     
   1770.0000000000000        2.5649963593514089E-017   0.0000000000000000     
   1776.6666666666667        2.5570426826290978E-017   0.0000000000000000     
   1783.3333333333335        2.4897903848569236E-017   0.0000000000000000     
   1790.0000000000000        2.3984136460414889E-017   0.0000000000000000     
   1796.6666666666667        2.3443328833265021E-017   0.0000000000000000     
   1803.3333333333335        2.2822701885854144E-017   0.0000000000000000     
   1810.0000000000000        2.2274789218607595E-017   0.0000000000000000     
   1816.6666666666667        2.1957644794922708E-017   0.0000000000000000     
   1823.3333333333335        2.1700074438324212E-017   0.0000000000000000     
   1830.0000000000000        2.0824033604136087E-017   0.0000000000000000     
   1836.6666666666667        2.1168180295944267E-017   0.0000000000000000     
   1843.3333333333335        1.9971364656982942E-017   0.0000000000000000     
   1850.0000000000000        1.9889956071223081E-017   0.0000000000000000     
   1856.6666666666667        1.9028033330114668E-017   0.0000000000000000     
   1863.3333333333335        1.8394231328912934E-017   0.0000000000000000     
   1870.0000000000000        1.7779914961945244E-017   0.0000000000000000     
   1876.6666666666667        1.8432110734131730E-017   0.0000000000000000     
   1883.3333333333335        1.7404259155400538E-017   0.0000000000000000     
   1890.0000000000000        1.6909163223556020E-017   0.0000000000000000     
   1896.6666666666667        1.7040894277367266E-017   0.0000000000000000     
   1903.3333333333335        1.6549699690166560E-017   0.0000000000000000     
   1910.0000000000000        1.5941222084396122E-017   0.0000000000000000     
   1916.6666666666667        1.5393460133908022E-017   0.0000000000000000     
   1923.3333333333335        1.5446897940301550E-017   0.0000000000000000     
   1930.0000000000000        1.5319554894910503E-017   0.0000000000000000     
   1936.6666666666667        1.4701336646776916E-017   0.0000000000000000     
   1943.3333333333335        1.4725255600171165E-017   0.0000000000000000     
   1950.0000000000000        1.4536308860843052E-017   0.0000000000000000     
   1956.6666666666667        1.3748739803664346E-017   0.0000000000000000     
   1963.3333333333335        1.4014272133840267E-017   0.0000000000000000     
   1970.0000000000000        1.3273769452157065E-017   0.0000000000000000     
   1976.6666666666667        1.3217289030777047E-017   0.0000000000000000     
   1983.3333333333335        1.2806062404944029E-017   0.0000000000000000     
   1990.0000000000000        1.2341660757229425E-017   0.0000000000000000     
   1996.6666666666667        1.2361739844821968E-017   0.0000000000000000     
