   3.3333333333333335        3.1414008116335443E-018   0.0000000000000000     
   10.000000000000000        5.7876261736650885E-018   0.0000000000000000     
   16.666666666666668        7.1939680955514680E-018   0.0000000000000000     
   23.333333333333336        9.4338985074545756E-018   0.0000000000000000     
   30.000000000000000        1.1756386208117473E-017   0.0000000000000000     
   36.666666666666671        1.2822935508013420E-017   0.0000000000000000     
   43.333333333333336        1.6497511305344597E-017   0.0000000000000000     
   50.000000000000000        1.5881766795546402E-017   0.0000000000000000     
   56.666666666666671        1.8688274691763760E-017   0.0000000000000000     
   63.333333333333336        2.0906206245415772E-017   0.0000000000000000     
   70.000000000000000        2.4401167851678631E-017   0.0000000000000000     
   76.666666666666671        2.8393275972452368E-017   0.0000000000000000     
   83.333333333333343        3.0864421075439968E-017   0.0000000000000000     
   90.000000000000000        3.7019524314550052E-017   0.0000000000000000     
   96.666666666666671        4.6065335302060268E-017   0.0000000000000000     
   103.33333333333334        5.0135206971253720E-017   0.0000000000000000     
   110.00000000000000        5.0366161240354173E-017   0.0000000000000000     
   116.66666666666667        5.5241020846277339E-017   0.0000000000000000     
   123.33333333333334        6.6243984777789459E-017   0.0000000000000000     
   130.00000000000000        7.5071089703188490E-017   0.0000000000000000     
   136.66666666666669        7.7678919714964165E-017   0.0000000000000000     
   143.33333333333334        9.0671272530555709E-017   0.0000000000000000     
   150.00000000000000        8.8273928311412070E-017   0.0000000000000000     
   156.66666666666669        1.0717656871742464E-016   0.0000000000000000     
   163.33333333333334        9.8756799264695415E-017   0.0000000000000000     
   170.00000000000000        1.3225579657756048E-016   0.0000000000000000     
   176.66666666666669        1.2530572298704178E-016   0.0000000000000000     
   183.33333333333334        1.5496146266395480E-016   0.0000000000000000     
   190.00000000000000        1.6332989777705320E-016   0.0000000000000000     
   196.66666666666669        1.6782933468554683E-016   0.0000000000000000     
   203.33333333333334        1.9107818829763405E-016   0.0000000000000000     
   210.00000000000000        2.0908382035925587E-016   0.0000000000000000     
   216.66666666666669        2.1594431705474930E-016   0.0000000000000000     
   223.33333333333334        2.1589999577572126E-016   0.0000000000000000     
   230.00000000000000        2.2221382850393201E-016   0.0000000000000000     
   236.66666666666669        2.5036239658525243E-016   0.0000000000000000     
   243.33333333333334        2.6808251714012185E-016   0.0000000000000000     
   250.00000000000000        2.7847873737147969E-016   0.0000000000000000     
   256.66666666666669        3.4584276338008918E-016   0.0000000000000000     
   263.33333333333337        3.6666210656815637E-016   0.0000000000000000     
   270.00000000000000        3.3189403324985663E-016   0.0000000000000000     
   276.66666666666669        3.8699650925118795E-016   0.0000000000000000     
   283.33333333333337        3.8068756849638662E-016   0.0000000000000000     
   290.00000000000000        4.0533224717887204E-016   0.0000000000000000     
   296.66666666666669        4.6027831348056955E-016   0.0000000000000000     
   303.33333333333337        4.6852662101272618E-016   0.0000000000000000     
   310.00000000000000        5.0938196259974539E-016   0.0000000000000000     
   316.66666666666669        5.6839140906291400E-016   0.0000000000000000     
   323.33333333333337        5.3514651337665202E-016   0.0000000000000000     
   330.00000000000000        5.0534559153158895E-016   0.0000000000000000     
   336.66666666666669        5.4791287540445356E-016   0.0000000000000000     
   343.33333333333337        6.6315384248455493E-016   0.0000000000000000     
   350.00000000000000        5.8832806187701908E-016   0.0000000000000000     
   356.66666666666669        6.5239168755292185E-016   0.0000000000000000     
   363.33333333333337        7.2059090186745383E-016   0.0000000000000000     
   370.00000000000000        6.7330771170443862E-016   0.0000000000000000     
   376.66666666666669        7.3657707170347528E-016   0.0000000000000000     
   383.33333333333337        7.3937022649546963E-016   0.0000000000000000     
   390.00000000000000        8.3502329075279035E-016   0.0000000000000000     
   396.66666666666669        8.3465537881355476E-016   0.0000000000000000     
   403.33333333333337        8.6715463890896114E-016   0.0000000000000000     
   410.00000000000000        8.7531616678377286E-016   0.0000000000000000     
   416.66666666666669        7.6442648539615068E-016   0.0000000000000000     
   423.33333333333337        8.7094250598528742E-016   0.0000000000000000     
   430.00000000000000        9.2618766092356935E-016   0.0000000000000000     
   436.66666666666669        9.6654960686595558E-016   0.0000000000000000     
   443.33333333333337        9.2488145933903247E-016   0.0000000000000000     
   450.00000000000000        1.0268690666034754E-015   0.0000000000000000     
   456.66666666666669        9.9358548058909042E-016   0.0000000000000000     
   463.33333333333337        1.1193605643019934E-015   0.0000000000000000     
   470.00000000000000        1.0385775162872073E-015   0.0000000000000000     
   476.66666666666669        1.1457359851472005E-015   0.0000000000000000     
   483.33333333333337        1.1014196574596599E-015   0.0000000000000000     
   490.00000000000000        1.1319161773236473E-015   0.0000000000000000     
   496.66666666666669        1.1638869282845776E-015   0.0000000000000000     
   503.33333333333337        1.1624818545635836E-015   0.0000000000000000     
   510.00000000000000        1.2194982143065586E-015   0.0000000000000000     
   516.66666666666674        1.2160087247149128E-015   0.0000000000000000     
   523.33333333333337        1.2084576074001002E-015   0.0000000000000000     
   530.00000000000000        1.3316769684716746E-015   0.0000000000000000     
   536.66666666666674        1.2986188666095695E-015   0.0000000000000000     
   543.33333333333337        1.3425543375004760E-015   0.0000000000000000     
   550.00000000000000        1.2787969029164459E-015   0.0000000000000000     
   556.66666666666674        1.3517906167913395E-015   0.0000000000000000     
   563.33333333333337        1.3734075367307326E-015   0.0000000000000000     
   570.00000000000000        1.3242592343608488E-015   0.0000000000000000     
   576.66666666666674        1.3388158203422231E-015   0.0000000000000000     
   583.33333333333337        1.3888615118846875E-015   0.0000000000000000     
   590.00000000000000        1.4181565914711863E-015   0.0000000000000000     
   596.66666666666674        1.4188040055936651E-015   0.0000000000000000     
   603.33333333333337        1.4923009684967589E-015   0.0000000000000000     
   610.00000000000000        1.4158340286433167E-015   0.0000000000000000     
   616.66666666666674        1.4920297147277528E-015   0.0000000000000000     
   623.33333333333337        1.4576657560608326E-015   0.0000000000000000     
   630.00000000000000        1.3929044426438289E-015   0.0000000000000000     
   636.66666666666674        1.4524683536088844E-015   0.0000000000000000     
   643.33333333333337        1.4489338007151320E-015   0.0000000000000000     
   650.00000000000000        1.4213456819090407E-015   0.0000000000000000     
   656.66666666666674        1.6292812316412408E-015   0.0000000000000000     
   663.33333333333337        1.4600327718705798E-015   0.0000000000000000     
   670.00000000000000        1.6166112285482384E-015   0.0000000000000000     
   676.66666666666674        1.4893358438861722E-015   0.0000000000000000     
   683.33333333333337        1.4961078648848050E-015   0.0000000000000000     
   690.00000000000000        1.4303282306558263E-015   0.0000000000000000     
   696.66666666666674        1.5281552103987170E-015   0.0000000000000000     
   703.33333333333337        1.4677765367939746E-015   0.0000000000000000     
   710.00000000000000        1.5509067325780899E-015   0.0000000000000000     
   716.66666666666674        1.4894902556132812E-015   0.0000000000000000     
   723.33333333333337        1.4626932246024205E-015   0.0000000000000000     
   730.00000000000000        1.4807195882667336E-015   0.0000000000000000     
   736.66666666666674        1.4214917024436253E-015   0.0000000000000000     
   743.33333333333337        1.5225270374121468E-015   0.0000000000000000     
   750.00000000000000        1.4086658680185218E-015   0.0000000000000000     
   756.66666666666674        1.4304852915336209E-015   0.0000000000000000     
   763.33333333333337        1.5234722856720257E-015   0.0000000000000000     
   770.00000000000000        1.4098594266375223E-015   0.0000000000000000     
   776.66666666666674        1.3739506003315480E-015   0.0000000000000000     
   783.33333333333337        1.3080969340934839E-015   0.0000000000000000     
   790.00000000000000        1.3930959116843973E-015   0.0000000000000000     
   796.66666666666674        1.3519666713747705E-015   0.0000000000000000     
   803.33333333333337        1.4442410873051537E-015   0.0000000000000000     
   810.00000000000000        1.3309826067871960E-015   0.0000000000000000     
   816.66666666666674        1.4093608235063873E-015   0.0000000000000000     
   823.33333333333337        1.2964179179563297E-015   0.0000000000000000     
   830.00000000000000        1.3719693313286360E-015   0.0000000000000000     
   836.66666666666674        1.2933716725577744E-015   0.0000000000000000     
   843.33333333333337        1.2469233090089353E-015   0.0000000000000000     
   850.00000000000000        1.2730582926727555E-015   0.0000000000000000     
   856.66666666666674        1.2110421861730218E-015   0.0000000000000000     
   863.33333333333337        1.2100174617032702E-015   0.0000000000000000     
   870.00000000000000        1.2191623726559502E-015   0.0000000000000000     
   876.66666666666674        1.1838976439713615E-015   0.0000000000000000     
   883.33333333333337        1.2019873167092337E-015   0.0000000000000000     
   890.00000000000000        1.1414946322848375E-015   0.0000000000000000     
   896.66666666666674        1.1602219283931761E-015   0.0000000000000000     
   903.33333333333337        1.1116020314771186E-015   0.0000000000000000     
   910.00000000000000        1.1023948715838342E-015   0.0000000000000000     
   916.66666666666674        1.0617536109140398E-015   0.0000000000000000     
   923.33333333333337        1.0883804438895139E-015   0.0000000000000000     
   930.00000000000000        1.0052480861095373E-015   0.0000000000000000     
   936.66666666666674        1.0291022269890074E-015   0.0000000000000000     
   943.33333333333337        1.0343096392877388E-015   0.0000000000000000     
   950.00000000000000        9.5176501768972084E-016   0.0000000000000000     
   956.66666666666674        1.0047228696792819E-015   0.0000000000000000     
   963.33333333333337        9.5928839863757248E-016   0.0000000000000000     
   970.00000000000000        9.5532280976453409E-016   0.0000000000000000     
   976.66666666666674        8.9204550813336458E-016   0.0000000000000000     
   983.33333333333337        8.9831376803649593E-016   0.0000000000000000     
   990.00000000000000        8.4742858971759569E-016   0.0000000000000000     
   996.66666666666674        8.1536275376626917E-016   0.0000000000000000     
   1003.3333333333334        8.5422359254135391E-016   0.0000000000000000     
   1010.0000000000000        7.8125971138873741E-016   0.0000000000000000     
   1016.6666666666667        8.2578473806535257E-016   0.0000000000000000     
   1023.3333333333334        7.4886601858557161E-016   0.0000000000000000     
   1030.0000000000000        7.7094297444554331E-016   0.0000000000000000     
   1036.6666666666667        7.2680103578217660E-016   0.0000000000000000     
   1043.3333333333335        7.3497597046260115E-016   0.0000000000000000     
   1050.0000000000000        6.8514338163734472E-016   0.0000000000000000     
   1056.6666666666667        6.7284928395584113E-016   0.0000000000000000     
   1063.3333333333335        6.5498648606300808E-016   0.0000000000000000     
   1070.0000000000000        6.4767043465726247E-016   0.0000000000000000     
   1076.6666666666667        6.2925428752215776E-016   0.0000000000000000     
   1083.3333333333335        6.0059862789518765E-016   0.0000000000000000     
   1090.0000000000000        5.7420763501838613E-016   0.0000000000000000     
   1096.6666666666667        5.6238882008337024E-016   0.0000000000000000     
   1103.3333333333335        5.6030685414072695E-016   0.0000000000000000     
   1110.0000000000000        5.3427390813028220E-016   0.0000000000000000     
   1116.6666666666667        4.9958100672212126E-016   0.0000000000000000     
   1123.3333333333335        4.8879589620567393E-016   0.0000000000000000     
   1130.0000000000000        4.8472108027060495E-016   0.0000000000000000     
   1136.6666666666667        4.7172627226155856E-016   0.0000000000000000     
   1143.3333333333335        4.6657696231938471E-016   0.0000000000000000     
   1150.0000000000000        4.3236824137465717E-016   0.0000000000000000     
   1156.6666666666667        4.1774476965451569E-016   0.0000000000000000     
   1163.3333333333335        4.0956066305483814E-016   0.0000000000000000     
   1170.0000000000000        3.9986868471858592E-016   0.0000000000000000     
   1176.6666666666667        3.9406948784638119E-016   0.0000000000000000     
   1183.3333333333335        3.6946478121484636E-016   0.0000000000000000     
   1190.0000000000000        3.5688290598003870E-016   0.0000000000000000     
   1196.6666666666667        3.4966503306240520E-016   0.0000000000000000     
   1203.3333333333335        3.4590784779757379E-016   0.0000000000000000     
   1210.0000000000000        3.3616871099310033E-016   0.0000000000000000     
   1216.6666666666667        3.1721299720684552E-016   0.0000000000000000     
   1223.3333333333335        2.9680247150029946E-016   0.0000000000000000     
   1230.0000000000000        2.9248515255659715E-016   0.0000000000000000     
   1236.6666666666667        2.7575249045014562E-016   0.0000000000000000     
   1243.3333333333335        2.6054659511151341E-016   0.0000000000000000     
   1250.0000000000000        2.6307524883166500E-016   0.0000000000000000     
   1256.6666666666667        2.5088851801153778E-016   0.0000000000000000     
   1263.3333333333335        2.4145736291721188E-016   0.0000000000000000     
   1270.0000000000000        2.3936649864119761E-016   0.0000000000000000     
   1276.6666666666667        2.3875045659687161E-016   0.0000000000000000     
   1283.3333333333335        2.1209205906040546E-016   0.0000000000000000     
   1290.0000000000000        2.0930505636266558E-016   0.0000000000000000     
   1296.6666666666667        1.9613863483456462E-016   0.0000000000000000     
   1303.3333333333335        1.9371287032229856E-016   0.0000000000000000     
   1310.0000000000000        1.8580273955292569E-016   0.0000000000000000     
   1316.6666666666667        1.8659882720439989E-016   0.0000000000000000     
   1323.3333333333335        1.7189875308975835E-016   0.0000000000000000     
   1330.0000000000000        1.6308302304741139E-016   0.0000000000000000     
   1336.6666666666667        1.5703917695355115E-016   0.0000000000000000     
   1343.3333333333335        1.5304828521213728E-016   0.0000000000000000     
   1350.0000000000000        1.4597021766189555E-016   0.0000000000000000     
   1356.6666666666667        1.3599147465814417E-016   0.0000000000000000     
   1363.3333333333335        1.3604716859152916E-016   0.0000000000000000     
   1370.0000000000000        1.2768494357000064E-016   0.0000000000000000     
   1376.6666666666667        1.2957893201783707E-016   0.0000000000000000     
   1383.3333333333335        1.1963566255502172E-016   0.0000000000000000     
   1390.0000000000000        1.1834493143431071E-016   0.0000000000000000     
   1396.6666666666667        1.1128166595053576E-016   0.0000000000000000     
   1403.3333333333335        1.0332074305057706E-016   0.0000000000000000     
   1410.0000000000000        1.0520813540381028E-016   0.0000000000000000     
   1416.6666666666667        9.9779646824838264E-017   0.0000000000000000     
   1423.3333333333335        9.3469989410271680E-017   0.0000000000000000     
   1430.0000000000000        9.0670116589952131E-017   0.0000000000000000     
   1436.6666666666667        8.9165981056145529E-017   0.0000000000000000     
   1443.3333333333335        8.6098008769880907E-017   0.0000000000000000     
   1450.0000000000000        8.3346348088052250E-017   0.0000000000000000     
   1456.6666666666667        7.8883706401441619E-017   0.0000000000000000     
   1463.3333333333335        7.5799408155005042E-017   0.0000000000000000     
   1470.0000000000000        7.2138244677005988E-017   0.0000000000000000     
   1476.6666666666667        6.9398166284362178E-017   0.0000000000000000     
   1483.3333333333335        6.7168529005384322E-017   0.0000000000000000     
   1490.0000000000000        6.5188029953767761E-017   0.0000000000000000     
   1496.6666666666667        6.1952950851093057E-017   0.0000000000000000     
   1503.3333333333335        5.9057608767545614E-017   0.0000000000000000     
   1510.0000000000000        5.9673735870015387E-017   0.0000000000000000     
   1516.6666666666667        5.5851475625041135E-017   0.0000000000000000     
   1523.3333333333335        5.2537487153287659E-017   0.0000000000000000     
   1530.0000000000000        5.1219233857267845E-017   0.0000000000000000     
   1536.6666666666667        4.9346011636155191E-017   0.0000000000000000     
   1543.3333333333335        4.8101019838867114E-017   0.0000000000000000     
   1550.0000000000000        4.4738200137222094E-017   0.0000000000000000     
   1556.6666666666667        4.2295094692596781E-017   0.0000000000000000     
   1563.3333333333335        4.2091237665071785E-017   0.0000000000000000     
   1570.0000000000000        4.0705178503391973E-017   0.0000000000000000     
   1576.6666666666667        3.9349273341301552E-017   0.0000000000000000     
   1583.3333333333335        3.7608119720890333E-017   0.0000000000000000     
   1590.0000000000000        3.7377571353634182E-017   0.0000000000000000     
   1596.6666666666667        3.5577929480504698E-017   0.0000000000000000     
   1603.3333333333335        3.4082826002060019E-017   0.0000000000000000     
   1610.0000000000000        3.2113273298312028E-017   0.0000000000000000     
   1616.6666666666667        3.2000476025244465E-017   0.0000000000000000     
   1623.3333333333335        3.0777749310147495E-017   0.0000000000000000     
   1630.0000000000000        2.8665578123419622E-017   0.0000000000000000     
   1636.6666666666667        2.8463514214263853E-017   0.0000000000000000     
   1643.3333333333335        2.6647992295561960E-017   0.0000000000000000     
   1650.0000000000000        2.6843196970898288E-017   0.0000000000000000     
   1656.6666666666667        2.6758353763701371E-017   0.0000000000000000     
   1663.3333333333335        2.5517356345544440E-017   0.0000000000000000     
   1670.0000000000000        2.4327573805695554E-017   0.0000000000000000     
   1676.6666666666667        2.4581301380051667E-017   0.0000000000000000     
   1683.3333333333335        2.2683909968092966E-017   0.0000000000000000     
   1690.0000000000000        2.2165008464319487E-017   0.0000000000000000     
   1696.6666666666667        2.1692988496841127E-017   0.0000000000000000     
   1703.3333333333335        2.1112096572959394E-017   0.0000000000000000     
   1710.0000000000000        2.0280071918671829E-017   0.0000000000000000     
   1716.6666666666667        2.0089239152045224E-017   0.0000000000000000     
   1723.3333333333335        1.8961333244406548E-017   0.0000000000000000     
   1730.0000000000000        1.8329494331713380E-017   0.0000000000000000     
   1736.6666666666667        1.8041379374800367E-017   0.0000000000000000     
   1743.3333333333335        1.7116099007768212E-017   0.0000000000000000     
   1750.0000000000000        1.7253771437917362E-017   0.0000000000000000     
   1756.6666666666667        1.6176499401446146E-017   0.0000000000000000     
   1763.3333333333335        1.6037073892929370E-017   0.0000000000000000     
   1770.0000000000000        1.5440976358016361E-017   0.0000000000000000     
   1776.6666666666667        1.5357732473917491E-017   0.0000000000000000     
   1783.3333333333335        1.4928802445560182E-017   0.0000000000000000     
   1790.0000000000000        1.4330236306535517E-017   0.0000000000000000     
   1796.6666666666667        1.3992471903449358E-017   0.0000000000000000     
   1803.3333333333335        1.3578964421129538E-017   0.0000000000000000     
   1810.0000000000000        1.3231779307332134E-017   0.0000000000000000     
   1816.6666666666667        1.3021731171389619E-017   0.0000000000000000     
   1823.3333333333335        1.2864956576578847E-017   0.0000000000000000     
   1830.0000000000000        1.2295993070692253E-017   0.0000000000000000     
   1836.6666666666667        1.2482996905533594E-017   0.0000000000000000     
   1843.3333333333335        1.1745147256533172E-017   0.0000000000000000     
   1850.0000000000000        1.1671213780226046E-017   0.0000000000000000     
   1856.6666666666667        1.1136616799558182E-017   0.0000000000000000     
   1863.3333333333335        1.0748372715926299E-017   0.0000000000000000     
   1870.0000000000000        1.0374755406288795E-017   0.0000000000000000     
   1876.6666666666667        1.0730428298928067E-017   0.0000000000000000     
   1883.3333333333335        1.0118022573501644E-017   0.0000000000000000     
   1890.0000000000000        9.8160412931813087E-018   0.0000000000000000     
   1896.6666666666667        9.8759298044658000E-018   0.0000000000000000     
   1903.3333333333335        9.5840681458236931E-018   0.0000000000000000     
   1910.0000000000000        9.2009123262446290E-018   0.0000000000000000     
   1916.6666666666667        8.8781639394074337E-018   0.0000000000000000     
   1923.3333333333335        8.9013286500910052E-018   0.0000000000000000     
   1930.0000000000000        8.8138971814679438E-018   0.0000000000000000     
   1936.6666666666667        8.4323303547092986E-018   0.0000000000000000     
   1943.3333333333335        8.4512070086097833E-018   0.0000000000000000     
   1950.0000000000000        8.3276938630071091E-018   0.0000000000000000     
   1956.6666666666667        7.8611533336467393E-018   0.0000000000000000     
   1963.3333333333335        7.9958450757462344E-018   0.0000000000000000     
   1970.0000000000000        7.5727713272448400E-018   0.0000000000000000     
   1976.6666666666667        7.5350519573215893E-018   0.0000000000000000     
   1983.3333333333335        7.2893759253424336E-018   0.0000000000000000     
   1990.0000000000000        7.0040182288856292E-018   0.0000000000000000     
   1996.6666666666667        7.0096202661111572E-018   0.0000000000000000     
