   3.3333333333333335        4.4569621424362161E-018   0.0000000000000000     
   10.000000000000000        9.8862364073625591E-018   0.0000000000000000     
   16.666666666666668        1.5476946807791336E-017   0.0000000000000000     
   23.333333333333336        2.0938429180696780E-017   0.0000000000000000     
   30.000000000000000        2.6363964033730578E-017   0.0000000000000000     
   36.666666666666671        3.7106216045545204E-017   0.0000000000000000     
   43.333333333333336        4.5756981048080239E-017   0.0000000000000000     
   50.000000000000000        4.9715740355041543E-017   0.0000000000000000     
   56.666666666666671        6.0406432333140714E-017   0.0000000000000000     
   63.333333333333336        7.4013081395358253E-017   0.0000000000000000     
   70.000000000000000        9.2765697776976767E-017   0.0000000000000000     
   76.666666666666671        1.0734505923785255E-016   0.0000000000000000     
   83.333333333333343        1.1681392576120791E-016   0.0000000000000000     
   90.000000000000000        1.3554302307087640E-016   0.0000000000000000     
   96.666666666666671        1.5826717747184405E-016   0.0000000000000000     
   103.33333333333334        1.7086457883560942E-016   0.0000000000000000     
   110.00000000000000        1.8552805670493518E-016   0.0000000000000000     
   116.66666666666667        2.0887942667949629E-016   0.0000000000000000     
   123.33333333333334        2.2252752437391299E-016   0.0000000000000000     
   130.00000000000000        2.6488231171428636E-016   0.0000000000000000     
   136.66666666666669        2.9726061751666021E-016   0.0000000000000000     
   143.33333333333334        2.9571564287747847E-016   0.0000000000000000     
   150.00000000000000        3.1044876849039842E-016   0.0000000000000000     
   156.66666666666669        3.4575224611627110E-016   0.0000000000000000     
   163.33333333333334        3.7866387369732003E-016   0.0000000000000000     
   170.00000000000000        4.0654977030589266E-016   0.0000000000000000     
   176.66666666666669        4.6096526349285811E-016   0.0000000000000000     
   183.33333333333334        4.5633108009894087E-016   0.0000000000000000     
   190.00000000000000        4.6810558943310999E-016   0.0000000000000000     
   196.66666666666669        5.2282160673152828E-016   0.0000000000000000     
   203.33333333333334        5.3538553472444292E-016   0.0000000000000000     
   210.00000000000000        5.8108244544895920E-016   0.0000000000000000     
   216.66666666666669        5.4525933124800096E-016   0.0000000000000000     
   223.33333333333334        6.0964973857687087E-016   0.0000000000000000     
   230.00000000000000        6.0405161951541204E-016   0.0000000000000000     
   236.66666666666669        6.6076450212735117E-016   0.0000000000000000     
   243.33333333333334        6.5667488395731461E-016   0.0000000000000000     
   250.00000000000000        6.6750473621446471E-016   0.0000000000000000     
   256.66666666666669        7.2548583277095059E-016   0.0000000000000000     
   263.33333333333337        7.2969275805030801E-016   0.0000000000000000     
   270.00000000000000        7.4776510666679674E-016   0.0000000000000000     
   276.66666666666669        7.6404596739099885E-016   0.0000000000000000     
   283.33333333333337        7.7850448147947482E-016   0.0000000000000000     
   290.00000000000000        7.7427219660611169E-016   0.0000000000000000     
   296.66666666666669        7.6848397104477585E-016   0.0000000000000000     
   303.33333333333337        7.9540381125568855E-016   0.0000000000000000     
   310.00000000000000        7.9687538099660130E-016   0.0000000000000000     
   316.66666666666669        8.3029404285934013E-016   0.0000000000000000     
   323.33333333333337        8.5758297717261561E-016   0.0000000000000000     
   330.00000000000000        8.0904851849410010E-016   0.0000000000000000     
   336.66666666666669        8.3357190984406843E-016   0.0000000000000000     
   343.33333333333337        8.5880337509525383E-016   0.0000000000000000     
   350.00000000000000        8.9004696077867621E-016   0.0000000000000000     
   356.66666666666669        8.6285721686520185E-016   0.0000000000000000     
   363.33333333333337        8.3117133199068173E-016   0.0000000000000000     
   370.00000000000000        7.9962754479322367E-016   0.0000000000000000     
   376.66666666666669        8.3920018219706339E-016   0.0000000000000000     
   383.33333333333337        7.9647210074935664E-016   0.0000000000000000     
   390.00000000000000        8.1803710580190709E-016   0.0000000000000000     
   396.66666666666669        7.5293540131422078E-016   0.0000000000000000     
   403.33333333333337        7.6857067496722456E-016   0.0000000000000000     
   410.00000000000000        7.5945897938510127E-016   0.0000000000000000     
   416.66666666666669        7.0429674055448680E-016   0.0000000000000000     
   423.33333333333337        7.1777099511119551E-016   0.0000000000000000     
   430.00000000000000        7.0904101632795977E-016   0.0000000000000000     
   436.66666666666669        6.6781616329518863E-016   0.0000000000000000     
   443.33333333333337        6.6363523596908194E-016   0.0000000000000000     
   450.00000000000000        6.4053679303900246E-016   0.0000000000000000     
   456.66666666666669        6.2035535552013261E-016   0.0000000000000000     
   463.33333333333337        5.9381872755510458E-016   0.0000000000000000     
   470.00000000000000        5.8144807731914768E-016   0.0000000000000000     
   476.66666666666669        5.5233272021150480E-016   0.0000000000000000     
   483.33333333333337        5.1177578437762570E-016   0.0000000000000000     
   490.00000000000000        4.8563100270127340E-016   0.0000000000000000     
   496.66666666666669        4.6624847891544919E-016   0.0000000000000000     
   503.33333333333337        4.3224717744087052E-016   0.0000000000000000     
   510.00000000000000        4.2373017093653256E-016   0.0000000000000000     
   516.66666666666674        3.8901412496955414E-016   0.0000000000000000     
   523.33333333333337        3.7254612086979421E-016   0.0000000000000000     
   530.00000000000000        3.5264693686301063E-016   0.0000000000000000     
   536.66666666666674        3.1835777214950374E-016   0.0000000000000000     
   543.33333333333337        2.9633945482828830E-016   0.0000000000000000     
   550.00000000000000        2.8093491166128271E-016   0.0000000000000000     
   556.66666666666674        2.5403725980888393E-016   0.0000000000000000     
   563.33333333333337        2.3746164327339215E-016   0.0000000000000000     
   570.00000000000000        2.1249890408914738E-016   0.0000000000000000     
   576.66666666666674        2.0554225013199977E-016   0.0000000000000000     
   583.33333333333337        1.8882621900980976E-016   0.0000000000000000     
   590.00000000000000        1.7234338784459539E-016   0.0000000000000000     
   596.66666666666674        1.5884677662049352E-016   0.0000000000000000     
   603.33333333333337        1.4213588123331989E-016   0.0000000000000000     
   610.00000000000000        1.2721016525672644E-016   0.0000000000000000     
   616.66666666666674        1.1864743804009316E-016   0.0000000000000000     
   623.33333333333337        1.0706355716499149E-016   0.0000000000000000     
   630.00000000000000        9.3874669372555007E-017   0.0000000000000000     
   636.66666666666674        8.7577243533263117E-017   0.0000000000000000     
   643.33333333333337        7.2662796364686813E-017   0.0000000000000000     
   650.00000000000000        6.7833951624672803E-017   0.0000000000000000     
   656.66666666666674        5.7091352713063883E-017   0.0000000000000000     
   663.33333333333337        5.4285671281296971E-017   0.0000000000000000     
   670.00000000000000        4.8200555204060577E-017   0.0000000000000000     
   676.66666666666674        4.4374749969363257E-017   0.0000000000000000     
   683.33333333333337        3.7373340204687983E-017   0.0000000000000000     
   690.00000000000000        3.3333029864329693E-017   0.0000000000000000     
   696.66666666666674        2.9234264841746089E-017   0.0000000000000000     
   703.33333333333337        2.5378713763214819E-017   0.0000000000000000     
   710.00000000000000        2.2669913916024828E-017   0.0000000000000000     
   716.66666666666674        1.9334625279252037E-017   0.0000000000000000     
   723.33333333333337        1.7297674823543379E-017   0.0000000000000000     
   730.00000000000000        1.5205580332154838E-017   0.0000000000000000     
   736.66666666666674        1.3477913207087057E-017   0.0000000000000000     
   743.33333333333337        1.1443360127782054E-017   0.0000000000000000     
   750.00000000000000        9.9435174841717011E-018   0.0000000000000000     
   756.66666666666674        9.1586142588212625E-018   0.0000000000000000     
   763.33333333333337        7.7755351139125068E-018   0.0000000000000000     
   770.00000000000000        6.7951513683732829E-018   0.0000000000000000     
   776.66666666666674        5.8029573753567782E-018   0.0000000000000000     
   783.33333333333337        4.9879674778506166E-018   0.0000000000000000     
   790.00000000000000        4.3648272665613530E-018   0.0000000000000000     
   796.66666666666674        3.6280829778836434E-018   0.0000000000000000     
   803.33333333333337        3.3591392865437328E-018   0.0000000000000000     
   810.00000000000000        2.8465514916708038E-018   0.0000000000000000     
   816.66666666666674        2.4826875660696598E-018   0.0000000000000000     
   823.33333333333337        2.3489779404173404E-018   0.0000000000000000     
   830.00000000000000        1.7468293671668272E-018   0.0000000000000000     
   836.66666666666674        1.7110224251572642E-018   0.0000000000000000     
   843.33333333333337        1.3996846320282701E-018   0.0000000000000000     
   850.00000000000000        1.3148850106992144E-018   0.0000000000000000     
   856.66666666666674        1.0879953220389904E-018   0.0000000000000000     
   863.33333333333337        1.0187245994824366E-018   0.0000000000000000     
   870.00000000000000        8.0212056611160458E-019   0.0000000000000000     
   876.66666666666674        7.6796652041072057E-019   0.0000000000000000     
   883.33333333333337        7.6184723234887836E-019   0.0000000000000000     
   890.00000000000000        5.9796283819778597E-019   0.0000000000000000     
   896.66666666666674        5.0810949340863708E-019   0.0000000000000000     
   903.33333333333337        5.5362840240814574E-019   0.0000000000000000     
   910.00000000000000        4.0583177845825508E-019   0.0000000000000000     
   916.66666666666674        3.3128051255668639E-019   0.0000000000000000     
   923.33333333333337        3.7004491787647718E-019   0.0000000000000000     
   930.00000000000000        3.4395769164984816E-019   0.0000000000000000     
   936.66666666666674        3.2020692502291021E-019   0.0000000000000000     
   943.33333333333337        2.4316522960076814E-019   0.0000000000000000     
   950.00000000000000        2.5233581502046562E-019   0.0000000000000000     
   956.66666666666674        2.2264473022335700E-019   0.0000000000000000     
   963.33333333333337        1.7490865775275765E-019   0.0000000000000000     
   970.00000000000000        1.6225249953593185E-019   0.0000000000000000     
   976.66666666666674        1.6564814445390310E-019   0.0000000000000000     
   983.33333333333337        1.4599777373444385E-019   0.0000000000000000     
   990.00000000000000        1.3546153957458063E-019   0.0000000000000000     
   996.66666666666674        1.2254587617506431E-019   0.0000000000000000     
   1003.3333333333334        1.1356305923543576E-019   0.0000000000000000     
   1010.0000000000000        1.1357149006596706E-019   0.0000000000000000     
   1016.6666666666667        9.2070204113944292E-020   0.0000000000000000     
   1023.3333333333334        9.4203922982639719E-020   0.0000000000000000     
   1030.0000000000000        9.7424425750685859E-020   0.0000000000000000     
   1036.6666666666667        8.5444635601607760E-020   0.0000000000000000     
   1043.3333333333335        8.3244854781867167E-020   0.0000000000000000     
   1050.0000000000000        8.2456171016345946E-020   0.0000000000000000     
   1056.6666666666667        7.2380171176134068E-020   0.0000000000000000     
   1063.3333333333335        5.8446815819292430E-020   0.0000000000000000     
   1070.0000000000000        5.2513356750326542E-020   0.0000000000000000     
   1076.6666666666667        5.5102485417530798E-020   0.0000000000000000     
   1083.3333333333335        5.0140300488992282E-020   0.0000000000000000     
   1090.0000000000000        4.0446836576552497E-020   0.0000000000000000     
   1096.6666666666667        4.2653241787947972E-020   0.0000000000000000     
   1103.3333333333335        3.4586902187096358E-020   0.0000000000000000     
   1110.0000000000000        3.5077344358851596E-020   0.0000000000000000     
   1116.6666666666667        2.8925065898661312E-020   0.0000000000000000     
   1123.3333333333335        3.1162544038276853E-020   0.0000000000000000     
   1130.0000000000000        2.5870495188910223E-020   0.0000000000000000     
   1136.6666666666667        2.5660956322940773E-020   0.0000000000000000     
   1143.3333333333335        2.1752468718428903E-020   0.0000000000000000     
   1150.0000000000000        2.0998007633377925E-020   0.0000000000000000     
   1156.6666666666667        1.9709186205955889E-020   0.0000000000000000     
   1163.3333333333335        1.7577591121894773E-020   0.0000000000000000     
   1170.0000000000000        1.9201194202861866E-020   0.0000000000000000     
   1176.6666666666667        1.5893268458192241E-020   0.0000000000000000     
   1183.3333333333335        1.4982249207782819E-020   0.0000000000000000     
   1190.0000000000000        1.3038012399393017E-020   0.0000000000000000     
   1196.6666666666667        1.3319499518830340E-020   0.0000000000000000     
   1203.3333333333335        1.2156055984246608E-020   0.0000000000000000     
   1210.0000000000000        1.1957135267451358E-020   0.0000000000000000     
   1216.6666666666667        1.1674878592897128E-020   0.0000000000000000     
   1223.3333333333335        1.1839524195196894E-020   0.0000000000000000     
   1230.0000000000000        1.1197412634024220E-020   0.0000000000000000     
   1236.6666666666667        1.0006179987111393E-020   0.0000000000000000     
   1243.3333333333335        1.1198278037812603E-020   0.0000000000000000     
   1250.0000000000000        9.3934067181512514E-021   0.0000000000000000     
   1256.6666666666667        9.5337474821570879E-021   0.0000000000000000     
   1263.3333333333335        8.9038674392906637E-021   0.0000000000000000     
   1270.0000000000000        9.5433901553976266E-021   0.0000000000000000     
   1276.6666666666667        9.3731914500347198E-021   0.0000000000000000     
   1283.3333333333335        8.3903369386100173E-021   0.0000000000000000     
   1290.0000000000000        8.6563556097989654E-021   0.0000000000000000     
   1296.6666666666667        8.4913740295876779E-021   0.0000000000000000     
   1303.3333333333335        8.9330392358775348E-021   0.0000000000000000     
   1310.0000000000000        8.2033954207606579E-021   0.0000000000000000     
   1316.6666666666667        7.6338593829206573E-021   0.0000000000000000     
   1323.3333333333335        6.6600705754357859E-021   0.0000000000000000     
   1330.0000000000000        7.5593027348138792E-021   0.0000000000000000     
   1336.6666666666667        7.0590736627925122E-021   0.0000000000000000     
   1343.3333333333335        6.2728642307978416E-021   0.0000000000000000     
   1350.0000000000000        7.2172118989770704E-021   0.0000000000000000     
   1356.6666666666667        6.2503765876834517E-021   0.0000000000000000     
   1363.3333333333335        6.7734536417093801E-021   0.0000000000000000     
   1370.0000000000000        5.9957904771727004E-021   0.0000000000000000     
   1376.6666666666667        5.8209080510357893E-021   0.0000000000000000     
   1383.3333333333335        5.9608693498349251E-021   0.0000000000000000     
   1390.0000000000000        5.9403381932288751E-021   0.0000000000000000     
   1396.6666666666667        5.2017055177689489E-021   0.0000000000000000     
   1403.3333333333335        4.8405509966597346E-021   0.0000000000000000     
   1410.0000000000000        5.7126762877347830E-021   0.0000000000000000     
   1416.6666666666667        5.2331777652051563E-021   0.0000000000000000     
   1423.3333333333335        4.3867355914940910E-021   0.0000000000000000     
   1430.0000000000000        4.4144993271725739E-021   0.0000000000000000     
   1436.6666666666667        3.8255417979785225E-021   0.0000000000000000     
   1443.3333333333335        3.9735821716649605E-021   0.0000000000000000     
   1450.0000000000000        3.6057093149427578E-021   0.0000000000000000     
   1456.6666666666667        3.5139947490419525E-021   0.0000000000000000     
   1463.3333333333335        3.3169504936468784E-021   0.0000000000000000     
   1470.0000000000000        3.3605014816314289E-021   0.0000000000000000     
   1476.6666666666667        3.5533804232377857E-021   0.0000000000000000     
   1483.3333333333335        2.9935538676961066E-021   0.0000000000000000     
   1490.0000000000000        3.4641837979906661E-021   0.0000000000000000     
   1496.6666666666667        3.4036294691483700E-021   0.0000000000000000     
   1503.3333333333335        2.7647420098955910E-021   0.0000000000000000     
   1510.0000000000000        2.3553914055887447E-021   0.0000000000000000     
   1516.6666666666667        1.8008987836709653E-021   0.0000000000000000     
   1523.3333333333335        2.1657585939098884E-021   0.0000000000000000     
   1530.0000000000000        2.2304944463321682E-021   0.0000000000000000     
   1536.6666666666667        2.1400375996700198E-021   0.0000000000000000     
   1543.3333333333335        1.6546629226305840E-021   0.0000000000000000     
   1550.0000000000000        1.7927383416670431E-021   0.0000000000000000     
   1556.6666666666667        1.5525073091979203E-021   0.0000000000000000     
   1563.3333333333335        1.5648103197748779E-021   0.0000000000000000     
   1570.0000000000000        1.6402540836211372E-021   0.0000000000000000     
   1576.6666666666667        1.3097916202759330E-021   0.0000000000000000     
   1583.3333333333335        1.1570372580469695E-021   0.0000000000000000     
   1590.0000000000000        1.3283146880811406E-021   0.0000000000000000     
   1596.6666666666667        1.0038673810942914E-021   0.0000000000000000     
   1603.3333333333335        8.9426575745668456E-022   0.0000000000000000     
   1610.0000000000000        1.0013433905069163E-021   0.0000000000000000     
   1616.6666666666667        6.4996363813513956E-022   0.0000000000000000     
   1623.3333333333335        1.0028752940357741E-021   0.0000000000000000     
   1630.0000000000000        8.7834219103970009E-022   0.0000000000000000     
   1636.6666666666667        5.4861107917784964E-022   0.0000000000000000     
   1643.3333333333335        6.1587982997643269E-022   0.0000000000000000     
   1650.0000000000000        6.9555363699023689E-022   0.0000000000000000     
   1656.6666666666667        3.5828318284210130E-022   0.0000000000000000     
   1663.3333333333335        5.0674725705948853E-022   0.0000000000000000     
   1670.0000000000000        7.1721398276693560E-022   0.0000000000000000     
   1676.6666666666667        4.2939462346440619E-022   0.0000000000000000     
   1683.3333333333335        4.4522520566813976E-022   0.0000000000000000     
   1690.0000000000000        2.8814238943453482E-022   0.0000000000000000     
   1696.6666666666667        2.9074534786285872E-022   0.0000000000000000     
   1703.3333333333335        2.9754930697749346E-022   0.0000000000000000     
   1710.0000000000000        3.3206257389161660E-022   0.0000000000000000     
   1716.6666666666667        2.6102407189575094E-022   0.0000000000000000     
   1723.3333333333335        2.1735557833467249E-022   0.0000000000000000     
   1730.0000000000000        2.5635003393010804E-022   0.0000000000000000     
   1736.6666666666667        1.7587868121026561E-022   0.0000000000000000     
   1743.3333333333335        2.2867552589281444E-022   0.0000000000000000     
   1750.0000000000000        1.5799203632288754E-022   0.0000000000000000     
   1756.6666666666667        1.4063147881135064E-022   0.0000000000000000     
   1763.3333333333335        9.0571760698667182E-023   0.0000000000000000     
   1770.0000000000000        1.0996760606523784E-022   0.0000000000000000     
   1776.6666666666667        1.0959457579288884E-022   0.0000000000000000     
   1783.3333333333335        4.5510105129751107E-023   0.0000000000000000     
   1790.0000000000000        6.0924917164352761E-023   0.0000000000000000     
   1796.6666666666667        4.1270986473420527E-023   0.0000000000000000     
   1803.3333333333335        5.5758895789847071E-023   0.0000000000000000     
   1810.0000000000000        4.4673699017986146E-023   0.0000000000000000     
   1816.6666666666667        6.8428397087444482E-023   0.0000000000000000     
   1823.3333333333335        2.0072845412566993E-023   0.0000000000000000     
   1830.0000000000000        2.6379169093097462E-023   0.0000000000000000     
   1836.6666666666667        2.5960020329342522E-023   0.0000000000000000     
   1843.3333333333335        2.6456288035334766E-023   0.0000000000000000     
   1850.0000000000000        3.1325956306842847E-023   0.0000000000000000     
   1856.6666666666667        1.3398103465526295E-023   0.0000000000000000     
   1863.3333333333335        1.3869170581219658E-023   0.0000000000000000     
   1870.0000000000000        3.0384932719217736E-023   0.0000000000000000     
   1876.6666666666667        7.1786049860124578E-024   0.0000000000000000     
   1883.3333333333335        1.0058437811086911E-023   0.0000000000000000     
   1890.0000000000000        9.1023692953472015E-024   0.0000000000000000     
   1896.6666666666667        3.7527979282830361E-023   0.0000000000000000     
   1903.3333333333335        4.2389199905583185E-024   0.0000000000000000     
   1910.0000000000000        4.8855992480406103E-024   0.0000000000000000     
   1916.6666666666667        1.0980158479147855E-023   0.0000000000000000     
   1923.3333333333335        3.2218620212224481E-024   0.0000000000000000     
   1930.0000000000000        4.2285271967585648E-025   0.0000000000000000     
   1936.6666666666667        5.0084705902235823E-024   0.0000000000000000     
   1943.3333333333335        3.6215273991184322E-027   0.0000000000000000     
   1950.0000000000000        2.9808425102108240E-024   0.0000000000000000     
   1956.6666666666667        1.2114864885626709E-025   0.0000000000000000     
   1963.3333333333335        1.9001414411205440E-024   0.0000000000000000     
   1970.0000000000000        1.4836225473582059E-024   0.0000000000000000     
   1976.6666666666667        3.5747360654661983E-025   0.0000000000000000     
   1983.3333333333335        1.8350232952842595E-024   0.0000000000000000     
   1990.0000000000000        8.3099676824264452E-025   0.0000000000000000     
   1996.6666666666667        0.0000000000000000        0.0000000000000000     
