   3.3333333333333335        4.3740261697968730E-018   0.0000000000000000     
   10.000000000000000        9.6083777203780389E-018   0.0000000000000000     
   16.666666666666668        1.3691403801328169E-017   0.0000000000000000     
   23.333333333333336        1.8814020348062430E-017   0.0000000000000000     
   30.000000000000000        2.5023246216441683E-017   0.0000000000000000     
   36.666666666666671        3.8317803353677163E-017   0.0000000000000000     
   43.333333333333336        4.0660260929187403E-017   0.0000000000000000     
   50.000000000000000        5.0793570859702839E-017   0.0000000000000000     
   56.666666666666671        6.5323632342921628E-017   0.0000000000000000     
   63.333333333333336        7.6059596265948927E-017   0.0000000000000000     
   70.000000000000000        9.1888040269333613E-017   0.0000000000000000     
   76.666666666666671        9.5839705750240469E-017   0.0000000000000000     
   83.333333333333343        1.2149794019024402E-016   0.0000000000000000     
   90.000000000000000        1.2606812596734509E-016   0.0000000000000000     
   96.666666666666671        1.5345235469878984E-016   0.0000000000000000     
   103.33333333333334        1.8157400570000529E-016   0.0000000000000000     
   110.00000000000000        1.8263694830604701E-016   0.0000000000000000     
   116.66666666666667        1.7735729176590685E-016   0.0000000000000000     
   123.33333333333334        2.2647071554260918E-016   0.0000000000000000     
   130.00000000000000        2.3985781887058371E-016   0.0000000000000000     
   136.66666666666669        2.6369227698698860E-016   0.0000000000000000     
   143.33333333333334        2.9837013773718842E-016   0.0000000000000000     
   150.00000000000000        3.3133846587601219E-016   0.0000000000000000     
   156.66666666666669        3.3647054345243597E-016   0.0000000000000000     
   163.33333333333334        3.4174958596836951E-016   0.0000000000000000     
   170.00000000000000        3.4754860119092433E-016   0.0000000000000000     
   176.66666666666669        3.7982093260300828E-016   0.0000000000000000     
   183.33333333333334        4.1341721742905974E-016   0.0000000000000000     
   190.00000000000000        4.6507545084231115E-016   0.0000000000000000     
   196.66666666666669        4.6441107644488916E-016   0.0000000000000000     
   203.33333333333334        5.0102035559606718E-016   0.0000000000000000     
   210.00000000000000        5.0406737811553574E-016   0.0000000000000000     
   216.66666666666669        5.1622013777182856E-016   0.0000000000000000     
   223.33333333333334        5.4150706102499787E-016   0.0000000000000000     
   230.00000000000000        5.6832628730306086E-016   0.0000000000000000     
   236.66666666666669        5.5503035937298367E-016   0.0000000000000000     
   243.33333333333334        6.1481157308286076E-016   0.0000000000000000     
   250.00000000000000        5.9136515910205863E-016   0.0000000000000000     
   256.66666666666669        6.1540924932843414E-016   0.0000000000000000     
   263.33333333333337        6.1919088975472258E-016   0.0000000000000000     
   270.00000000000000        6.3431539510689525E-016   0.0000000000000000     
   276.66666666666669        6.4030526094923880E-016   0.0000000000000000     
   283.33333333333337        6.5365720687645354E-016   0.0000000000000000     
   290.00000000000000        6.8589849051808858E-016   0.0000000000000000     
   296.66666666666669        6.7236236867495912E-016   0.0000000000000000     
   303.33333333333337        6.5192466072383145E-016   0.0000000000000000     
   310.00000000000000        6.7355699123896698E-016   0.0000000000000000     
   316.66666666666669        6.9914538349872727E-016   0.0000000000000000     
   323.33333333333337        6.9983263730910906E-016   0.0000000000000000     
   330.00000000000000        6.7867804315472336E-016   0.0000000000000000     
   336.66666666666669        6.3587016669915293E-016   0.0000000000000000     
   343.33333333333337        6.6463621097203320E-016   0.0000000000000000     
   350.00000000000000        6.4390224302120095E-016   0.0000000000000000     
   356.66666666666669        6.5207750812170413E-016   0.0000000000000000     
   363.33333333333337        6.0368432169132132E-016   0.0000000000000000     
   370.00000000000000        6.0465974324609123E-016   0.0000000000000000     
   376.66666666666669        6.2641582141199228E-016   0.0000000000000000     
   383.33333333333337        5.9140819123759813E-016   0.0000000000000000     
   390.00000000000000        6.1085333218226778E-016   0.0000000000000000     
   396.66666666666669        5.8087012929095376E-016   0.0000000000000000     
   403.33333333333337        5.4094410024725033E-016   0.0000000000000000     
   410.00000000000000        5.3572483140057784E-016   0.0000000000000000     
   416.66666666666669        5.4649152394932814E-016   0.0000000000000000     
   423.33333333333337        4.9550412670566688E-016   0.0000000000000000     
   430.00000000000000        4.8135736178150635E-016   0.0000000000000000     
   436.66666666666669        4.7393253357350463E-016   0.0000000000000000     
   443.33333333333337        4.6142202615376660E-016   0.0000000000000000     
   450.00000000000000        4.1855799656184372E-016   0.0000000000000000     
   456.66666666666669        4.2112117139816466E-016   0.0000000000000000     
   463.33333333333337        4.0618228043934051E-016   0.0000000000000000     
   470.00000000000000        3.7094950111134318E-016   0.0000000000000000     
   476.66666666666669        3.6495473092360212E-016   0.0000000000000000     
   483.33333333333337        3.3355417487958428E-016   0.0000000000000000     
   490.00000000000000        3.1183231990469299E-016   0.0000000000000000     
   496.66666666666669        3.1604736073455277E-016   0.0000000000000000     
   503.33333333333337        2.8155702311954663E-016   0.0000000000000000     
   510.00000000000000        2.5845015649161632E-016   0.0000000000000000     
   516.66666666666674        2.4544777008766905E-016   0.0000000000000000     
   523.33333333333337        2.4179564881698770E-016   0.0000000000000000     
   530.00000000000000        2.1219308601597851E-016   0.0000000000000000     
   536.66666666666674        1.9178277434923068E-016   0.0000000000000000     
   543.33333333333337        1.8578360398252398E-016   0.0000000000000000     
   550.00000000000000        1.7069716299695445E-016   0.0000000000000000     
   556.66666666666674        1.5198644002505832E-016   0.0000000000000000     
   563.33333333333337        1.3962523149678203E-016   0.0000000000000000     
   570.00000000000000        1.3075405404628969E-016   0.0000000000000000     
   576.66666666666674        1.1717900157227208E-016   0.0000000000000000     
   583.33333333333337        1.0928584451114192E-016   0.0000000000000000     
   590.00000000000000        9.5862616331620138E-017   0.0000000000000000     
   596.66666666666674        8.7131788385986245E-017   0.0000000000000000     
   603.33333333333337        8.2936369695206935E-017   0.0000000000000000     
   610.00000000000000        7.5599972613417186E-017   0.0000000000000000     
   616.66666666666674        6.6791295307570431E-017   0.0000000000000000     
   623.33333333333337        5.8819179119848832E-017   0.0000000000000000     
   630.00000000000000        5.2204251147636104E-017   0.0000000000000000     
   636.66666666666674        4.7025186348040331E-017   0.0000000000000000     
   643.33333333333337        4.4684358213322467E-017   0.0000000000000000     
   650.00000000000000        3.8290124068305614E-017   0.0000000000000000     
   656.66666666666674        3.4716772818075960E-017   0.0000000000000000     
   663.33333333333337        2.9636291629386193E-017   0.0000000000000000     
   670.00000000000000        2.6686182113340073E-017   0.0000000000000000     
   676.66666666666674        2.2803648786722179E-017   0.0000000000000000     
   683.33333333333337        2.0931683134554382E-017   0.0000000000000000     
   690.00000000000000        1.7379002545730060E-017   0.0000000000000000     
   696.66666666666674        1.5509872209689458E-017   0.0000000000000000     
   703.33333333333337        1.4756131911557711E-017   0.0000000000000000     
   710.00000000000000        1.2306752626427410E-017   0.0000000000000000     
   716.66666666666674        1.0971144763594410E-017   0.0000000000000000     
   723.33333333333337        9.4109969763077061E-018   0.0000000000000000     
   730.00000000000000        8.0787810985014872E-018   0.0000000000000000     
   736.66666666666674        7.3659212418811540E-018   0.0000000000000000     
   743.33333333333337        6.6926272646433726E-018   0.0000000000000000     
   750.00000000000000        5.5778986365060204E-018   0.0000000000000000     
   756.66666666666674        5.0394479197311172E-018   0.0000000000000000     
   763.33333333333337        4.3780904106890485E-018   0.0000000000000000     
   770.00000000000000        3.9606274121262654E-018   0.0000000000000000     
   776.66666666666674        3.3408741694889110E-018   0.0000000000000000     
   783.33333333333337        2.7149913213052719E-018   0.0000000000000000     
   790.00000000000000        2.5426290161014426E-018   0.0000000000000000     
   796.66666666666674        2.3319994384856018E-018   0.0000000000000000     
   803.33333333333337        1.8777043629522000E-018   0.0000000000000000     
   810.00000000000000        1.7213248828668137E-018   0.0000000000000000     
   816.66666666666674        1.5442718363530675E-018   0.0000000000000000     
   823.33333333333337        1.3032262068272408E-018   0.0000000000000000     
   830.00000000000000        1.3107178314168463E-018   0.0000000000000000     
   836.66666666666674        1.0870801897669142E-018   0.0000000000000000     
   843.33333333333337        9.8773653186313490E-019   0.0000000000000000     
   850.00000000000000        8.9473337163804452E-019   0.0000000000000000     
   856.66666666666674        7.6898382803822485E-019   0.0000000000000000     
   863.33333333333337        6.5103402177682596E-019   0.0000000000000000     
   870.00000000000000        6.1142850571070674E-019   0.0000000000000000     
   876.66666666666674        5.2295484294201487E-019   0.0000000000000000     
   883.33333333333337        4.9421596400117242E-019   0.0000000000000000     
   890.00000000000000        4.8444693689943139E-019   0.0000000000000000     
   896.66666666666674        4.0623022693901684E-019   0.0000000000000000     
   903.33333333333337        3.3790278746093412E-019   0.0000000000000000     
   910.00000000000000        3.2267487974015642E-019   0.0000000000000000     
   916.66666666666674        2.5339597036831115E-019   0.0000000000000000     
   923.33333333333337        2.3318744835577411E-019   0.0000000000000000     
   930.00000000000000        2.1975239890463768E-019   0.0000000000000000     
   936.66666666666674        2.2167987806448118E-019   0.0000000000000000     
   943.33333333333337        1.4573706049537088E-019   0.0000000000000000     
   950.00000000000000        1.7932802500597741E-019   0.0000000000000000     
   956.66666666666674        1.4496253373350912E-019   0.0000000000000000     
   963.33333333333337        1.1768175134993400E-019   0.0000000000000000     
   970.00000000000000        1.2180197454534964E-019   0.0000000000000000     
   976.66666666666674        9.7627997072140747E-020   0.0000000000000000     
   983.33333333333337        1.1707310620055147E-019   0.0000000000000000     
   990.00000000000000        8.4841288563286191E-020   0.0000000000000000     
   996.66666666666674        6.2065921997059257E-020   0.0000000000000000     
   1003.3333333333334        5.4493046013799172E-020   0.0000000000000000     
   1010.0000000000000        5.2696100973571194E-020   0.0000000000000000     
   1016.6666666666667        5.0310393541240507E-020   0.0000000000000000     
   1023.3333333333334        3.6797974802185822E-020   0.0000000000000000     
   1030.0000000000000        4.4425505311748367E-020   0.0000000000000000     
   1036.6666666666667        3.7465052477051392E-020   0.0000000000000000     
   1043.3333333333335        2.6358047994921824E-020   0.0000000000000000     
   1050.0000000000000        2.7663247775652379E-020   0.0000000000000000     
   1056.6666666666667        2.5064517157972926E-020   0.0000000000000000     
   1063.3333333333335        2.2844154448527444E-020   0.0000000000000000     
   1070.0000000000000        1.7300793407418044E-020   0.0000000000000000     
   1076.6666666666667        1.9656041080146665E-020   0.0000000000000000     
   1083.3333333333335        1.6209249671852521E-020   0.0000000000000000     
   1090.0000000000000        1.0028354697211389E-020   0.0000000000000000     
   1096.6666666666667        9.0201559011561447E-021   0.0000000000000000     
   1103.3333333333335        1.2591185551602697E-020   0.0000000000000000     
   1110.0000000000000        6.8290184021002033E-021   0.0000000000000000     
   1116.6666666666667        6.3522608432671971E-021   0.0000000000000000     
   1123.3333333333335        5.8252082800293290E-021   0.0000000000000000     
   1130.0000000000000        5.4131313016268698E-021   0.0000000000000000     
   1136.6666666666667        6.6925020671668211E-021   0.0000000000000000     
   1143.3333333333335        5.0738694108901937E-021   0.0000000000000000     
   1150.0000000000000        3.7860689296354313E-021   0.0000000000000000     
   1156.6666666666667        3.9505788997437591E-021   0.0000000000000000     
   1163.3333333333335        3.3991575617288592E-021   0.0000000000000000     
   1170.0000000000000        2.7665845328839308E-021   0.0000000000000000     
   1176.6666666666667        2.5031341394189112E-021   0.0000000000000000     
   1183.3333333333335        2.2756024924654698E-021   0.0000000000000000     
   1190.0000000000000        2.0068062475923071E-021   0.0000000000000000     
   1196.6666666666667        2.3416955201149965E-021   0.0000000000000000     
   1203.3333333333335        1.4852780660276553E-021   0.0000000000000000     
   1210.0000000000000        1.7317098173850499E-021   0.0000000000000000     
   1216.6666666666667        1.3037097035531679E-021   0.0000000000000000     
   1223.3333333333335        1.6699777636261373E-021   0.0000000000000000     
   1230.0000000000000        1.5460081067550426E-021   0.0000000000000000     
   1236.6666666666667        1.4304797429033117E-021   0.0000000000000000     
   1243.3333333333335        9.7502159545687388E-022   0.0000000000000000     
   1250.0000000000000        9.0227172860085572E-022   0.0000000000000000     
   1256.6666666666667        9.8583465178122451E-022   0.0000000000000000     
   1263.3333333333335        8.5709654762541099E-022   0.0000000000000000     
   1270.0000000000000        7.4104083327753305E-022   0.0000000000000000     
   1276.6666666666667        6.3418458502917662E-022   0.0000000000000000     
   1283.3333333333335        4.7367547268728660E-022   0.0000000000000000     
   1290.0000000000000        5.1617790384834320E-022   0.0000000000000000     
   1296.6666666666667        4.7407338636582227E-022   0.0000000000000000     
   1303.3333333333335        4.5184041390088033E-022   0.0000000000000000     
   1310.0000000000000        3.0305009917520511E-022   0.0000000000000000     
   1316.6666666666667        2.8994494278596769E-022   0.0000000000000000     
   1323.3333333333335        4.0306032453111744E-022   0.0000000000000000     
   1330.0000000000000        2.9345734180545785E-022   0.0000000000000000     
   1336.6666666666667        2.9497740381121124E-022   0.0000000000000000     
   1343.3333333333335        2.5637781433447469E-022   0.0000000000000000     
   1350.0000000000000        2.0888716073467547E-022   0.0000000000000000     
   1356.6666666666667        1.7341803269841294E-022   0.0000000000000000     
   1363.3333333333335        2.0657767939349745E-022   0.0000000000000000     
   1370.0000000000000        1.1592051694854368E-022   0.0000000000000000     
   1376.6666666666667        1.5586781964621786E-022   0.0000000000000000     
   1383.3333333333335        1.3554764039020285E-022   0.0000000000000000     
   1390.0000000000000        1.1765347758739346E-022   0.0000000000000000     
   1396.6666666666667        7.8270947504849011E-023   0.0000000000000000     
   1403.3333333333335        1.1253990699449597E-022   0.0000000000000000     
   1410.0000000000000        8.3599525609867322E-023   0.0000000000000000     
   1416.6666666666667        8.9822615774662758E-023   0.0000000000000000     
   1423.3333333333335        6.2226843591424524E-023   0.0000000000000000     
   1430.0000000000000        5.8374626471364118E-023   0.0000000000000000     
   1436.6666666666667        5.5623012584085548E-023   0.0000000000000000     
   1443.3333333333335        5.3552191828858962E-023   0.0000000000000000     
   1450.0000000000000        4.5856347499780485E-023   0.0000000000000000     
   1456.6666666666667        4.3523633933397487E-023   0.0000000000000000     
   1463.3333333333335        2.8718819785732518E-023   0.0000000000000000     
   1470.0000000000000        3.5148576854939734E-023   0.0000000000000000     
   1476.6666666666667        2.6982674903059140E-023   0.0000000000000000     
   1483.3333333333335        2.4994148848858239E-023   0.0000000000000000     
   1490.0000000000000        2.0596187475449303E-023   0.0000000000000000     
   1496.6666666666667        2.3447150404662948E-023   0.0000000000000000     
   1503.3333333333335        1.9683920376891571E-023   0.0000000000000000     
   1510.0000000000000        1.8465190442701844E-023   0.0000000000000000     
   1516.6666666666667        1.4151968511252763E-023   0.0000000000000000     
   1523.3333333333335        1.5326428028920108E-023   0.0000000000000000     
   1530.0000000000000        1.3296022777655047E-023   0.0000000000000000     
   1536.6666666666667        1.2038180806662061E-023   0.0000000000000000     
   1543.3333333333335        8.3402821227505979E-024   0.0000000000000000     
   1550.0000000000000        7.7843132001284767E-024   0.0000000000000000     
   1556.6666666666667        1.0441813384137033E-023   0.0000000000000000     
   1563.3333333333335        7.2035426286945120E-024   0.0000000000000000     
   1570.0000000000000        6.5144111136757546E-024   0.0000000000000000     
   1576.6666666666667        4.2599411598108623E-024   0.0000000000000000     
   1583.3333333333335        3.3386326794697562E-024   0.0000000000000000     
   1590.0000000000000        5.3420487528335551E-024   0.0000000000000000     
   1596.6666666666667        3.6134625391500595E-024   0.0000000000000000     
   1603.3333333333335        2.7266053964630181E-024   0.0000000000000000     
   1610.0000000000000        1.7630956988552276E-024   0.0000000000000000     
   1616.6666666666667        3.4925290051843972E-024   0.0000000000000000     
   1623.3333333333335        1.8403900250619196E-024   0.0000000000000000     
   1630.0000000000000        2.2190351240478204E-024   0.0000000000000000     
   1636.6666666666667        1.6756594621623502E-024   0.0000000000000000     
   1643.3333333333335        1.3643531649032469E-024   0.0000000000000000     
   1650.0000000000000        1.6067024929345843E-024   0.0000000000000000     
   1656.6666666666667        1.2953578533929933E-024   0.0000000000000000     
   1663.3333333333335        1.2123246968876006E-024   0.0000000000000000     
   1670.0000000000000        6.8847951634385929E-025   0.0000000000000000     
   1676.6666666666667        7.0237666155654979E-025   0.0000000000000000     
   1683.3333333333335        5.3080477727167196E-025   0.0000000000000000     
   1690.0000000000000        3.6784326406103816E-025   0.0000000000000000     
   1696.6666666666667        6.4462203078922108E-025   0.0000000000000000     
   1703.3333333333335        5.6114630025161260E-025   0.0000000000000000     
   1710.0000000000000        7.3984384714455908E-025   0.0000000000000000     
   1716.6666666666667        2.7907740285227516E-025   0.0000000000000000     
   1723.3333333333335        2.7742968007460799E-025   0.0000000000000000     
   1730.0000000000000        6.0309605455900085E-026   0.0000000000000000     
   1736.6666666666667        2.5149080683276132E-025   0.0000000000000000     
   1743.3333333333335        2.7622249415190090E-025   0.0000000000000000     
   1750.0000000000000        1.7725163091919560E-025   0.0000000000000000     
   1756.6666666666667        8.5431910816350492E-026   0.0000000000000000     
   1763.3333333333335        7.9445239760620592E-026   0.0000000000000000     
   1770.0000000000000        9.3939191029496473E-026   0.0000000000000000     
   1776.6666666666667        4.0701860454945350E-026   0.0000000000000000     
   1783.3333333333335        1.1517728678411559E-025   0.0000000000000000     
   1790.0000000000000        3.8915287512643511E-026   0.0000000000000000     
   1796.6666666666667        9.4927267593265562E-026   0.0000000000000000     
   1803.3333333333335        3.4031720720049072E-026   0.0000000000000000     
   1810.0000000000000        1.8847299027666841E-026   0.0000000000000000     
   1816.6666666666667        2.6583063653696342E-026   0.0000000000000000     
   1823.3333333333335        8.0613753492295294E-027   0.0000000000000000     
   1830.0000000000000        1.7553827623433601E-026   0.0000000000000000     
   1836.6666666666667        2.7239375176185885E-026   0.0000000000000000     
   1843.3333333333335        1.2748432668540911E-026   0.0000000000000000     
   1850.0000000000000        8.4673820589667692E-027   0.0000000000000000     
   1856.6666666666667        1.1150211995823382E-026   0.0000000000000000     
   1863.3333333333335        3.6007984448118321E-027   0.0000000000000000     
   1870.0000000000000        3.3336925541227295E-028   0.0000000000000000     
   1876.6666666666667        1.5013371256217519E-026   0.0000000000000000     
   1883.3333333333335        7.3206863914726760E-027   0.0000000000000000     
   1890.0000000000000        3.8540868246791962E-027   0.0000000000000000     
   1896.6666666666667        4.7093788013419790E-027   0.0000000000000000     
   1903.3333333333335        2.4958239020176026E-027   0.0000000000000000     
   1910.0000000000000        0.0000000000000000        0.0000000000000000     
   1916.6666666666667        2.4085104898579358E-027   0.0000000000000000     
   1923.3333333333335        2.3031557371344902E-027   0.0000000000000000     
   1930.0000000000000        2.3935233460006950E-028   0.0000000000000000     
   1936.6666666666667        1.5976270354014673E-028   0.0000000000000000     
   1943.3333333333335        4.2747602888539139E-028   0.0000000000000000     
   1950.0000000000000        6.0741628047283951E-028   0.0000000000000000     
   1956.6666666666667        7.2827683676229831E-031   0.0000000000000000     
   1963.3333333333335        5.3507468405843928E-028   0.0000000000000000     
   1970.0000000000000        1.3890675851953514E-027   0.0000000000000000     
   1976.6666666666667        0.0000000000000000        0.0000000000000000     
   1983.3333333333335        1.4982109804820807E-029   0.0000000000000000     
   1990.0000000000000        7.8690782186027219E-028   0.0000000000000000     
   1996.6666666666667        0.0000000000000000        0.0000000000000000     
