   25.0000000000000       2.635810236759112E-017  2.754895240908466E-019
   75.0000000000000       5.708878125519277E-017  5.766820624289272E-019
   125.000000000000       9.510431254954358E-017  1.004351934384223E-018
   175.000000000000       1.444060027322030E-016  1.515527665534202E-018
   225.000000000000       2.035928985167656E-016  2.162689757824139E-018
   275.000000000000       2.633122189359597E-016  2.866489853691281E-018
   325.000000000000       3.258174334721879E-016  3.601984648190695E-018
   375.000000000000       3.814704412465740E-016  4.370548635290256E-018
   425.000000000000       4.281016395295862E-016  5.039177163706415E-018
   475.000000000000       4.746889291331051E-016  5.694771951269181E-018
   525.000000000000       5.009600408082624E-016  6.024022790963098E-018
   575.000000000000       5.105641256245978E-016  6.300967840354324E-018
   625.000000000000       4.919051854265605E-016  6.121656154107479E-018
   675.000000000000       4.724319396053953E-016  6.168448831682971E-018
   725.000000000000       4.419444071438689E-016  5.731799908917600E-018
   775.000000000000       4.057999506416381E-016  5.296933074736019E-018
   825.000000000000       3.400518432387482E-016  4.489500390750554E-018
   875.000000000000       2.922102593444275E-016  4.073811988311685E-018
   925.000000000000       2.362901549917413E-016  3.329724961916224E-018
   975.000000000000       1.930096073808401E-016  2.777318598013489E-018
   1025.00000000000       1.503264868267457E-016  2.288410480595055E-018
   1075.00000000000       1.192948217741363E-016  1.837382690179242E-018
   1125.00000000000       8.984541826102335E-017  1.419720464781407E-018
   1175.00000000000       6.926978388222523E-017  1.137174810647035E-018
   1225.00000000000       5.055409720002709E-017  8.612483492915515E-019
   1275.00000000000       3.534938917533653E-017  6.160162004636029E-019
   1325.00000000000       2.664395126616116E-017  4.899243499837372E-019
   1375.00000000000       1.844106250156941E-017  3.406315119609360E-019
   1425.00000000000       1.337419827537521E-017  2.526451973200853E-019
   1475.00000000000       9.716712799527712E-018  1.891504581185345E-019
   1525.00000000000       7.162575919113372E-018  1.386536134474725E-019
   1575.00000000000       5.243221444851398E-018  1.060305651391507E-019
   1625.00000000000       3.972748128122645E-018  8.526030061002762E-020
   1675.00000000000       2.732964374936277E-018  5.777377640567497E-020
   1725.00000000000       2.096540435347230E-018  4.966884363112516E-020
   1775.00000000000       1.559137473509140E-018  3.597027176965178E-020
   1825.00000000000       1.196069530567833E-018  2.794589561427339E-020
   1875.00000000000       9.196682855594382E-019  2.441801078015939E-020
   1925.00000000000       6.990040523267866E-019  1.725593690246228E-020
   1975.00000000000       5.332297148618583E-019  1.340848342691617E-020
