   25.0000000000000       3.267589725320398E-017  3.588785759430833E-019
   75.0000000000000       8.044227007755031E-017  8.982297053338016E-019
   125.000000000000       1.371284132853675E-016  1.613867047961346E-018
   175.000000000000       1.979373674685135E-016  2.404201979496004E-018
   225.000000000000       2.548942071888908E-016  3.170432379153565E-018
   275.000000000000       2.927023661976122E-016  3.785665561560665E-018
   325.000000000000       3.083616092840539E-016  4.093674532967779E-018
   375.000000000000       2.965735325952914E-016  4.176903357208568E-018
   425.000000000000       2.601792609689487E-016  3.754815959923135E-018
   475.000000000000       2.156701166436409E-016  3.228584130621122E-018
   525.000000000000       1.676805827784410E-016  2.755183909592059E-018
   575.000000000000       1.201267443037557E-016  1.979121535074740E-018
   625.000000000000       8.130354584191586E-017  1.446300153377212E-018
   675.000000000000       5.224798530163070E-017  9.378295334281183E-019
   725.000000000000       3.197702259506844E-017  6.272962332038859E-019
   775.000000000000       1.834137882382796E-017  4.155791645579338E-019
   825.000000000000       9.964828516065672E-018  2.328120097712519E-019
   875.000000000000       5.831212642174293E-018  1.427106569725771E-019
   925.000000000000       3.147988579623818E-018  8.444124421917136E-020
   975.000000000000       1.728174696712123E-018  4.856934624998013E-020
   1025.00000000000       8.748175472907688E-019  2.750658461935081E-020
   1075.00000000000       5.039060860174294E-019  2.608716371884128E-020
   1125.00000000000       2.588219274871792E-019  1.333514663428217E-020
   1175.00000000000       1.268038360228449E-019  5.816653454509465E-021
   1225.00000000000       6.437938134928028E-020  3.989135760575304E-021
   1275.00000000000       4.296485584828518E-020  3.986012057505819E-021
   1325.00000000000       1.894057266296769E-020  1.388285454704513E-021
   1375.00000000000       8.611310016716190E-021  7.256239072707787E-022
   1425.00000000000       5.828453832949367E-021  9.031859312529142E-022
   1475.00000000000       3.336166424195884E-021  5.878397901538286E-022
   1525.00000000000       1.366310739552369E-021  3.074066915538629E-022
   1575.00000000000       5.934456340193106E-022  1.311977306590020E-022
   1625.00000000000       2.550862314597330E-022  5.780451058593256E-023
   1675.00000000000       1.884154794176359E-022  6.561254281784341E-023
   1725.00000000000       9.744247914005715E-023  4.452930634307635E-023
   1775.00000000000       4.207556294339499E-023  2.830086186208725E-023
   1825.00000000000       5.083682222087798E-023  3.411330861479383E-023
   1875.00000000000       9.721939898304086E-024  1.012304719628680E-023
   1925.00000000000      -1.440450079073253E-023  1.945517388659225E-024
   1975.00000000000      -2.549881274135825E-024  2.494323332291257E-024
