   25.0000000000000       3.820613652244996E-017  4.342708850544473E-019
   75.0000000000000       9.722367464806772E-017  1.139566607850187E-018
   125.000000000000       1.548479237801612E-016  1.960545109711498E-018
   175.000000000000       1.987863763972431E-016  2.610436411325733E-018
   225.000000000000       2.148808366444629E-016  2.996052084993075E-018
   275.000000000000       2.036248820326262E-016  2.922043770342302E-018
   325.000000000000       1.588914903451081E-016  2.412170768331881E-018
   375.000000000000       1.175587706366092E-016  1.907246800379708E-018
   425.000000000000       7.188475062578087E-017  1.231249920287904E-018
   475.000000000000       4.150803190326358E-017  7.774459416795501E-019
   525.000000000000       2.403901471905888E-017  5.269203621134045E-019
   575.000000000000       1.161839132480135E-017  2.683462491501183E-019
   625.000000000000       5.825821398232075E-018  1.488290827594662E-019
   675.000000000000       2.824539395799418E-018  8.960861565053171E-020
   725.000000000000       1.377711237339518E-018  5.048866591912563E-020
   775.000000000000       6.401234388165747E-019  3.121667047344774E-020
   825.000000000000       3.094849992966256E-019  2.512237037867361E-020
   875.000000000000       1.392853664111195E-019  1.151318324640609E-020
   925.000000000000       4.962963444904896E-020  3.565235201564936E-021
   975.000000000000       2.750483853617014E-020  2.984341015640525E-021
   1025.00000000000       1.195862267348278E-020  3.174215395302286E-021
   1075.00000000000       3.897127874837882E-021  5.113644805417818E-022
   1125.00000000000       1.388966571440254E-021  2.367657253751403E-022
   1175.00000000000       8.605786092157954E-022  2.171266263387443E-022
   1225.00000000000       3.827524901429277E-022  1.455271954464753E-022
   1275.00000000000       1.841393004869222E-022  5.028872537141024E-023
   1325.00000000000       5.386133061381924E-023  1.790652120740806E-023
   1375.00000000000       2.717656153946461E-023  8.356266909591365E-024
   1425.00000000000       2.024141501419921E-023  8.674283579561051E-024
   1475.00000000000       2.873646765161470E-023  2.584135486516446E-023
   1525.00000000000       2.990957333935610E-024  1.371451472252157E-024
   1575.00000000000       2.146816191832722E-024  8.676259058539682E-025
   1625.00000000000       5.868935756826085E-025  2.853141963051578E-025
   1675.00000000000       3.396333195715222E-025  1.097901322510844E-025
   1725.00000000000       2.771065866957755E-026  2.584168962072552E-026
   1775.00000000000       1.978033300790144E-026  1.458561003038769E-026
   1825.00000000000       3.849291434387177E-026  2.085505856754505E-026
   1875.00000000000       5.798043611239770E-026  4.704776510151082E-026
   1925.00000000000      -9.673977445908059E-027  1.547910134628826E-026
   1975.00000000000       5.355253586855736E-027  4.814239491896615E-027
