   12.000000000000000        0.0000000000000000        0.0000000000000000     
   24.000000000000000        0.0000000000000000        0.0000000000000000     
   36.000000000000000        0.0000000000000000        0.0000000000000000     
   48.000000000000000        0.0000000000000000        8.2641495694193892E-002
   60.000000000000000        0.0000000000000000       0.31598579997777315     
   72.000000000000000        0.0000000000000000       0.86912261847465300     
   84.000000000000000        0.0000000000000000        1.5979628529634884     
   96.000000000000000        0.0000000000000000        2.3798487840846563     
   108.00000000000000        0.0000000000000000        2.9343021712105424     
   120.00000000000000        0.0000000000000000        3.2068243468444946     
   132.00000000000000        0.0000000000000000        3.2684611949748303     
   144.00000000000000        0.0000000000000000        3.1471202781135568     
   156.00000000000000        0.0000000000000000        2.8717968419934730     
   168.00000000000000        0.0000000000000000        2.5763826664659657     
   180.00000000000000        0.0000000000000000        2.0161744401701460     
   192.00000000000000        0.0000000000000000        1.5884390379835334     
   204.00000000000000        0.0000000000000000        1.2290702216638663     
   216.00000000000000        0.0000000000000000       0.85282104837209605     
   228.00000000000000        0.0000000000000000       0.57777206949519344     
   240.00000000000000        0.0000000000000000       0.39610324409492814     
   252.00000000000000        0.0000000000000000       0.27148351988599684     
   264.00000000000000        0.0000000000000000       0.16879823836565919     
   276.00000000000000        0.0000000000000000       0.11796401633118313     
   288.00000000000000        0.0000000000000000        9.4421157679519724E-002
   300.00000000000000        0.0000000000000000        6.1080557346262700E-002
   312.00000000000000        0.0000000000000000        4.3382972627922185E-002
   324.00000000000000        0.0000000000000000        4.2656082198344401E-002
   336.00000000000000        0.0000000000000000        2.9726356297350091E-002
   348.00000000000000        0.0000000000000000        2.5154664811442209E-002
   360.00000000000000        0.0000000000000000        1.8417229459716189E-002
   372.00000000000000        0.0000000000000000        1.8229684980205350E-002
   384.00000000000000        0.0000000000000000        1.4337841294611140E-002
   396.00000000000000        0.0000000000000000        1.1019000893185820E-002
   408.00000000000000        0.0000000000000000        1.0092315574811040E-002
   420.00000000000000        0.0000000000000000        7.6155627656983443E-003
   432.00000000000000        0.0000000000000000        6.4234329041543119E-003
   444.00000000000000        0.0000000000000000        4.8513998979374051E-003
   456.00000000000000        0.0000000000000000        3.6920671342150300E-003
   468.00000000000000        0.0000000000000000        3.1875031257013026E-003
   480.00000000000000        0.0000000000000000        2.2205997214970854E-003
   492.00000000000000        0.0000000000000000        1.5785903251900428E-003
   504.00000000000000        0.0000000000000000        1.1017723269436904E-003
   516.00000000000000                            NaN                       NaN
   528.00000000000000                            NaN                       NaN
   540.00000000000000                            NaN                       NaN
   552.00000000000000                            NaN                       NaN
   564.00000000000000                            NaN                       NaN
   576.00000000000000                            NaN                       NaN
   588.00000000000000                            NaN                       NaN
   600.00000000000000                            NaN                       NaN
