   12.500000000000000        0.0000000000000000        0.0000000000000000     
   25.000000000000000        0.0000000000000000        0.0000000000000000     
   37.500000000000000        0.0000000000000000        0.0000000000000000     
   50.000000000000000        78.766575657784998        0.0000000000000000     
   62.500000000000000        115.61104717130142        0.0000000000000000     
   75.000000000000000        141.19509137831170        0.0000000000000000     
   87.500000000000000        152.24911161602623        0.0000000000000000     
   100.00000000000000        147.26569721848733        0.0000000000000000     
   112.50000000000000        134.95339219241461        0.0000000000000000     
   125.00000000000000        103.35110122299709        0.0000000000000000     
   137.50000000000000        80.121346373289740        0.0000000000000000     
   150.00000000000000        57.218656662289185        0.0000000000000000     
   162.50000000000000        39.135010852160747        0.0000000000000000     
   175.00000000000000        26.720422063912846        0.0000000000000000     
   187.50000000000000        18.088560712171070        0.0000000000000000     
   200.00000000000000        11.821031765925422        0.0000000000000000     
   212.50000000000000        8.5864397378806725        0.0000000000000000     
   225.00000000000000        5.9229143468142809        0.0000000000000000     
   237.50000000000000        4.0501820928144996        0.0000000000000000     
   250.00000000000000        3.3411824763214009        0.0000000000000000     
   262.50000000000000        2.7023713516595120        0.0000000000000000     
   275.00000000000000        2.2621369569694507        0.0000000000000000     
   287.50000000000000        1.9988782281234134        0.0000000000000000     
   300.00000000000000        1.7215603502556718        0.0000000000000000     
   312.50000000000000        1.4447288329435841        0.0000000000000000     
   325.00000000000000        1.3031637737045991        0.0000000000000000     
   337.50000000000000        1.2784966874867210        0.0000000000000000     
   350.00000000000000       0.94188930090764411        0.0000000000000000     
   362.50000000000000       0.81247801635902883        0.0000000000000000     
   375.00000000000000       0.66537296403020652        0.0000000000000000     
   387.50000000000000       0.62492571432071475        0.0000000000000000     
   400.00000000000000       0.53524791078009903        0.0000000000000000     
   412.50000000000000       0.46978981356335531        0.0000000000000000     
   425.00000000000000       0.44634589096358618        0.0000000000000000     
   437.50000000000000       0.34531660829155214        0.0000000000000000     
   450.00000000000000       0.34485540833002742        0.0000000000000000     
   462.50000000000000       0.26871715793722195        0.0000000000000000     
   475.00000000000000       0.20925221200883592        0.0000000000000000     
   487.50000000000000       0.22190508156599267        0.0000000000000000     
   500.00000000000000       0.18060444341646775        0.0000000000000000     
   512.50000000000000       0.14932349261752634        0.0000000000000000     
   525.00000000000000       0.16295228607439077        0.0000000000000000     
   537.50000000000000       0.12918350844419968        0.0000000000000000     
   550.00000000000000        9.3072168038950812E-002   0.0000000000000000     
   562.50000000000000        8.0959496036260403E-002   0.0000000000000000     
   575.00000000000000        7.7740927133793269E-002   0.0000000000000000     
   587.50000000000000        6.7779453727464190E-002   0.0000000000000000     
   600.00000000000000        5.0719958055195274E-002   0.0000000000000000     
   612.50000000000000        5.1020218345465732E-002   0.0000000000000000     
   625.00000000000000        4.9559027911246792E-002   0.0000000000000000     
   637.50000000000000        4.1024035513344853E-002   0.0000000000000000     
   650.00000000000000        2.8695494713585037E-002   0.0000000000000000     
   662.50000000000000        2.4865742318246561E-002   0.0000000000000000     
   675.00000000000000        2.2093008671020656E-002   0.0000000000000000     
   687.50000000000000        2.1333773714895154E-002   0.0000000000000000     
   700.00000000000000        1.7799039865796930E-002   0.0000000000000000     
   712.50000000000000        1.5144114208917805E-002   0.0000000000000000     
   725.00000000000000        1.1107946117174396E-002   0.0000000000000000     
   737.50000000000000        1.2739174002769886E-002   0.0000000000000000     
   750.00000000000000        9.1648791270391751E-003   0.0000000000000000     
   762.50000000000000        1.0520932884950224E-002   0.0000000000000000     
   775.00000000000000        7.2890546916449563E-003   0.0000000000000000     
   787.50000000000000        5.3088919738466080E-003   0.0000000000000000     
   800.00000000000000        5.1427350806142903E-003   0.0000000000000000     
   812.50000000000000        4.9874246296061631E-003   0.0000000000000000     
   825.00000000000000        4.5718216819308757E-003   0.0000000000000000     
   837.50000000000000        3.2864400586187833E-003   0.0000000000000000     
   850.00000000000000        3.3812203446175657E-003   0.0000000000000000     
   862.50000000000000        2.2137352529899806E-003   0.0000000000000000     
   875.00000000000000        1.7960671916181982E-003   0.0000000000000000     
   887.50000000000000        1.5097066955628521E-003   0.0000000000000000     
   900.00000000000000                            NaN                       NaN
   912.50000000000000                            NaN                       NaN
   925.00000000000000                            NaN                       NaN
   937.50000000000000                            NaN                       NaN
   950.00000000000000                            NaN                       NaN
   962.50000000000000                            NaN                       NaN
   975.00000000000000                            NaN                       NaN
   987.50000000000000                            NaN                       NaN
   1000.0000000000000                            NaN                       NaN
