   12.000000000000000        0.0000000000000000        0.0000000000000000     
   24.000000000000000        0.0000000000000000        0.0000000000000000     
   36.000000000000000        0.0000000000000000        0.0000000000000000     
   48.000000000000000        0.0000000000000000        1.1856802600541716     
   60.000000000000000        0.0000000000000000        2.4193438002239360     
   72.000000000000000        0.0000000000000000        3.7878484758127140     
   84.000000000000000        0.0000000000000000        4.2975257887615603     
   96.000000000000000        0.0000000000000000        4.5524514415057249     
   108.00000000000000        0.0000000000000000        4.5116914786878954     
   120.00000000000000        0.0000000000000000        4.1599849572443706     
   132.00000000000000        0.0000000000000000        3.6350269959245658     
   144.00000000000000        0.0000000000000000        2.9422831914718133     
   156.00000000000000        0.0000000000000000        2.1951245296247563     
   168.00000000000000        0.0000000000000000        1.4387476379664914     
   180.00000000000000        0.0000000000000000        1.0388676213612129     
   192.00000000000000        0.0000000000000000       0.67987758217778915     
   204.00000000000000        0.0000000000000000       0.50067496357126928     
   216.00000000000000        0.0000000000000000       0.31378752511184232     
   228.00000000000000        0.0000000000000000       0.21009618617806586     
   240.00000000000000        0.0000000000000000       0.14204292566513721     
   252.00000000000000        0.0000000000000000       0.11194659580059124     
   264.00000000000000        0.0000000000000000        7.3544225791639356E-002
   276.00000000000000        0.0000000000000000        5.9584471183879266E-002
   288.00000000000000        0.0000000000000000        5.3937053483139839E-002
   300.00000000000000        0.0000000000000000        4.2614294416967111E-002
   312.00000000000000        0.0000000000000000        3.3703261945542490E-002
   324.00000000000000        0.0000000000000000        3.3840922710056461E-002
   336.00000000000000        0.0000000000000000        2.3263726700686285E-002
   348.00000000000000        0.0000000000000000        1.9041464016361642E-002
   360.00000000000000        0.0000000000000000        1.4326147758027749E-002
   372.00000000000000        0.0000000000000000        1.4225923916550526E-002
   384.00000000000000        0.0000000000000000        1.1245904827065787E-002
   396.00000000000000        0.0000000000000000        8.4580902200856768E-003
   408.00000000000000        0.0000000000000000        7.9081109321927426E-003
   420.00000000000000        0.0000000000000000        5.7084807358569944E-003
   432.00000000000000        0.0000000000000000        5.0046784509255975E-003
   444.00000000000000        0.0000000000000000        3.9758706461154531E-003
   456.00000000000000        0.0000000000000000        2.8967579871602067E-003
   468.00000000000000        0.0000000000000000        2.6545076665824346E-003
   480.00000000000000        0.0000000000000000        1.8767676328199422E-003
   492.00000000000000        0.0000000000000000        1.3970876003663887E-003
   504.00000000000000        0.0000000000000000        1.0299861597162234E-003
   516.00000000000000                            NaN                       NaN
   528.00000000000000                            NaN                       NaN
   540.00000000000000                            NaN                       NaN
   552.00000000000000                            NaN                       NaN
   564.00000000000000                            NaN                       NaN
   576.00000000000000                            NaN                       NaN
   588.00000000000000                            NaN                       NaN
   600.00000000000000                            NaN                       NaN
