   12.000000000000000        0.0000000000000000        0.0000000000000000     
   24.000000000000000        0.0000000000000000        0.0000000000000000     
   36.000000000000000        0.0000000000000000        0.0000000000000000     
   48.000000000000000        54.899250852123750        0.0000000000000000     
   60.000000000000000        48.270716953166080        0.0000000000000000     
   72.000000000000000        29.919172264509147        0.0000000000000000     
   84.000000000000000        18.674557777701878        0.0000000000000000     
   96.000000000000000        10.564651232516644        0.0000000000000000     
   108.00000000000000        5.8319022513983940        0.0000000000000000     
   120.00000000000000        3.9984229047786299        0.0000000000000000     
   132.00000000000000        2.3317954493743862        0.0000000000000000     
   144.00000000000000        1.6894813413869765        0.0000000000000000     
   156.00000000000000        1.4135895483403398        0.0000000000000000     
   168.00000000000000        1.0860850776257844        0.0000000000000000     
   180.00000000000000       0.98968267935419074        0.0000000000000000     
   192.00000000000000       0.81133053737353000        0.0000000000000000     
   204.00000000000000       0.72745781267619991        0.0000000000000000     
   216.00000000000000       0.58356708701768856        0.0000000000000000     
   228.00000000000000       0.47267163472491169        0.0000000000000000     
   240.00000000000000       0.43417045318165032        0.0000000000000000     
   252.00000000000000       0.37350481090472581        0.0000000000000000     
   264.00000000000000       0.29505210635405366        0.0000000000000000     
   276.00000000000000       0.26674120973497456        0.0000000000000000     
   288.00000000000000       0.21265098734213955        0.0000000000000000     
   300.00000000000000       0.18039098289173691        0.0000000000000000     
   312.00000000000000       0.15902327165679558        0.0000000000000000     
   324.00000000000000       0.15534781987900023        0.0000000000000000     
   336.00000000000000       0.10749742076839403        0.0000000000000000     
   348.00000000000000        8.9427465108367105E-002   0.0000000000000000     
   360.00000000000000        7.0856982290216641E-002   0.0000000000000000     
   372.00000000000000        6.2663757499611825E-002   0.0000000000000000     
   384.00000000000000        5.4298993112659781E-002   0.0000000000000000     
   396.00000000000000        4.7547694343766989E-002   0.0000000000000000     
   408.00000000000000        4.2841710675066071E-002   0.0000000000000000     
   420.00000000000000        3.1750425023253863E-002   0.0000000000000000     
   432.00000000000000        3.1418007646976810E-002   0.0000000000000000     
   444.00000000000000        2.4464207579285250E-002   0.0000000000000000     
   456.00000000000000        1.8031528734193100E-002   0.0000000000000000     
   468.00000000000000        1.8670956852141214E-002   0.0000000000000000     
   480.00000000000000        1.4413983997288793E-002   0.0000000000000000     
   492.00000000000000        1.1049308631632693E-002   0.0000000000000000     
   504.00000000000000        9.7968059908931475E-003   0.0000000000000000     
   516.00000000000000                            NaN                       NaN
   528.00000000000000                            NaN                       NaN
   540.00000000000000                            NaN                       NaN
   552.00000000000000                            NaN                       NaN
   564.00000000000000                            NaN                       NaN
   576.00000000000000                            NaN                       NaN
   588.00000000000000                            NaN                       NaN
   600.00000000000000                            NaN                       NaN
