   12.500000000000000        0.0000000000000000        0.0000000000000000     
   25.000000000000000        0.0000000000000000        0.0000000000000000     
   37.500000000000000        0.0000000000000000        0.0000000000000000     
   50.000000000000000        189.36122423810278        0.0000000000000000     
   62.500000000000000        165.28176815046783        0.0000000000000000     
   75.000000000000000        156.12826810727142        0.0000000000000000     
   87.500000000000000        96.192126390315636        0.0000000000000000     
   100.00000000000000        61.256559097867893        0.0000000000000000     
   112.50000000000000        32.315371713417861        0.0000000000000000     
   125.00000000000000        21.236401203523577        0.0000000000000000     
   137.50000000000000        12.108886719401495        0.0000000000000000     
   150.00000000000000        8.7037737793372933        0.0000000000000000     
   162.50000000000000        6.4494180590749695        0.0000000000000000     
   175.00000000000000        4.6649931967129872        0.0000000000000000     
   187.50000000000000        3.9615607165649545        0.0000000000000000     
   200.00000000000000        3.3448956030690975        0.0000000000000000     
   212.50000000000000        3.0041600614502313        0.0000000000000000     
   225.00000000000000        2.4840917046035682        0.0000000000000000     
   237.50000000000000        2.0460076917695007        0.0000000000000000     
   250.00000000000000        1.8864451187240037        0.0000000000000000     
   262.50000000000000        1.6971699273294445        0.0000000000000000     
   275.00000000000000        1.3682810796452636        0.0000000000000000     
   287.50000000000000        1.2588270557281489        0.0000000000000000     
   300.00000000000000        1.0229527844607083        0.0000000000000000     
   312.50000000000000       0.88441117557020976        0.0000000000000000     
   325.00000000000000       0.79991742720122871        0.0000000000000000     
   337.50000000000000       0.79757911659150182        0.0000000000000000     
   350.00000000000000       0.57027884128751216        0.0000000000000000     
   362.50000000000000       0.48316370892009836        0.0000000000000000     
   375.00000000000000       0.39170469759892246        0.0000000000000000     
   387.50000000000000       0.35318039685893604        0.0000000000000000     
   400.00000000000000       0.31186694429514766        0.0000000000000000     
   412.50000000000000       0.28401634516396945        0.0000000000000000     
   425.00000000000000       0.26223884099691219        0.0000000000000000     
   437.50000000000000       0.19916470949671269        0.0000000000000000     
   450.00000000000000       0.20108826377418865        0.0000000000000000     
   462.50000000000000       0.16032367341924483        0.0000000000000000     
   475.00000000000000       0.12139908813554558        0.0000000000000000     
   487.50000000000000       0.13170825925105586        0.0000000000000000     
   500.00000000000000       0.10796369493108975        0.0000000000000000     
   512.50000000000000        8.9058308702417266E-002   0.0000000000000000     
   525.00000000000000        9.7444149680793374E-002   0.0000000000000000     
   537.50000000000000        7.5814811778228644E-002   0.0000000000000000     
   550.00000000000000        5.4305082198761616E-002   0.0000000000000000     
   562.50000000000000        4.7416800200573178E-002   0.0000000000000000     
   575.00000000000000        4.6717516055844899E-002   0.0000000000000000     
   587.50000000000000        4.0259607311866258E-002   0.0000000000000000     
   600.00000000000000        3.0052340260286407E-002   0.0000000000000000     
   612.50000000000000        3.0407312856426692E-002   0.0000000000000000     
   625.00000000000000        3.0347929821549793E-002   0.0000000000000000     
   637.50000000000000        2.5815431984292862E-002   0.0000000000000000     
   650.00000000000000        1.7198213073614920E-002   0.0000000000000000     
   662.50000000000000        1.5090232257332799E-002   0.0000000000000000     
   675.00000000000000        1.4180521707203903E-002   0.0000000000000000     
   687.50000000000000        1.4085035239424608E-002   0.0000000000000000     
   700.00000000000000        1.1663773052062752E-002   0.0000000000000000     
   712.50000000000000        1.0053421249884714E-002   0.0000000000000000     
   725.00000000000000        7.6754584560100748E-003   0.0000000000000000     
   737.50000000000000        9.0643473762064102E-003   0.0000000000000000     
   750.00000000000000        6.4990081903259700E-003   0.0000000000000000     
   762.50000000000000        7.7769472705534947E-003   0.0000000000000000     
   775.00000000000000        5.5190792299449672E-003   0.0000000000000000     
   787.50000000000000        4.0364891319185333E-003   0.0000000000000000     
   800.00000000000000        4.1128298007599715E-003   0.0000000000000000     
   812.50000000000000        4.1020760655223650E-003   0.0000000000000000     
   825.00000000000000        3.8556496345754612E-003   0.0000000000000000     
   837.50000000000000        2.7899369786339185E-003   0.0000000000000000     
   850.00000000000000        3.0135950474850207E-003   0.0000000000000000     
   862.50000000000000        2.0304069441233067E-003   0.0000000000000000     
   875.00000000000000        1.6997774802494704E-003   0.0000000000000000     
   887.50000000000000        1.4819620700963979E-003   0.0000000000000000     
   900.00000000000000                            NaN                       NaN
   912.50000000000000                            NaN                       NaN
   925.00000000000000                            NaN                       NaN
   937.50000000000000                            NaN                       NaN
   950.00000000000000                            NaN                       NaN
   962.50000000000000                            NaN                       NaN
   975.00000000000000                            NaN                       NaN
   987.50000000000000                            NaN                       NaN
   1000.0000000000000                            NaN                       NaN
