   12.500000000000000        0.0000000000000000        0.0000000000000000     
   25.000000000000000        0.0000000000000000        0.0000000000000000     
   37.500000000000000        0.0000000000000000        0.0000000000000000     
   50.000000000000000        0.0000000000000000        8.1132600070358638     
   62.500000000000000        0.0000000000000000        11.113289264245349     
   75.000000000000000        0.0000000000000000        13.768281546732135     
   87.500000000000000        0.0000000000000000        13.625357187737084     
   100.00000000000000        0.0000000000000000        12.798025918286095     
   112.50000000000000        0.0000000000000000        11.053135735836655     
   125.00000000000000        0.0000000000000000        8.4452203505543828     
   137.50000000000000        0.0000000000000000        6.4315452816110028     
   150.00000000000000        0.0000000000000000        4.5222858251124869     
   162.50000000000000        0.0000000000000000        3.0053214709766980     
   175.00000000000000        0.0000000000000000        2.1041914020416868     
   187.50000000000000        0.0000000000000000        1.4555952007206987     
   200.00000000000000        0.0000000000000000       0.93295087829170376     
   212.50000000000000        0.0000000000000000       0.70318562992865008     
   225.00000000000000        0.0000000000000000       0.50863940005975239     
   237.50000000000000        0.0000000000000000       0.33902235653142587     
   250.00000000000000        0.0000000000000000       0.28489679065792234     
   262.50000000000000        0.0000000000000000       0.24308468624778209     
   275.00000000000000        0.0000000000000000       0.17354285193944544     
   287.50000000000000        0.0000000000000000       0.16612990535452352     
   300.00000000000000        0.0000000000000000       0.15525717244604043     
   312.50000000000000        0.0000000000000000       0.12379650652156358     
   325.00000000000000        0.0000000000000000       0.10367329813546984     
   337.50000000000000        0.0000000000000000       0.10967745999988493     
   350.00000000000000        0.0000000000000000        7.7641880076610686E-002
   362.50000000000000        0.0000000000000000        6.4330198867197291E-002
   375.00000000000000        0.0000000000000000        5.1605523320823063E-002
   387.50000000000000        0.0000000000000000        5.3402957095116575E-002
   400.00000000000000        0.0000000000000000        4.3502128787603761E-002
   412.50000000000000        0.0000000000000000        3.4801163181879168E-002
   425.00000000000000        0.0000000000000000        3.5439355539551839E-002
   437.50000000000000        0.0000000000000000        2.7252848505734954E-002
   450.00000000000000        0.0000000000000000        2.5076190251894975E-002
   462.50000000000000        0.0000000000000000        2.1384267871548419E-002
   475.00000000000000        0.0000000000000000        1.6898335690230540E-002
   487.50000000000000        0.0000000000000000        1.7580989837579133E-002
   500.00000000000000        0.0000000000000000        1.3949749602741200E-002
   512.50000000000000        0.0000000000000000        1.1802494422474715E-002
   525.00000000000000        0.0000000000000000        1.1876907603513216E-002
   537.50000000000000        0.0000000000000000        9.9057420557844694E-003
   550.00000000000000        0.0000000000000000        7.0637919460316756E-003
   562.50000000000000        0.0000000000000000        6.1350450832781426E-003
   575.00000000000000        0.0000000000000000        6.4756142636497437E-003
   587.50000000000000        0.0000000000000000        4.9619485581199390E-003
   600.00000000000000        0.0000000000000000        4.1194613534975954E-003
   612.50000000000000        0.0000000000000000        3.8837486473434174E-003
   625.00000000000000        0.0000000000000000        3.7078132532334875E-003
   637.50000000000000        0.0000000000000000        2.5644115668706328E-003
   650.00000000000000        0.0000000000000000        2.3942304722156592E-003
   662.50000000000000        0.0000000000000000        2.0987320911457518E-003
   675.00000000000000        0.0000000000000000        1.8109169585416433E-003
   687.50000000000000        0.0000000000000000        1.7374088430820169E-003
   700.00000000000000        0.0000000000000000        1.3130754040865085E-003
   712.50000000000000        0.0000000000000000        1.2959964632875875E-003
   725.00000000000000        0.0000000000000000        8.0590572570782434E-004
   737.50000000000000        0.0000000000000000        1.0583313502340670E-003
   750.00000000000000        0.0000000000000000        7.1982153481462677E-004
   762.50000000000000        0.0000000000000000        7.7515533884217917E-004
   775.00000000000000        0.0000000000000000        6.0419554909374755E-004
   787.50000000000000        0.0000000000000000        4.0114501528602152E-004
   800.00000000000000        0.0000000000000000        3.8811911071133005E-004
   812.50000000000000        0.0000000000000000        3.4896702120957137E-004
   825.00000000000000        0.0000000000000000        3.1723141156719760E-004
   837.50000000000000        0.0000000000000000        2.3787399385219755E-004
   850.00000000000000        0.0000000000000000        2.4074553991726259E-004
   862.50000000000000        0.0000000000000000        1.6796311476471916E-004
   875.00000000000000        0.0000000000000000        1.1826150590523217E-004
   887.50000000000000        0.0000000000000000        1.0800954669083538E-004
   900.00000000000000                            NaN                       NaN
   912.50000000000000                            NaN                       NaN
   925.00000000000000                            NaN                       NaN
   937.50000000000000                            NaN                       NaN
   950.00000000000000                            NaN                       NaN
   962.50000000000000                            NaN                       NaN
   975.00000000000000                            NaN                       NaN
   987.50000000000000                            NaN                       NaN
   1000.0000000000000                            NaN                       NaN
