   12.500000000000000        0.0000000000000000        0.0000000000000000     
   25.000000000000000        0.0000000000000000        0.0000000000000000     
   37.500000000000000        0.0000000000000000        0.0000000000000000     
   50.000000000000000        0.0000000000000000        0.0000000000000000     
   62.500000000000000        0.0000000000000000        7.9856415272945753E-005
   75.000000000000000        0.0000000000000000        2.4209797952812607E-003
   87.500000000000000        0.0000000000000000        5.9003614404191961E-002
   100.00000000000000        0.0000000000000000       0.13882924715437550     
   112.50000000000000        0.0000000000000000       0.35001232683585271     
   125.00000000000000        0.0000000000000000       0.88903157199571436     
   137.50000000000000        0.0000000000000000        1.2857717183710520     
   150.00000000000000        0.0000000000000000        1.9148325967183397     
   162.50000000000000        0.0000000000000000        2.6014501329620394     
   175.00000000000000        0.0000000000000000        3.2779786708542336     
   187.50000000000000        0.0000000000000000        3.4398576917665316     
   200.00000000000000        0.0000000000000000        3.6067387143267160     
   212.50000000000000        0.0000000000000000        3.6908603579167676     
   225.00000000000000        0.0000000000000000        3.5797020096831424     
   237.50000000000000        0.0000000000000000        3.4386682949766252     
   250.00000000000000        0.0000000000000000        3.2092262596355106     
   262.50000000000000        0.0000000000000000        2.9089864519936781     
   275.00000000000000        0.0000000000000000        2.5478826178482685     
   287.50000000000000        0.0000000000000000        2.0088865456456642     
   300.00000000000000        0.0000000000000000        1.6484131676586609     
   312.50000000000000        0.0000000000000000        1.2815968235116735     
   325.00000000000000        0.0000000000000000        1.0336441164626553     
   337.50000000000000        0.0000000000000000       0.80285268537045973     
   350.00000000000000        0.0000000000000000       0.59187366207765457     
   362.50000000000000        0.0000000000000000       0.41685352094393013     
   375.00000000000000        0.0000000000000000       0.30176323854599052     
   387.50000000000000        0.0000000000000000       0.25237226659350004     
   400.00000000000000        0.0000000000000000       0.16794497704247269     
   412.50000000000000        0.0000000000000000       0.12024529893570883     
   425.00000000000000        0.0000000000000000        8.9812225138263910E-002
   437.50000000000000        0.0000000000000000        7.5001983294881613E-002
   450.00000000000000        0.0000000000000000        6.2717978238192140E-002
   462.50000000000000        0.0000000000000000        4.7977934725270191E-002
   475.00000000000000        0.0000000000000000        4.2516646198228536E-002
   487.50000000000000        0.0000000000000000        4.0041084588069001E-002
   500.00000000000000        0.0000000000000000        3.5251050762500971E-002
   512.50000000000000        0.0000000000000000        3.3572338591749545E-002
   525.00000000000000        0.0000000000000000        3.0078503702762556E-002
   537.50000000000000        0.0000000000000000        2.7969718439011006E-002
   550.00000000000000        0.0000000000000000        2.1403477926693767E-002
   562.50000000000000        0.0000000000000000        1.9876202708910072E-002
   575.00000000000000        0.0000000000000000        1.8233903356544266E-002
   587.50000000000000        0.0000000000000000        1.4990767746871655E-002
   600.00000000000000        0.0000000000000000        1.0125005991053952E-002
   612.50000000000000        0.0000000000000000        1.1156707361877171E-002
   625.00000000000000        0.0000000000000000        9.6239352903671610E-003
   637.50000000000000        0.0000000000000000        6.9167955952100279E-003
   650.00000000000000        0.0000000000000000        6.6222719359165837E-003
   662.50000000000000        0.0000000000000000        5.3202113967104527E-003
   675.00000000000000        0.0000000000000000        4.8016542423159891E-003
   687.50000000000000        0.0000000000000000        4.6977730812525651E-003
   700.00000000000000        0.0000000000000000        3.4796659962291784E-003
   712.50000000000000        0.0000000000000000        3.3139925903495054E-003
   725.00000000000000        0.0000000000000000        2.1763471969979266E-003
   737.50000000000000        0.0000000000000000        2.6034372545687711E-003
   750.00000000000000        0.0000000000000000        1.5461835419936342E-003
   762.50000000000000        0.0000000000000000        1.7073389986722539E-003
   775.00000000000000        0.0000000000000000        1.2247633974992139E-003
   787.50000000000000        0.0000000000000000        8.7213080901254135E-004
   800.00000000000000        0.0000000000000000        7.0197215104574528E-004
   812.50000000000000        0.0000000000000000        6.2326849156250778E-004
   825.00000000000000        0.0000000000000000        5.5224603165955470E-004
   837.50000000000000        0.0000000000000000        3.6659832680506900E-004
   850.00000000000000        0.0000000000000000        3.6642952960553102E-004
   862.50000000000000        0.0000000000000000        2.2846510366907695E-004
   875.00000000000000        0.0000000000000000        1.5286271723605020E-004
   887.50000000000000        0.0000000000000000        1.2471440076168848E-004
   900.00000000000000                            NaN                       NaN
   912.50000000000000                            NaN                       NaN
   925.00000000000000                            NaN                       NaN
   937.50000000000000                            NaN                       NaN
   950.00000000000000                            NaN                       NaN
   962.50000000000000                            NaN                       NaN
   975.00000000000000                            NaN                       NaN
   987.50000000000000                            NaN                       NaN
   1000.0000000000000                            NaN                       NaN
