   12.500000000000000        0.0000000000000000        0.0000000000000000     
   25.000000000000000        0.0000000000000000        0.0000000000000000     
   37.500000000000000        0.0000000000000000        0.0000000000000000     
   50.000000000000000        0.0000000000000000        0.0000000000000000     
   62.500000000000000        0.0000000000000000        0.0000000000000000     
   75.000000000000000        0.0000000000000000        8.6947350282410812E-007
   87.500000000000000        0.0000000000000000        1.0663757922053188E-004
   100.00000000000000        0.0000000000000000        6.6965790911513022E-004
   112.50000000000000        0.0000000000000000        2.3260825009181084E-003
   125.00000000000000        0.0000000000000000        3.3462026188480595E-003
   137.50000000000000        0.0000000000000000        1.2867462504466456E-002
   150.00000000000000        0.0000000000000000        4.4987985662721122E-002
   162.50000000000000        0.0000000000000000       0.11984978029867738     
   175.00000000000000        0.0000000000000000       0.22623733484428299     
   187.50000000000000        0.0000000000000000       0.34566614214208979     
   200.00000000000000        0.0000000000000000       0.66665145577424045     
   212.50000000000000        0.0000000000000000       0.89314370660864495     
   225.00000000000000        0.0000000000000000        1.2097278559902047     
   237.50000000000000        0.0000000000000000        1.4774789934113270     
   250.00000000000000        0.0000000000000000        1.6852741002655436     
   262.50000000000000        0.0000000000000000        1.8880846033471061     
   275.00000000000000        0.0000000000000000        1.9680003136453603     
   287.50000000000000        0.0000000000000000        1.9641084305168246     
   300.00000000000000        0.0000000000000000        1.9928226060725838     
   312.50000000000000        0.0000000000000000        1.8777004624044427     
   325.00000000000000        0.0000000000000000        1.7498089590110240     
   337.50000000000000        0.0000000000000000        1.5863462958633148     
   350.00000000000000        0.0000000000000000        1.4782298577517883     
   362.50000000000000        0.0000000000000000        1.3043495859310315     
   375.00000000000000        0.0000000000000000        1.0860024485839392     
   387.50000000000000        0.0000000000000000       0.89486552905817385     
   400.00000000000000        0.0000000000000000       0.69080668901641185     
   412.50000000000000        0.0000000000000000       0.50107064023954473     
   425.00000000000000        0.0000000000000000       0.37858824066589208     
   437.50000000000000        0.0000000000000000       0.28946986150748677     
   450.00000000000000        0.0000000000000000       0.22370862370966302     
   462.50000000000000        0.0000000000000000       0.16633512077073531     
   475.00000000000000        0.0000000000000000       0.11632581071340165     
   487.50000000000000        0.0000000000000000        7.8096425748219289E-002
   500.00000000000000        0.0000000000000000        6.1106363065459003E-002
   512.50000000000000        0.0000000000000000        4.8823818740869156E-002
   525.00000000000000        0.0000000000000000        3.8808157273897588E-002
   537.50000000000000        0.0000000000000000        3.3020821383497177E-002
   550.00000000000000        0.0000000000000000        2.6695647035341042E-002
   562.50000000000000        0.0000000000000000        2.4601634045119159E-002
   575.00000000000000        0.0000000000000000        2.1535088756680934E-002
   587.50000000000000        0.0000000000000000        2.0153326938179568E-002
   600.00000000000000        0.0000000000000000        1.4761056509840052E-002
   612.50000000000000        0.0000000000000000        1.5520538844555726E-002
   625.00000000000000        0.0000000000000000        1.3633202328108678E-002
   637.50000000000000        0.0000000000000000        9.4940807318732931E-003
   650.00000000000000        0.0000000000000000        8.7520883252300025E-003
   662.50000000000000        0.0000000000000000        8.7318638435861795E-003
   675.00000000000000        0.0000000000000000        6.7806317336759061E-003
   687.50000000000000        0.0000000000000000        6.0612401906910184E-003
   700.00000000000000        0.0000000000000000        5.1112046418539713E-003
   712.50000000000000        0.0000000000000000        4.4163487056550384E-003
   725.00000000000000        0.0000000000000000        2.7886697845427863E-003
   737.50000000000000        0.0000000000000000        3.4174072403878818E-003
   750.00000000000000        0.0000000000000000        2.0974078825710431E-003
   762.50000000000000        0.0000000000000000        2.3365517713097978E-003
   775.00000000000000        0.0000000000000000        1.6341397447696489E-003
   787.50000000000000        0.0000000000000000        1.1442662617467130E-003
   800.00000000000000        0.0000000000000000        8.8764403203044507E-004
   812.50000000000000        0.0000000000000000        8.0452114737960656E-004
   825.00000000000000        0.0000000000000000        7.3866462899237163E-004
   837.50000000000000        0.0000000000000000        4.4815710461670465E-004
   850.00000000000000        0.0000000000000000        4.5562296089181472E-004
   862.50000000000000        0.0000000000000000        2.7437971736130929E-004
   875.00000000000000        0.0000000000000000        1.8363131627450750E-004
   887.50000000000000        0.0000000000000000        1.3356458969258190E-004
   900.00000000000000                            NaN                       NaN
   912.50000000000000                            NaN                       NaN
   925.00000000000000                            NaN                       NaN
   937.50000000000000                            NaN                       NaN
   950.00000000000000                            NaN                       NaN
   962.50000000000000                            NaN                       NaN
   975.00000000000000                            NaN                       NaN
   987.50000000000000                            NaN                       NaN
   1000.0000000000000                            NaN                       NaN
