   12.000000000000000        0.0000000000000000        0.0000000000000000     
   24.000000000000000        0.0000000000000000        0.0000000000000000     
   36.000000000000000        0.0000000000000000        0.0000000000000000     
   48.000000000000000        0.0000000000000000        0.0000000000000000     
   60.000000000000000        0.0000000000000000        9.3521843553947704E-003
   72.000000000000000        0.0000000000000000        8.2979680057727698E-002
   84.000000000000000        0.0000000000000000       0.24501624261898899     
   96.000000000000000        0.0000000000000000       0.54499094930901970     
   108.00000000000000        0.0000000000000000        1.0311119535178361     
   120.00000000000000        0.0000000000000000        1.4388803094573108     
   132.00000000000000        0.0000000000000000        1.9003928925154607     
   144.00000000000000        0.0000000000000000        2.2089294432790676     
   156.00000000000000        0.0000000000000000        2.2522456543858689     
   168.00000000000000        0.0000000000000000        2.3917763361608908     
   180.00000000000000        0.0000000000000000        2.2131056986782149     
   192.00000000000000        0.0000000000000000        1.9825348144155115     
   204.00000000000000        0.0000000000000000        1.7824980791002984     
   216.00000000000000        0.0000000000000000        1.4297582281207184     
   228.00000000000000        0.0000000000000000        1.1447010869455747     
   240.00000000000000        0.0000000000000000       0.85638435311407812     
   252.00000000000000        0.0000000000000000       0.61669721512789655     
   264.00000000000000        0.0000000000000000       0.43517339484377915     
   276.00000000000000        0.0000000000000000       0.29903241490964433     
   288.00000000000000        0.0000000000000000       0.21511078271697337     
   300.00000000000000        0.0000000000000000       0.13849780055015279     
   312.00000000000000        0.0000000000000000        8.9844152042807088E-002
   324.00000000000000        0.0000000000000000        6.8853553860423911E-002
   336.00000000000000        0.0000000000000000        4.4270925298130585E-002
   348.00000000000000        0.0000000000000000        3.1959011090924645E-002
   360.00000000000000        0.0000000000000000        2.1989229123474081E-002
   372.00000000000000        0.0000000000000000        2.2785442422991079E-002
   384.00000000000000        0.0000000000000000        1.7390406281158816E-002
   396.00000000000000        0.0000000000000000        1.3701810669570526E-002
   408.00000000000000        0.0000000000000000        1.2404536695079923E-002
   420.00000000000000        0.0000000000000000        9.5620872395255473E-003
   432.00000000000000        0.0000000000000000        7.7856789082091007E-003
   444.00000000000000        0.0000000000000000        5.8669995971013331E-003
   456.00000000000000        0.0000000000000000        4.5034654176002251E-003
   468.00000000000000        0.0000000000000000        3.8475083347124790E-003
   480.00000000000000        0.0000000000000000        2.6424812738263382E-003
   492.00000000000000        0.0000000000000000        1.8796069577673062E-003
   504.00000000000000        0.0000000000000000        1.2032785328534086E-003
   516.00000000000000                            NaN                       NaN
   528.00000000000000                            NaN                       NaN
   540.00000000000000                            NaN                       NaN
   552.00000000000000                            NaN                       NaN
   564.00000000000000                            NaN                       NaN
   576.00000000000000                            NaN                       NaN
   588.00000000000000                            NaN                       NaN
   600.00000000000000                            NaN                       NaN
