   12.000000000000000        0.0000000000000000        0.0000000000000000     
   24.000000000000000        0.0000000000000000        0.0000000000000000     
   36.000000000000000        0.0000000000000000        0.0000000000000000     
   48.000000000000000        10.347406515946728        0.0000000000000000     
   60.000000000000000        21.982073785011146        0.0000000000000000     
   72.000000000000000        34.006984258343806        0.0000000000000000     
   84.000000000000000        41.767919259112624        0.0000000000000000     
   96.000000000000000        45.680667445742145        0.0000000000000000     
   108.00000000000000        47.397582675821987        0.0000000000000000     
   120.00000000000000        44.623489016266028        0.0000000000000000     
   132.00000000000000        40.823323564567708        0.0000000000000000     
   144.00000000000000        33.998342162184166        0.0000000000000000     
   156.00000000000000        26.783402193627971        0.0000000000000000     
   168.00000000000000        17.317401173236593        0.0000000000000000     
   180.00000000000000        12.318486377457063        0.0000000000000000     
   192.00000000000000        8.3846281265708971        0.0000000000000000     
   204.00000000000000        5.8585288571032175        0.0000000000000000     
   216.00000000000000        3.6761896011226494        0.0000000000000000     
   228.00000000000000        2.3493938946122115        0.0000000000000000     
   240.00000000000000        1.6056719896411862        0.0000000000000000     
   252.00000000000000        1.2119432280934785        0.0000000000000000     
   264.00000000000000       0.87569415096643222        0.0000000000000000     
   276.00000000000000       0.68568462019302578        0.0000000000000000     
   288.00000000000000       0.56019694869628489        0.0000000000000000     
   300.00000000000000       0.44520768336912697        0.0000000000000000     
   312.00000000000000       0.37515670948639668        0.0000000000000000     
   324.00000000000000       0.35666004032522686        0.0000000000000000     
   336.00000000000000       0.25547606272530138        0.0000000000000000     
   348.00000000000000       0.21258090961927026        0.0000000000000000     
   360.00000000000000       0.16574649484817011        0.0000000000000000     
   372.00000000000000       0.14935496475042895        0.0000000000000000     
   384.00000000000000       0.12028153413742883        0.0000000000000000     
   396.00000000000000        9.8403760754127212E-002   0.0000000000000000     
   408.00000000000000        8.6761579232331437E-002   0.0000000000000000     
   420.00000000000000        6.4412348436374042E-002   0.0000000000000000     
   432.00000000000000        5.9296441595429322E-002   0.0000000000000000     
   444.00000000000000        4.2254294918289283E-002   0.0000000000000000     
   456.00000000000000        3.0105576484151658E-002   0.0000000000000000     
   468.00000000000000        2.7969337295678139E-002   0.0000000000000000     
   480.00000000000000        2.0254622997308371E-002   0.0000000000000000     
   492.00000000000000        1.4236102756709992E-002   0.0000000000000000     
   504.00000000000000        1.1387245264772092E-002   0.0000000000000000     
   516.00000000000000                            NaN                       NaN
   528.00000000000000                            NaN                       NaN
   540.00000000000000                            NaN                       NaN
   552.00000000000000                            NaN                       NaN
   564.00000000000000                            NaN                       NaN
   576.00000000000000                            NaN                       NaN
   588.00000000000000                            NaN                       NaN
   600.00000000000000                            NaN                       NaN
