   12.000000000000000        0.0000000000000000        0.0000000000000000     
   24.000000000000000        0.0000000000000000        0.0000000000000000     
   36.000000000000000        0.0000000000000000        0.0000000000000000     
   48.000000000000000        0.0000000000000000        0.0000000000000000     
   60.000000000000000        0.0000000000000000        0.0000000000000000     
   72.000000000000000        0.0000000000000000        0.0000000000000000     
   84.000000000000000        1.0853209862742770E-003   0.0000000000000000     
   96.000000000000000        3.2928807894212048E-003   0.0000000000000000     
   108.00000000000000        1.0474553914239935E-002   0.0000000000000000     
   120.00000000000000        1.9705337458600057E-002   0.0000000000000000     
   132.00000000000000        6.4362757596826248E-002   0.0000000000000000     
   144.00000000000000       0.22992617775296878        0.0000000000000000     
   156.00000000000000       0.67508160667504291        0.0000000000000000     
   168.00000000000000        1.6457722847589149        0.0000000000000000     
   180.00000000000000        2.7027390728198522        0.0000000000000000     
   192.00000000000000        4.8673448613075498        0.0000000000000000     
   204.00000000000000        6.5067802690516885        0.0000000000000000     
   216.00000000000000        8.3815922921703407        0.0000000000000000     
   228.00000000000000        10.319273109101609        0.0000000000000000     
   240.00000000000000        11.057529967831199        0.0000000000000000     
   252.00000000000000        11.609020558337319        0.0000000000000000     
   264.00000000000000        11.785372024237214        0.0000000000000000     
   276.00000000000000        11.395561252580098        0.0000000000000000     
   288.00000000000000        10.405039449141613        0.0000000000000000     
   300.00000000000000        8.5556484072592287        0.0000000000000000     
   312.00000000000000        6.8326844349941505        0.0000000000000000     
   324.00000000000000        4.9887839794271764        0.0000000000000000     
   336.00000000000000        3.5451890282993221        0.0000000000000000     
   348.00000000000000        2.4429371279918026        0.0000000000000000     
   360.00000000000000        1.5504009199842685        0.0000000000000000     
   372.00000000000000       0.88106885381278899        0.0000000000000000     
   384.00000000000000       0.52791411671161026        0.0000000000000000     
   396.00000000000000       0.33288517626606495        0.0000000000000000     
   408.00000000000000       0.22656223232848191        0.0000000000000000     
   420.00000000000000       0.15831692557985910        0.0000000000000000     
   432.00000000000000       0.12992854989148342        0.0000000000000000     
   444.00000000000000        9.1232820403381376E-002   0.0000000000000000     
   456.00000000000000        6.5576196260342223E-002   0.0000000000000000     
   468.00000000000000        5.6013804193211024E-002   0.0000000000000000     
   480.00000000000000        3.8635019457156895E-002   0.0000000000000000     
   492.00000000000000        2.5463678639993412E-002   0.0000000000000000     
   504.00000000000000        1.6558031413856155E-002   0.0000000000000000     
   516.00000000000000                            NaN                       NaN
   528.00000000000000                            NaN                       NaN
   540.00000000000000                            NaN                       NaN
   552.00000000000000                            NaN                       NaN
   564.00000000000000                            NaN                       NaN
   576.00000000000000                            NaN                       NaN
   588.00000000000000                            NaN                       NaN
   600.00000000000000                            NaN                       NaN
