   12.000000000000000        0.0000000000000000        0.0000000000000000     
   24.000000000000000        0.0000000000000000        0.0000000000000000     
   36.000000000000000        0.0000000000000000        0.0000000000000000     
   48.000000000000000        0.0000000000000000        3.6464661573435206     
   60.000000000000000        0.0000000000000000        5.3012424328179319     
   72.000000000000000        0.0000000000000000        6.1972557321676227     
   84.000000000000000        0.0000000000000000        5.9195769917790120     
   96.000000000000000        0.0000000000000000        5.2177640298891568     
   108.00000000000000        0.0000000000000000        4.0969348833953108     
   120.00000000000000        0.0000000000000000        2.8727683201044525     
   132.00000000000000        0.0000000000000000        2.0032340221469176     
   144.00000000000000        0.0000000000000000        1.3237975095321972     
   156.00000000000000        0.0000000000000000       0.85297458135026971     
   168.00000000000000        0.0000000000000000       0.57170958989615139     
   180.00000000000000        0.0000000000000000       0.39617002500799492     
   192.00000000000000        0.0000000000000000       0.24150560880429475     
   204.00000000000000        0.0000000000000000       0.17919192410799026     
   216.00000000000000        0.0000000000000000       0.12882798559690237     
   228.00000000000000        0.0000000000000000        8.8532078876285489E-002
   240.00000000000000        0.0000000000000000        7.3782913507752193E-002
   252.00000000000000        0.0000000000000000        6.5853568206434024E-002
   264.00000000000000        0.0000000000000000        4.6161408896167176E-002
   276.00000000000000        0.0000000000000000        4.4229853815776932E-002
   288.00000000000000        0.0000000000000000        3.9060507735397550E-002
   300.00000000000000        0.0000000000000000        3.0886336320273756E-002
   312.00000000000000        0.0000000000000000        2.5609753925937239E-002
   324.00000000000000        0.0000000000000000        2.5309699788123131E-002
   336.00000000000000        0.0000000000000000        1.6765594376892259E-002
   348.00000000000000        0.0000000000000000        1.3829594493343610E-002
   360.00000000000000        0.0000000000000000        1.0320081215622867E-002
   372.00000000000000        0.0000000000000000        1.0203652218413989E-002
   384.00000000000000        0.0000000000000000        7.9434896149698422E-003
   396.00000000000000        0.0000000000000000        6.0535482482294012E-003
   408.00000000000000        0.0000000000000000        5.9381015760212518E-003
   420.00000000000000        0.0000000000000000        4.2867618722384144E-003
   432.00000000000000        0.0000000000000000        3.7362252940355057E-003
   444.00000000000000        0.0000000000000000        3.0255463520855704E-003
   456.00000000000000        0.0000000000000000        2.2819358123369504E-003
   468.00000000000000        0.0000000000000000        2.2431525430583713E-003
   480.00000000000000        0.0000000000000000        1.6224089032121972E-003
   492.00000000000000        0.0000000000000000        1.2567873493854653E-003
   504.00000000000000        0.0000000000000000        9.6280594178560800E-004
   516.00000000000000                            NaN                       NaN
   528.00000000000000                            NaN                       NaN
   540.00000000000000                            NaN                       NaN
   552.00000000000000                            NaN                       NaN
   564.00000000000000                            NaN                       NaN
   576.00000000000000                            NaN                       NaN
   588.00000000000000                            NaN                       NaN
   600.00000000000000                            NaN                       NaN
