   12.000000000000000        0.0000000000000000        0.0000000000000000     
   24.000000000000000        0.0000000000000000        0.0000000000000000     
   36.000000000000000        0.0000000000000000        0.0000000000000000     
   48.000000000000000        0.0000000000000000        4.7695095413545090     
   60.000000000000000        0.0000000000000000        5.9271764612814062     
   72.000000000000000        0.0000000000000000        5.7358864952812052     
   84.000000000000000        0.0000000000000000        3.9799983267765970     
   96.000000000000000        0.0000000000000000        2.7603862027393227     
   108.00000000000000        0.0000000000000000        1.5889494955557866     
   120.00000000000000        0.0000000000000000       0.99653505177368096     
   132.00000000000000        0.0000000000000000       0.59520092934512758     
   144.00000000000000        0.0000000000000000       0.40236153196676566     
   156.00000000000000        0.0000000000000000       0.26162691338689292     
   168.00000000000000        0.0000000000000000       0.16375946279749365     
   180.00000000000000        0.0000000000000000       0.14526793857566317     
   192.00000000000000        0.0000000000000000       0.10423558198113669     
   204.00000000000000        0.0000000000000000        9.3190916739882265E-002
   216.00000000000000        0.0000000000000000        7.4168400222943021E-002
   228.00000000000000        0.0000000000000000        5.9199245677533346E-002
   240.00000000000000        0.0000000000000000        4.9311398456984727E-002
   252.00000000000000        0.0000000000000000        4.4562700236989272E-002
   264.00000000000000        0.0000000000000000        3.1964367432317786E-002
   276.00000000000000        0.0000000000000000        3.0163059025220401E-002
   288.00000000000000        0.0000000000000000        2.5645400806038089E-002
   300.00000000000000        0.0000000000000000        2.0529768155288768E-002
   312.00000000000000        0.0000000000000000        1.7038754510429154E-002
   324.00000000000000        0.0000000000000000        1.6873687669855045E-002
   336.00000000000000        0.0000000000000000        1.1240734603605558E-002
   348.00000000000000        0.0000000000000000        9.2269657983078488E-003
   360.00000000000000        0.0000000000000000        7.0110085975394563E-003
   372.00000000000000        0.0000000000000000        6.9904725742093660E-003
   384.00000000000000        0.0000000000000000        5.4621885110015343E-003
   396.00000000000000        0.0000000000000000        4.3621874700577375E-003
   408.00000000000000        0.0000000000000000        4.1837153734996177E-003
   420.00000000000000        0.0000000000000000        3.0759596394693669E-003
   432.00000000000000        0.0000000000000000        2.7181431015385091E-003
   444.00000000000000        0.0000000000000000        2.3406834409642530E-003
   456.00000000000000        0.0000000000000000        1.8375031220472966E-003
   468.00000000000000        0.0000000000000000        1.8603057421237368E-003
   480.00000000000000        0.0000000000000000        1.4125181860968946E-003
   492.00000000000000        0.0000000000000000        1.1343610048629438E-003
   504.00000000000000        0.0000000000000000        9.2082089312102693E-004
   516.00000000000000                            NaN                       NaN
   528.00000000000000                            NaN                       NaN
   540.00000000000000                            NaN                       NaN
   552.00000000000000                            NaN                       NaN
   564.00000000000000                            NaN                       NaN
   576.00000000000000                            NaN                       NaN
   588.00000000000000                            NaN                       NaN
   600.00000000000000                            NaN                       NaN
