   12.500000000000000        0.0000000000000000        0.0000000000000000     
   25.000000000000000        0.0000000000000000        0.0000000000000000     
   37.500000000000000        0.0000000000000000        0.0000000000000000     
   50.000000000000000        0.0000000000000000        0.0000000000000000     
   62.500000000000000        4.2696263133196986E-003   0.0000000000000000     
   75.000000000000000        3.3560639071433689E-002   0.0000000000000000     
   87.500000000000000       0.57460595586311447        0.0000000000000000     
   100.00000000000000        1.2576839096108041        0.0000000000000000     
   112.50000000000000        3.8316532827901733        0.0000000000000000     
   125.00000000000000        8.8969585552936792        0.0000000000000000     
   137.50000000000000        13.344004572654709        0.0000000000000000     
   150.00000000000000        19.333855993473918        0.0000000000000000     
   162.50000000000000        28.638917729170689        0.0000000000000000     
   175.00000000000000        35.800477518096713        0.0000000000000000     
   187.50000000000000        39.174349965527341        0.0000000000000000     
   200.00000000000000        43.020178264421361        0.0000000000000000     
   212.50000000000000        44.616818419234363        0.0000000000000000     
   225.00000000000000        44.828793219872232        0.0000000000000000     
   237.50000000000000        44.351820508660133        0.0000000000000000     
   250.00000000000000        41.633313467809707        0.0000000000000000     
   262.50000000000000        37.759981521809586        0.0000000000000000     
   275.00000000000000        32.967756176025688        0.0000000000000000     
   287.50000000000000        26.580464309921709        0.0000000000000000     
   300.00000000000000        20.815391011899120        0.0000000000000000     
   312.50000000000000        16.127215880427840        0.0000000000000000     
   325.00000000000000        13.255352880542921        0.0000000000000000     
   337.50000000000000        9.6149386361952960        0.0000000000000000     
   350.00000000000000        6.8170447468844770        0.0000000000000000     
   362.50000000000000        4.7506613789854164        0.0000000000000000     
   375.00000000000000        3.4243972796764139        0.0000000000000000     
   387.50000000000000        2.7348437426357317        0.0000000000000000     
   400.00000000000000        1.8321609571354858        0.0000000000000000     
   412.50000000000000        1.3154714472196138        0.0000000000000000     
   425.00000000000000        1.0189258556359142        0.0000000000000000     
   437.50000000000000       0.83919687462216996        0.0000000000000000     
   450.00000000000000       0.73263364301105505        0.0000000000000000     
   462.50000000000000       0.55734492759884569        0.0000000000000000     
   475.00000000000000       0.46340160173541572        0.0000000000000000     
   487.50000000000000       0.45576394991395430        0.0000000000000000     
   500.00000000000000       0.39446406542606149        0.0000000000000000     
   512.50000000000000       0.34357828943428803        0.0000000000000000     
   525.00000000000000       0.35157258977281003        0.0000000000000000     
   537.50000000000000       0.30121438275039158        0.0000000000000000     
   550.00000000000000       0.22633654342479984        0.0000000000000000     
   562.50000000000000       0.19717547886924572        0.0000000000000000     
   575.00000000000000       0.18414949549441934        0.0000000000000000     
   587.50000000000000       0.16781554003971094        0.0000000000000000     
   600.00000000000000       0.12049185730662947        0.0000000000000000     
   612.50000000000000       0.12134109058559833        0.0000000000000000     
   625.00000000000000       0.11210207726837011        0.0000000000000000     
   637.50000000000000        9.0803032102435316E-002   0.0000000000000000     
   650.00000000000000        6.8863608376631677E-002   0.0000000000000000     
   662.50000000000000        5.9705005051248088E-002   0.0000000000000000     
   675.00000000000000        5.2174899901263755E-002   0.0000000000000000     
   687.50000000000000        4.8586599601187171E-002   0.0000000000000000     
   700.00000000000000        4.1683329736807717E-002   0.0000000000000000     
   712.50000000000000        3.3974021224832993E-002   0.0000000000000000     
   725.00000000000000        2.4731012413701969E-002   0.0000000000000000     
   737.50000000000000        2.6506932681699898E-002   0.0000000000000000     
   750.00000000000000        1.8884631531758553E-002   0.0000000000000000     
   762.50000000000000        2.0956164151010190E-002   0.0000000000000000     
   775.00000000000000        1.4217949440144503E-002   0.0000000000000000     
   787.50000000000000        1.0059759569421537E-002   0.0000000000000000     
   800.00000000000000        9.0751582409741606E-003   0.0000000000000000     
   812.50000000000000        8.4753661090788274E-003   0.0000000000000000     
   825.00000000000000        7.3161085974153377E-003   0.0000000000000000     
   837.50000000000000        4.9153098953396562E-003   0.0000000000000000     
   850.00000000000000        4.7355925303947102E-003   0.0000000000000000     
   862.50000000000000        2.9180430671324475E-003   0.0000000000000000     
   875.00000000000000        2.1561983027758463E-003   0.0000000000000000     
   887.50000000000000        1.6533404666428913E-003   0.0000000000000000     
   900.00000000000000                            NaN                       NaN
   912.50000000000000                            NaN                       NaN
   925.00000000000000                            NaN                       NaN
   937.50000000000000                            NaN                       NaN
   950.00000000000000                            NaN                       NaN
   962.50000000000000                            NaN                       NaN
   975.00000000000000                            NaN                       NaN
   987.50000000000000                            NaN                       NaN
   1000.0000000000000                            NaN                       NaN
