   12.000000000000000        0.0000000000000000        0.0000000000000000     
   24.000000000000000        0.0000000000000000        0.0000000000000000     
   36.000000000000000        0.0000000000000000        0.0000000000000000     
   48.000000000000000        0.0000000000000000        4.1483734102741812     
   60.000000000000000        0.0000000000000000        3.4388983808034044     
   72.000000000000000        0.0000000000000000        2.0838105155400077     
   84.000000000000000        0.0000000000000000        1.2914620248333897     
   96.000000000000000        0.0000000000000000       0.75609009584050813     
   108.00000000000000        0.0000000000000000       0.42272096213532306     
   120.00000000000000        0.0000000000000000       0.27748706835117770     
   132.00000000000000        0.0000000000000000       0.17321886484073176     
   144.00000000000000        0.0000000000000000       0.12727159702172622     
   156.00000000000000        0.0000000000000000       0.11382444471082906     
   168.00000000000000        0.0000000000000000        8.6728283832784664E-002
   180.00000000000000        0.0000000000000000        8.7187952294842649E-002
   192.00000000000000        0.0000000000000000        6.2143505436406510E-002
   204.00000000000000        0.0000000000000000        5.8448128411085605E-002
   216.00000000000000        0.0000000000000000        4.6037682719294357E-002
   228.00000000000000        0.0000000000000000        3.7182365888621859E-002
   240.00000000000000        0.0000000000000000        3.0575364686554588E-002
   252.00000000000000        0.0000000000000000        2.7975546390528142E-002
   264.00000000000000        0.0000000000000000        2.0640325193250136E-002
   276.00000000000000        0.0000000000000000        1.7806479977372117E-002
   288.00000000000000        0.0000000000000000        1.5252661588396867E-002
   300.00000000000000        0.0000000000000000        1.2360805353237612E-002
   312.00000000000000        0.0000000000000000        1.0634183461108905E-002
   324.00000000000000        0.0000000000000000        1.0991034949835726E-002
   336.00000000000000        0.0000000000000000        7.2168229002368403E-003
   348.00000000000000        0.0000000000000000        6.1748748571587445E-003
   360.00000000000000        0.0000000000000000        4.7745531473526266E-003
   372.00000000000000        0.0000000000000000        4.7351733915744019E-003
   384.00000000000000        0.0000000000000000        3.7326513059258693E-003
   396.00000000000000        0.0000000000000000        3.2215676633656999E-003
   408.00000000000000        0.0000000000000000        3.0709645054632830E-003
   420.00000000000000        0.0000000000000000        2.2607892718871539E-003
   432.00000000000000        0.0000000000000000        2.1004516089066665E-003
   444.00000000000000        0.0000000000000000        1.9078960110647969E-003
   456.00000000000000        0.0000000000000000        1.5269021840071042E-003
   468.00000000000000        0.0000000000000000        1.6181199978044917E-003
   480.00000000000000        0.0000000000000000        1.2774909608285194E-003
   492.00000000000000        0.0000000000000000        1.0482964331930409E-003
   504.00000000000000        0.0000000000000000        8.7852182984212617E-004
   516.00000000000000                            NaN                       NaN
   528.00000000000000                            NaN                       NaN
   540.00000000000000                            NaN                       NaN
   552.00000000000000                            NaN                       NaN
   564.00000000000000                            NaN                       NaN
   576.00000000000000                            NaN                       NaN
   588.00000000000000                            NaN                       NaN
   600.00000000000000                            NaN                       NaN
