   12.000000000000000        0.0000000000000000        0.0000000000000000     
   24.000000000000000        0.0000000000000000        0.0000000000000000     
   36.000000000000000        0.0000000000000000        0.0000000000000000     
   48.000000000000000        35.018061568351392        0.0000000000000000     
   60.000000000000000        53.612111971955059        0.0000000000000000     
   72.000000000000000        62.359535122762544        0.0000000000000000     
   84.000000000000000        64.936106121971775        0.0000000000000000     
   96.000000000000000        59.033676440080569        0.0000000000000000     
   108.00000000000000        48.901212959966834        0.0000000000000000     
   120.00000000000000        34.562887135140855        0.0000000000000000     
   132.00000000000000        24.265034843472996        0.0000000000000000     
   144.00000000000000        16.228623120505272        0.0000000000000000     
   156.00000000000000        10.734709941006781        0.0000000000000000     
   168.00000000000000        6.9416314000326889        0.0000000000000000     
   180.00000000000000        4.6376658262765567        0.0000000000000000     
   192.00000000000000        2.9269022214978628        0.0000000000000000     
   204.00000000000000        2.0459884270797861        0.0000000000000000     
   216.00000000000000        1.3989993601211297        0.0000000000000000     
   228.00000000000000       0.98121863132295273        0.0000000000000000     
   240.00000000000000       0.81980590722244373        0.0000000000000000     
   252.00000000000000       0.70529954224268077        0.0000000000000000     
   264.00000000000000       0.57212015567674135        0.0000000000000000     
   276.00000000000000       0.50462410778270883        0.0000000000000000     
   288.00000000000000       0.41475342427606721        0.0000000000000000     
   300.00000000000000       0.34173410518100500        0.0000000000000000     
   312.00000000000000       0.29876113233345775        0.0000000000000000     
   324.00000000000000       0.28014193238072582        0.0000000000000000     
   336.00000000000000       0.19569096590758503        0.0000000000000000     
   348.00000000000000       0.16301080410171154        0.0000000000000000     
   360.00000000000000       0.12562761394348562        0.0000000000000000     
   372.00000000000000       0.11143286702928965        0.0000000000000000     
   384.00000000000000        9.2337362897928779E-002   0.0000000000000000     
   396.00000000000000        7.5884252003780170E-002   0.0000000000000000     
   408.00000000000000        6.8717989593941889E-002   0.0000000000000000     
   420.00000000000000        4.9628461265809817E-002   0.0000000000000000     
   432.00000000000000        4.6895530646826229E-002   0.0000000000000000     
   444.00000000000000        3.4336306105968883E-002   0.0000000000000000     
   456.00000000000000        2.4649438158288683E-002   0.0000000000000000     
   468.00000000000000        2.4105417583651034E-002   0.0000000000000000     
   480.00000000000000        1.7732766985396893E-002   0.0000000000000000     
   492.00000000000000        1.2853527140462324E-002   0.0000000000000000     
   504.00000000000000        1.0641568682533867E-002   0.0000000000000000     
   516.00000000000000                            NaN                       NaN
   528.00000000000000                            NaN                       NaN
   540.00000000000000                            NaN                       NaN
   552.00000000000000                            NaN                       NaN
   564.00000000000000                            NaN                       NaN
   576.00000000000000                            NaN                       NaN
   588.00000000000000                            NaN                       NaN
   600.00000000000000                            NaN                       NaN
