   12.500000000000000        0.0000000000000000        0.0000000000000000     
   25.000000000000000        0.0000000000000000        0.0000000000000000     
   37.500000000000000        0.0000000000000000        0.0000000000000000     
   50.000000000000000        0.0000000000000000        15.719279136114208     
   62.500000000000000        0.0000000000000000        12.715312044430876     
   75.000000000000000        0.0000000000000000        11.792802911763111     
   87.500000000000000        0.0000000000000000        6.8864067698352498     
   100.00000000000000        0.0000000000000000        4.3669889193706517     
   112.50000000000000        0.0000000000000000        2.3215273489942643     
   125.00000000000000        0.0000000000000000        1.4988665413282511     
   137.50000000000000        0.0000000000000000       0.88077945930091039     
   150.00000000000000        0.0000000000000000       0.67837218309904979     
   162.50000000000000        0.0000000000000000       0.50232901173706723     
   175.00000000000000        0.0000000000000000       0.37569429210142335     
   187.50000000000000        0.0000000000000000       0.34796201713002639     
   200.00000000000000        0.0000000000000000       0.25755060232033872     
   212.50000000000000        0.0000000000000000       0.24684760683948431     
   225.00000000000000        0.0000000000000000       0.20148909755372896     
   237.50000000000000        0.0000000000000000       0.16104046857678253     
   250.00000000000000        0.0000000000000000       0.13994696052801092     
   262.50000000000000        0.0000000000000000       0.13164459695028149     
   275.00000000000000        0.0000000000000000        9.5373466518986844E-002
   287.50000000000000        0.0000000000000000        8.6794342022072049E-002
   300.00000000000000        0.0000000000000000        7.3611931541283593E-002
   312.50000000000000        0.0000000000000000        6.1235895173419964E-002
   325.00000000000000        0.0000000000000000        5.2273424758741728E-002
   337.50000000000000        0.0000000000000000        5.4826950329803351E-002
   350.00000000000000        0.0000000000000000        3.7716768487851569E-002
   362.50000000000000        0.0000000000000000        3.0928057819884443E-002
   375.00000000000000        0.0000000000000000        2.4198109199106334E-002
   387.50000000000000        0.0000000000000000        2.3531964432931447E-002
   400.00000000000000        0.0000000000000000        1.8849762890067120E-002
   412.50000000000000        0.0000000000000000        1.6207641018722584E-002
   425.00000000000000        0.0000000000000000        1.5225704799881520E-002
   437.50000000000000        0.0000000000000000        1.1377076230752131E-002
   450.00000000000000        0.0000000000000000        9.9935289445890925E-003
   462.50000000000000        0.0000000000000000        9.0882446500382373E-003
   475.00000000000000        0.0000000000000000        7.1951268234141108E-003
   487.50000000000000        0.0000000000000000        7.5701941410906311E-003
   500.00000000000000        0.0000000000000000        5.9691463331102163E-003
   512.50000000000000        0.0000000000000000        5.0379193293693982E-003
   525.00000000000000        0.0000000000000000        4.9682982580517582E-003
   537.50000000000000        0.0000000000000000        4.2502090675993805E-003
   550.00000000000000        0.0000000000000000        3.0364238988874566E-003
   562.50000000000000        0.0000000000000000        2.6039962048969023E-003
   575.00000000000000        0.0000000000000000        2.8763214979845761E-003
   587.50000000000000        0.0000000000000000        2.0943329620610714E-003
   600.00000000000000        0.0000000000000000        1.7613286182847398E-003
   612.50000000000000        0.0000000000000000        1.7207662279983570E-003
   625.00000000000000        0.0000000000000000        1.7332402254099182E-003
   637.50000000000000        0.0000000000000000        1.2582084281428073E-003
   650.00000000000000        0.0000000000000000        1.1003481507707029E-003
   662.50000000000000        0.0000000000000000        9.6756132614913963E-004
   675.00000000000000        0.0000000000000000        8.9466696288181585E-004
   687.50000000000000        0.0000000000000000        9.4547897463985616E-004
   700.00000000000000        0.0000000000000000        6.8397391504821617E-004
   712.50000000000000        0.0000000000000000        7.5867424628377471E-004
   725.00000000000000        0.0000000000000000        4.6470330363170519E-004
   737.50000000000000        0.0000000000000000        6.6020849484986488E-004
   750.00000000000000        0.0000000000000000        4.5362190345343731E-004
   762.50000000000000        0.0000000000000000        5.0647350492686769E-004
   775.00000000000000        0.0000000000000000        4.1959151960189729E-004
   787.50000000000000        0.0000000000000000        2.7014759329040220E-004
   800.00000000000000        0.0000000000000000        2.8628115017231441E-004
   812.50000000000000        0.0000000000000000        2.7658905957938623E-004
   825.00000000000000        0.0000000000000000        2.6382154370045528E-004
   837.50000000000000        0.0000000000000000        1.9659340691857407E-004
   850.00000000000000        0.0000000000000000        2.0858960906130927E-004
   862.50000000000000        0.0000000000000000        1.5360589930047007E-004
   875.00000000000000        0.0000000000000000        1.0936255009391177E-004
   887.50000000000000        0.0000000000000000        1.0511237277720355E-004
   900.00000000000000                            NaN                       NaN
   912.50000000000000                            NaN                       NaN
   925.00000000000000                            NaN                       NaN
   937.50000000000000                            NaN                       NaN
   950.00000000000000                            NaN                       NaN
   962.50000000000000                            NaN                       NaN
   975.00000000000000                            NaN                       NaN
   987.50000000000000                            NaN                       NaN
   1000.0000000000000                            NaN                       NaN
