   12.500000000000000        0.0000000000000000        0.0000000000000000     
   25.000000000000000        0.0000000000000000        0.0000000000000000     
   37.500000000000000        0.0000000000000000        0.0000000000000000     
   50.000000000000000        0.0000000000000000       0.19604609196635936     
   62.500000000000000        0.0000000000000000       0.74765909420369747     
   75.000000000000000        0.0000000000000000        2.4790658779845418     
   87.500000000000000        0.0000000000000000        3.4898515381853970     
   100.00000000000000        0.0000000000000000        5.0760043736210774     
   112.50000000000000        0.0000000000000000        6.3809605254839665     
   125.00000000000000        0.0000000000000000        7.0541734095422610     
   137.50000000000000        0.0000000000000000        7.3265082305515250     
   150.00000000000000        0.0000000000000000        7.2559800464272488     
   162.50000000000000        0.0000000000000000        6.7975774269422917     
   175.00000000000000        0.0000000000000000        6.4291913060998942     
   187.50000000000000        0.0000000000000000        5.3961506274640278     
   200.00000000000000        0.0000000000000000        4.4206075395594073     
   212.50000000000000        0.0000000000000000        3.5542607023510953     
   225.00000000000000        0.0000000000000000        2.7435061884247434     
   237.50000000000000        0.0000000000000000        1.9865874715250729     
   250.00000000000000        0.0000000000000000        1.4668560114305469     
   262.50000000000000        0.0000000000000000        1.0625794349084190     
   275.00000000000000        0.0000000000000000       0.72549793550218222     
   287.50000000000000        0.0000000000000000       0.52314023735970128     
   300.00000000000000        0.0000000000000000       0.40217884608721532     
   312.50000000000000        0.0000000000000000       0.29758860715061447     
   325.00000000000000        0.0000000000000000       0.21127459962599787     
   337.50000000000000        0.0000000000000000       0.18779379883975642     
   350.00000000000000        0.0000000000000000       0.13522044466625222     
   362.50000000000000        0.0000000000000000       0.10662183347073698     
   375.00000000000000        0.0000000000000000        7.8784058395480791E-002
   387.50000000000000        0.0000000000000000        8.4931884652808071E-002
   400.00000000000000        0.0000000000000000        6.9924966494455384E-002
   412.50000000000000        0.0000000000000000        6.0179036647732581E-002
   425.00000000000000        0.0000000000000000        5.7093515364802019E-002
   437.50000000000000        0.0000000000000000        4.8173741180174194E-002
   450.00000000000000        0.0000000000000000        4.5251805339064678E-002
   462.50000000000000        0.0000000000000000        3.6139037017423659E-002
   475.00000000000000        0.0000000000000000        3.1573093268821913E-002
   487.50000000000000        0.0000000000000000        2.9596785513005455E-002
   500.00000000000000        0.0000000000000000        2.5064088048976103E-002
   512.50000000000000        0.0000000000000000        2.1716210444753470E-002
   525.00000000000000        0.0000000000000000        2.0946244863959761E-002
   537.50000000000000        0.0000000000000000        1.7797391083037933E-002
   550.00000000000000        0.0000000000000000        1.4303346917820228E-002
   562.50000000000000        0.0000000000000000        1.1447420359878422E-002
   575.00000000000000        0.0000000000000000        1.1950382549538639E-002
   587.50000000000000        0.0000000000000000        9.8616447645798466E-003
   600.00000000000000        0.0000000000000000        7.1655510511333814E-003
   612.50000000000000        0.0000000000000000        6.7190716743936391E-003
   625.00000000000000        0.0000000000000000        6.2238388385971160E-003
   637.50000000000000        0.0000000000000000        4.5811754899099735E-003
   650.00000000000000        0.0000000000000000        4.0498496663675040E-003
   662.50000000000000        0.0000000000000000        3.6173127855452765E-003
   675.00000000000000        0.0000000000000000        3.2686596523198129E-003
   687.50000000000000        0.0000000000000000        3.0887160073150162E-003
   700.00000000000000        0.0000000000000000        2.2515099372638469E-003
   712.50000000000000        0.0000000000000000        2.1499092050513684E-003
   725.00000000000000        0.0000000000000000        1.3464952461991048E-003
   737.50000000000000        0.0000000000000000        1.7475156619205037E-003
   750.00000000000000        0.0000000000000000        1.0936432798677200E-003
   762.50000000000000        0.0000000000000000        1.1800345086495697E-003
   775.00000000000000        0.0000000000000000        8.7684098409183866E-004
   787.50000000000000        0.0000000000000000        5.9709282499342527E-004
   800.00000000000000        0.0000000000000000        5.3551509593590340E-004
   812.50000000000000        0.0000000000000000        4.6093837818628766E-004
   825.00000000000000        0.0000000000000000        4.0903278296746699E-004
   837.50000000000000        0.0000000000000000        2.9488189920470412E-004
   850.00000000000000        0.0000000000000000        2.9578564146349654E-004
   862.50000000000000        0.0000000000000000        1.9154770329364812E-004
   875.00000000000000        0.0000000000000000        1.3282057788166474E-004
   887.50000000000000        0.0000000000000000        1.1288590191602610E-004
   900.00000000000000                            NaN                       NaN
   912.50000000000000                            NaN                       NaN
   925.00000000000000                            NaN                       NaN
   937.50000000000000                            NaN                       NaN
   950.00000000000000                            NaN                       NaN
   962.50000000000000                            NaN                       NaN
   975.00000000000000                            NaN                       NaN
   987.50000000000000                            NaN                       NaN
   1000.0000000000000                            NaN                       NaN
