   12.000000000000000        0.0000000000000000        0.0000000000000000     
   24.000000000000000        0.0000000000000000        0.0000000000000000     
   36.000000000000000        0.0000000000000000        0.0000000000000000     
   48.000000000000000        0.0000000000000000        0.0000000000000000     
   60.000000000000000        0.0000000000000000        0.0000000000000000     
   72.000000000000000        0.0000000000000000        0.0000000000000000     
   84.000000000000000        0.0000000000000000        5.1293295023234078E-005
   96.000000000000000        0.0000000000000000        3.2888954560194092E-004
   108.00000000000000        0.0000000000000000        7.8096134089458247E-004
   120.00000000000000        0.0000000000000000        1.5363336165114317E-003
   132.00000000000000        0.0000000000000000        6.2711473488241149E-003
   144.00000000000000        0.0000000000000000        2.1936945958179993E-002
   156.00000000000000        0.0000000000000000        6.4901937267872606E-002
   168.00000000000000        0.0000000000000000       0.15530841973490822     
   180.00000000000000        0.0000000000000000       0.25062123148480314     
   192.00000000000000        0.0000000000000000       0.44154713713437210     
   204.00000000000000        0.0000000000000000       0.56918057033122182     
   216.00000000000000        0.0000000000000000       0.73240499529382974     
   228.00000000000000        0.0000000000000000       0.87847527147816151     
   240.00000000000000        0.0000000000000000       0.91854921088546726     
   252.00000000000000        0.0000000000000000       0.95127154166816252     
   264.00000000000000        0.0000000000000000       0.95169690310719490     
   276.00000000000000        0.0000000000000000       0.88942104174499415     
   288.00000000000000        0.0000000000000000       0.82442887320694735     
   300.00000000000000        0.0000000000000000       0.67099938011024640     
   312.00000000000000        0.0000000000000000       0.53461740080648668     
   324.00000000000000        0.0000000000000000       0.40770649153328642     
   336.00000000000000        0.0000000000000000       0.30530322808070548     
   348.00000000000000        0.0000000000000000       0.21023335149543673     
   360.00000000000000        0.0000000000000000       0.13779496513829159     
   372.00000000000000        0.0000000000000000        8.2897576978024426E-002
   384.00000000000000        0.0000000000000000        5.0050819368243328E-002
   396.00000000000000        0.0000000000000000        3.1091225420925326E-002
   408.00000000000000        0.0000000000000000        2.1304387068518619E-002
   420.00000000000000        0.0000000000000000        1.5082987063205128E-002
   432.00000000000000        0.0000000000000000        1.1718002404431497E-002
   444.00000000000000        0.0000000000000000        8.4902838221258790E-003
   456.00000000000000        0.0000000000000000        6.5796274446123758E-003
   468.00000000000000        0.0000000000000000        5.3949946092256337E-003
   480.00000000000000        0.0000000000000000        3.7541842858507756E-003
   492.00000000000000        0.0000000000000000        2.5621630601284418E-003
   504.00000000000000        0.0000000000000000        1.5788532439749965E-003
   516.00000000000000                            NaN                       NaN
   528.00000000000000                            NaN                       NaN
   540.00000000000000                            NaN                       NaN
   552.00000000000000                            NaN                       NaN
   564.00000000000000                            NaN                       NaN
   576.00000000000000                            NaN                       NaN
   588.00000000000000                            NaN                       NaN
   600.00000000000000                            NaN                       NaN
