   12.500000000000000        0.0000000000000000        0.0000000000000000     
   25.000000000000000        0.0000000000000000        0.0000000000000000     
   37.500000000000000        0.0000000000000000        0.0000000000000000     
   50.000000000000000        1.7164514718057586        0.0000000000000000     
   62.500000000000000        6.7733366274751807        0.0000000000000000     
   75.000000000000000        22.103898532044557        0.0000000000000000     
   87.500000000000000        33.160016886587663        0.0000000000000000     
   100.00000000000000        50.981222926948853        0.0000000000000000     
   112.50000000000000        65.822385797863248        0.0000000000000000     
   125.00000000000000        74.471750722041349        0.0000000000000000     
   137.50000000000000        79.676754940117874        0.0000000000000000     
   150.00000000000000        82.244617628443407        0.0000000000000000     
   162.50000000000000        80.166497727889293        0.0000000000000000     
   175.00000000000000        75.988311122446731        0.0000000000000000     
   187.50000000000000        67.380373846072715        0.0000000000000000     
   200.00000000000000        56.868918350846243        0.0000000000000000     
   212.50000000000000        45.095429426061571        0.0000000000000000     
   225.00000000000000        34.976433081723080        0.0000000000000000     
   237.50000000000000        25.219902164031669        0.0000000000000000     
   250.00000000000000        18.712661572572969        0.0000000000000000     
   262.50000000000000        12.940191772575385        0.0000000000000000     
   275.00000000000000        9.0500915962826820        0.0000000000000000     
   287.50000000000000        6.4832760277597430        0.0000000000000000     
   300.00000000000000        4.5998958684664295        0.0000000000000000     
   312.50000000000000        3.4484281758763462        0.0000000000000000     
   325.00000000000000        2.4747942404416512        0.0000000000000000     
   337.50000000000000        2.0905702318228174        0.0000000000000000     
   350.00000000000000        1.5500607181862180        0.0000000000000000     
   362.50000000000000        1.2169520302228265        0.0000000000000000     
   375.00000000000000       0.96219694060089933        0.0000000000000000     
   387.50000000000000       0.93659546930390392        0.0000000000000000     
   400.00000000000000       0.78070533579046242        0.0000000000000000     
   412.50000000000000       0.69119666552671133        0.0000000000000000     
   425.00000000000000       0.65511621838182432        0.0000000000000000     
   437.50000000000000       0.54513965977322543        0.0000000000000000     
   450.00000000000000       0.52816143004801586        0.0000000000000000     
   462.50000000000000       0.41282798623531020        0.0000000000000000     
   475.00000000000000       0.34353822192283523        0.0000000000000000     
   487.50000000000000       0.34071051709447109        0.0000000000000000     
   500.00000000000000       0.28675108404453692        0.0000000000000000     
   512.50000000000000       0.24373531151673905        0.0000000000000000     
   525.00000000000000       0.25707181802497814        0.0000000000000000     
   537.50000000000000       0.20431010056556795        0.0000000000000000     
   550.00000000000000       0.15652856050245656        0.0000000000000000     
   562.50000000000000       0.13364712145458407        0.0000000000000000     
   575.00000000000000       0.12489199690526090        0.0000000000000000     
   587.50000000000000       0.11075129391300423        0.0000000000000000     
   600.00000000000000        8.0997859384767029E-002   0.0000000000000000     
   612.50000000000000        8.1016859992472740E-002   0.0000000000000000     
   625.00000000000000        7.8420993466271127E-002   0.0000000000000000     
   637.50000000000000        6.3477507308181871E-002   0.0000000000000000     
   650.00000000000000        4.6916383623777320E-002   0.0000000000000000     
   662.50000000000000        3.9425891584336299E-002   0.0000000000000000     
   675.00000000000000        3.4762930357882402E-002   0.0000000000000000     
   687.50000000000000        3.2812450551067782E-002   0.0000000000000000     
   700.00000000000000        2.7640777646677789E-002   0.0000000000000000     
   712.50000000000000        2.3155095726782437E-002   0.0000000000000000     
   725.00000000000000        1.6708144534758149E-002   0.0000000000000000     
   737.50000000000000        1.8612067121024679E-002   0.0000000000000000     
   750.00000000000000        1.3238441979370283E-002   0.0000000000000000     
   762.50000000000000        1.4922822995574358E-002   0.0000000000000000     
   775.00000000000000        1.0387680354809293E-002   0.0000000000000000     
   787.50000000000000        7.4055255044267977E-003   0.0000000000000000     
   800.00000000000000        6.7654144319045147E-003   0.0000000000000000     
   812.50000000000000        6.5571981832695161E-003   0.0000000000000000     
   825.00000000000000        5.6700613381340257E-003   0.0000000000000000     
   837.50000000000000        3.9880692055825930E-003   0.0000000000000000     
   850.00000000000000        3.9572326573276842E-003   0.0000000000000000     
   862.50000000000000        2.5209307833723941E-003   0.0000000000000000     
   875.00000000000000        1.9412274955144403E-003   0.0000000000000000     
   887.50000000000000        1.5658301701855439E-003   0.0000000000000000     
   900.00000000000000                            NaN                       NaN
   912.50000000000000                            NaN                       NaN
   925.00000000000000                            NaN                       NaN
   937.50000000000000                            NaN                       NaN
   950.00000000000000                            NaN                       NaN
   962.50000000000000                            NaN                       NaN
   975.00000000000000                            NaN                       NaN
   987.50000000000000                            NaN                       NaN
   1000.0000000000000                            NaN                       NaN
