   12.000000000000000        0.0000000000000000        0.0000000000000000     
   24.000000000000000        0.0000000000000000        0.0000000000000000     
   36.000000000000000        0.0000000000000000        0.0000000000000000     
   48.000000000000000        0.0000000000000000        0.0000000000000000     
   60.000000000000000        8.4248942497499216E-002   0.0000000000000000     
   72.000000000000000       0.68333909924899927        0.0000000000000000     
   84.000000000000000        2.2878323396204956        0.0000000000000000     
   96.000000000000000        5.1960415979909174        0.0000000000000000     
   108.00000000000000        9.7402755432220545        0.0000000000000000     
   120.00000000000000        13.762844846276003        0.0000000000000000     
   132.00000000000000        18.963942164513526        0.0000000000000000     
   144.00000000000000        22.113375839839939        0.0000000000000000     
   156.00000000000000        24.199464064316974        0.0000000000000000     
   168.00000000000000        25.102511989095355        0.0000000000000000     
   180.00000000000000        24.883401014120345        0.0000000000000000     
   192.00000000000000        23.420888058772544        0.0000000000000000     
   204.00000000000000        21.108822596623593        0.0000000000000000     
   216.00000000000000        17.497902372134988        0.0000000000000000     
   228.00000000000000        14.203055001135999        0.0000000000000000     
   240.00000000000000        10.538254676419736        0.0000000000000000     
   252.00000000000000        7.4516180671671233        0.0000000000000000     
   264.00000000000000        5.2837477823855217        0.0000000000000000     
   276.00000000000000        3.5592086883771761        0.0000000000000000     
   288.00000000000000        2.3776071692303513        0.0000000000000000     
   300.00000000000000        1.5249561723456273        0.0000000000000000     
   312.00000000000000       0.98282653064483794        0.0000000000000000     
   324.00000000000000       0.73011390003606391        0.0000000000000000     
   336.00000000000000       0.47255230545476223        0.0000000000000000     
   348.00000000000000       0.34030084439404179        0.0000000000000000     
   360.00000000000000       0.25128648879756593        0.0000000000000000     
   372.00000000000000       0.23036669348064215        0.0000000000000000     
   384.00000000000000       0.17991682996976285        0.0000000000000000     
   396.00000000000000       0.14697757746622608        0.0000000000000000     
   408.00000000000000       0.12960693793115502        0.0000000000000000     
   420.00000000000000        9.8903518892161785E-002   0.0000000000000000     
   432.00000000000000        8.6457316305651399E-002   0.0000000000000000     
   444.00000000000000        6.1185683531635143E-002   0.0000000000000000     
   456.00000000000000        4.4655678752962898E-002   0.0000000000000000     
   468.00000000000000        3.9266653396640920E-002   0.0000000000000000     
   480.00000000000000        2.7224933908304955E-002   0.0000000000000000     
   492.00000000000000        1.8186934575943135E-002   0.0000000000000000     
   504.00000000000000        1.3323667338934121E-002   0.0000000000000000     
   516.00000000000000                            NaN                       NaN
   528.00000000000000                            NaN                       NaN
   540.00000000000000                            NaN                       NaN
   552.00000000000000                            NaN                       NaN
   564.00000000000000                            NaN                       NaN
   576.00000000000000                            NaN                       NaN
   588.00000000000000                            NaN                       NaN
   600.00000000000000                            NaN                       NaN
