   7.1428571428571432        0.0000000000000000        0.0000000000000000     
   14.285714285714286        0.0000000000000000        0.0000000000000000     
   21.428571428571431        0.0000000000000000        0.0000000000000000     
   28.571428571428573        0.0000000000000000        0.0000000000000000     
   35.714285714285715        0.0000000000000000        9.2736800973930044E-008
   42.857142857142861        0.0000000000000000        1.1903888560212063E-003
   50.000000000000000        0.0000000000000000        8.3868929306046711E-002
   57.142857142857146        0.0000000000000000       0.22272267529175560     
   64.285714285714292        0.0000000000000000       0.38468026769598029     
   71.428571428571431        0.0000000000000000       0.60255415743773932     
   78.571428571428569        0.0000000000000000       0.83559032407656131     
   85.714285714285722        0.0000000000000000        1.0074743000975555     
   92.857142857142861        0.0000000000000000        1.1898216956524346     
   100.00000000000000        0.0000000000000000        1.2817832519785946     
   107.14285714285715        0.0000000000000000        1.4096410654404565     
   114.28571428571429        0.0000000000000000        1.4604623861098305     
   121.42857142857143        0.0000000000000000        1.4602626008027473     
   128.57142857142858        0.0000000000000000        1.4186841504345120     
   135.71428571428572        0.0000000000000000        1.4343869481529103     
   142.85714285714286        0.0000000000000000        1.3700382987118758     
   150.00000000000000        0.0000000000000000        1.3046628381119973     
   157.14285714285714        0.0000000000000000        1.1497492508295883     
   164.28571428571431        0.0000000000000000        1.0381665381178864     
   171.42857142857144        0.0000000000000000       0.92685119052096676     
   178.57142857142858        0.0000000000000000       0.75302853367208156     
   185.71428571428572        0.0000000000000000       0.64543083529522538     
   192.85714285714286        0.0000000000000000       0.53072557274211052     
   200.00000000000000        0.0000000000000000       0.41501794251604529     
   207.14285714285717        0.0000000000000000       0.33807189446504149     
   214.28571428571431        0.0000000000000000       0.24760969284366222     
   221.42857142857144        0.0000000000000000       0.19816030611143143     
   228.57142857142858        0.0000000000000000       0.14690854952779289     
   235.71428571428572        0.0000000000000000       0.11105132264748634     
   242.85714285714286        0.0000000000000000        8.1001749565956321E-002
   250.00000000000000        0.0000000000000000        6.3043932785647988E-002
   257.14285714285717        0.0000000000000000        4.6885813339236089E-002
   264.28571428571428        0.0000000000000000        3.1350049538581393E-002
   271.42857142857144        0.0000000000000000        2.2625749395047631E-002
   278.57142857142861        0.0000000000000000        1.7666383556950750E-002
   285.71428571428572        0.0000000000000000        1.0238050153460427E-002
   292.85714285714289        0.0000000000000000        8.0390643527310773E-003
   300.00000000000000        0.0000000000000000        6.8245183283413462E-003
   307.14285714285717        0.0000000000000000        4.3716089035974971E-003
   314.28571428571428        0.0000000000000000        3.4047489817291541E-003
   321.42857142857144        0.0000000000000000        2.0346553821223605E-003
   328.57142857142861        0.0000000000000000        1.1008539832505614E-003
   335.71428571428572        0.0000000000000000        8.8931587987586152E-004
   342.85714285714289        0.0000000000000000        6.5037895893480229E-004
   350.00000000000000        0.0000000000000000        4.5125346639438886E-004
   357.14285714285717        0.0000000000000000        4.0625852949688649E-004
   364.28571428571428        0.0000000000000000        3.6938639842908430E-004
   371.42857142857144        0.0000000000000000        3.3131972005132000E-004
   378.57142857142861        0.0000000000000000        1.1998392735522400E-004
   385.71428571428572        0.0000000000000000        1.2309017893362732E-004
   392.85714285714289        0.0000000000000000        2.4195207129740424E-005
   400.00000000000000        0.0000000000000000        6.0747217714416482E-005
   407.14285714285717        0.0000000000000000        3.6321753969369211E-005
   414.28571428571433        0.0000000000000000        2.9454682186027722E-005
   421.42857142857144        0.0000000000000000        2.4645342630080333E-005
   428.57142857142861        0.0000000000000000        3.7538428732200619E-005
   435.71428571428572        0.0000000000000000        1.6132741780804862E-005
   442.85714285714289        0.0000000000000000        1.6813857148340528E-005
   450.00000000000000        0.0000000000000000        8.2950994498640727E-007
   457.14285714285717        0.0000000000000000        1.6078085987519802E-005
   464.28571428571433        0.0000000000000000        2.9760664663832001E-006
   471.42857142857144        0.0000000000000000        1.2869043818692068E-005
   478.57142857142861        0.0000000000000000        3.0413878594712941E-006
   485.71428571428572        0.0000000000000000        2.8455895860225629E-006
   492.85714285714289        0.0000000000000000        2.5573280746884422E-006
   500.00000000000000                            NaN                       NaN
