   7.1428571428571432        0.0000000000000000        0.0000000000000000     
   14.285714285714286        0.0000000000000000        0.0000000000000000     
   21.428571428571431        0.0000000000000000        0.0000000000000000     
   28.571428571428573        0.0000000000000000        0.0000000000000000     
   35.714285714285715        0.0000000000000000        0.0000000000000000     
   42.857142857142861        3.5898547899787664E-002   0.0000000000000000     
   50.000000000000000        1.7368583825147603        0.0000000000000000     
   57.142857142857146        4.8378240553304757        0.0000000000000000     
   64.285714285714292        9.8422232936018954        0.0000000000000000     
   71.428571428571431        16.788992756325158        0.0000000000000000     
   78.571428571428569        25.672417790709872        0.0000000000000000     
   85.714285714285722        34.576811459493648        0.0000000000000000     
   92.857142857142861        45.325374613513198        0.0000000000000000     
   100.00000000000000        54.053840168051160        0.0000000000000000     
   107.14285714285715        61.791161530379938        0.0000000000000000     
   114.28571428571429        68.744483229645041        0.0000000000000000     
   121.42857142857143        73.888276335898681        0.0000000000000000     
   128.57142857142858        78.058269443197020        0.0000000000000000     
   135.71428571428572        82.013442996798602        0.0000000000000000     
   142.85714285714286        84.327098019639536        0.0000000000000000     
   150.00000000000000        84.985621150357744        0.0000000000000000     
   157.14285714285714        83.444904963062555        0.0000000000000000     
   164.28571428571431        82.116919848211353        0.0000000000000000     
   171.42857142857144        78.416533703645683        0.0000000000000000     
   178.57142857142858        73.927542944289200        0.0000000000000000     
   185.71428571428572        66.297891996024362        0.0000000000000000     
   192.85714285714286        60.742270689007661        0.0000000000000000     
   200.00000000000000        53.511017477105575        0.0000000000000000     
   207.14285714285717        46.655508215853132        0.0000000000000000     
   214.28571428571431        39.951226058278493        0.0000000000000000     
   221.42857142857144        34.052042167802654        0.0000000000000000     
   228.57142857142858        28.693639257575686        0.0000000000000000     
   235.71428571428572        23.607117434347160        0.0000000000000000     
   242.85714285714286        19.394206710241036        0.0000000000000000     
   250.00000000000000        16.023265384490706        0.0000000000000000     
   257.14285714285717        13.283620126852197        0.0000000000000000     
   264.28571428571428        10.814453765621991        0.0000000000000000     
   271.42857142857144        8.9242689730442812        0.0000000000000000     
   278.57142857142861        7.3999416878337216        0.0000000000000000     
   285.71428571428572        6.2154745305240215        0.0000000000000000     
   292.85714285714289        5.1527639958338405        0.0000000000000000     
   300.00000000000000        4.3253934750294833        0.0000000000000000     
   307.14285714285717        3.7444214110177358        0.0000000000000000     
   314.28571428571428        3.3974187323924734        0.0000000000000000     
   321.42857142857144        2.8262344082048205        0.0000000000000000     
   328.57142857142861        2.5829340145792865        0.0000000000000000     
   335.71428571428572        2.3366051992386727        0.0000000000000000     
   342.85714285714289        2.0479948033630486        0.0000000000000000     
   350.00000000000000        2.0391387435011250        0.0000000000000000     
   357.14285714285717        1.8765664095994230        0.0000000000000000     
   364.28571428571428        1.4970244708001252        0.0000000000000000     
   371.42857142857144        1.4935977947098249        0.0000000000000000     
   378.57142857142861        1.2748416410836985        0.0000000000000000     
   385.71428571428572        1.2930368448490668        0.0000000000000000     
   392.85714285714289        1.0660456852406888        0.0000000000000000     
   400.00000000000000        1.1527800731029771        0.0000000000000000     
   407.14285714285717        1.0371519814275449        0.0000000000000000     
   414.28571428571433       0.91821568201645032        0.0000000000000000     
   421.42857142857144       0.77484692821767887        0.0000000000000000     
   428.57142857142861       0.82375714361183328        0.0000000000000000     
   435.71428571428572       0.74626115066184184        0.0000000000000000     
   442.85714285714289       0.67219042375530913        0.0000000000000000     
   450.00000000000000       0.61920115275308107        0.0000000000000000     
   457.14285714285717       0.50871987740482272        0.0000000000000000     
   464.28571428571433       0.54509859877925038        0.0000000000000000     
   471.42857142857144       0.44706651940800080        0.0000000000000000     
   478.57142857142861       0.42194523288352809        0.0000000000000000     
   485.71428571428572       0.44435567724438013        0.0000000000000000     
   492.85714285714289       0.37707829081613475        0.0000000000000000     
   500.00000000000000       0.36324581232633207        0.0000000000000000     
