   7.1428571428571432        0.0000000000000000        0.0000000000000000     
   14.285714285714286        0.0000000000000000        0.0000000000000000     
   21.428571428571431        0.0000000000000000        0.0000000000000000     
   28.571428571428573        0.0000000000000000        0.0000000000000000     
   35.714285714285715        0.0000000000000000        0.0000000000000000     
   42.857142857142861        0.0000000000000000        0.0000000000000000     
   50.000000000000000        0.0000000000000000        0.0000000000000000     
   57.142857142857146        0.0000000000000000        0.0000000000000000     
   64.285714285714292        0.0000000000000000        0.0000000000000000     
   71.428571428571431        0.0000000000000000        0.0000000000000000     
   78.571428571428569        0.0000000000000000        2.5519899168872871E-006
   85.714285714285722        0.0000000000000000        2.3134507223944442E-007
   92.857142857142861        0.0000000000000000        0.0000000000000000     
   100.00000000000000        0.0000000000000000        0.0000000000000000     
   107.14285714285715        0.0000000000000000        7.6744007215029506E-009
   114.28571428571429        0.0000000000000000        9.5487153419701086E-005
   121.42857142857143        0.0000000000000000        7.4061222823400757E-005
   128.57142857142858        0.0000000000000000        6.4901741371824721E-007
   135.71428571428572        0.0000000000000000        5.4925293405269733E-007
   142.85714285714286        0.0000000000000000        6.6094743239854787E-005
   150.00000000000000        0.0000000000000000        8.6670573061673404E-007
   157.14285714285714        0.0000000000000000        4.5736556539028943E-005
   164.28571428571431        0.0000000000000000        2.5379441222790484E-005
   171.42857142857144        0.0000000000000000        6.1880728352406040E-005
   178.57142857142858        0.0000000000000000        2.7453922411394617E-005
   185.71428571428572        0.0000000000000000        2.3183473370623546E-004
   192.85714285714286        0.0000000000000000        3.7618488136000679E-004
   200.00000000000000        0.0000000000000000        7.7490429291129416E-004
   207.14285714285717        0.0000000000000000        5.3947828205224205E-004
   214.28571428571431        0.0000000000000000        7.1073788087525427E-004
   221.42857142857144        0.0000000000000000        2.1116486606799793E-003
   228.57142857142858        0.0000000000000000        2.5703773008706235E-003
   235.71428571428572        0.0000000000000000        4.5415215041163682E-003
   242.85714285714286        0.0000000000000000        6.6105344689962259E-003
   250.00000000000000        0.0000000000000000        1.1542060169023108E-002
   257.14285714285717        0.0000000000000000        1.5464256526633467E-002
   264.28571428571428        0.0000000000000000        2.0612101074120277E-002
   271.42857142857144        0.0000000000000000        3.1318441135203677E-002
   278.57142857142861        0.0000000000000000        4.7505813867084148E-002
   285.71428571428572        0.0000000000000000        6.0085092982465421E-002
   292.85714285714289        0.0000000000000000        8.2743288816173627E-002
   300.00000000000000        0.0000000000000000       0.11671356378944675     
   307.14285714285717        0.0000000000000000       0.14431513950773134     
   314.28571428571428        0.0000000000000000       0.19325310301527207     
   321.42857142857144        0.0000000000000000       0.23775102032744053     
   328.57142857142861        0.0000000000000000       0.28873317630152728     
   335.71428571428572        0.0000000000000000       0.35608954767056400     
   342.85714285714289        0.0000000000000000       0.41424897008848521     
   350.00000000000000        0.0000000000000000       0.48290365740344054     
   357.14285714285717        0.0000000000000000       0.56159102138814765     
   364.28571428571428        0.0000000000000000       0.62259300257617312     
   371.42857142857144        0.0000000000000000       0.70619812113106628     
   378.57142857142861        0.0000000000000000       0.73541293916188322     
   385.71428571428572        0.0000000000000000       0.80540844596310024     
   392.85714285714289        0.0000000000000000       0.85851972326263215     
   400.00000000000000        0.0000000000000000       0.89630596978950139     
   407.14285714285717        0.0000000000000000       0.96746410825583251     
   414.28571428571433        0.0000000000000000        1.0036923520133834     
   421.42857142857144        0.0000000000000000        1.0491068670343460     
   428.57142857142861        0.0000000000000000        1.0561919665178512     
   435.71428571428572        0.0000000000000000        1.1180976820676873     
   442.85714285714289        0.0000000000000000        1.1070163612828006     
   450.00000000000000        0.0000000000000000        1.1427155076077851     
   457.14285714285717        0.0000000000000000        1.1409373439234431     
   464.28571428571433        0.0000000000000000        1.2235771778422528     
   471.42857142857144        0.0000000000000000        1.2039314687061484     
   478.57142857142861        0.0000000000000000        1.2383418027558775     
   485.71428571428572        0.0000000000000000        1.2129730921530901     
   492.85714285714289        0.0000000000000000        1.2423769327975458     
   500.00000000000000        0.0000000000000000        1.2022067604220041     
