   4.2857142857142856        0.0000000000000000        0.0000000000000000     
   8.5714285714285712        0.0000000000000000        0.0000000000000000     
   12.857142857142858        0.0000000000000000        0.0000000000000000     
   17.142857142857142        0.0000000000000000        0.0000000000000000     
   21.428571428571427        0.0000000000000000        0.0000000000000000     
   25.714285714285715        0.0000000000000000        0.0000000000000000     
   30.000000000000000        0.0000000000000000        1.4415099566955305E-002
   34.285714285714285        0.0000000000000000        2.2264642369321085E-002
   38.571428571428569        0.0000000000000000       0.19004663906382657     
   42.857142857142854        0.0000000000000000        4.0322369281535968     
   47.142857142857139        0.0000000000000000        11.086220745810238     
   51.428571428571431        0.0000000000000000        12.585913336207346     
   55.714285714285715        0.0000000000000000        12.667734613355194     
   60.000000000000000        0.0000000000000000        11.944660656698135     
   64.285714285714278        0.0000000000000000        11.588538396548961     
   68.571428571428569        0.0000000000000000        10.451045362780784     
   72.857142857142861        0.0000000000000000        9.7745180313260587     
   77.142857142857139        0.0000000000000000        8.2079463359704619     
   81.428571428571431        0.0000000000000000        7.3775228390787957     
   85.714285714285708        0.0000000000000000        6.1241363539415046     
   90.000000000000000        0.0000000000000000        5.0270322838912938     
   94.285714285714278        0.0000000000000000        4.1416345477147392     
   98.571428571428569        0.0000000000000000        3.2476844836038752     
   102.85714285714286        0.0000000000000000        2.6522250610633202     
   107.14285714285714        0.0000000000000000        2.1027213247022600     
   111.42857142857143        0.0000000000000000        1.7578176483971231     
   115.71428571428571        0.0000000000000000        1.3290527382295771     
   120.00000000000000        0.0000000000000000        1.1626950515411631     
   124.28571428571428        0.0000000000000000       0.95276088627221112     
   128.57142857142856        0.0000000000000000       0.66489088226188842     
   132.85714285714286        0.0000000000000000       0.55010203578858485     
   137.14285714285714        0.0000000000000000       0.41315212382903682     
   141.42857142857142        0.0000000000000000       0.35033554136846540     
   145.71428571428572        0.0000000000000000       0.29743084856484814     
   150.00000000000000        0.0000000000000000       0.24343588232555474     
   154.28571428571428        0.0000000000000000       0.20020482044060536     
   158.57142857142856        0.0000000000000000       0.16322258768632500     
   162.85714285714286        0.0000000000000000       0.11815420131249221     
   167.14285714285714        0.0000000000000000        9.3189438434729099E-002
   171.42857142857142        0.0000000000000000        7.2835434839495561E-002
   175.71428571428572        0.0000000000000000        6.0521252423667342E-002
   180.00000000000000        0.0000000000000000        4.7010368274555625E-002
   184.28571428571428        0.0000000000000000        4.6852835854859165E-002
   188.57142857142856        0.0000000000000000        3.7014668319199320E-002
   192.85714285714286        0.0000000000000000        2.6949515510379485E-002
   197.14285714285714        0.0000000000000000        1.7297807773305304E-002
   201.42857142857142        0.0000000000000000        1.9089796828912608E-002
   205.71428571428572        0.0000000000000000        1.4911982764898466E-002
   210.00000000000000        0.0000000000000000        1.4711854998028120E-002
   214.28571428571428        0.0000000000000000        1.4411849386647390E-002
   218.57142857142856        0.0000000000000000        1.6073415024545949E-002
   222.85714285714286        0.0000000000000000        9.2359285596290766E-003
   227.14285714285714        0.0000000000000000        6.6394701768000735E-003
   231.42857142857142        0.0000000000000000        3.6335211850946720E-003
   235.71428571428569        0.0000000000000000        3.7770036036927322E-003
   240.00000000000000        0.0000000000000000        6.0743600745738358E-003
   244.28571428571428        0.0000000000000000        3.9249075321521375E-003
   248.57142857142856        0.0000000000000000        1.7804732317966161E-003
   252.85714285714286        0.0000000000000000        2.0984511381145392E-003
   257.14285714285711        0.0000000000000000        2.8220742964613047E-003
   261.42857142857144        0.0000000000000000        1.5190432499991280E-003
   265.71428571428572        0.0000000000000000        7.9438654472500805E-004
   270.00000000000000        0.0000000000000000        1.4985853632969834E-003
   274.28571428571428        0.0000000000000000        1.5131641921288786E-003
   278.57142857142856        0.0000000000000000        6.3900480403029252E-004
   282.85714285714283        0.0000000000000000        1.3542672675851907E-003
   287.14285714285711        0.0000000000000000        8.7826889728710635E-004
   291.42857142857144        0.0000000000000000        3.7257952726498292E-004
   295.71428571428572        0.0000000000000000        9.2668599204563142E-004
   300.00000000000000        0.0000000000000000        5.9913991804176180E-004
