   7.1428571428571432        0.0000000000000000        0.0000000000000000     
   14.285714285714286        0.0000000000000000        0.0000000000000000     
   21.428571428571431        0.0000000000000000        0.0000000000000000     
   28.571428571428573        0.0000000000000000        0.0000000000000000     
   35.714285714285715        9.7357108645688452E-004   0.0000000000000000     
   42.857142857142861        4.4165656767719760E-002   0.0000000000000000     
   50.000000000000000        1.5657995499871840        0.0000000000000000     
   57.142857142857146        3.8892334013620062        0.0000000000000000     
   64.285714285714292        7.2696118487202490        0.0000000000000000     
   71.428571428571431        11.528376546675270        0.0000000000000000     
   78.571428571428569        16.253063891517385        0.0000000000000000     
   85.714285714285722        20.538098600217516        0.0000000000000000     
   92.857142857142861        24.906060820559759        0.0000000000000000     
   100.00000000000000        28.176501710383224        0.0000000000000000     
   107.14285714285715        31.004002374750812        0.0000000000000000     
   114.28571428571429        33.067546789251651        0.0000000000000000     
   121.42857142857143        34.446324095931324        0.0000000000000000     
   128.57142857142858        35.122293634016309        0.0000000000000000     
   135.71428571428572        35.304793621246127        0.0000000000000000     
   142.85714285714286        34.501681394627113        0.0000000000000000     
   150.00000000000000        32.779907128170578        0.0000000000000000     
   157.14285714285714        30.131988725908219        0.0000000000000000     
   164.28571428571431        27.331827315280538        0.0000000000000000     
   171.42857142857144        24.146252504659216        0.0000000000000000     
   178.57142857142858        20.839055935858141        0.0000000000000000     
   185.71428571428572        17.079848822703141        0.0000000000000000     
   192.85714285714286        14.155129825611711        0.0000000000000000     
   200.00000000000000        11.358480618802687        0.0000000000000000     
   207.14285714285717        8.9360092816234467        0.0000000000000000     
   214.28571428571431        7.1577815981037807        0.0000000000000000     
   221.42857142857144        5.6096897477206893        0.0000000000000000     
   228.57142857142858        4.3513348332058612        0.0000000000000000     
   235.71428571428572        3.3197247561801024        0.0000000000000000     
   242.85714285714286        2.5917238171878321        0.0000000000000000     
   250.00000000000000        2.1153274333185732        0.0000000000000000     
   257.14285714285717        1.7309609290692400        0.0000000000000000     
   264.28571428571428        1.3825940929983249        0.0000000000000000     
   271.42857142857144        1.1931657004672178        0.0000000000000000     
   278.57142857142861       0.98545039594339878        0.0000000000000000     
   285.71428571428572       0.83826884898309229        0.0000000000000000     
   292.85714285714289       0.70424607577420739        0.0000000000000000     
   300.00000000000000       0.60666309251333084        0.0000000000000000     
   307.14285714285717       0.54796044037924385        0.0000000000000000     
   314.28571428571428       0.51633757207674347        0.0000000000000000     
   321.42857142857144       0.42802681133883502        0.0000000000000000     
   328.57142857142861       0.39549229269036951        0.0000000000000000     
   335.71428571428572       0.35716037847021020        0.0000000000000000     
   342.85714285714289       0.29840725697039266        0.0000000000000000     
   350.00000000000000       0.30730549341910512        0.0000000000000000     
   357.14285714285717       0.27557161194766083        0.0000000000000000     
   364.28571428571428       0.21233417517353390        0.0000000000000000     
   371.42857142857144       0.20842752059317574        0.0000000000000000     
   378.57142857142861       0.16892892393864931        0.0000000000000000     
   385.71428571428572       0.16265309122859650        0.0000000000000000     
   392.85714285714289       0.12814282110961281        0.0000000000000000     
   400.00000000000000       0.13743931622503808        0.0000000000000000     
   407.14285714285717       0.11259163523816929        0.0000000000000000     
   414.28571428571433        9.6138362402993213E-002   0.0000000000000000     
   421.42857142857144        7.6098543779418798E-002   0.0000000000000000     
   428.57142857142861        7.6041011447248730E-002   0.0000000000000000     
   435.71428571428572        6.3282168991411300E-002   0.0000000000000000     
   442.85714285714289        5.1979435922359367E-002   0.0000000000000000     
   450.00000000000000        4.4701954866234184E-002   0.0000000000000000     
   457.14285714285717        3.2701826676848310E-002   0.0000000000000000     
   464.28571428571433        3.1246982992136390E-002   0.0000000000000000     
   471.42857142857144        2.2229177390650001E-002   0.0000000000000000     
   478.57142857142861        1.7163371233421969E-002   0.0000000000000000     
   485.71428571428572        1.3649976566642703E-002   0.0000000000000000     
   492.85714285714289        5.1382655125567006E-003   0.0000000000000000     
   500.00000000000000                            NaN                       NaN
