   7.1428571428571432        0.0000000000000000        0.0000000000000000     
   14.285714285714286        0.0000000000000000        0.0000000000000000     
   21.428571428571431        0.0000000000000000        0.0000000000000000     
   28.571428571428573        0.0000000000000000        0.0000000000000000     
   35.714285714285715        0.0000000000000000        0.0000000000000000     
   42.857142857142861        0.0000000000000000        0.0000000000000000     
   50.000000000000000        0.0000000000000000        0.0000000000000000     
   57.142857142857146        0.0000000000000000        0.0000000000000000     
   64.285714285714292        0.0000000000000000        0.0000000000000000     
   71.428571428571431        0.0000000000000000        0.0000000000000000     
   78.571428571428569        0.0000000000000000        0.0000000000000000     
   85.714285714285722        0.0000000000000000        0.0000000000000000     
   92.857142857142861        2.5136105276773986E-003   0.0000000000000000     
   100.00000000000000        5.6432029772475701E-003   0.0000000000000000     
   107.14285714285715        1.8129246369808193E-002   0.0000000000000000     
   114.28571428571429        2.5246883169482901E-002   0.0000000000000000     
   121.42857142857143        4.7266491682832486E-002   0.0000000000000000     
   128.57142857142858        6.0573816899466400E-002   0.0000000000000000     
   135.71428571428572        7.1541588112215476E-002   0.0000000000000000     
   142.85714285714286        8.9740792145443254E-002   0.0000000000000000     
   150.00000000000000       0.10160482321185342        0.0000000000000000     
   157.14285714285714       0.12540527539352889        0.0000000000000000     
   164.28571428571431       0.14995128808300537        0.0000000000000000     
   171.42857142857144       0.19298280599571285        0.0000000000000000     
   178.57142857142858       0.17196167922722741        0.0000000000000000     
   185.71428571428572       0.23596052446189494        0.0000000000000000     
   192.85714285714286       0.24639749567278077        0.0000000000000000     
   200.00000000000000       0.28119772437677137        0.0000000000000000     
   207.14285714285717       0.31950445572423442        0.0000000000000000     
   214.28571428571431       0.34517397178513487        0.0000000000000000     
   221.42857142857144       0.41667119081447551        0.0000000000000000     
   228.57142857142858       0.46551023850369194        0.0000000000000000     
   235.71428571428572       0.56023100233595124        0.0000000000000000     
   242.85714285714286       0.64059989296492703        0.0000000000000000     
   250.00000000000000       0.77877534351341116        0.0000000000000000     
   257.14285714285717       0.93735669105849306        0.0000000000000000     
   264.28571428571428        1.1664858416970085        0.0000000000000000     
   271.42857142857144        1.5120273936749684        0.0000000000000000     
   278.57142857142861        1.9709764984300575        0.0000000000000000     
   285.71428571428572        2.5293806104867240        0.0000000000000000     
   292.85714285714289        3.2484130673720593        0.0000000000000000     
   300.00000000000000        4.1482379037017587        0.0000000000000000     
   307.14285714285717        5.2253675502860029        0.0000000000000000     
   314.28571428571428        6.5275933745892836        0.0000000000000000     
   321.42857142857144        7.9313969535647733        0.0000000000000000     
   328.57142857142861        9.7237189066339997        0.0000000000000000     
   335.71428571428572        11.814600153928170        0.0000000000000000     
   342.85714285714289        13.933062251510561        0.0000000000000000     
   350.00000000000000        15.903369755624466        0.0000000000000000     
   357.14285714285717        18.403988291436718        0.0000000000000000     
   364.28571428571428        20.842436309367113        0.0000000000000000     
   371.42857142857144        22.964920506442351        0.0000000000000000     
   378.57142857142861        25.782879914753472        0.0000000000000000     
   385.71428571428572        27.571508014209453        0.0000000000000000     
   392.85714285714289        29.912699400931864        0.0000000000000000     
   400.00000000000000        31.526904684344476        0.0000000000000000     
   407.14285714285717        33.268575384030221        0.0000000000000000     
   414.28571428571433        34.852886758561233        0.0000000000000000     
   421.42857142857144        36.270726279745027        0.0000000000000000     
   428.57142857142861        37.204365140151403        0.0000000000000000     
   435.71428571428572        38.308059903732591        0.0000000000000000     
   442.85714285714289        39.129982093775148        0.0000000000000000     
   450.00000000000000        39.776594112796225        0.0000000000000000     
   457.14285714285717        40.458737955054453        0.0000000000000000     
   464.28571428571433        40.049632017751726        0.0000000000000000     
   471.42857142857144        40.776034052598213        0.0000000000000000     
   478.57142857142861        40.148778895075232        0.0000000000000000     
   485.71428571428572        39.657270928972359        0.0000000000000000     
   492.85714285714289        39.130575451445878        0.0000000000000000     
   500.00000000000000        38.128659819617063        0.0000000000000000     
