   7.1428571428571432        0.0000000000000000        0.0000000000000000     
   14.285714285714286        0.0000000000000000        0.0000000000000000     
   21.428571428571431        0.0000000000000000        0.0000000000000000     
   28.571428571428573        0.0000000000000000        0.0000000000000000     
   35.714285714285715        0.0000000000000000        0.0000000000000000     
   42.857142857142861        0.0000000000000000        2.3051502615622680E-004
   50.000000000000000        0.0000000000000000       0.10260706891741551     
   57.142857142857146        0.0000000000000000       0.29869691461218600     
   64.285714285714292        0.0000000000000000       0.57728520808288886     
   71.428571428571431        0.0000000000000000       0.95995369377030582     
   78.571428571428569        0.0000000000000000        1.4556296725948454     
   85.714285714285722        0.0000000000000000        1.8652989385153591     
   92.857142857142861        0.0000000000000000        2.3663480175796905     
   100.00000000000000        0.0000000000000000        2.7769835830631737     
   107.14285714285715        0.0000000000000000        3.1561031378461042     
   114.28571428571429        0.0000000000000000        3.3974654351810618     
   121.42857142857143        0.0000000000000000        3.4699364221756097     
   128.57142857142858        0.0000000000000000        3.5366543215536543     
   135.71428571428572        0.0000000000000000        3.6574491773720905     
   142.85714285714286        0.0000000000000000        3.6729833834372991     
   150.00000000000000        0.0000000000000000        3.6519214653554388     
   157.14285714285714        0.0000000000000000        3.4515639186326332     
   164.28571428571431        0.0000000000000000        3.3478409861908327     
   171.42857142857144        0.0000000000000000        3.2127342247024413     
   178.57142857142858        0.0000000000000000        2.9059299423820901     
   185.71428571428572        0.0000000000000000        2.7198546445706051     
   192.85714285714286        0.0000000000000000        2.3813777888677232     
   200.00000000000000        0.0000000000000000        2.0853830528032988     
   207.14285714285717        0.0000000000000000        1.8839015954742115     
   214.28571428571431        0.0000000000000000        1.5606552298810157     
   221.42857142857144        0.0000000000000000        1.3528448247948954     
   228.57142857142858        0.0000000000000000        1.1149017482702990     
   235.71428571428572        0.0000000000000000       0.90645980822512440     
   242.85714285714286        0.0000000000000000       0.76310464002157397     
   250.00000000000000        0.0000000000000000       0.63956727377467881     
   257.14285714285717        0.0000000000000000       0.52273763239484317     
   264.28571428571428        0.0000000000000000       0.42036011981774746     
   271.42857142857144        0.0000000000000000       0.31878264010325080     
   278.57142857142861        0.0000000000000000       0.25211265899685775     
   285.71428571428572        0.0000000000000000       0.18582627725091724     
   292.85714285714289        0.0000000000000000       0.15177203833533162     
   300.00000000000000        0.0000000000000000       0.12492249836015169     
   307.14285714285717        0.0000000000000000        9.8921254783079074E-002
   314.28571428571428        0.0000000000000000        6.8031013572085033E-002
   321.42857142857144        0.0000000000000000        5.6059936781481599E-002
   328.57142857142861        0.0000000000000000        4.4739251375796166E-002
   335.71428571428572        0.0000000000000000        3.3822418111319780E-002
   342.85714285714289        0.0000000000000000        2.5252351023462172E-002
   350.00000000000000        0.0000000000000000        2.5285308020676443E-002
   357.14285714285717        0.0000000000000000        1.4551964263733985E-002
   364.28571428571428        0.0000000000000000        1.7503711950460882E-002
   371.42857142857144        0.0000000000000000        9.0401543830324286E-003
   378.57142857142861        0.0000000000000000        8.1581658597902774E-003
   385.71428571428572        0.0000000000000000        5.7978553054395176E-003
   392.85714285714289        0.0000000000000000        4.4675067574605704E-003
   400.00000000000000        0.0000000000000000        3.6972588213972563E-003
   407.14285714285717        0.0000000000000000        3.1466652735365214E-003
   414.28571428571433        0.0000000000000000        1.7229809391387395E-003
   421.42857142857144        0.0000000000000000        1.5796710676818074E-003
   428.57142857142861        0.0000000000000000        1.0552018379098797E-003
   435.71428571428572        0.0000000000000000        1.3362919522566657E-003
   442.85714285714289        0.0000000000000000        5.8089163725136197E-004
   450.00000000000000        0.0000000000000000        6.3201250123090622E-004
   457.14285714285717        0.0000000000000000        6.0197765734718695E-004
   464.28571428571433        0.0000000000000000        2.8791848348340237E-004
   471.42857142857144        0.0000000000000000        3.1271859756155495E-004
   478.57142857142861        0.0000000000000000        1.9533964586361337E-004
   485.71428571428572        0.0000000000000000        8.9113061673435089E-005
   492.85714285714289        0.0000000000000000        1.5128899590469296E-004
   500.00000000000000        0.0000000000000000        4.7141866655336886E-005
