   4.2857142857142856        0.0000000000000000        0.0000000000000000     
   8.5714285714285712        0.0000000000000000        0.0000000000000000     
   12.857142857142858        0.0000000000000000        0.0000000000000000     
   17.142857142857142        0.0000000000000000        0.0000000000000000     
   21.428571428571427        0.0000000000000000        0.0000000000000000     
   25.714285714285715        0.0000000000000000        0.0000000000000000     
   30.000000000000000        7.3139846586406820E-002   0.0000000000000000     
   34.285714285714285       0.29621466264235657        0.0000000000000000     
   38.571428571428569        3.0663577960804194        0.0000000000000000     
   42.857142857142854        62.990268423899451        0.0000000000000000     
   47.142857142857139        171.57514111681718        0.0000000000000000     
   51.428571428571431        202.26362129780051        0.0000000000000000     
   55.714285714285715        198.81668258745637        0.0000000000000000     
   60.000000000000000        197.77890866844317        0.0000000000000000     
   64.285714285714278        189.74052275408380        0.0000000000000000     
   68.571428571428569        180.62783760946405        0.0000000000000000     
   72.857142857142861        166.90556066258159        0.0000000000000000     
   77.142857142857139        148.34289600083585        0.0000000000000000     
   81.428571428571431        125.50513646438539        0.0000000000000000     
   85.714285714285708        105.41511435904395        0.0000000000000000     
   90.000000000000000        87.826214163603424        0.0000000000000000     
   94.285714285714278        71.100761258782640        0.0000000000000000     
   98.571428571428569        58.636649007629771        0.0000000000000000     
   102.85714285714286        46.843906735384124        0.0000000000000000     
   107.14285714285714        38.173831386782034        0.0000000000000000     
   111.42857142857143        32.169178399421973        0.0000000000000000     
   115.71428571428571        26.259411306850883        0.0000000000000000     
   120.00000000000000        22.077119777765802        0.0000000000000000     
   124.28571428571428        18.420671942338682        0.0000000000000000     
   128.57142857142856        16.017428064866998        0.0000000000000000     
   132.85714285714286        13.877233675196289        0.0000000000000000     
   137.14285714285714        12.245954506979539        0.0000000000000000     
   141.42857142857142        10.705297777897094        0.0000000000000000     
   145.71428571428572        9.3282086533516448        0.0000000000000000     
   150.00000000000000        8.8673678012824784        0.0000000000000000     
   154.28571428571428        7.8809752669528574        0.0000000000000000     
   158.57142857142856        7.1739359297957694        0.0000000000000000     
   162.85714285714286        6.8429493098195735        0.0000000000000000     
   167.14285714285714        6.4415235400682977        0.0000000000000000     
   171.42857142857142        5.8909307515805391        0.0000000000000000     
   175.71428571428572        5.4608573167276901        0.0000000000000000     
   180.00000000000000        5.0705380929286008        0.0000000000000000     
   184.28571428571428        4.9903323484188746        0.0000000000000000     
   188.57142857142856        4.9604144096669858        0.0000000000000000     
   192.85714285714286        4.4209368835704907        0.0000000000000000     
   197.14285714285714        4.5476520808173531        0.0000000000000000     
   201.42857142857142        4.1914599002902255        0.0000000000000000     
   205.71428571428572        4.3188643568299678        0.0000000000000000     
   210.00000000000000        4.3698078465638588        0.0000000000000000     
   214.28571428571428        4.3078523329497278        0.0000000000000000     
   218.57142857142856        3.5942903526270547        0.0000000000000000     
   222.85714285714286        3.8215781813574710        0.0000000000000000     
   227.14285714285714        3.4356278510050196        0.0000000000000000     
   231.42857142857142        3.7238519512710995        0.0000000000000000     
   235.71428571428569        3.1643820775009628        0.0000000000000000     
   240.00000000000000        3.6578915249732682        0.0000000000000000     
   244.28571428571428        3.3349645727833681        0.0000000000000000     
   248.57142857142856        3.2095945336124965        0.0000000000000000     
   252.85714285714286        2.8370806351968216        0.0000000000000000     
   257.14285714285711        3.0578812645688132        0.0000000000000000     
   261.42857142857144        2.9325546847682262        0.0000000000000000     
   265.71428571428572        2.7628436118874884        0.0000000000000000     
   270.00000000000000        2.7421848017150845        0.0000000000000000     
   274.28571428571428        2.3394838022001436        0.0000000000000000     
   278.57142857142856        2.5798061558624052        0.0000000000000000     
   282.85714285714283        2.2048420549560550        0.0000000000000000     
   287.14285714285711        2.1993511449920842        0.0000000000000000     
   291.42857142857144        2.3847688472216166        0.0000000000000000     
   295.71428571428572        2.1194163360972884        0.0000000000000000     
   300.00000000000000        2.1729476392185436        0.0000000000000000     
