   8.75000000000000        3.12731897907595       0.188387180203921     
   26.2500000000000        8.65732232320289       0.475610171475251     
   43.7500000000000        15.5374451011356       0.611931354798364     
   61.2500000000000        22.7357829138296       0.600657198681155     
   78.7500000000000        35.9458614370588       0.849961219858652     
   96.2500000000000        49.1070268761371       0.847828401616782     
   113.750000000000        69.1997661497758        1.13318341063087     
   131.250000000000        89.7773848896989        1.22062718766322     
   148.750000000000        117.984365820814        1.48589123528697     
   166.250000000000        143.922246808047        1.62950129387909     
   183.750000000000        183.034216806145        2.10658316551109     
   201.250000000000        220.030051428522        2.43298952466594     
   218.750000000000        264.494881719049        2.84606115365911     
   236.250000000000        313.608722667851        3.29497212240685     
   253.750000000000        382.730667015233        3.97639289113153     
   271.250000000000        439.154948325522        4.54463212183420     
   288.750000000000        521.842965463248        5.27298647042590     
   306.250000000000        618.830895577652        6.22545721456375     
   323.750000000000        684.837185863091        6.85103197913744     
   341.250000000000        773.932535439039        7.72791958974975     
   358.750000000000        839.204530953974        8.40905574674652     
   376.250000000000        867.382823907421        8.74895544636677     
   393.750000000000        874.265040529493        8.97636874563233     
   411.250000000000        835.928557544951        8.72457190736525     
   428.750000000000        799.520937750103        8.53883442390470     
   446.250000000000        720.686072414709        7.73406021556442     
   463.750000000000        645.466088792452        7.15687201342266     
   481.250000000000        577.185689892464        6.52169461057794     
   498.750000000000        493.691950548005        5.66455908565524     
   516.250000000000        429.818849341844        5.01593986840676     
   533.750000000000        380.392371064387        4.41649233461508     
   551.250000000000        337.007878872946        3.89856914687784     
   568.750000000000        306.065184035591        3.59890075464524     
   586.250000000000        290.878841080936        3.48033040570750     
   603.750000000000        266.497078023099        3.27976055388398     
