   10.0000000000000        2.40854694409768       0.211848341499121     
   30.0000000000000        8.57240660490394       0.576804027479460     
   50.0000000000000        14.9282972425201       0.797097373284268     
   70.0000000000000        19.0275001258944       0.746771652911278     
   90.0000000000000        28.2185738532108        1.01958095663715     
   110.000000000000        39.4830121163720        1.02825631265413     
   130.000000000000        55.4264846620351        1.14396396891027     
   150.000000000000        75.1157176585232        1.43943346845257     
   170.000000000000        98.1186929682388        1.52998659494347     
   190.000000000000        126.727028841763        1.80099564281649     
   210.000000000000        161.160606109758        2.14676337416251     
   230.000000000000        195.120687108235        2.48688787958892     
   250.000000000000        241.921989346425        2.97115729543620     
   270.000000000000        292.758999086610        3.69724450620194     
   290.000000000000        355.570669705686        4.34320892054769     
   310.000000000000        426.391655292256        5.16552352449011     
   330.000000000000        519.981262274234        6.25191772817093     
   350.000000000000        613.982170859790        7.22133691296508     
   370.000000000000        726.173321940113        8.53807387570390     
   390.000000000000        828.269649248036        9.69443380497155     
   410.000000000000        938.410222982129        10.7413573884180     
   430.000000000000        1002.33630589436        11.7729330067761     
   450.000000000000        1090.48070532256        12.6198163032305     
   470.000000000000        1093.79858470767        12.7986025277305     
   490.000000000000        1061.27348379531        12.7961917110075     
   510.000000000000        1006.91524570571        12.4887407980789     
   530.000000000000        964.821829711220        12.0452326040178     
   550.000000000000        842.507598734023        10.9768597815673     
   570.000000000000        729.426668202176        9.68916148648550     
   590.000000000000        633.162521103940        8.67514948411354     
   610.000000000000        540.477263957388        7.40810535076122     
   630.000000000000        443.441655815019        6.07214749190602     
   650.000000000000        388.885376111591        5.44132404913507     
   670.000000000000        319.969510970097        4.49071512403911     
   690.000000000000        274.211543399053        3.87403166332341     
   710.000000000000        231.238438743552        3.33906402034973     
   730.000000000000        198.517558818012        2.88819483724537     
   750.000000000000        166.939015397884        2.54558912244778     
   770.000000000000        139.623659973835        2.16487636678034     
   790.000000000000        117.144326705698        1.87332740932962     
