   8.0000000000000000        0.0000000000000000        0.0000000000000000     
   16.000000000000000        0.0000000000000000        0.0000000000000000     
   24.000000000000000       -4.7237033323638566E-006   1.3347651379015644E-004
   32.000000000000000       -1.6910919503465755E-005   3.9163204699676314E-004
   40.000000000000000       -2.0879292589199381E-005   4.9406494383196246E-004
   48.000000000000000       -2.4382889105429391E-005   5.7687209225305380E-004
   56.000000000000000       -2.7092058842735173E-005   6.3247869452993108E-004
   64.000000000000000       -3.0023937576714536E-005   6.6845155914477120E-004
   72.000000000000000       -3.2445743906449440E-005   6.8636188950396747E-004
   80.000000000000000       -3.5304124006726199E-005   6.8317690166848897E-004
   88.000000000000000       -3.7164118255822532E-005   6.5383559717050203E-004
   96.000000000000000       -3.8231345015111601E-005   6.1493556485937666E-004
   104.00000000000000       -3.9955449853471429E-005   5.6506737012311124E-004
   112.00000000000000       -4.0117342044294766E-005   5.0413994203543199E-004
   120.00000000000000       -4.0118572111894905E-005   4.3557449208424926E-004
   128.00000000000000       -3.9907602825686107E-005   3.6850363755237884E-004
   136.00000000000000       -3.8271378385953748E-005   2.9543626778849781E-004
   144.00000000000000       -3.5048422688682423E-005   2.2319081007288874E-004
   152.00000000000000       -3.1769161225295322E-005   1.5608635902323282E-004
   160.00000000000000       -2.5801398461174143E-005   1.0100610808109259E-004
   168.00000000000000       -1.9047069889939535E-005   5.4161104201800223E-005
   176.00000000000000       -8.9759701011432993E-006   1.6889979246369611E-005
   184.00000000000000        0.0000000000000000        0.0000000000000000     
   192.00000000000000        0.0000000000000000        0.0000000000000000     
   200.00000000000000        0.0000000000000000        0.0000000000000000     
   208.00000000000000        0.0000000000000000        0.0000000000000000     
   216.00000000000000        0.0000000000000000        0.0000000000000000     
   224.00000000000000        0.0000000000000000        0.0000000000000000     
   232.00000000000000        0.0000000000000000        0.0000000000000000     
   240.00000000000000        0.0000000000000000        0.0000000000000000     
   248.00000000000000        0.0000000000000000        0.0000000000000000     
   256.00000000000000        0.0000000000000000        0.0000000000000000     
   264.00000000000000        0.0000000000000000        0.0000000000000000     
   272.00000000000000        0.0000000000000000        0.0000000000000000     
   280.00000000000000        0.0000000000000000        0.0000000000000000     
   288.00000000000000        0.0000000000000000        0.0000000000000000     
   296.00000000000000        0.0000000000000000        0.0000000000000000     
   304.00000000000000        0.0000000000000000        0.0000000000000000     
   312.00000000000000        0.0000000000000000        0.0000000000000000     
   320.00000000000000        0.0000000000000000        0.0000000000000000     
   328.00000000000000        0.0000000000000000        0.0000000000000000     
   336.00000000000000        0.0000000000000000        0.0000000000000000     
   344.00000000000000        0.0000000000000000        0.0000000000000000     
   352.00000000000000        0.0000000000000000        0.0000000000000000     
   360.00000000000000        0.0000000000000000        0.0000000000000000     
   368.00000000000000        0.0000000000000000        0.0000000000000000     
   376.00000000000000        0.0000000000000000        0.0000000000000000     
   384.00000000000000        0.0000000000000000        0.0000000000000000     
   392.00000000000000        0.0000000000000000        0.0000000000000000     
   400.00000000000000        0.0000000000000000        0.0000000000000000     
