   6.0000000000000000        0.0000000000000000        0.0000000000000000     
   12.000000000000000        0.0000000000000000        0.0000000000000000     
   18.000000000000000        0.0000000000000000        0.0000000000000000     
   24.000000000000000        9.0980307277347663E-004   5.4704968370031444E-004
   30.000000000000000        2.3854683469025258E-003   1.4303804663700402E-003
   36.000000000000000        3.8470029542870278E-003   2.2951757030916843E-003
   42.000000000000000        5.2678284070971602E-003   3.1211550837950399E-003
   48.000000000000000        5.9124830607558566E-003   3.4810994993790157E-003
   54.000000000000000        6.2270864328950685E-003   3.6397194899960681E-003
   60.000000000000000        6.4397628043127682E-003   3.7295566650707226E-003
   66.000000000000000        6.5648669118427132E-003   3.7595405098464945E-003
   72.000000000000000        6.5972347987454140E-003   3.7279323617554865E-003
   78.000000000000000        6.5187632788030712E-003   3.6272391155471378E-003
   84.000000000000000        6.3139497716836641E-003   3.4524662679834548E-003
   90.000000000000000        5.9903125159088645E-003   3.2111830854052231E-003
   96.000000000000000        5.5943001892031817E-003   2.9324291246051321E-003
   102.00000000000000        4.9470236690148262E-003   2.5298846517444228E-003
   108.00000000000000        4.2938475520164247E-003   2.1360985845869074E-003
   114.00000000000000        3.4003946401020982E-003   1.6413571422576796E-003
   120.00000000000000        2.3353548474782139E-003   1.0905264515647128E-003
   126.00000000000000        1.0530599826469407E-003   4.7413648528339653E-004
   132.00000000000000        0.0000000000000000        0.0000000000000000     
   138.00000000000000        0.0000000000000000        0.0000000000000000     
   144.00000000000000        0.0000000000000000        0.0000000000000000     
   150.00000000000000        0.0000000000000000        0.0000000000000000     
   156.00000000000000        0.0000000000000000        0.0000000000000000     
   162.00000000000000        0.0000000000000000        0.0000000000000000     
   168.00000000000000        0.0000000000000000        0.0000000000000000     
   174.00000000000000        0.0000000000000000        0.0000000000000000     
   180.00000000000000        0.0000000000000000        0.0000000000000000     
   186.00000000000000        0.0000000000000000        0.0000000000000000     
   192.00000000000000        0.0000000000000000        0.0000000000000000     
   198.00000000000000        0.0000000000000000        0.0000000000000000     
   204.00000000000000        0.0000000000000000        0.0000000000000000     
   210.00000000000000        0.0000000000000000        0.0000000000000000     
   216.00000000000000        0.0000000000000000        0.0000000000000000     
   222.00000000000000        0.0000000000000000        0.0000000000000000     
   228.00000000000000        0.0000000000000000        0.0000000000000000     
   234.00000000000000        0.0000000000000000        0.0000000000000000     
   240.00000000000000        0.0000000000000000        0.0000000000000000     
   246.00000000000000        0.0000000000000000        0.0000000000000000     
   252.00000000000000        0.0000000000000000        0.0000000000000000     
   258.00000000000000        0.0000000000000000        0.0000000000000000     
   264.00000000000000        0.0000000000000000        0.0000000000000000     
   270.00000000000000        0.0000000000000000        0.0000000000000000     
   276.00000000000000        0.0000000000000000        0.0000000000000000     
   282.00000000000000        0.0000000000000000        0.0000000000000000     
   288.00000000000000        0.0000000000000000        0.0000000000000000     
   294.00000000000000        0.0000000000000000        0.0000000000000000     
   300.00000000000000        0.0000000000000000        0.0000000000000000     
