   10.000000000000000        0.0000000000000000        0.0000000000000000     
   20.000000000000000       -1.2866480346791031E-013  -1.7955674835826818E-012
   30.000000000000000       -2.3103997369326573E-008  -5.8393474325754165E-009
   40.000000000000000       -3.5946835294543836E-006  -9.2375466076030007E-007
   50.000000000000000       -1.0946360689982618E-005   4.0929287916498010E-007
   60.000000000000000       -2.2060733207794608E-005   6.9827584037927799E-006
   70.000000000000000       -3.4922470659428296E-005   2.6669557225062189E-005
   80.000000000000000       -4.6383026151345446E-005   5.5526290390625022E-005
   90.000000000000000       -5.5319505947241415E-005   9.5389223915269387E-005
   100.00000000000000       -6.1059450328701900E-005   1.3780834800717687E-004
   110.00000000000000       -6.5680770762287837E-005   1.8319382267695367E-004
   120.00000000000000       -6.6369072970566643E-005   2.2427421128365618E-004
   130.00000000000000       -6.6706945810830745E-005   2.6454917177852504E-004
   140.00000000000000       -6.4466987031452043E-005   2.9244682520698182E-004
   150.00000000000000       -6.1035488782482724E-005   3.2157370674222818E-004
   160.00000000000000       -5.5707048470987986E-005   3.2871214498034668E-004
   170.00000000000000       -4.7333393473139788E-005   3.1449277088833026E-004
   180.00000000000000       -3.6388092041529263E-005   2.9100820898991738E-004
   190.00000000000000       -2.5367063276599454E-005   2.6495924391702687E-004
   200.00000000000000       -1.8044100999074899E-005   2.2156013438910112E-004
   210.00000000000000       -7.9729725205359643E-006   1.7974131340786791E-004
   220.00000000000000       -2.4466974709330739E-006   1.4206384436031051E-004
   230.00000000000000        3.5361529690545434E-007   1.0496896794715642E-004
   240.00000000000000        2.5458067299397712E-006   7.8932431718030163E-005
   250.00000000000000        4.2108826881256146E-006   5.5507665833830029E-005
   260.00000000000000        2.3458878598644161E-006   3.9009207257665815E-005
   270.00000000000000        3.0623627944301018E-006   2.7809403283163128E-005
   280.00000000000000        2.6017068532875196E-006   1.9609122765640720E-005
   290.00000000000000        1.9469641429944954E-006   1.2102412271381569E-005
   300.00000000000000        1.6867423079207554E-006   8.0567117961177210E-006
   310.00000000000000        1.2051675500909520E-006   5.3065579477291897E-006
   320.00000000000000        7.2203412198384415E-007   3.2200975246901974E-006
   330.00000000000000        4.9833332191442206E-007   2.1609017891505088E-006
   340.00000000000000        3.1543280134493215E-007   1.0314641291456844E-006
   350.00000000000000        1.7381859051286016E-007   9.0289734801415020E-007
   360.00000000000000        1.5677070642480215E-007   5.1273599096474933E-007
   370.00000000000000        1.0001324979782182E-007   3.0586835603185743E-007
   380.00000000000000        4.4693474385788072E-008   1.2685204570805097E-007
   390.00000000000000        3.9442232252844766E-008   1.7944170665226716E-007
   400.00000000000000       -2.2682653344909421E-008   5.7299806051672479E-008
   410.00000000000000        4.8513668772210360E-009   9.1390745045584814E-008
   420.00000000000000        2.2907799715355774E-008   1.1397707155060687E-007
   430.00000000000000        5.5593501097018470E-008   1.4769655914579967E-007
   440.00000000000000        1.9685452219622404E-008   8.8067263723433309E-008
   450.00000000000000       -1.3714301034996188E-008   1.5790630727436412E-007
   460.00000000000000       -1.5721143023857270E-008   8.0273356354145919E-008
   470.00000000000000        3.2986715833461330E-008   8.4772868814872309E-008
   480.00000000000000        4.5423748361287116E-008   1.4226321322777760E-007
   490.00000000000000        2.3132626105919339E-008   7.9096401553374692E-008
   500.00000000000000        5.2770083151514341E-008   1.0601122979364723E-007
   10.000000000000000       -1.8352803543589034E-006   5.3488390795516314E-006
   20.000000000000000       -2.0679904999601952E-006   6.2848232537223606E-006
   30.000000000000000       -2.3223774789556270E-006   7.2818943482175705E-006
   40.000000000000000       -5.6956031237152691E-006   7.5290515249244945E-006
   50.000000000000000       -1.2386438772663291E-005   9.7929883576862806E-006
   60.000000000000000       -2.2374473993153283E-005   1.6685184069905186E-005
   70.000000000000000       -3.3881435472669694E-005   3.5112084568791150E-005
   80.000000000000000       -4.4132221200461279E-005   6.1581633030411434E-005
   90.000000000000000       -5.2134550587303369E-005   9.7686603676129199E-005
   100.00000000000000       -5.7293092276572954E-005   1.3596898149142891E-004
   110.00000000000000       -6.1433307602046000E-005   1.7676762894389017E-004
   120.00000000000000       -6.2076795107146864E-005   2.1366400455623350E-004
   130.00000000000000       -6.2374777487858975E-005   2.4971935037330190E-004
   140.00000000000000       -6.0367269579051573E-005   2.7473649665419420E-004
   150.00000000000000       -5.7274952997764424E-005   3.0067620900330299E-004
   160.00000000000000       -5.2478991086909564E-005   3.0710171279206620E-004
   170.00000000000000       -4.4971755857981132E-005   2.9456450818108985E-004
   180.00000000000000       -3.5173457309337558E-005   2.7370581899812378E-004
   190.00000000000000       -2.5284420734531843E-005   2.5042691574023526E-004
   200.00000000000000       -1.8629871269273678E-005   2.1172724990894154E-004
   210.00000000000000       -9.5427998305631981E-006   1.7427676910823653E-004
   220.00000000000000       -4.4454753768350547E-006   1.4034532259053127E-004
   230.00000000000000       -1.7426050335175079E-006   1.0682059974464071E-004
   240.00000000000000        4.2434138703174743E-007   8.2941168921935051E-005
   250.00000000000000        2.1220381127906391E-006   6.1297134724807570E-005
   260.00000000000000        7.0407615254134072E-007   4.5707513232628774E-005
   270.00000000000000        1.5444547903046361E-006   3.4762511295387570E-005
   280.00000000000000        1.3331431790465691E-006   2.6460497957130487E-005
   290.00000000000000        9.3299113241138021E-007   1.8792194351299162E-005
   300.00000000000000        8.6052537347301696E-007   1.4210196194882971E-005
   310.00000000000000        5.7317952582534046E-007   1.0824038336424540E-005
   320.00000000000000        2.6437212355326059E-007   8.0897573048208971E-006
   330.00000000000000        1.6438666353305422E-007   6.3361763076310278E-006
   340.00000000000000        8.2015344141854845E-008   4.6034032297511247E-006
   350.00000000000000        1.9277098240589683E-008   3.8366816086976005E-006
   360.00000000000000        5.1354812225931631E-008   2.9251291805402568E-006
   370.00000000000000        3.5806899653197923E-008   2.2576447493741207E-006
   380.00000000000000        1.1030153731979148E-008   1.6927650383736505E-006
   390.00000000000000        2.1991095135636242E-008   1.4033844719803082E-006
   400.00000000000000       -2.3370582953715966E-008   1.0243335427449176E-006
   410.00000000000000        5.6756161473720810E-009   8.3843475316864030E-007
   420.00000000000000        2.3395793595915204E-008   6.8944079653446677E-007
   430.00000000000000        5.2177759555027595E-008   5.8885689394205575E-007
   440.00000000000000        1.9679124949854217E-008   4.3695046048468044E-007
   450.00000000000000       -1.0904312797291654E-008   4.2287061093646980E-007
   460.00000000000000       -1.3736814557380510E-008   2.9705749855590006E-007
   470.00000000000000        2.8408278352382195E-008   2.5674841696323749E-007
   480.00000000000000        3.9076029648901139E-008   2.7256839913968238E-007
   490.00000000000000        1.9591878192552511E-008   1.8900378669998086E-007
   500.00000000000000        4.6096043977635755E-008   1.8959587756591735E-007
