   10.000000000000000        0.0000000000000000        0.0000000000000000     
   20.000000000000000       -9.4398369348947255E-015  -2.0137699879416771E-012
   30.000000000000000        3.4119799183249999E-009   1.9560836902197206E-007
   40.000000000000000        5.4856162550082078E-007   3.1202541368959363E-005
   50.000000000000000        2.0053748708209075E-006   1.0548453369758177E-004
   60.000000000000000        4.8325546050408385E-006   2.3981478997289618E-004
   70.000000000000000        9.0894997621281863E-006   4.0821420903335020E-004
   80.000000000000000        1.3523688170337592E-005   5.7181387531202437E-004
   90.000000000000000        1.7559510542612387E-005   6.8752426961368805E-004
   100.00000000000000        2.0996543110477100E-005   7.7725928323718911E-004
   110.00000000000000        2.3296812432211978E-005   8.1770758722985012E-004
   120.00000000000000        2.4552028079983056E-005   8.0677929512981879E-004
   130.00000000000000        2.5355253385781490E-005   7.9766841989720280E-004
   140.00000000000000        2.4712273728274425E-005   7.5045648997965791E-004
   150.00000000000000        2.4044699433556427E-005   6.9958697101033700E-004
   160.00000000000000        2.1351678294011069E-005   6.1003076992874469E-004
   170.00000000000000        1.8329802763845575E-005   5.1975890075863353E-004
   180.00000000000000        1.4947803629703044E-005   4.0989468588899659E-004
   190.00000000000000        1.1884421884761989E-005   3.3156500205561227E-004
   200.00000000000000        8.9160596684653123E-006   2.4622108591101157E-004
   210.00000000000000        6.4574750897537773E-006   1.8274296644910448E-004
   220.00000000000000        4.4922155364953622E-006   1.3644014433858900E-004
   230.00000000000000        3.1056593512884763E-006   9.5302870726949706E-005
   240.00000000000000        1.9543525888083374E-006   6.9031221413705455E-005
   250.00000000000000        1.1757509034946638E-006   4.7709028713799540E-005
   260.00000000000000        9.2255720423574647E-007   3.2652041585204808E-005
   270.00000000000000        6.0726144658243595E-007   2.3396215516642724E-005
   280.00000000000000        3.6832590253287184E-007   1.6680046662541120E-005
   290.00000000000000        2.5214744057638127E-007   1.0436082285373935E-005
   300.00000000000000        1.1490312654641034E-007   6.9734751127054503E-006
   310.00000000000000        8.0848848036445594E-008   4.6636395943820550E-006
   320.00000000000000        4.8579444421574595E-008   2.7562722942299761E-006
   330.00000000000000        3.9469983032197820E-008   1.9080084036660981E-006
   340.00000000000000        9.7498691489331505E-009   9.6281045366624989E-007
   350.00000000000000        4.6280639546783754E-009   7.7971449969545524E-007
   360.00000000000000        2.9082782940991052E-010   4.0877471364799050E-007
   370.00000000000000        2.9323707825062489E-009   2.5415483413077823E-007
   380.00000000000000       -6.4246391538580308E-010   8.8645012007222267E-008
   390.00000000000000        2.3123453866761965E-009   1.0598975026350824E-007
   400.00000000000000        2.6409717314570434E-009   3.0645325037336877E-008
   410.00000000000000        3.3405521093136587E-010   4.8261817053994708E-008
   420.00000000000000        1.8247601408334833E-009   5.2121443219433321E-008
   430.00000000000000        4.3265725768992980E-009   8.0756489035403263E-008
   440.00000000000000        3.9974626672083888E-009   5.0543586494300112E-008
   450.00000000000000        5.3122468539210577E-009   9.5460738183759218E-008
   460.00000000000000        2.3559720757673295E-009   4.8024730634354119E-008
   470.00000000000000       -1.9550171239063738E-009   4.7636946695620495E-008
   480.00000000000000        2.0831397907800479E-009   1.0391785346334415E-007
   490.00000000000000        2.7959640295759871E-009   4.6091158228849697E-008
   500.00000000000000        9.0677239725596481E-010   7.8431238354631915E-008
   10.000000000000000        6.1345813839675331E-007   2.1959670935217355E-005
   20.000000000000000        6.9795827538562157E-007   2.4775002263745681E-005
   30.000000000000000        7.8741441160622026E-007   2.7791481240816696E-005
   40.000000000000000        1.3538922354896286E-006   5.7892620438976258E-005
   50.000000000000000        2.7211559319246913E-006   1.2598712334822984E-004
   60.000000000000000        5.2910101048752536E-006   2.4677447459802132E-004
   70.000000000000000        9.1138975125875541E-006   3.9733740339812414E-004
   80.000000000000000        1.3085951642343050E-005   5.4341978460176231E-004
   90.000000000000000        1.6699026662488949E-005   6.4705659186507693E-004
   100.00000000000000        1.9775267769087593E-005   7.2748568450282209E-004
   110.00000000000000        2.1840032124146253E-005   7.6415959468728687E-004
   120.00000000000000        2.2973000490685565E-005   7.5521302761281548E-004
   130.00000000000000        2.3695298130277155E-005   7.4743526247425399E-004
   140.00000000000000        2.3131740803413498E-005   7.0569723659004273E-004
   150.00000000000000        2.2533165234782107E-005   6.6031188410106342E-004
   160.00000000000000        2.0139340095773573E-005   5.8047437642802318E-004
   170.00000000000000        1.7443736237913092E-005   4.9962267129822363E-004
   180.00000000000000        1.4419792917311962E-005   4.0118382015926824E-004
   190.00000000000000        1.1665957036991723E-005   3.3018858128013322E-004
   200.00000000000000        8.9869368824468006E-006   2.5276859100891304E-004
   210.00000000000000        6.7493011349892964E-006   1.9439020326770086E-004
   220.00000000000000        4.9403124092605647E-006   1.5098359109145040E-004
   230.00000000000000        3.6368879925417821E-006   1.1203920293401134E-004
   240.00000000000000        2.5386103243635159E-006   8.6148452797541313E-005
   250.00000000000000        1.7681478594936531E-006   6.4639295650943386E-005
   260.00000000000000        1.4614674125191821E-006   4.8717873615855548E-005
   270.00000000000000        1.1030614990928103E-006   3.8018274265053235E-005
   280.00000000000000        8.1600290177228911E-007   2.9706117197336461E-005
   290.00000000000000        6.4212901395630842E-007   2.1990031435975162E-005
   300.00000000000000        4.5565980633371455E-007   1.6921679675365336E-005
   310.00000000000000        3.6644765584959937E-007   1.3080035672122457E-005
   320.00000000000000        2.8554209365165159E-007   9.8093387829840190E-006
   330.00000000000000        2.3179641654402398E-007   7.6848869290687946E-006
   340.00000000000000        1.6653486068859318E-007   5.6809705242785092E-006
   350.00000000000000        1.2919601635222303E-007   4.5399232336882874E-006
   360.00000000000000        9.8341103863363885E-008   3.4084899953099690E-006
   370.00000000000000        7.8827497411947802E-008   2.6222101733351663E-006
   380.00000000000000        5.8381863585036365E-008   1.9595748984254384E-006
   390.00000000000000        4.7522768765579573E-008   1.5690627541978802E-006
   400.00000000000000        3.7502448324950371E-008   1.1870835880979395E-006
   410.00000000000000        2.7662784606440493E-008   9.5785915592323514E-007
   420.00000000000000        2.3087436542507034E-008   7.7127639453925437E-007
   430.00000000000000        2.0843319306072324E-008   6.4828192574284787E-007
   440.00000000000000        1.7164854314945347E-008   5.0528929452303424E-007
   450.00000000000000        1.5690984370256951E-008   4.5243173933180360E-007
   460.00000000000000        1.0996999386604684E-008   3.3654263105445917E-007
   470.00000000000000        5.4933254595278190E-009   2.7605194071513280E-007
   480.00000000000000        7.6135169689710799E-009   2.7620144902408280E-007
   490.00000000000000        7.0253918443360677E-009   1.8461337519234908E-007
   500.00000000000000        4.3322785920367486E-009   1.7965563383471129E-007
