   4.0000000000000000       -2.0139639099628854E-006   3.1087347660124758E-005
   8.0000000000000000       -2.1565769085155867E-006   3.3365914226946314E-005
   12.000000000000000       -2.3041708792604082E-006   3.5734974222765699E-005
   16.000000000000000       -2.4564950964013557E-006   3.8191689574690779E-005
   20.000000000000000       -2.6132652480714072E-006   4.0732683109051376E-005
   24.000000000000000       -2.7741637097174835E-006   4.3354043449032985E-005
   28.000000000000000       -2.9388400367985116E-006   4.6051326320018387E-005
   32.000000000000000       -3.1069120614114512E-006   4.8819557489008504E-005
   36.000000000000000       -3.2807974436775045E-006   5.1709091562326422E-005
   40.000000000000000       -3.5218449915223188E-006   5.5484516484692816E-005
   44.000000000000000       -3.9901439598574600E-006   6.1625793884485989E-005
   48.000000000000000       -4.7294928852773327E-006   7.1098483934006558E-005
   52.000000000000000       -5.4296477472500468E-006   8.1042439675038444E-005
   56.000000000000000       -6.7919247368679310E-006   9.8595506662275435E-005
   60.000000000000000       -8.1926398338160655E-006   1.1798163196507552E-004
   64.000000000000000       -1.0326182315967064E-005   1.4932610386845851E-004
   68.000000000000000       -1.3051682094655983E-005   1.8700247933936250E-004
   72.000000000000000       -1.6299453262987037E-005   2.3318588010227931E-004
   76.000000000000000       -2.0283444038979087E-005   2.9283582577029120E-004
   80.000000000000000       -2.5070800110584777E-005   3.5945052022652222E-004
   84.000000000000000       -3.1264397843176545E-005   4.4617970147989977E-004
   88.000000000000000       -3.7366559587625865E-005   5.4102966137014176E-004
   92.000000000000000       -4.4003054331731624E-005   6.4415295669761267E-004
   96.000000000000000       -5.2533904379254462E-005   7.6946053971821849E-004
   100.00000000000000       -5.8476814216306161E-005   8.6053771485063472E-004
   104.00000000000000       -6.6158310071005573E-005   9.8229140467364089E-004
   108.00000000000000       -7.3665154648426152E-005   1.0927998207420355E-003
   112.00000000000000       -8.0571140736120808E-005   1.2038981929633934E-003
   116.00000000000000       -8.7698875735187410E-005   1.3186487870676358E-003
   120.00000000000000       -9.3311513810322416E-005   1.4116769536890749E-003
   124.00000000000000       -9.7906917847286152E-005   1.4877842651773740E-003
   128.00000000000000       -1.0314059503708959E-004   1.5760449692420700E-003
   132.00000000000000       -1.0863688332063290E-004   1.6694877381998622E-003
   136.00000000000000       -1.1159046968101678E-004   1.7185611561233939E-003
   140.00000000000000       -1.1435461914780605E-004   1.7690093941780123E-003
   144.00000000000000       -1.1543097668464382E-004   1.7901956575393401E-003
   148.00000000000000       -1.1668741094742499E-004   1.8404070292114322E-003
   152.00000000000000       -1.1587389964578905E-004   1.8446677600333318E-003
   156.00000000000000       -1.1539497276922345E-004   1.8714812262950382E-003
   160.00000000000000       -1.1587448092717403E-004   1.8898957832395758E-003
   164.00000000000000       -1.1449301726774340E-004   1.8834042979674623E-003
   168.00000000000000       -1.1505758409089590E-004   1.8858902239671247E-003
   172.00000000000000       -1.1141885395307097E-004   1.8616908573723561E-003
   176.00000000000000       -1.1071738249607822E-004   1.8772658946327686E-003
   180.00000000000000       -1.0991307066284044E-004   1.8511209640512825E-003
   184.00000000000000       -1.0854436403061564E-004   1.8519685967400515E-003
   188.00000000000000       -1.0168107475225337E-004   1.7936472964100629E-003
   192.00000000000000       -1.0001119245035950E-004   1.7603841977654867E-003
   196.00000000000000       -9.1741505532379401E-005   1.7081556266561530E-003
   200.00000000000000       -8.7862847554342756E-005   1.6301794514518423E-003
   204.00000000000000       -8.1373662466066468E-005   1.5823636679473084E-003
   208.00000000000000       -7.7878817270185909E-005   1.5208909742044012E-003
   212.00000000000000       -7.0453306540711242E-005   1.4374909941786158E-003
   216.00000000000000       -6.4122712577976301E-005   1.3554175138855717E-003
   220.00000000000000       -5.8230620941108593E-005   1.2876731184372685E-003
   224.00000000000000       -5.2578073392859048E-005   1.2068827584324618E-003
   228.00000000000000       -4.5041795017793837E-005   1.1429054113880912E-003
   232.00000000000000       -3.9696273415200705E-005   1.0637982294512164E-003
   236.00000000000000       -3.4227611724515284E-005   9.8679230899330925E-004
   240.00000000000000       -3.1244190082012231E-005   9.1649365085263144E-004
   244.00000000000000       -2.5573772135300048E-005   8.4854271558597208E-004
   248.00000000000000       -2.1065599527311401E-005   7.8776979040359610E-004
   252.00000000000000       -1.6754445784225911E-005   7.3010074790370860E-004
   256.00000000000000       -1.4420582177528676E-005   6.6375275067424020E-004
   260.00000000000000       -1.1168463189056323E-005   6.0790786911488789E-004
   264.00000000000000       -7.9374252866277141E-006   5.4906362964886291E-004
   268.00000000000000       -7.2093475231767329E-006   5.1002785418234609E-004
   272.00000000000000       -4.9657984500129978E-006   4.5440477234801990E-004
   276.00000000000000       -2.2212943658661412E-006   4.1689926684691060E-004
   280.00000000000000       -3.4978445455982025E-006   3.7538261072871565E-004
   284.00000000000000       -1.0241679883798005E-006   3.4056964245275634E-004
   288.00000000000000       -1.0949218758911279E-006   3.0626624182279033E-004
   292.00000000000000       -3.5399153193173561E-007   2.7973188313998841E-004
   296.00000000000000       -6.2423005659192109E-007   2.5354867942449689E-004
   300.00000000000000        1.0267774394053994E-006   2.2622890084557454E-004
   304.00000000000000        3.6356198388918136E-007   2.0223461910350357E-004
   308.00000000000000        1.1819923173174297E-006   1.8081389963195933E-004
   312.00000000000000        8.6675143686852167E-007   1.6158622597017526E-004
   316.00000000000000        1.5663859054631330E-006   1.4597109064285816E-004
   320.00000000000000        1.1362103820193712E-006   1.3268395158800721E-004
   324.00000000000000        1.0737365461552918E-006   1.1483944795986732E-004
   328.00000000000000        1.0806626950627549E-006   1.0350169728154810E-004
   332.00000000000000        1.3580632566416773E-006   9.2459457605827190E-005
   336.00000000000000        1.2817608980975634E-006   8.4464406075588082E-005
   340.00000000000000        6.8314288060274312E-007   7.4726696887669549E-005
   344.00000000000000        5.3187586181341245E-007   6.7595026895155556E-005
   348.00000000000000        3.6975119402858781E-007   6.0240757636336974E-005
   352.00000000000000        5.3656096394892660E-007   5.4047942054246907E-005
   356.00000000000000        4.1113265234640285E-007   4.8193654451977248E-005
   360.00000000000000        2.6721033652215396E-007   4.2980078010145366E-005
   364.00000000000000        3.7471545000931876E-007   4.0345336979991228E-005
   368.00000000000000        2.9072574731491789E-007   3.4101209936512467E-005
   372.00000000000000        1.7517719520538410E-007   3.1758618117927688E-005
   376.00000000000000        1.0575014452191518E-007   2.8727162626429062E-005
   380.00000000000000        3.1476185556907866E-007   2.4869462527336369E-005
   384.00000000000000        2.5724266807543192E-007   2.2525039783042392E-005
   388.00000000000000       -6.6927635025297726E-008   2.0051265955601388E-005
   392.00000000000000        6.4180159197556436E-008   1.7871073846957587E-005
   396.00000000000000       -7.9250972630071973E-008   1.6665815778255725E-005
   400.00000000000000        6.9124500803777587E-008   1.4355283334544277E-005
