   10.000000000000000        0.0000000000000000        0.0000000000000000     
   20.000000000000000        0.0000000000000000        0.0000000000000000     
   30.000000000000000        0.0000000000000000        0.0000000000000000     
   40.000000000000000       -4.1583516497442778E-006   9.4591330854419873E-005
   50.000000000000000       -8.5501940395686276E-006   2.0641564684327517E-004
   60.000000000000000       -1.1929478420420729E-005   2.9961058447526188E-004
   70.000000000000000       -1.4531525260838412E-005   3.7257874660067439E-004
   80.000000000000000       -1.6881003169828891E-005   4.2674474006274351E-004
   90.000000000000000       -1.9007767692512468E-005   4.6458679557431824E-004
   100.00000000000000       -2.0985643777956213E-005   4.8698692033943239E-004
   110.00000000000000       -2.2812928212004682E-005   4.8684961280349472E-004
   120.00000000000000       -2.4247290460394279E-005   4.7888309162241044E-004
   130.00000000000000       -2.6284965392370517E-005   4.5946447648671031E-004
   140.00000000000000       -2.7030339741860364E-005   4.2694279156111253E-004
   150.00000000000000       -2.8071824333933805E-005   3.8656301034872029E-004
   160.00000000000000       -2.8380999270215848E-005   3.4277790927405839E-004
   170.00000000000000       -2.9094108672409246E-005   2.9296864113623899E-004
   180.00000000000000       -2.8290940928750617E-005   2.3926867481750404E-004
   190.00000000000000       -2.7060026103473250E-005   1.8403976414411991E-004
   200.00000000000000       -2.3532623186400315E-005   1.3396748833732465E-004
   210.00000000000000       -2.0779057243683405E-005   8.9065918068121689E-005
   220.00000000000000       -1.5290600198890379E-005   4.8640565955708956E-005
   230.00000000000000       -9.2479878090030090E-006   1.9808792788520603E-005
   240.00000000000000       -1.1303104663899571E-006   1.3903742299398270E-006
   250.00000000000000        0.0000000000000000        0.0000000000000000     
   260.00000000000000        0.0000000000000000        0.0000000000000000     
   270.00000000000000        0.0000000000000000        0.0000000000000000     
   280.00000000000000        0.0000000000000000        0.0000000000000000     
   290.00000000000000        0.0000000000000000        0.0000000000000000     
   300.00000000000000        0.0000000000000000        0.0000000000000000     
   310.00000000000000        0.0000000000000000        0.0000000000000000     
   320.00000000000000        0.0000000000000000        0.0000000000000000     
   330.00000000000000        0.0000000000000000        0.0000000000000000     
   340.00000000000000        0.0000000000000000        0.0000000000000000     
   350.00000000000000        0.0000000000000000        0.0000000000000000     
   360.00000000000000        0.0000000000000000        0.0000000000000000     
   370.00000000000000        0.0000000000000000        0.0000000000000000     
   380.00000000000000        0.0000000000000000        0.0000000000000000     
   390.00000000000000        0.0000000000000000        0.0000000000000000     
   400.00000000000000        0.0000000000000000        0.0000000000000000     
   410.00000000000000        0.0000000000000000        0.0000000000000000     
   420.00000000000000        0.0000000000000000        0.0000000000000000     
   430.00000000000000        0.0000000000000000        0.0000000000000000     
   440.00000000000000        0.0000000000000000        0.0000000000000000     
   450.00000000000000        0.0000000000000000        0.0000000000000000     
   460.00000000000000        0.0000000000000000        0.0000000000000000     
   470.00000000000000        0.0000000000000000        0.0000000000000000     
   480.00000000000000        0.0000000000000000        0.0000000000000000     
   490.00000000000000        0.0000000000000000        0.0000000000000000     
   500.00000000000000        0.0000000000000000        0.0000000000000000     
