   4.0000000000000000       -4.3766229212639822E-006   6.0445306899752615E-005
   8.0000000000000000       -4.6123954584359809E-006   6.3868881703424863E-005
   12.000000000000000       -4.8509150888843432E-006   6.7350950393770475E-005
   16.000000000000000       -5.0914885181352944E-006   7.0882635693985749E-005
   20.000000000000000       -5.3333908824870162E-006   7.4454536273517810E-005
   24.000000000000000       -5.5902420490032922E-006   7.8134354205827450E-005
   28.000000000000000       -5.8210020457276339E-006   8.1693718029838053E-005
   32.000000000000000       -6.1329639472971918E-006   8.6014754449565084E-005
   36.000000000000000       -7.7598519665828498E-006   1.0442244357908172E-004
   40.000000000000000       -1.2349856740118161E-005   1.5466089495836801E-004
   44.000000000000000       -1.8201534050289198E-005   2.2432874053378047E-004
   48.000000000000000       -2.4622883552174610E-005   3.0080010415514495E-004
   52.000000000000000       -3.1312022853768426E-005   3.8681425427363012E-004
   56.000000000000000       -4.1536406540032653E-005   5.1490243544486454E-004
   60.000000000000000       -5.3243794925706462E-005   6.5973723893230577E-004
   64.000000000000000       -6.4102351207227082E-005   8.0761928341170576E-004
   68.000000000000000       -7.6689272262077857E-005   9.7881370726952900E-004
   72.000000000000000       -9.0383318974720110E-005   1.1435862340732608E-003
   76.000000000000000       -1.0453458538458561E-004   1.3499900066312660E-003
   80.000000000000000       -1.1381491657899871E-004   1.4719272341283314E-003
   84.000000000000000       -1.2617478519525514E-004   1.6391300080117817E-003
   88.000000000000000       -1.3577665535358436E-004   1.7660064952374228E-003
   92.000000000000000       -1.4527987209228627E-004   1.9185323224871443E-003
   96.000000000000000       -1.5119289765644735E-004   2.0476026561089006E-003
   100.00000000000000       -1.5427304479891964E-004   2.1050559530253845E-003
   104.00000000000000       -1.5878925653406293E-004   2.1656694683590771E-003
   108.00000000000000       -1.6124887424401462E-004   2.2199678606637996E-003
   112.00000000000000       -1.6430606976751985E-004   2.2785689157116006E-003
   116.00000000000000       -1.6521981923636869E-004   2.3199638220084045E-003
   120.00000000000000       -1.6486683455436962E-004   2.3283358043620691E-003
   124.00000000000000       -1.6481563085721869E-004   2.3363710929807779E-003
   128.00000000000000       -1.6532921148155777E-004   2.3490916741849021E-003
   132.00000000000000       -1.6568645162730366E-004   2.3780519097697187E-003
   136.00000000000000       -1.6557654858227278E-004   2.3773911298967049E-003
   140.00000000000000       -1.6216857740815305E-004   2.3417478694105509E-003
   144.00000000000000       -1.5808415457216939E-004   2.2937597209040377E-003
   148.00000000000000       -1.5201116762700797E-004   2.2433717845996562E-003
   152.00000000000000       -1.4221378433560311E-004   2.1542429930712457E-003
   156.00000000000000       -1.3561378596653318E-004   2.0968728679696840E-003
   160.00000000000000       -1.2769880300579175E-004   2.0021729699672224E-003
   164.00000000000000       -1.1890656801967203E-004   1.9158881129549131E-003
   168.00000000000000       -1.1151716184761154E-004   1.8136715943898180E-003
   172.00000000000000       -9.9210994241572868E-005   1.7058505486228866E-003
   176.00000000000000       -9.1554336057387943E-005   1.6316061445351168E-003
   180.00000000000000       -8.2074831206841895E-005   1.5150820192699373E-003
   184.00000000000000       -7.6318925396356993E-005   1.4237254052495455E-003
   188.00000000000000       -6.5376098514831023E-005   1.3190965791324723E-003
   192.00000000000000       -5.5002349050964205E-005   1.1959536002430469E-003
   196.00000000000000       -4.7060539384034846E-005   1.1026406033283721E-003
   200.00000000000000       -4.0192857602202609E-005   1.0032536985764657E-003
   204.00000000000000       -3.3834657612963875E-005   9.1786634735176740E-004
   208.00000000000000       -2.9901442038299723E-005   8.3919011430890259E-004
   212.00000000000000       -2.4882851420327975E-005   7.5114262956321406E-004
   216.00000000000000       -2.0388778023163891E-005   6.7898188108930627E-004
   220.00000000000000       -1.5756696448721223E-005   6.2348107292207848E-004
   224.00000000000000       -1.3368307209428494E-005   5.5514273535963951E-004
   228.00000000000000       -9.8043871809552755E-006   5.0260609957498948E-004
   232.00000000000000       -7.9958036418879579E-006   4.3921949250868338E-004
   236.00000000000000       -5.2920840621358562E-006   3.8820492086123938E-004
   240.00000000000000       -4.4821883399155962E-006   3.5516130407933750E-004
   244.00000000000000       -2.8686788363058747E-006   3.1511044261608756E-004
   248.00000000000000       -2.7243875448063265E-006   2.8366610275084951E-004
   252.00000000000000       -1.3963228115673892E-006   2.5381441166996964E-004
   256.00000000000000       -1.2226191464889614E-006   2.2606681644624782E-004
   260.00000000000000       -1.4878819276488352E-006   2.0187101833204325E-004
   264.00000000000000       -4.4278156449562974E-007   1.7961666953031366E-004
   268.00000000000000       -7.6461395277286638E-007   1.6182456406375792E-004
   272.00000000000000       -3.8370532326458362E-007   1.4281965861052899E-004
   276.00000000000000       -2.5504061510078945E-007   1.2754578409687688E-004
   280.00000000000000       -6.4577319201946352E-007   1.1355480682311323E-004
   284.00000000000000       -2.0151320432693030E-007   1.0348776584245969E-004
   288.00000000000000       -1.4382446032951657E-007   9.3180413496852507E-005
   292.00000000000000       -1.0016989070010804E-007   8.2657092643458502E-005
   296.00000000000000       -2.5903063208964099E-007   7.5100555848319015E-005
   300.00000000000000       -4.2794005970135208E-009   6.7671671439699653E-005
   304.00000000000000       -2.6326074877763978E-007   5.9916034795264055E-005
   308.00000000000000       -1.2492895416519563E-007   5.4569312742767148E-005
   312.00000000000000       -5.2872377291051442E-007   4.7316618817735375E-005
   316.00000000000000       -4.7357279616435616E-007   4.1915852955908196E-005
   320.00000000000000       -2.5460137239380093E-007   3.8949336699121738E-005
   324.00000000000000       -3.8207699464624357E-007   3.4179920414812881E-005
   328.00000000000000       -2.7044346405911538E-007   3.0967657480806889E-005
   332.00000000000000       -2.0884081332118753E-007   2.7688483985185089E-005
   336.00000000000000       -1.3825449585000403E-007   2.5164714909350765E-005
   340.00000000000000       -2.8659912132491064E-007   2.2851417602262346E-005
   344.00000000000000       -4.2316505370282135E-007   2.0220782897425609E-005
   348.00000000000000       -3.0745061688859614E-007   1.8473797585368763E-005
   352.00000000000000       -2.6262086576869301E-007   1.6320054821913773E-005
   356.00000000000000       -2.5849400883143543E-007   1.4668183793732930E-005
   360.00000000000000       -2.3957426947092559E-007   1.3633565342851402E-005
   364.00000000000000       -1.3701811745699385E-007   1.2266562433282823E-005
   368.00000000000000       -2.4231291443859338E-007   1.1151842931522677E-005
   372.00000000000000       -2.0109364960998226E-007   9.8696776321504092E-006
   376.00000000000000       -1.2058393148175272E-007   8.7809445259179573E-006
   380.00000000000000       -1.3723298735021615E-007   7.7942572243733932E-006
   384.00000000000000       -1.1251458392029216E-007   7.2302605706657950E-006
   388.00000000000000       -1.5102942624826182E-007   6.5828004471723377E-006
   392.00000000000000       -9.2945641257238068E-008   5.9160187049378957E-006
   396.00000000000000       -7.7755469240958273E-008   5.2020730217224056E-006
   400.00000000000000       -7.6347016929724731E-008   4.6890656475629713E-006
