   10.000000000000000        0.0000000000000000        0.0000000000000000     
   20.000000000000000        6.4413791168010314E-014  -1.1690679580997108E-012
   30.000000000000000        2.4531244856066074E-009  -3.8208261395055380E-009
   40.000000000000000        3.9768018685607146E-007  -5.8270672797539750E-007
   50.000000000000000        1.2429100448409466E-006   4.8578369847924470E-007
   60.000000000000000        2.5343334168784902E-006   5.2145424587549794E-006
   70.000000000000000        4.0082559096090890E-006   1.8923660505574627E-005
   80.000000000000000        5.3418014697912876E-006   3.8738609417684388E-005
   90.000000000000000        6.2986945865866110E-006   6.5751601142612103E-005
   100.00000000000000        6.9612861733508041E-006   9.3943818264865999E-005
   110.00000000000000        7.4931205369814760E-006   1.2368604523792169E-004
   120.00000000000000        7.4775123719622083E-006   1.4976088294794707E-004
   130.00000000000000        7.6093402196712080E-006   1.7500661264725548E-004
   140.00000000000000        7.3474963013354907E-006   1.9162701178891545E-004
   150.00000000000000        7.0631264011184352E-006   2.0892924188294605E-004
   160.00000000000000        6.4951254165005632E-006   2.1206288526231471E-004
   170.00000000000000        5.8832989700044185E-006   2.0143970610951586E-004
   180.00000000000000        4.8137389554086741E-006   1.8487986369128133E-004
   190.00000000000000        3.8160366344435387E-006   1.6724489424369706E-004
   200.00000000000000        3.0117738923380283E-006   1.3907860069050837E-004
   210.00000000000000        2.1018693465572712E-006   1.1205123578652224E-004
   220.00000000000000        1.4008333026728111E-006   8.8211548708413856E-005
   230.00000000000000        1.0032999091136165E-006   6.4854514857833612E-005
   240.00000000000000        5.0487705038686430E-007   4.8686227304657011E-005
   250.00000000000000        2.2740929275683116E-007   3.4073181647443618E-005
   260.00000000000000        2.4361366856071174E-007   2.3882556505944154E-005
   270.00000000000000        9.8992697220964854E-008   1.6983897447877358E-005
   280.00000000000000        4.5896034375322443E-008   1.1987703772699769E-005
   290.00000000000000        2.6780696879100611E-008   7.3733044769806227E-006
   300.00000000000000       -3.1562793158342858E-009   4.9140670773513340E-006
   310.00000000000000       -9.3796095595703050E-009   3.2513267304490582E-006
   320.00000000000000        1.7072222839141716E-009   1.9554911290159857E-006
   330.00000000000000        2.8036449317948056E-009   1.3195479544443168E-006
   340.00000000000000       -9.1861603997936120E-009   6.3578375083475271E-007
   350.00000000000000       -1.5102480319409191E-009   5.5975269913295640E-007
   360.00000000000000        4.9765607237576393E-010   3.0701259964072034E-007
   370.00000000000000        1.8805490161257559E-009   1.8737126076429636E-007
   380.00000000000000        3.5138674508186884E-009   7.6731552732348979E-008
   390.00000000000000        8.2054296086516385E-009   1.0464049220536381E-007
   400.00000000000000        2.8833440252043642E-009   3.3840048651292295E-008
   410.00000000000000        5.1283909273627171E-009   5.2871098153374296E-008
   420.00000000000000        7.2319993775624195E-009   6.1094763766907633E-008
   430.00000000000000        8.0876453160395123E-009   7.7205504861633278E-008
   440.00000000000000        5.2448180118550457E-009   4.7828368852761207E-008
   450.00000000000000        7.8431728560985338E-009   9.2598069567647195E-008
   460.00000000000000        4.4566647650375964E-009   4.7765524950576934E-008
   470.00000000000000        2.5116618558765535E-009   4.8461167381441869E-008
   480.00000000000000        4.0585624712664765E-009   8.2253763056982967E-008
   490.00000000000000        4.7233826810286589E-009   4.2176465053558667E-008
   500.00000000000000        2.1976424577858096E-009   5.9192885418366493E-008
   10.000000000000000        2.1275363737430027E-007   3.5430808599339425E-006
   20.000000000000000        2.4039031656166800E-007   4.1550737586733142E-006
   30.000000000000000        2.7058312259504242E-007   4.8053363158453669E-006
   40.000000000000000        6.4624229005912178E-007   4.9821420535136163E-006
   50.000000000000000        1.4171578454598587E-006   6.6301093994807219E-006
   60.000000000000000        2.5793967232631684E-006   1.1507916459083884E-005
   70.000000000000000        3.9003569840052971E-006   2.4283013877694862E-005
   80.000000000000000        5.0953855643948022E-006   4.2411614860926697E-005
   90.000000000000000        5.9560708376521548E-006   6.6839888402989400E-005
   100.00000000000000        6.5544196730336424E-006   9.2257153795593131E-005
   110.00000000000000        7.0339572397793850E-006   1.1897554148103917E-004
   120.00000000000000        7.0277567914065262E-006   1.4239127087776037E-004
   130.00000000000000        7.1470536682497178E-006   1.6499030423020969E-004
   140.00000000000000        6.9156504964975884E-006   1.7990332734809706E-004
   150.00000000000000        6.6601490322248144E-006   1.9531256833177325E-004
   160.00000000000000        6.1509444956349986E-006   1.9814667380000200E-004
   170.00000000000000        5.5992853170041665E-006   1.8876618877673598E-004
   180.00000000000000        4.6413137050318992E-006   1.7405309771050342E-004
   190.00000000000000        3.7434354910106490E-006   1.5828887449190744E-004
   200.00000000000000        3.0131166702444288E-006   1.3315949101545515E-004
   210.00000000000000        2.1877317461076291E-006   1.0894239089069479E-004
   220.00000000000000        1.5445823576609223E-006   8.7451137864609377E-005
   230.00000000000000        1.1675123326563007E-006   6.6318115084856762E-005
   240.00000000000000        7.0126539254278548E-007   5.1457713985344248E-005
   250.00000000000000        4.2957201875839716E-007   3.7927468708316115E-005
   260.00000000000000        4.1691364751952600E-007   2.8264855214666621E-005
   270.00000000000000        2.6382122106665559E-007   2.1489581141725932E-005
   280.00000000000000        1.9271120969894928E-007   1.6392702955418624E-005
   290.00000000000000        1.5325218109257884E-007   1.1648739186262910E-005
   300.00000000000000        1.0624410603324613E-007   8.8291603449368077E-006
   310.00000000000000        8.2217193029355978E-008   6.7478460148474720E-006
   320.00000000000000        7.5603028209508611E-008   5.0342559871954291E-006
   330.00000000000000        6.2374535986075756E-008   3.9516435034176494E-006
   340.00000000000000        3.9738754286579771E-008   2.8807371254545387E-006
   350.00000000000000        3.6391220181693453E-008   2.3998607525170167E-006
   360.00000000000000        2.9875301902521442E-008   1.8184954264403688E-006
   370.00000000000000        2.4431743798667698E-008   1.4073595129293615E-006
   380.00000000000000        2.0615150074674293E-008   1.0540426464825558E-006
   390.00000000000000        2.0672517971174782E-008   8.6826263487283145E-007
   400.00000000000000        1.2884381106862635E-008   6.3622839442388517E-007
   410.00000000000000        1.2520707808325615E-008   5.1836594458557633E-007
   420.00000000000000        1.2625517087356333E-008   4.2052901256584102E-007
   430.00000000000000        1.2080843414500410E-008   3.5377314155185942E-007
   440.00000000000000        8.6131815728866647E-009   2.6617395740373207E-007
   450.00000000000000        1.0170325393300713E-008   2.5864060718925207E-007
   460.00000000000000        6.6253202966459217E-009   1.8340870663570272E-007
   470.00000000000000        4.4601817960013898E-009   1.5640210507455341E-007
   480.00000000000000        5.4413821519818478E-009   1.6437739167951535E-007
   490.00000000000000        5.6976481942440831E-009   1.1154707718923947E-007
   500.00000000000000        3.1861197390440760E-009   1.1199633309020785E-007
