   14.000000000000000        0.0000000000000000        0.0000000000000000     
   28.000000000000000        0.0000000000000000        0.0000000000000000     
   42.000000000000000        0.0000000000000000        0.0000000000000000     
   56.000000000000000        0.0000000000000000        0.0000000000000000     
   70.000000000000000        0.0000000000000000        0.0000000000000000     
   84.000000000000000        0.0000000000000000        0.0000000000000000     
   98.000000000000000        0.0000000000000000        0.0000000000000000     
   112.00000000000000       -1.0145735761856187E-006   2.5060905679687324E-005
   126.00000000000000       -3.0022580756604292E-006   7.5636791036842439E-005
   140.00000000000000       -4.5423281362602298E-006   1.1813777985895469E-004
   154.00000000000000       -6.0771895961221472E-006   1.5704645244158546E-004
   168.00000000000000       -7.0728968081859931E-006   1.8043472060935811E-004
   182.00000000000000       -8.0587607778194122E-006   1.9777374133861110E-004
   196.00000000000000       -9.0421197717434341E-006   2.0872674158710510E-004
   210.00000000000000       -9.6547703606639971E-006   2.0805870857079032E-004
   224.00000000000000       -1.0330937019733949E-005   2.0421365049377863E-004
   238.00000000000000       -1.1374164263832286E-005   1.9647947415066662E-004
   252.00000000000000       -1.1445669606683591E-005   1.7935346929846092E-004
   266.00000000000000       -1.1699497631442165E-005   1.5998750445761495E-004
   280.00000000000000       -1.1237048237869199E-005   1.3748970679836888E-004
   294.00000000000000       -1.1206240393975560E-005   1.1516059181090393E-004
   308.00000000000000       -1.0148000996567243E-005   9.0734219092217664E-005
   322.00000000000000       -8.9651684616006717E-006   6.8661071558604798E-005
   336.00000000000000       -7.4822310130287050E-006   4.7629651077716142E-005
   350.00000000000000       -5.2475643874002604E-006   2.8888222494197052E-005
   364.00000000000000       -2.3560883731265148E-006   1.1038184354258933E-005
   378.00000000000000        0.0000000000000000        0.0000000000000000     
   392.00000000000000        0.0000000000000000        0.0000000000000000     
   406.00000000000000        0.0000000000000000        0.0000000000000000     
   420.00000000000000        0.0000000000000000        0.0000000000000000     
   434.00000000000000        0.0000000000000000        0.0000000000000000     
   448.00000000000000        0.0000000000000000        0.0000000000000000     
   462.00000000000000        0.0000000000000000        0.0000000000000000     
   476.00000000000000        0.0000000000000000        0.0000000000000000     
   490.00000000000000        0.0000000000000000        0.0000000000000000     
   504.00000000000000        0.0000000000000000        0.0000000000000000     
   518.00000000000000        0.0000000000000000        0.0000000000000000     
   532.00000000000000        0.0000000000000000        0.0000000000000000     
   546.00000000000000        0.0000000000000000        0.0000000000000000     
   560.00000000000000        0.0000000000000000        0.0000000000000000     
   574.00000000000000        0.0000000000000000        0.0000000000000000     
   588.00000000000000        0.0000000000000000        0.0000000000000000     
   602.00000000000000        0.0000000000000000        0.0000000000000000     
   616.00000000000000        0.0000000000000000        0.0000000000000000     
   630.00000000000000        0.0000000000000000        0.0000000000000000     
   644.00000000000000        0.0000000000000000        0.0000000000000000     
   658.00000000000000        0.0000000000000000        0.0000000000000000     
   672.00000000000000        0.0000000000000000        0.0000000000000000     
   686.00000000000000        0.0000000000000000        0.0000000000000000     
   700.00000000000000        0.0000000000000000        0.0000000000000000     
