   4.0000000000000000       -1.7017307675659170E-006   4.8285092795977451E-006
   8.0000000000000000       -1.7931662808736587E-006   5.1755161150822926E-006
   12.000000000000000       -1.8856749056289551E-006   5.5350712019622783E-006
   16.000000000000000       -1.9789876173528531E-006   5.9066020141654419E-006
   20.000000000000000       -2.0728229713340748E-006   6.2894538406795296E-006
   24.000000000000000       -2.1703932519577848E-006   6.6829237550804468E-006
   28.000000000000000       -2.2614779744740524E-006   7.0885742068419143E-006
   32.000000000000000       -2.3833457733896742E-006   7.4868979357626313E-006
   36.000000000000000       -3.1821573727265808E-006   7.7036726476873791E-006
   40.000000000000000       -5.4699756421504412E-006   7.5453896649193327E-006
   44.000000000000000       -8.4259630036648243E-006   7.7507115591320866E-006
   48.000000000000000       -1.1252589343069599E-005   8.9171320683738486E-006
   52.000000000000000       -1.4152780179379123E-005   1.0198566958499420E-005
   56.000000000000000       -1.8167630964217602E-005   1.3179873978368584E-005
   60.000000000000000       -2.2547055503793964E-005   1.7716605345340028E-005
   64.000000000000000       -2.6782902940304230E-005   2.2824274162539619E-005
   68.000000000000000       -3.1274755033852029E-005   2.9197240598550725E-005
   72.000000000000000       -3.5784840136045349E-005   3.9527261165076513E-005
   76.000000000000000       -4.0511183706138848E-005   5.0226117351096136E-005
   80.000000000000000       -4.3702256029465433E-005   6.2029239209011918E-005
   84.000000000000000       -4.7452007081617843E-005   7.6255631941724977E-005
   88.000000000000000       -5.0761665623167916E-005   9.0872898781007525E-005
   92.000000000000000       -5.3704973861724633E-005   1.0524472020583975E-004
   96.000000000000000       -5.6522310118306589E-005   1.2114528768384950E-004
   100.00000000000000       -5.7594983979773019E-005   1.3514079417552735E-004
   104.00000000000000       -5.9820665573884946E-005   1.5219067331829607E-004
   108.00000000000000       -6.0114300069750109E-005   1.6793301395844176E-004
   112.00000000000000       -6.1287724331663711E-005   1.8455128280478488E-004
   116.00000000000000       -6.2205993267785395E-005   2.0068497404900347E-004
   120.00000000000000       -6.1908180671926575E-005   2.1261613337878740E-004
   124.00000000000000       -6.1745828483975379E-005   2.2897615012475766E-004
   128.00000000000000       -6.2277939821225848E-005   2.4181768961510186E-004
   132.00000000000000       -6.3038309632077656E-005   2.5861069818238137E-004
   136.00000000000000       -6.3402892790084172E-005   2.6908896378681783E-004
   140.00000000000000       -6.2497839286734940E-005   2.8368776776177004E-004
   144.00000000000000       -6.0644716879343300E-005   2.8983276044740628E-004
   148.00000000000000       -5.9848640148795782E-005   2.9816497868889963E-004
   152.00000000000000       -5.6155796721787428E-005   2.9987243396212824E-004
   156.00000000000000       -5.4267930273705237E-005   2.9919840643954638E-004
   160.00000000000000       -5.2327647916963647E-005   3.0169411572445484E-004
   164.00000000000000       -4.8820808982583149E-005   3.0216142626094853E-004
   168.00000000000000       -4.6776679790176103E-005   2.9561876883303786E-004
   172.00000000000000       -4.1484529522918702E-005   2.8831486518189820E-004
   176.00000000000000       -3.9006798971536743E-005   2.8457174123994210E-004
   180.00000000000000       -3.4603642948733263E-005   2.7502088975408286E-004
   184.00000000000000       -3.2181652003199094E-005   2.6749685501090679E-004
   188.00000000000000       -2.8056159832136398E-005   2.5469854766725706E-004
   192.00000000000000       -2.3381065439119874E-005   2.3820152342751781E-004
   196.00000000000000       -1.9720148884383806E-005   2.2336466128174658E-004
   200.00000000000000       -1.6462102780951643E-005   2.0908999554646778E-004
   204.00000000000000       -1.3754912056811617E-005   1.9565854156554613E-004
   208.00000000000000       -1.2421397755041406E-005   1.8322765672088855E-004
   212.00000000000000       -1.0197372741837515E-005   1.6521863886094778E-004
   216.00000000000000       -7.4048012718753364E-006   1.5244073330336353E-004
   220.00000000000000       -5.3568513427944223E-006   1.4105646037299537E-004
   224.00000000000000       -4.4112186268489860E-006   1.2683325783944600E-004
   228.00000000000000       -2.5141258778752484E-006   1.1598872298388610E-004
   232.00000000000000       -1.6926967107119012E-006   1.0144746980200302E-004
   236.00000000000000       -1.2882150832949627E-007   8.9556193583849344E-005
   240.00000000000000        1.2029554059403782E-007   8.2538160492453516E-005
   244.00000000000000        1.0138330304883894E-006   7.2816011000290172E-005
   248.00000000000000        9.0279721824286354E-007   6.5831497668695181E-005
   252.00000000000000        1.7382333411005683E-006   5.8939571042105806E-005
   256.00000000000000        1.6567733483606152E-006   5.2143674922909389E-005
   260.00000000000000        1.2042988093359825E-006   4.5985654142608910E-005
   264.00000000000000        1.7902445763382878E-006   4.0777234180219310E-005
   268.00000000000000        1.3672970443123930E-006   3.6686940508303840E-005
   272.00000000000000        1.5094402252957647E-006   3.1907800908326772E-005
   276.00000000000000        1.3593938760548188E-006   2.8298156551516446E-005
   280.00000000000000        1.0222225768251766E-006   2.4933701877370419E-005
   284.00000000000000        1.2188780229655032E-006   2.2729823287960543E-005
   288.00000000000000        1.2765291123495863E-006   2.0342547676701986E-005
   292.00000000000000        1.1315448900978599E-006   1.7852542793635652E-005
   296.00000000000000        8.6095912755607952E-007   1.6158347482301610E-005
   300.00000000000000        9.8955279852941370E-007   1.4634990769903344E-005
   304.00000000000000        6.5970332732966799E-007   1.2713344173851594E-005
   308.00000000000000        7.2892294236425998E-007   1.1536762929399965E-005
   312.00000000000000        3.4905023643254090E-007   9.8591847479092164E-006
   316.00000000000000        3.2751658550814450E-007   8.7645564935673642E-006
   320.00000000000000        4.1444471191786146E-007   8.1942402734134039E-006
   324.00000000000000        2.0750530925581741E-007   7.1241686262591927E-006
   328.00000000000000        2.8728192611964575E-007   6.4147052703083069E-006
   332.00000000000000        2.6231775153101679E-007   5.7352508802895316E-006
   336.00000000000000        2.9966949367079593E-007   5.2266034479178682E-006
   340.00000000000000        1.2892225070559946E-007   4.8118881162362800E-006
   344.00000000000000       -3.6427492302158222E-008   4.2447312956866522E-006
   348.00000000000000        1.7896608589979781E-008   3.9100499003962454E-006
   352.00000000000000        4.1573388945844266E-008   3.4326513994768242E-006
   356.00000000000000       -1.3461227986236321E-008   3.1095128485381773E-006
   360.00000000000000        1.3622413151353489E-008   2.9336863149298250E-006
   364.00000000000000        5.3237980850477404E-008   2.6447159547470970E-006
   368.00000000000000       -4.2764090889744683E-008   2.4532103568752789E-006
   372.00000000000000       -1.8454838548574201E-008   2.1351078521433652E-006
   376.00000000000000        2.8737245949230513E-008   1.8982497134687240E-006
   380.00000000000000        8.1633238867769628E-010   1.6900070944280947E-006
   384.00000000000000        9.2243826216893506E-009   1.5837142544187610E-006
   388.00000000000000       -3.1806348569548361E-008   1.4437758793328282E-006
   392.00000000000000        1.8005139894850997E-009   1.2953329194482445E-006
   396.00000000000000        1.0824300465187028E-009   1.1229462494666747E-006
   400.00000000000000        4.5848664301783767E-009   1.0124528708133519E-006
