   10.000000000000000        0.0000000000000000        0.0000000000000000     
   20.000000000000000        2.6872205454349834E-013  -2.7752384593210315E-012
   30.000000000000000       -3.4351385618569912E-008   2.9179476491414619E-007
   40.000000000000000       -4.3028016572191682E-006   4.7359667691685888E-005
   50.000000000000000       -1.5243742698777137E-005   1.6172809305226864E-004
   60.000000000000000       -3.5658303845075656E-005   3.6904572196703057E-004
   70.000000000000000       -6.5778400348846989E-005   6.3204360136506635E-004
   80.000000000000000       -9.3914552118475053E-005   8.9113612798641904E-004
   90.000000000000000       -1.1678526577528534E-004   1.0813102173769453E-003
   100.00000000000000       -1.3423426763336179E-004   1.2309413622805581E-003
   110.00000000000000       -1.4274919777821255E-004   1.3059704170195322E-003
   120.00000000000000       -1.4264669196619129E-004   1.2968892660029391E-003
   130.00000000000000       -1.4394522203836098E-004   1.2881864932609969E-003
   140.00000000000000       -1.3512692464826475E-004   1.2175183630484584E-003
   150.00000000000000       -1.2864046842886394E-004   1.1369998739666827E-003
   160.00000000000000       -1.0900971886675033E-004   9.9525257164027707E-004
   170.00000000000000       -8.9797028705157481E-005   8.4844900260505141E-004
   180.00000000000000       -6.8981690808916292E-005   6.6977080125517167E-004
   190.00000000000000       -4.9768623947276619E-005   5.4211782071393762E-004
   200.00000000000000       -3.4723817816764517E-005   4.0162391722714475E-004
   210.00000000000000       -2.2560664574394370E-005   2.9626104127071772E-004
   220.00000000000000       -1.3913948787746239E-005   2.2003250303912698E-004
   230.00000000000000       -8.5855861835782651E-006   1.5249371210311627E-004
   240.00000000000000       -4.1143965214150753E-006   1.0961600902181531E-004
   250.00000000000000       -1.9265551351035865E-006   7.4917043587448810E-005
   260.00000000000000       -1.4755114509302204E-006   5.1151787992617160E-005
   270.00000000000000       -7.0632341335725831E-007   3.6212634852015120E-005
   280.00000000000000       -4.5313267746826899E-007   2.5644726033014864E-005
   290.00000000000000       -2.8227455525843489E-007   1.5849093320447077E-005
   300.00000000000000       -2.4154189899788856E-008   1.0524593773369163E-005
   310.00000000000000        2.4254330232968027E-008   7.0577662475287456E-006
   320.00000000000000        1.3220614454948615E-010   4.1601711549683803E-006
   330.00000000000000       -1.2799441489105621E-008   2.8781683662527466E-006
   340.00000000000000        3.8844716244458457E-008   1.4418907675680431E-006
   350.00000000000000       -3.7613054045441393E-009   1.1820023275439783E-006
   360.00000000000000        1.4147213753758342E-008   6.2206925501127338E-007
   370.00000000000000        1.5057626724837299E-008   4.0177339480250051E-007
   380.00000000000000        6.9836773253415602E-009   1.4824676388358314E-007
   390.00000000000000        6.6187241098449772E-009   1.8020449932684108E-007
   400.00000000000000       -8.9848549501084682E-009   4.6872313563977170E-008
   410.00000000000000        1.5243656674326238E-009   8.2324705377404774E-008
   420.00000000000000       -1.1756799284102260E-008   8.2425987995408257E-008
   430.00000000000000       -2.5164378283041694E-009   1.2438188111319521E-007
   440.00000000000000       -7.3118068109369043E-009   7.5646064853384022E-008
   450.00000000000000       -9.6577573119159866E-009   1.4376926233042440E-007
   460.00000000000000       -7.5408024180759753E-009   7.6458408839435333E-008
   470.00000000000000        1.1931331019791228E-008   8.0285966842824190E-008
   480.00000000000000       -2.7715095813860415E-009   1.5218499242098322E-007
   490.00000000000000       -6.6980799944248338E-009   6.6398709675701529E-008
   500.00000000000000        4.0294062288555526E-009   1.1350804588114274E-007
   10.000000000000000       -3.7353070406382192E-006   3.4881799887102463E-005
   20.000000000000000       -4.2185539929254501E-006   3.9390190457744940E-005
   30.000000000000000       -4.7366180411151425E-006   4.4208292952777455E-005
   40.000000000000000       -8.9751055464756304E-006   9.0149404664697510E-005
   50.000000000000000       -1.9069302357611892E-005   1.9517992848246655E-004
   60.000000000000000       -3.7473486342366389E-005   3.8177299704881981E-004
   70.000000000000000       -6.4381465363715193E-005   6.1704187989652676E-004
   80.000000000000000       -8.9497981869421448E-005   8.4846783272515933E-004
   90.000000000000000       -1.0992681581028676E-004   1.0187639555243875E-003
   100.00000000000000       -1.2552281823105004E-004   1.1528260395583351E-003
   110.00000000000000       -1.3318931397821076E-004   1.2206268293576939E-003
   120.00000000000000       -1.3320046113250429E-004   1.2137565564876514E-003
   130.00000000000000       -1.3436891035572434E-004   1.2065295392734035E-003
   140.00000000000000       -1.2655953797922014E-004   1.1440804943091138E-003
   150.00000000000000       -1.2072728708685623E-004   1.0722739628302106E-003
   160.00000000000000       -1.0325809904956172E-004   9.4592853140917617E-004
   170.00000000000000       -8.6090593715963448E-005   8.1451310760488941E-004
   180.00000000000000       -6.7453522133878593E-005   6.5448808543359471E-004
   190.00000000000000       -5.0175005106936656E-005   5.3886729250287419E-004
   200.00000000000000       -3.6522029516029066E-005   4.1153577810913407E-004
   210.00000000000000       -2.5372417979080753E-005   3.1479177155114554E-004
   220.00000000000000       -1.7294991789500343E-005   2.4345078870315474E-004
   230.00000000000000       -1.2125751355645151E-005   1.7961665042040521E-004
   240.00000000000000       -7.7090830321459648E-006   1.3743333756748000E-004
   250.00000000000000       -5.3092071592302322E-006   1.0248399616859972E-004
   260.00000000000000       -4.4536376524264275E-006   7.7271170148219528E-005
   270.00000000000000       -3.3415241658232296E-006   6.0009281639816314E-005
   280.00000000000000       -2.7128089757904771E-006   4.6836256793556156E-005
   290.00000000000000       -2.1904881222731405E-006   3.4630889006060118E-005
   300.00000000000000       -1.6284625347152681E-006   2.6680561274990436E-005
   310.00000000000000       -1.2897355676696440E-006   2.0705753273701532E-005
   320.00000000000000       -1.0539452699317887E-006   1.5580646208286950E-005
   330.00000000000000       -8.4654140222164556E-007   1.2222607219883332E-005
   340.00000000000000       -6.1860492817341769E-007   9.0611782066720805E-006
   350.00000000000000       -5.0707610586055638E-007   7.2458530260977019E-006
   360.00000000000000       -3.7231778542620861E-007   5.4498040511740817E-006
   370.00000000000000       -2.7864465341955432E-007   4.2037154046048286E-006
   380.00000000000000       -2.1490616493475471E-007   3.1447823355967651E-006
   390.00000000000000       -1.6230472324708094E-007   2.5179501050558242E-006
   400.00000000000000       -1.3712944982224638E-007   1.8923500300936131E-006
   410.00000000000000       -9.9498529977286347E-008   1.5308193074327858E-006
   420.00000000000000       -9.0387044160941595E-008   1.2272224900065589E-006
   430.00000000000000       -6.6774254246960629E-008   1.0281703829282643E-006
   440.00000000000000       -5.9147979861190823E-008   8.0050390201312644E-007
   450.00000000000000       -5.1795694859018435E-008   7.1407214631712833E-007
   460.00000000000000       -4.2138876305506419E-008   5.3737575384294332E-007
   470.00000000000000       -1.8325688919435922E-008   4.4531770520705446E-007
   480.00000000000000       -2.5383873904239766E-008   4.3004860214901012E-007
   490.00000000000000       -2.3659839834963409E-008   2.8959409799705945E-007
   500.00000000000000       -9.7356824103488202E-009   2.7752243453450050E-007
