   4.0000000000000000        5.7583836578247866E-007   2.0117607290804305E-005
   8.0000000000000000        6.0861054903042513E-007   2.1219916254613252E-005
   12.000000000000000        6.4193025940229620E-007   2.2337421711080454E-005
   16.000000000000000        6.7570976430318814E-007   2.3467063821030553E-005
   20.000000000000000        7.0985626286997973E-007   2.4605628838516367E-005
   24.000000000000000        7.4567175397803574E-007   2.5776750144183087E-005
   28.000000000000000        7.7907116969109334E-007   2.6900673833761961E-005
   32.000000000000000        8.2003833921679791E-007   2.8301239998103394E-005
   36.000000000000000        9.8352896377786034E-007   3.4834638192156177E-005
   40.000000000000000        1.4498410812214084E-006   5.2898772043081545E-005
   44.000000000000000        2.0702217698876513E-006   7.7924339989343910E-005
   48.000000000000000        2.7464073819050861E-006   1.0527981411324937E-004
   52.000000000000000        3.5046233407342431E-006   1.3601062492614891E-004
   56.000000000000000        4.6584373833201208E-006   1.8183580039468739E-004
   60.000000000000000        5.9653808478005209E-006   2.3355145628029309E-004
   64.000000000000000        7.2521239620255743E-006   2.8564452745052140E-004
   68.000000000000000        8.7959822090438766E-006   3.4630870513360188E-004
   72.000000000000000        1.0407227678307431E-005   4.0307859866618029E-004
   76.000000000000000        1.2277473176269586E-005   4.7509850515256032E-004
   80.000000000000000        1.3544806710166188E-005   5.1565867318079149E-004
   84.000000000000000        1.5187700532374036E-005   5.7189369087546423E-004
   88.000000000000000        1.6590055560861612E-005   6.1286715613802526E-004
   92.000000000000000        1.8076350209603465E-005   6.6364599224162549E-004
   96.000000000000000        1.9299222801390902E-005   7.0514519394962167E-004
   100.00000000000000        1.9963214152248342E-005   7.2052526043771888E-004
   104.00000000000000        2.0808088540495243E-005   7.3582457572737565E-004
   108.00000000000000        2.1468581418573387E-005   7.4818637502948487E-004
   112.00000000000000        2.2260019261549963E-005   7.6278177404270485E-004
   116.00000000000000        2.2747246003284655E-005   7.7203316737376165E-004
   120.00000000000000        2.2919913383307206E-005   7.6886060295129600E-004
   124.00000000000000        2.3228879076940285E-005   7.6415025306751975E-004
   128.00000000000000        2.3458832385507362E-005   7.6335766542287424E-004
   132.00000000000000        2.3757268451808068E-005   7.6579902644520925E-004
   136.00000000000000        2.3742020668443259E-005   7.6076485959991938E-004
   140.00000000000000        2.3690582340261585E-005   7.3885959091840028E-004
   144.00000000000000        2.2971806981461645E-005   7.1763265090657013E-004
   148.00000000000000        2.2331895056220319E-005   6.9370743665870193E-004
   152.00000000000000        2.1385508764114509E-005   6.5740009500867252E-004
   156.00000000000000        2.0520624765536194E-005   6.3616760556512168E-004
   160.00000000000000        1.9509411780454697E-005   5.9701188237557652E-004
   164.00000000000000        1.8658809269764665E-005   5.6153080917259240E-004
   168.00000000000000        1.7581921740498431E-005   5.2524179423526986E-004
   172.00000000000000        1.6193221614246582E-005   4.8560001746949323E-004
   176.00000000000000        1.5203611490740445E-005   4.5797481514274057E-004
   180.00000000000000        1.3996051943205924E-005   4.1684816431981659E-004
   184.00000000000000        1.3154330513795431E-005   3.8610828993851837E-004
   188.00000000000000        1.1770210163459576E-005   3.5167050692998746E-004
   192.00000000000000        1.0497081282065251E-005   3.1172971497993014E-004
   196.00000000000000        9.3869020103035615E-006   2.8357676049174283E-004
   200.00000000000000        8.2679943046668461E-006   2.5231175504589280E-004
   204.00000000000000        7.4609991444965363E-006   2.2708389456802550E-004
   208.00000000000000        6.7464407230594642E-006   2.0329693953634895E-004
   212.00000000000000        5.8594954829144736E-006   1.8061904502542382E-004
   216.00000000000000        5.1936997865979830E-006   1.5993865857394507E-004
   220.00000000000000        4.5009933768601775E-006   1.4536159077789247E-004
   224.00000000000000        3.9632861154954503E-006   1.2776937672548695E-004
   228.00000000000000        3.4562713844046329E-006   1.1407092844143278E-004
   232.00000000000000        2.9595193202352249E-006   9.9074901715782182E-005
   236.00000000000000        2.5565661650783033E-006   8.7391944302212627E-005
   240.00000000000000        2.3022958171715042E-006   7.9409651220226980E-005
   244.00000000000000        2.0128711198219538E-006   7.0203131759229089E-005
   248.00000000000000        1.7974026694334888E-006   6.2836012922741144E-005
   252.00000000000000        1.5309935351193340E-006   5.6151984067592372E-005
   256.00000000000000        1.3165159680951391E-006   5.0047320261563190E-005
   260.00000000000000        1.1594026807559708E-006   4.4922666057510213E-005
   264.00000000000000        1.0903529424904507E-006   4.0142024758628791E-005
   268.00000000000000        9.6823560983457140E-007   3.6269524123314717E-005
   272.00000000000000        8.2490966448338777E-007   3.2193648175045411E-005
   276.00000000000000        7.5464756850115564E-007   2.8981763942699193E-005
   280.00000000000000        6.9095696718588688E-007   2.5979660323594787E-005
   284.00000000000000        5.8963199156998598E-007   2.3697416867899650E-005
   288.00000000000000        5.4491319450081953E-007   2.1461310257426551E-005
   292.00000000000000        4.8222806575385272E-007   1.9201270795110075E-005
   296.00000000000000        4.5067305124587868E-007   1.7470138224758395E-005
   300.00000000000000        3.9619865969452230E-007   1.5826015474229212E-005
   304.00000000000000        3.4763714538397182E-007   1.4134223685734302E-005
   308.00000000000000        3.2205020652789312E-007   1.2859915026433985E-005
   312.00000000000000        2.8306182546411254E-007   1.1302457875660936E-005
   316.00000000000000        2.6392513540276966E-007   1.0096788492837967E-005
   320.00000000000000        2.5446015801269952E-007   9.3346090137863269E-006
   324.00000000000000        2.3076854369000869E-007   8.2641643614204826E-006
   328.00000000000000        1.8630288997431632E-007   7.4617777946404408E-006
   332.00000000000000        1.6955454524092725E-007   6.6962171778641848E-006
   336.00000000000000        1.5171073575752906E-007   6.0800025662524112E-006
   340.00000000000000        1.5082638317293069E-007   5.5145303760180591E-006
   344.00000000000000        1.4875569488461581E-007   4.9032121395260100E-006
   348.00000000000000        1.3368551995678991E-007   4.4634893629470632E-006
   352.00000000000000        1.1212767713957587E-007   3.9450727698321289E-006
   356.00000000000000        1.2079201394301481E-007   3.5549994952807480E-006
   360.00000000000000        9.5584040519292637E-008   3.2679459853465177E-006
   364.00000000000000        8.8562958633104960E-008   2.9368621972085300E-006
   368.00000000000000        9.2395407472922895E-008   2.6646075464729361E-006
   372.00000000000000        7.6854543464783660E-008   2.3588171004830840E-006
   376.00000000000000        6.0552902517834944E-008   2.0977908092158402E-006
   380.00000000000000        5.4459449923527181E-008   1.8664236691760609E-006
   384.00000000000000        5.4077316085087877E-008   1.7185096714892634E-006
   388.00000000000000        5.1917697226729122E-008   1.5628017314461656E-006
   392.00000000000000        4.6839003154656130E-008   1.4002713782817319E-006
   396.00000000000000        3.7125037140566499E-008   1.2404532219197224E-006
   400.00000000000000        3.3061190519149175E-008   1.1184244544799938E-006
