   4.0000000000000000        1.9677124735292801E-007   3.2024770414529880E-006
   8.0000000000000000        2.0753760255883801E-007   3.4299061335703692E-006
   12.000000000000000        2.1846004601238346E-007   3.6653177497371594E-006
   16.000000000000000        2.2950940092623369E-007   3.9083214030792519E-006
   20.000000000000000        2.4065496258286632E-007   4.1584736495445368E-006
   24.000000000000000        2.5229263586230698E-007   4.4153402514646733E-006
   28.000000000000000        2.6317755581936846E-007   4.6798599840402438E-006
   32.000000000000000        2.7733181593348714E-007   4.9390557761976826E-006
   36.000000000000000        3.6634629452187950E-007   5.0812019181221804E-006
   40.000000000000000        6.2259557903206436E-007   4.9918192596048127E-006
   44.000000000000000        9.6374994428467855E-007   5.1715192509940606E-006
   48.000000000000000        1.2903122465794412E-006   6.0112979708421790E-006
   52.000000000000000        1.6341461677975453E-006   6.9258450071366808E-006
   56.000000000000000        2.0873527489481605E-006   9.0396420773840785E-006
   60.000000000000000        2.5901926879104055E-006   1.2195414918837023E-005
   64.000000000000000        3.1003835699672896E-006   1.5798189055688134E-005
   68.000000000000000        3.5953885225645661E-006   2.0216578255469120E-005
   72.000000000000000        4.1215228182400879E-006   2.7333967181694021E-005
   76.000000000000000        4.6907700691714621E-006   3.4676626973435237E-005
   80.000000000000000        5.0196323016941828E-006   4.2724007810693389E-005
   84.000000000000000        5.4733817542636065E-006   5.2373281714732225E-005
   88.000000000000000        5.8393024871130920E-006   6.2297687039367783E-005
   92.000000000000000        6.1200745356620025E-006   7.1922829822275111E-005
   96.000000000000000        6.4802908345339654E-006   8.2526393890772554E-005
   100.00000000000000        6.5665169163375338E-006   9.1731288183507527E-005
   104.00000000000000        6.7146023295463425E-006   1.0292819475941110E-004
   108.00000000000000        6.8372422159643621E-006   1.1311715546726567E-004
   112.00000000000000        6.9568042003330415E-006   1.2394595285990432E-004
   116.00000000000000        7.0694054666053022E-006   1.3423136290105679E-004
   120.00000000000000        7.0389395756230628E-006   1.4168253547773270E-004
   124.00000000000000        7.1320681893836038E-006   1.5216979801626840E-004
   128.00000000000000        7.1114194817914016E-006   1.6015004131674751E-004
   132.00000000000000        7.2483402676430642E-006   1.7053253421532314E-004
   136.00000000000000        7.1211082847689758E-006   1.7680439905907165E-004
   140.00000000000000        7.1778520079097435E-006   1.8589735198478482E-004
   144.00000000000000        6.9590823110870418E-006   1.8926999404276969E-004
   148.00000000000000        6.8902046598688201E-006   1.9404904775704147E-004
   152.00000000000000        6.5263837036275588E-006   1.9452810014202501E-004
   156.00000000000000        6.3774341440954338E-006   1.9356038125319715E-004
   160.00000000000000        6.1518915847850719E-006   1.9444201580472232E-004
   164.00000000000000        5.9321501803351394E-006   1.9439527337024868E-004
   168.00000000000000        5.5942081064341909E-006   1.8949901138510280E-004
   172.00000000000000        5.2242660747485769E-006   1.8436775224646676E-004
   176.00000000000000        4.9276743217122410E-006   1.8166835824435707E-004
   180.00000000000000        4.5987815148258499E-006   1.7488509482296535E-004
   184.00000000000000        4.4505668417843480E-006   1.6948469601972817E-004
   188.00000000000000        3.9858364262625207E-006   1.6115477654281063E-004
   192.00000000000000        3.5413025698717542E-006   1.5036288689361066E-004
   196.00000000000000        3.1810407109607939E-006   1.4069748168314038E-004
   200.00000000000000        2.8560273840495291E-006   1.3140637815036918E-004
   204.00000000000000        2.5432139217085956E-006   1.2274395890876148E-004
   208.00000000000000        2.3739439779138685E-006   1.1467179406597404E-004
   212.00000000000000        2.1547479177969500E-006   1.0328877952048252E-004
   216.00000000000000        1.8605450363912241E-006   9.5068642818834016E-005
   220.00000000000000        1.5683817704219450E-006   8.7863385867565760E-005
   224.00000000000000        1.4225664911886851E-006   7.8931000969354853E-005
   228.00000000000000        1.2030337568449071E-006   7.2051250114661626E-005
   232.00000000000000        1.0227387985693809E-006   6.3018437913938752E-005
   236.00000000000000        8.1588785804725077E-007   5.5536149723209394E-005
   240.00000000000000        7.4680705287332681E-007   5.1180367748415597E-005
   244.00000000000000        6.3380182445999376E-007   4.5062135565130373E-005
   248.00000000000000        5.7037269569740566E-007   4.0707468469441626E-005
   252.00000000000000        4.8646053254285018E-007   3.6408393077757024E-005
   256.00000000000000        3.9322309524091123E-007   3.2273852573889757E-005
   260.00000000000000        3.4897152859908196E-007   2.8483085090414954E-005
   264.00000000000000        2.9044239842904211E-007   2.5211193837332564E-005
   268.00000000000000        2.7923374215131806E-007   2.2708932460462075E-005
   272.00000000000000        2.3372553747488698E-007   1.9749623366293426E-005
   276.00000000000000        2.1857509664420873E-007   1.7511626621556769E-005
   280.00000000000000        2.0140303516461653E-007   1.5470913201711674E-005
   284.00000000000000        1.5931300153182853E-007   1.4085475806337558E-005
   288.00000000000000        1.4593018946264993E-007   1.2588660293128305E-005
   292.00000000000000        1.1173782283792371E-007   1.1064061659184953E-005
   296.00000000000000        1.1492975587056258E-007   1.0039442139143138E-005
   300.00000000000000        1.0008989933896045E-007   9.0671010992743411E-006
   304.00000000000000        8.7602182289309123E-008   7.9162596414714902E-006
   308.00000000000000        7.1941295797296172E-008   7.1800668940186411E-006
   312.00000000000000        7.5042081383453980E-008   6.1773338440140248E-006
   316.00000000000000        7.7840970411644816E-008   5.4543564435767611E-006
   320.00000000000000        7.0845445260853150E-008   5.0954835360339569E-006
   324.00000000000000        6.3347662431882152E-008   4.4486614987246970E-006
   328.00000000000000        4.5667572178265633E-008   4.0097065463873445E-006
   332.00000000000000        4.3151558660495328E-008   3.5933736535749895E-006
   336.00000000000000        3.3529265338707873E-008   3.2647493388177602E-006
   340.00000000000000        4.6979252775418450E-008   3.0035542772059916E-006
   344.00000000000000        5.1065121781293407E-008   2.6562187751602761E-006
   348.00000000000000        4.2771020872719307E-008   2.4430446830228760E-006
   352.00000000000000        3.2786015202916299E-008   2.1444919719281869E-006
   356.00000000000000        3.8475319368929764E-008   1.9362534938279715E-006
   360.00000000000000        3.5461603252914541E-008   1.8265810180011805E-006
   364.00000000000000        3.0412325470870905E-008   1.6433216208505431E-006
   368.00000000000000        3.9007749954190401E-008   1.5220806433734975E-006
   372.00000000000000        2.7952334940870167E-008   1.3278399415248178E-006
   376.00000000000000        2.0009074647004033E-008   1.1798245386479709E-006
   380.00000000000000        1.8749125318287901E-008   1.0509516109541902E-006
   384.00000000000000        2.0662717898448407E-008   9.8109210150254343E-007
   388.00000000000000        2.1037438266498812E-008   8.9487703136985737E-007
   392.00000000000000        1.8253649280001309E-008   8.0294764030778243E-007
   396.00000000000000        1.2231572670449869E-008   6.9899429172030278E-007
   400.00000000000000        1.1401905708191189E-008   6.2812744438208660E-007
