   6.0000000000000000        0.0000000000000000        0.0000000000000000     
   12.000000000000000        0.0000000000000000        0.0000000000000000     
   18.000000000000000        0.0000000000000000        0.0000000000000000     
   24.000000000000000        1.4736806434500072E-007   1.2687303812784878E-004
   30.000000000000000       -5.2212037198660604E-006   3.3981046933231088E-004
   36.000000000000000       -1.7956923980817546E-005   5.5407182489807221E-004
   42.000000000000000       -3.7384982029474218E-005   7.5327496134960687E-004
   48.000000000000000       -4.6743405559390788E-005   8.1459977442728732E-004
   54.000000000000000       -4.8801617407376725E-005   8.1271585542617628E-004
   60.000000000000000       -5.1776017721579941E-005   7.9212109245833148E-004
   66.000000000000000       -5.3155203332805612E-005   7.3973495500068392E-004
   72.000000000000000       -5.2508912057940287E-005   6.7746176006545878E-004
   78.000000000000000       -5.3087807223123125E-005   6.0586554708374086E-004
   84.000000000000000       -5.1414308989027662E-005   5.2412496662480402E-004
   90.000000000000000       -4.8816605473148156E-005   4.3532674458529369E-004
   96.000000000000000       -4.6275080190230155E-005   3.5089715899938188E-004
   102.00000000000000       -4.1400918111895730E-005   2.6331084280975249E-004
   108.00000000000000       -3.6165894995886488E-005   1.8866566684777258E-004
   114.00000000000000       -2.9802209868885701E-005   1.1667353645688369E-004
   120.00000000000000       -2.0390568938296726E-005   6.2281026755022062E-005
   126.00000000000000       -9.5803461066351135E-006   2.0648652855547024E-005
   132.00000000000000        0.0000000000000000        0.0000000000000000     
   138.00000000000000        0.0000000000000000        0.0000000000000000     
   144.00000000000000        0.0000000000000000        0.0000000000000000     
   150.00000000000000        0.0000000000000000        0.0000000000000000     
   156.00000000000000        0.0000000000000000        0.0000000000000000     
   162.00000000000000        0.0000000000000000        0.0000000000000000     
   168.00000000000000        0.0000000000000000        0.0000000000000000     
   174.00000000000000        0.0000000000000000        0.0000000000000000     
   180.00000000000000        0.0000000000000000        0.0000000000000000     
   186.00000000000000        0.0000000000000000        0.0000000000000000     
   192.00000000000000        0.0000000000000000        0.0000000000000000     
   198.00000000000000        0.0000000000000000        0.0000000000000000     
   204.00000000000000        0.0000000000000000        0.0000000000000000     
   210.00000000000000        0.0000000000000000        0.0000000000000000     
   216.00000000000000        0.0000000000000000        0.0000000000000000     
   222.00000000000000        0.0000000000000000        0.0000000000000000     
   228.00000000000000        0.0000000000000000        0.0000000000000000     
   234.00000000000000        0.0000000000000000        0.0000000000000000     
   240.00000000000000        0.0000000000000000        0.0000000000000000     
   246.00000000000000        0.0000000000000000        0.0000000000000000     
   252.00000000000000        0.0000000000000000        0.0000000000000000     
   258.00000000000000        0.0000000000000000        0.0000000000000000     
   264.00000000000000        0.0000000000000000        0.0000000000000000     
   270.00000000000000        0.0000000000000000        0.0000000000000000     
   276.00000000000000        0.0000000000000000        0.0000000000000000     
   282.00000000000000        0.0000000000000000        0.0000000000000000     
   288.00000000000000        0.0000000000000000        0.0000000000000000     
   294.00000000000000        0.0000000000000000        0.0000000000000000     
   300.00000000000000        0.0000000000000000        0.0000000000000000     
