   10.000000000000000        0.0000000000000000        0.0000000000000000     
   20.000000000000000       -9.4398369348947255E-015  -2.0137699186497734E-012
   30.000000000000000        3.4119799183249986E-009   1.9560836910833885E-007
   40.000000000000000        5.4856162550082078E-007   3.1202541371860837E-005
   50.000000000000000        2.0053748708209075E-006   1.0548453367420010E-004
   60.000000000000000        4.8325546050408385E-006   2.3981478993014081E-004
   70.000000000000000        9.0894997621281863E-006   4.0821420903044270E-004
   80.000000000000000        1.3523688170337592E-005   5.7181387530555114E-004
   90.000000000000000        1.7559510542612387E-005   6.8752426980297782E-004
   100.00000000000000        2.0996543110477100E-005   7.7725928294930665E-004
   110.00000000000000        2.3296812432211978E-005   8.1770758682966514E-004
   120.00000000000000        2.4552028079983056E-005   8.0677929606169359E-004
   130.00000000000000        2.5355253385781490E-005   7.9766841857738431E-004
   140.00000000000000        2.4712273728274425E-005   7.5045648884688640E-004
   150.00000000000000        2.4044699433556427E-005   6.9958697015592801E-004
   160.00000000000000        2.1351678294011076E-005   6.1003077031856199E-004
   170.00000000000000        1.8329802763845578E-005   5.1975890144859420E-004
   180.00000000000000        1.4947803629703044E-005   4.0989468597826237E-004
   190.00000000000000        1.1884421884761985E-005   3.3156499918822078E-004
   200.00000000000000        8.9160596684653123E-006   2.4622108766842479E-004
   210.00000000000000        6.4574750897537773E-006   1.8274296493732870E-004
   220.00000000000000        4.4922155364953631E-006   1.3644014160173488E-004
   230.00000000000000        3.1056593512884763E-006   9.5302869007502693E-005
   240.00000000000000        1.9543525888083378E-006   6.9031219186886642E-005
   250.00000000000000        1.1757509034946644E-006   4.7709024170643087E-005
   260.00000000000000        9.2255720423574678E-007   3.2652043384091978E-005
   270.00000000000000        6.0726144658243606E-007   2.3396216379884223E-005
   280.00000000000000        3.6832590253287184E-007   1.6680046500015430E-005
   290.00000000000000        2.5214744057638122E-007   1.0436082935376922E-005
   300.00000000000000        1.1490312654641033E-007   6.9734743583857453E-006
   310.00000000000000        8.0848848036445594E-008   4.6636396246292568E-006
   320.00000000000000        4.8579444421574595E-008   2.7562723084533033E-006
   330.00000000000000        3.9469983032197813E-008   1.9080089217772381E-006
   340.00000000000000        9.7498691489331538E-009   9.6281035746163328E-007
   350.00000000000000        4.6280639546783771E-009   7.7971443239197622E-007
   360.00000000000000        2.9082782940991103E-010   4.0877451935763712E-007
   370.00000000000000        2.9323707825062489E-009   2.5415495460902109E-007
   380.00000000000000       -6.4246391538580277E-010   8.8644910428839852E-008
   390.00000000000000        2.3123453866761961E-009   1.0598985233614979E-007
   400.00000000000000        2.6409717314570438E-009   3.0645568220982998E-008
   410.00000000000000        3.3405521093136638E-010   4.8261905556933472E-008
   420.00000000000000        1.8247601408334840E-009   5.2121307016672417E-008
   430.00000000000000        4.3265725768992980E-009   8.0756489417256277E-008
   440.00000000000000        3.9974626672083888E-009   5.0543670739093772E-008
   450.00000000000000        5.3122468539210586E-009   9.5461326822141920E-008
   460.00000000000000        2.3559720757673295E-009   4.8025004144996512E-008
   470.00000000000000       -1.9550171239063742E-009   4.7636949705485766E-008
   480.00000000000000        2.0831397907800487E-009   1.0391792871816004E-007
   490.00000000000000        2.7959640295759863E-009   4.6091255268359517E-008
   500.00000000000000        9.0677239725596460E-010   7.8431022504068972E-008
   10.000000000000000        6.1345813839675331E-007   2.1959670927914216E-005
   20.000000000000000        6.9795827538562157E-007   2.4775002254665200E-005
   30.000000000000000        7.8741441160622026E-007   2.7791481229720927E-005
   40.000000000000000        1.3538922354896286E-006   5.7892620427941011E-005
   50.000000000000000        2.7211559319246913E-006   1.2598712331132847E-004
   60.000000000000000        5.2910101048752536E-006   2.4677447454102080E-004
   70.000000000000000        9.1138975125875541E-006   3.9733740337284039E-004
   80.000000000000000        1.3085951642343050E-005   5.4341978456973737E-004
   90.000000000000000        1.6699026662488949E-005   6.4705659200149060E-004
   100.00000000000000        1.9775267769087593E-005   7.2748568421541560E-004
   110.00000000000000        2.1840032124146253E-005   7.6415959429703383E-004
   120.00000000000000        2.2973000490685565E-005   7.5521302839060521E-004
   130.00000000000000        2.3695298130277155E-005   7.4743526126683690E-004
   140.00000000000000        2.3131740803413498E-005   7.0569723554343082E-004
   150.00000000000000        2.2533165234782107E-005   6.6031188329586604E-004
   160.00000000000000        2.0139340095773580E-005   5.8047437671444879E-004
   170.00000000000000        1.7443736237913095E-005   4.9962267184601070E-004
   180.00000000000000        1.4419792917311962E-005   4.0118382017628149E-004
   190.00000000000000        1.1665957036991720E-005   3.3018857869394306E-004
   200.00000000000000        8.9869368824468006E-006   2.5276859249104766E-004
   210.00000000000000        6.7493011349892964E-006   1.9439020187292223E-004
   220.00000000000000        4.9403124092605655E-006   1.5098358861904417E-004
   230.00000000000000        3.6368879925417821E-006   1.1203920135781337E-004
   240.00000000000000        2.5386103243635164E-006   8.6148450776566955E-005
   250.00000000000000        1.7681478594936535E-006   6.4639291594118211E-005
   260.00000000000000        1.4614674125191823E-006   4.8717875142237867E-005
   270.00000000000000        1.1030614990928105E-006   3.8018274971540316E-005
   280.00000000000000        8.1600290177228921E-007   2.9706117005064454E-005
   290.00000000000000        6.4212901395630831E-007   2.1990031962800758E-005
   300.00000000000000        4.5565980633371455E-007   1.6921678970940587E-005
   310.00000000000000        3.6644765584959942E-007   1.3080035662598830E-005
   320.00000000000000        2.8554209365165159E-007   9.8093387639819275E-006
   330.00000000000000        2.3179641654402398E-007   7.6848873580202568E-006
   340.00000000000000        1.6653486068859321E-007   5.6809704171553484E-006
   350.00000000000000        1.2919601635222303E-007   4.5399231562512080E-006
   360.00000000000000        9.8341103863363911E-008   3.4084898101215680E-006
   370.00000000000000        7.8827497411947802E-008   2.6222102687666652E-006
   380.00000000000000        5.8381863585036365E-008   1.9595748017560203E-006
   390.00000000000000        4.7522768765579579E-008   1.5690628396080279E-006
   400.00000000000000        3.7502448324950371E-008   1.1870838001463983E-006
   410.00000000000000        2.7662784606440493E-008   9.5785923393029904E-007
   420.00000000000000        2.3087436542507034E-008   7.7127627648744973E-007
   430.00000000000000        2.0843319306072324E-008   6.4828192914969527E-007
   440.00000000000000        1.7164854314945350E-008   5.0528937264910596E-007
   450.00000000000000        1.5690984370256954E-008   4.5243226189025421E-007
   460.00000000000000        1.0996999386604684E-008   3.3654287668000919E-007
   470.00000000000000        5.4933254595278198E-009   2.7605194844323562E-007
   480.00000000000000        7.6135169689710815E-009   2.7620152026114323E-007
   490.00000000000000        7.0253918443360677E-009   1.8461346539647201E-007
   500.00000000000000        4.3322785920367486E-009   1.7965544841193183E-007
