   4.0000000000000000       -3.3380943706448559E-006   2.5772719141699396E-005
   8.0000000000000000       -3.5156007574399294E-006   2.7152807206874016E-005
   12.000000000000000       -3.6949360815047701E-006   2.8548716097383649E-005
   16.000000000000000       -3.8755656062537056E-006   2.9956443035800438E-005
   20.000000000000000       -4.0569318497256640E-006   3.1371806084952512E-005
   24.000000000000000       -4.2487593267002023E-006   3.2828522438557169E-005
   28.000000000000000       -4.4216322646773370E-006   3.4213529559442459E-005
   32.000000000000000       -4.6563106819641521E-006   3.5968268353678260E-005
   36.000000000000000       -5.9009211466857722E-006   4.4745708420001540E-005
   40.000000000000000       -9.4644983675166540E-006   6.9388591295565835E-005
   44.000000000000000       -1.4039179237822044E-005   1.0344833832270319E-004
   48.000000000000000       -1.8988643007489080E-005   1.4019153153979405E-004
   52.000000000000000       -2.4243824571121010E-005   1.8156836717088615E-004
   56.000000000000000       -3.2102009790109260E-005   2.4271458670158244E-004
   60.000000000000000       -4.1227744002161478E-005   3.1060226571099421E-004
   64.000000000000000       -4.9796457922760795E-005   3.8025540486113255E-004
   68.000000000000000       -5.9596150079845459E-005   4.6002630518056869E-004
   72.000000000000000       -7.0276324261058599E-005   5.3449098627579193E-004
   76.000000000000000       -8.1167076479898455E-005   6.2909323927504786E-004
   80.000000000000000       -8.8408041511553876E-005   6.8095449281718203E-004
   84.000000000000000       -9.7809001470881154E-005   7.5338068250692381E-004
   88.000000000000000       -1.0515118294415392E-004   8.0491958006238373E-004
   92.000000000000000       -1.1236843795331561E-004   8.6973546204774995E-004
   96.000000000000000       -1.1734574111525365E-004   9.2239916240296506E-004
   100.00000000000000       -1.1910621182541827E-004   9.3999005331776928E-004
   104.00000000000000       -1.2253095710959986E-004   9.5518946514720998E-004
   108.00000000000000       -1.2386238145820056E-004   9.6952897890963390E-004
   112.00000000000000       -1.2608295341560725E-004   9.8573814324367246E-004
   116.00000000000000       -1.2659882163650201E-004   9.9200549754977375E-004
   120.00000000000000       -1.2585477260556604E-004   9.8362529696781418E-004
   124.00000000000000       -1.2535012455365795E-004   9.7295682678334304E-004
   128.00000000000000       -1.2554702576619370E-004   9.6610913744301112E-004
   132.00000000000000       -1.2508050638208076E-004   9.6246115497399464E-004
   136.00000000000000       -1.2427174218432234E-004   9.5022574577144771E-004
   140.00000000000000       -1.2123402712535318E-004   9.1505435662127385E-004
   144.00000000000000       -1.1729541450809109E-004   8.7722495332344776E-004
   148.00000000000000       -1.1218979546494530E-004   8.4149790993602851E-004
   152.00000000000000       -1.0453353052496590E-004   7.8849382049684866E-004
   156.00000000000000       -9.9274738615287231E-005   7.5724729498286925E-004
   160.00000000000000       -9.2363503210791500E-005   7.0028076846029427E-004
   164.00000000000000       -8.5683905879066908E-005   6.4955799510744484E-004
   168.00000000000000       -7.9219110475636819E-005   6.0032906260979401E-004
   172.00000000000000       -7.0208071339520245E-005   5.4687546770029586E-004
   176.00000000000000       -6.3950251586989681E-005   5.0877338055986326E-004
   180.00000000000000       -5.6623043288990431E-005   4.5524480813387454E-004
   184.00000000000000       -5.1929782911648852E-005   4.1452303517049794E-004
   188.00000000000000       -4.4114381751165786E-005   3.7270884924460316E-004
   192.00000000000000       -3.6541916045032405E-005   3.2357504190984386E-004
   196.00000000000000       -3.0783177843372488E-005   2.9182952461505497E-004
   200.00000000000000       -2.5406552472252737E-005   2.5338122678335019E-004
   204.00000000000000       -2.1225558635608994E-005   2.2534749235326526E-004
   208.00000000000000       -1.7931403442424886E-005   1.9833817036918249E-004
   212.00000000000000       -1.4621693996569357E-005   1.7531793171907418E-004
   216.00000000000000       -1.1628466010541053E-005   1.5217496933523186E-004
   220.00000000000000       -8.4428008201055495E-006   1.3750232589774993E-004
   224.00000000000000       -6.8325118667649299E-006   1.2005638508069113E-004
   228.00000000000000       -4.5926786483278989E-006   1.0587444384456909E-004
   232.00000000000000       -3.5688012914619766E-006   9.1395815048753994E-005
   236.00000000000000       -2.1317226405798964E-006   8.1394052002564839E-005
   240.00000000000000       -1.6526412500640414E-006   7.3451889296967079E-005
   244.00000000000000       -7.5199054246196791E-007   6.5201898600275896E-005
   248.00000000000000       -6.7619189436548837E-007   5.8144204282285177E-005
   252.00000000000000        1.1290094918558170E-008   5.2730493849596855E-005
   256.00000000000000       -4.3585554026024029E-009   4.6950479026157651E-005
   260.00000000000000       -1.1660303025767341E-007   4.2210382219478890E-005
   264.00000000000000        2.2288881312635147E-007   3.8553060880500695E-005
   268.00000000000000       -2.1161083520045483E-008   3.5083597659109475E-005
   272.00000000000000        1.7138589595919995E-007   3.1236043017784962E-005
   276.00000000000000        1.4793654001559248E-007   2.8551973560961552E-005
   280.00000000000000       -1.5489711406762299E-007   2.5894573978900978E-005
   284.00000000000000        1.1104056620435184E-007   2.3630054778474873E-005
   288.00000000000000        4.6471258514915169E-008   2.1677276817342455E-005
   292.00000000000000        3.5017119877288154E-008   1.9493256736750191E-005
   296.00000000000000       -6.0132404641805634E-008   1.7732374836711534E-005
   300.00000000000000        5.6386190765653926E-008   1.6236525712527447E-005
   304.00000000000000       -9.8696865304944951E-008   1.4480261021371918E-005
   308.00000000000000       -3.4471930688508696E-008   1.3166054592772383E-005
   312.00000000000000       -2.9647355609527526E-007   1.1629888555401556E-005
   316.00000000000000       -2.7754689796076402E-007   1.0500003989415277E-005
   320.00000000000000       -1.6567867522629734E-007   9.6927145905346313E-006
   324.00000000000000       -2.4050766033134352E-007   8.5849797235990702E-006
   328.00000000000000       -1.5340561596659278E-007   7.6724935492593098E-006
   332.00000000000000       -1.3462325060133919E-007   6.9386724428346831E-006
   336.00000000000000       -9.4494337598286744E-008   6.3050998847195147E-006
   340.00000000000000       -1.7567240210638455E-007   5.7299490821071843E-006
   344.00000000000000       -2.5395232106123749E-007   5.0677862410414923E-006
   348.00000000000000       -1.8835802570522630E-007   4.6102640396324238E-006
   352.00000000000000       -1.5797955922896971E-007   4.0440283861580750E-006
   356.00000000000000       -1.6966187279219525E-007   3.6543260033033093E-006
   360.00000000000000       -1.4031125643329840E-007   3.3620582707339303E-006
   364.00000000000000       -8.5639142898848496E-008   3.0268791756537846E-006
   368.00000000000000       -1.4835300827756116E-007   2.7677770334108555E-006
   372.00000000000000       -1.2179328555690678E-007   2.4092808133278984E-006
   376.00000000000000       -7.1650240188956884E-008   2.1396440462070878E-006
   380.00000000000000       -8.0923792215725386E-008   1.9042670256113899E-006
   384.00000000000000       -6.7910970278329020E-008   1.7561124233487744E-006
   388.00000000000000       -8.6847007144030352E-008   1.5936508254759915E-006
   392.00000000000000       -5.4215080508232333E-008   1.4343269174338398E-006
   396.00000000000000       -4.5187565274467214E-008   1.2640827081929357E-006
   400.00000000000000       -4.4252582126442787E-008   1.1385920693531775E-006
