   4.0000000000000000        1.8411449411385044E-007   3.3355209817638203E-006
   8.0000000000000000        1.9464329516662521E-007   3.5564368178041002E-006
   12.000000000000000        2.0536279532610385E-007   3.7843690031617397E-006
   16.000000000000000        2.1624620526963858E-007   4.0189316448166327E-006
   20.000000000000000        2.2726507747098897E-007   4.2596921992026241E-006
   24.000000000000000        2.3864440014494729E-007   4.5094703289556680E-006
   28.000000000000000        2.4968792287175661E-007   4.7590170362334737E-006
   32.000000000000000        2.6281100591144853E-007   5.0371575071078323E-006
   36.000000000000000        3.2414993892724140E-007   5.7786560402962752E-006
   40.000000000000000        4.9549244374469439E-007   7.6056087861725482E-006
   44.000000000000000        7.3378995635303048E-007   1.0061841337546988E-005
   48.000000000000000        9.8085047904205586E-007   1.2856865269652691E-005
   52.000000000000000        1.2516004586853379E-006   1.5960925440627691E-005
   56.000000000000000        1.6173233771422221E-006   2.0572274383186167E-005
   60.000000000000000        2.0654026055951183E-006   2.5976641834436588E-005
   64.000000000000000        2.5030029404975582E-006   3.1702501039413310E-005
   68.000000000000000        2.9600622069843465E-006   3.8185847860170935E-005
   72.000000000000000        3.4708785451037044E-006   4.5571558289998170E-005
   76.000000000000000        4.0227058942848665E-006   5.3986006758002979E-005
   80.000000000000000        4.3852659369040402E-006   6.0385033980248091E-005
   84.000000000000000        4.8809067614584113E-006   6.8838341787450590E-005
   88.000000000000000        5.2742266324176138E-006   7.6353441626830936E-005
   92.000000000000000        5.6251125023170702E-006   8.4395145569328219E-005
   96.000000000000000        6.0379961707507405E-006   9.2022756210029201E-005
   100.00000000000000        6.1723723220868020E-006   9.7683421914960156E-005
   104.00000000000000        6.4023051971393689E-006   1.0473067850622047E-004
   108.00000000000000        6.5669037752605080E-006   1.1187672077070871E-004
   112.00000000000000        6.7270825264481735E-006   1.1860735569961787E-004
   116.00000000000000        6.9332886755737554E-006   1.2462764726174985E-004
   120.00000000000000        6.9715271706579169E-006   1.2987548151175619E-004
   124.00000000000000        7.0752449986889982E-006   1.3637085914450076E-004
   128.00000000000000        7.1385579661285067E-006   1.4153784202373753E-004
   132.00000000000000        7.3193931847099716E-006   1.4924020657211361E-004
   136.00000000000000        7.2925785584995705E-006   1.5405496726099316E-004
   140.00000000000000        7.3312241892966205E-006   1.6072390260949199E-004
   144.00000000000000        7.1785527864689986E-006   1.6362773752071142E-004
   148.00000000000000        7.1383726711192391E-006   1.6737004966934133E-004
   152.00000000000000        6.7822668434935877E-006   1.6888350625578376E-004
   156.00000000000000        6.6570412524032572E-006   1.6817296068605831E-004
   160.00000000000000        6.4664773149208852E-006   1.7040511372836052E-004
   164.00000000000000        6.2295547734777314E-006   1.7209473819954180E-004
   168.00000000000000        5.9296475165721207E-006   1.6922604421674089E-004
   172.00000000000000        5.5590073159209247E-006   1.6722655267539322E-004
   176.00000000000000        5.2530442292480025E-006   1.6608776224665383E-004
   180.00000000000000        4.9751072310708438E-006   1.6273181030466980E-004
   184.00000000000000        4.8647474663558735E-006   1.5869248887149888E-004
   188.00000000000000        4.3789008934903053E-006   1.5294277754488505E-004
   192.00000000000000        3.9405763491579645E-006   1.4559124855583982E-004
   196.00000000000000        3.5914424608405154E-006   1.3813716687749200E-004
   200.00000000000000        3.2815532906996406E-006   1.3140922796412883E-004
   204.00000000000000        2.9599550964543326E-006   1.2402465453105872E-004
   208.00000000000000        2.7911971972715981E-006   1.1783870020107985E-004
   212.00000000000000        2.5563429771147733E-006   1.0684787444206530E-004
   216.00000000000000        2.2797536026146916E-006   1.0023791460787721E-004
   220.00000000000000        1.9679182259325318E-006   9.3524302180327874E-005
   224.00000000000000        1.7948695658935433E-006   8.4969290876305172E-005
   228.00000000000000        1.5752672553870082E-006   7.8623898080714568E-005
   232.00000000000000        1.3751594816250473E-006   6.9528542155151084E-005
   236.00000000000000        1.1418761490800999E-006   6.1682457981663955E-005
   240.00000000000000        1.0506667299902616E-006   5.7049056467713239E-005
   244.00000000000000        9.2815325982623471E-007   5.1007663309578624E-005
   248.00000000000000        8.5305500707950768E-007   4.6359803407312555E-005
   252.00000000000000        7.3020609403290648E-007   4.1492357509177991E-005
   256.00000000000000        6.2726628832973395E-007   3.7096702162211213E-005
   260.00000000000000        5.6361481859438193E-007   3.2881819569316342E-005
   264.00000000000000        4.8013852321528396E-007   2.9120003532673556E-005
   268.00000000000000        4.4469152960299829E-007   2.6150168462952130E-005
   272.00000000000000        3.9295873521479370E-007   2.2933335241880797E-005
   276.00000000000000        3.4784043984377889E-007   2.0218052424665241E-005
   280.00000000000000        3.1590186026147863E-007   1.7855870267761305E-005
   284.00000000000000        2.6605604197735789E-007   1.6238216173697405E-005
   288.00000000000000        2.4750818538219424E-007   1.4530260372825852E-005
   292.00000000000000        2.0238060822835524E-007   1.2731083748014392E-005
   296.00000000000000        1.9217391897651925E-007   1.1555348715274688E-005
   300.00000000000000        1.6095872995795305E-007   1.0272857128663316E-005
   304.00000000000000        1.4670432817843904E-007   8.9967571712792851E-006
   308.00000000000000        1.2929175956868131E-007   8.2285176688162554E-006
   312.00000000000000        1.2444871150246917E-007   6.9956154606392466E-006
   316.00000000000000        1.1376284857764820E-007   6.0665896793454302E-006
   320.00000000000000        1.0582168355416185E-007   5.6890365608169461E-006
   324.00000000000000        9.0382952815739031E-008   4.9141033157250513E-006
   328.00000000000000        7.5833233437825308E-008   4.4825073008929926E-006
   332.00000000000000        6.3866852014198619E-008   3.9716028602746149E-006
   336.00000000000000        5.5976739564945332E-008   3.6196740537406965E-006
   340.00000000000000        5.9856770327097751E-008   3.2794146727761665E-006
   344.00000000000000        6.1747772145307547E-008   2.8745936966632539E-006
   348.00000000000000        5.1111684816297754E-008   2.6429688791911057E-006
   352.00000000000000        4.3291008349215613E-008   2.3320492544687032E-006
   356.00000000000000        4.6784728382626300E-008   2.0837719823371247E-006
   360.00000000000000        3.9965049343455389E-008   1.9687599299447135E-006
   364.00000000000000        3.3217843731633317E-008   1.7695307924683917E-006
   368.00000000000000        3.4768000030549683E-008   1.6074479302815028E-006
   372.00000000000000        3.1949248007093693E-008   1.4344512163797626E-006
   376.00000000000000        2.3371629872688344E-008   1.2744354727722621E-006
   380.00000000000000        2.0285919533066541E-008   1.1262536065898756E-006
   384.00000000000000        2.1523860408385044E-008   1.0566380029262059E-006
   388.00000000000000        2.1581790578007432E-008   9.6534891567971554E-007
   392.00000000000000        1.6437577439319682E-008   8.6658498999147659E-007
   396.00000000000000        1.2809883475035316E-008   7.5694290881082326E-007
   400.00000000000000        1.2655437029957047E-008   6.8379561488984908E-007
