   10.000000000000000        0.0000000000000000        0.0000000000000000     
   20.000000000000000       -1.2866480346791041E-013  -1.7955697901713043E-012
   30.000000000000000       -2.3103997369326573E-008  -5.8393503061471011E-009
   40.000000000000000       -3.5946835294543836E-006  -9.2375475771873366E-007
   50.000000000000000       -1.0946360689982618E-005   4.0929364074633826E-007
   60.000000000000000       -2.2060733207794608E-005   6.9827600039333585E-006
   70.000000000000000       -3.4922470659428296E-005   2.6669557323142489E-005
   80.000000000000000       -4.6383026151345446E-005   5.5526290597764713E-005
   90.000000000000000       -5.5319505947241409E-005   9.5389217582418924E-005
   100.00000000000000       -6.1059450328701900E-005   1.3780835794862170E-004
   110.00000000000000       -6.5680770762287837E-005   1.8319383683383457E-004
   120.00000000000000       -6.6369072970566643E-005   2.2427417859785913E-004
   130.00000000000000       -6.6706945810830745E-005   2.6454921848609005E-004
   140.00000000000000       -6.4466987031452030E-005   2.9244686594795567E-004
   150.00000000000000       -6.1035488782482737E-005   3.2157373816479255E-004
   160.00000000000000       -5.5707048470988000E-005   3.2871212941687115E-004
   170.00000000000000       -4.7333393473139795E-005   3.1449274674222636E-004
   180.00000000000000       -3.6388092041529256E-005   2.9100820452489479E-004
   190.00000000000000       -2.5367063276599458E-005   2.6495935534908598E-004
   200.00000000000000       -1.8044100999074893E-005   2.2156006724885339E-004
   210.00000000000000       -7.9729725205359643E-006   1.7974137205533486E-004
   220.00000000000000       -2.4466974709330734E-006   1.4206395225319464E-004
   230.00000000000000        3.5361529690545471E-007   1.0496903474628857E-004
   240.00000000000000        2.5458067299397691E-006   7.8932522788903540E-005
   250.00000000000000        4.2108826881256163E-006   5.5507860636196812E-005
   260.00000000000000        2.3458878598644153E-006   3.9009128547875210E-005
   270.00000000000000        3.0623627944301009E-006   2.7809363020622644E-005
   280.00000000000000        2.6017068532875196E-006   1.9609128264315864E-005
   290.00000000000000        1.9469641429944954E-006   1.2102382835949427E-005
   300.00000000000000        1.6867423079207557E-006   8.0567446818229121E-006
   310.00000000000000        1.2051675500909518E-006   5.3065574593682333E-006
   320.00000000000000        7.2203412198384415E-007   3.2200968121627516E-006
   330.00000000000000        4.9833332191442195E-007   2.1608771706235402E-006
   340.00000000000000        3.1543280134493215E-007   1.0314694303094544E-006
   350.00000000000000        1.7381859051286018E-007   9.0290328145875761E-007
   360.00000000000000        1.5677070642480215E-007   5.1274687806094242E-007
   370.00000000000000        1.0001324979782182E-007   3.0586194282515072E-007
   380.00000000000000        4.4693474385788065E-008   1.2685622215970393E-007
   390.00000000000000        3.9442232252844766E-008   1.7943640318464768E-007
   400.00000000000000       -2.2682653344909421E-008   5.7288006512203336E-008
   410.00000000000000        4.8513668772210352E-009   9.1387252843658299E-008
   420.00000000000000        2.2907799715355774E-008   1.1398239230511215E-007
   430.00000000000000        5.5593501097018457E-008   1.4769509495751974E-007
   440.00000000000000        1.9685452219622404E-008   8.8062537906976119E-008
   450.00000000000000       -1.3714301034996185E-008   1.5787763248254241E-007
   460.00000000000000       -1.5721143023857270E-008   8.0259439126540087E-008
   470.00000000000000        3.2986715833461317E-008   8.4773564290827606E-008
   480.00000000000000        4.5423748361287097E-008   1.4225899012379036E-007
   490.00000000000000        2.3132626105919339E-008   7.9090638916575305E-008
   500.00000000000000        5.2770083151514334E-008   1.0602249330487082E-007
   10.000000000000000       -1.8352803543589034E-006   5.3488393507283562E-006
   20.000000000000000       -2.0679904999601952E-006   6.2848235926354581E-006
   30.000000000000000       -2.3223774789556266E-006   7.2818947647330534E-006
   40.000000000000000       -5.6956031237152691E-006   7.5290519517022957E-006
   50.000000000000000       -1.2386438772663291E-005   9.7929896458226516E-006
   60.000000000000000       -2.2374473993153283E-005   1.6685186214365474E-005
   70.000000000000000       -3.3881435472669694E-005   3.5112085521919995E-005
   80.000000000000000       -4.4132221200461279E-005   6.1581634220367107E-005
   90.000000000000000       -5.2134550587303362E-005   9.7686599261046574E-005
   100.00000000000000       -5.7293092276572954E-005   1.3596899155165245E-004
   110.00000000000000       -6.1433307602046000E-005   1.7676764287217944E-004
   120.00000000000000       -6.2076795107146864E-005   2.1366397742720285E-004
   130.00000000000000       -6.2374777487858975E-005   2.4971939325883080E-004
   140.00000000000000       -6.0367269579051559E-005   2.7473653443996253E-004
   150.00000000000000       -5.7274952997764437E-005   3.0067623873016969E-004
   160.00000000000000       -5.2478991086909577E-005   3.0710170130303924E-004
   170.00000000000000       -4.4971755857981138E-005   2.9456448925034730E-004
   180.00000000000000       -3.5173457309337551E-005   2.7370581747488537E-004
   190.00000000000000       -2.5284420734531847E-005   2.5042701626205806E-004
   200.00000000000000       -1.8629871269273675E-005   2.1172719334847670E-004
   210.00000000000000       -9.5427998305631981E-006   1.7427682324460875E-004
   220.00000000000000       -4.4454753768350556E-006   1.4034542004732993E-004
   230.00000000000000       -1.7426050335175077E-006   1.0682066100548777E-004
   240.00000000000000        4.2434138703174616E-007   8.2941251475041722E-005
   250.00000000000000        2.1220381127906404E-006   6.1297308461160863E-005
   260.00000000000000        7.0407615254134030E-007   4.5707446193365033E-005
   270.00000000000000        1.5444547903046353E-006   3.4762477951665235E-005
   280.00000000000000        1.3331431790465691E-006   2.6460504726659624E-005
   290.00000000000000        9.3299113241138021E-007   1.8792170216173153E-005
   300.00000000000000        8.6052537347301696E-007   1.4210226719053939E-005
   310.00000000000000        5.7317952582534025E-007   1.0824039311290575E-005
   320.00000000000000        2.6437212355326059E-007   8.0897578960790728E-006
   330.00000000000000        1.6438666353305411E-007   6.3361556787447003E-006
   340.00000000000000        8.2015344141854792E-008   4.6034087463916587E-006
   350.00000000000000        1.9277098240589709E-008   3.8366875088538008E-006
   360.00000000000000        5.1354812225931631E-008   2.9251392772953691E-006
   370.00000000000000        3.5806899653197949E-008   2.2576394746226014E-006
   380.00000000000000        1.1030153731979141E-008   1.6927689472802074E-006
   390.00000000000000        2.1991095135636242E-008   1.4033799215169926E-006
   400.00000000000000       -2.3370582953715960E-008   1.0243231752001833E-006
   410.00000000000000        5.6756161473720752E-009   8.3843161096879731E-007
   420.00000000000000        2.3395793595915200E-008   6.8944534118281190E-007
   430.00000000000000        5.2177759555027568E-008   5.8885541669970368E-007
   440.00000000000000        1.9679124949854217E-008   4.3694607612370081E-007
   450.00000000000000       -1.0904312797291654E-008   4.2284512981329194E-007
   460.00000000000000       -1.3736814557380516E-008   2.9704498993335742E-007
   470.00000000000000        2.8408278352382178E-008   2.5674876326436653E-007
   480.00000000000000        3.9076029648901119E-008   2.7256442247187533E-007
   490.00000000000000        1.9591878192552511E-008   1.8899846649049450E-007
   500.00000000000000        4.6096043977635748E-008   1.8960555468541587E-007
