   10.000000000000000        0.0000000000000000        0.0000000000000000     
   20.000000000000000        6.4413791168010314E-014  -1.1690678888078069E-012
   30.000000000000000        2.4531244856066074E-009  -3.8208260531387467E-009
   40.000000000000000        3.9768018685607146E-007  -5.8270672507403384E-007
   50.000000000000000        1.2429100448409466E-006   4.8578367509727119E-007
   60.000000000000000        2.5343334168784902E-006   5.2145424159987882E-006
   70.000000000000000        4.0082559096090881E-006   1.8923660502675975E-005
   80.000000000000000        5.3418014697912876E-006   3.8738609411214330E-005
   90.000000000000000        6.2986945865866110E-006   6.5751601331890032E-005
   100.00000000000000        6.9612861733508041E-006   9.3943817976967456E-005
   110.00000000000000        7.4931205369814760E-006   1.2368604483774964E-004
   120.00000000000000        7.4775123719622083E-006   1.4976088387981946E-004
   130.00000000000000        7.6093402196712071E-006   1.7500661132742148E-004
   140.00000000000000        7.3474963013354907E-006   1.9162701065613650E-004
   150.00000000000000        7.0631264011184352E-006   2.0892924102851909E-004
   160.00000000000000        6.4951254165005623E-006   2.1206288565214239E-004
   170.00000000000000        5.8832989700044168E-006   2.0143970679947182E-004
   180.00000000000000        4.8137389554086757E-006   1.8487986378054608E-004
   190.00000000000000        3.8160366344435370E-006   1.6724489137630720E-004
   200.00000000000000        3.0117738923380291E-006   1.3907860244792165E-004
   210.00000000000000        2.1018693465572720E-006   1.1205123427474571E-004
   220.00000000000000        1.4008333026728111E-006   8.8211545971561255E-005
   230.00000000000000        1.0032999091136165E-006   6.4854513138386328E-005
   240.00000000000000        5.0487705038686398E-007   4.8686225077838604E-005
   250.00000000000000        2.2740929275683116E-007   3.4073177104287023E-005
   260.00000000000000        2.4361366856071163E-007   2.3882558304831175E-005
   270.00000000000000        9.8992697220964894E-008   1.6983898311118911E-005
   280.00000000000000        4.5896034375322443E-008   1.1987703610174089E-005
   290.00000000000000        2.6780696879100595E-008   7.3733051269835284E-006
   300.00000000000000       -3.1562793158342775E-009   4.9140663230316113E-006
   310.00000000000000       -9.3796095595703034E-009   3.2513267606962744E-006
   320.00000000000000        1.7072222839141767E-009   1.9554911432393066E-006
   330.00000000000000        2.8036449317947998E-009   1.3195484725554553E-006
   340.00000000000000       -9.1861603997936120E-009   6.3578365463013567E-007
   350.00000000000000       -1.5102480319409158E-009   5.5975263182947674E-007
   360.00000000000000        4.9765607237576507E-010   3.0701240535036701E-007
   370.00000000000000        1.8805490161257568E-009   1.8737138124253930E-007
   380.00000000000000        3.5138674508186892E-009   7.6731451153966551E-008
   390.00000000000000        8.2054296086516385E-009   1.0464059427800527E-007
   400.00000000000000        2.8833440252043646E-009   3.3840291834938409E-008
   410.00000000000000        5.1283909273627180E-009   5.2871186656313113E-008
   420.00000000000000        7.2319993775624187E-009   6.1094627564146709E-008
   430.00000000000000        8.0876453160395123E-009   7.7205505243486292E-008
   440.00000000000000        5.2448180118550465E-009   4.7828453097554901E-008
   450.00000000000000        7.8431728560985355E-009   9.2598658206029883E-008
   460.00000000000000        4.4566647650375964E-009   4.7765798461219327E-008
   470.00000000000000        2.5116618558765530E-009   4.8461170391307114E-008
   480.00000000000000        4.0585624712664765E-009   8.2253838311798887E-008
   490.00000000000000        4.7233826810286589E-009   4.2176562093068500E-008
   500.00000000000000        2.1976424577858092E-009   5.9192669567803596E-008
   10.000000000000000        2.1275363737430024E-007   3.5430808526307151E-006
   20.000000000000000        2.4039031656166795E-007   4.1550737495927153E-006
   30.000000000000000        2.7058312259504242E-007   4.8053363047494759E-006
   40.000000000000000        6.4624229005912178E-007   4.9821420424781433E-006
   50.000000000000000        1.4171578454598587E-006   6.6301093625789599E-006
   60.000000000000000        2.5793967232631684E-006   1.1507916402082467E-005
   70.000000000000000        3.9003569840052963E-006   2.4283013852418728E-005
   80.000000000000000        5.0953855643948022E-006   4.2411614828904318E-005
   90.000000000000000        5.9560708376521548E-006   6.6839888539392496E-005
   100.00000000000000        6.5544196730336424E-006   9.2257153508172192E-005
   110.00000000000000        7.0339572397793850E-006   1.1897554109079734E-004
   120.00000000000000        7.0277567914065262E-006   1.4239127165554776E-004
   130.00000000000000        7.1470536682497170E-006   1.6499030302277869E-004
   140.00000000000000        6.9156504964975884E-006   1.7990332630147838E-004
   150.00000000000000        6.6601490322248144E-006   1.9531256752655979E-004
   160.00000000000000        6.1509444956349986E-006   1.9814667408643653E-004
   170.00000000000000        5.5992853170041656E-006   1.8876618932451872E-004
   180.00000000000000        4.6413137050319001E-006   1.7405309772751556E-004
   190.00000000000000        3.7434354910106473E-006   1.5828887190571852E-004
   200.00000000000000        3.0131166702444297E-006   1.3315949249758960E-004
   210.00000000000000        2.1877317461076295E-006   1.0894238949591533E-004
   220.00000000000000        1.5445823576609223E-006   8.7451135392204352E-005
   230.00000000000000        1.1675123326563007E-006   6.6318113508658403E-005
   240.00000000000000        7.0126539254278506E-007   5.1457711964370128E-005
   250.00000000000000        4.2957201875839716E-007   3.7927464651490730E-005
   260.00000000000000        4.1691364751952595E-007   2.8264856741048726E-005
   270.00000000000000        2.6382122106665559E-007   2.1489581848212979E-005
   280.00000000000000        1.9271120969894925E-007   1.6392702763146577E-005
   290.00000000000000        1.5325218109257884E-007   1.1648739713088391E-005
   300.00000000000000        1.0624410603324616E-007   8.8291596405120029E-006
   310.00000000000000        8.2217193029355991E-008   6.7478460053238359E-006
   320.00000000000000        7.5603028209508611E-008   5.0342559681933105E-006
   330.00000000000000        6.2374535986075756E-008   3.9516439323690964E-006
   340.00000000000000        3.9738754286579771E-008   2.8807370183313691E-006
   350.00000000000000        3.6391220181693453E-008   2.3998606750799288E-006
   360.00000000000000        2.9875301902521448E-008   1.8184952412519642E-006
   370.00000000000000        2.4431743798667701E-008   1.4073596083608600E-006
   380.00000000000000        2.0615150074674290E-008   1.0540425498131348E-006
   390.00000000000000        2.0672517971174782E-008   8.6826272028297760E-007
   400.00000000000000        1.2884381106862635E-008   6.3622860647234236E-007
   410.00000000000000        1.2520707808325612E-008   5.1836602259263907E-007
   420.00000000000000        1.2625517087356333E-008   4.2052889451403479E-007
   430.00000000000000        1.2080843414500410E-008   3.5377314495870502E-007
   440.00000000000000        8.6131815728866647E-009   2.6617403552980262E-007
   450.00000000000000        1.0170325393300714E-008   2.5864112974770130E-007
   460.00000000000000        6.6253202966459209E-009   1.8340895226125131E-007
   470.00000000000000        4.4601817960013890E-009   1.5640211280265523E-007
   480.00000000000000        5.4413821519818478E-009   1.6437746291657520E-007
   490.00000000000000        5.6976481942440831E-009   1.1154716739336227E-007
   500.00000000000000        3.1861197390440760E-009   1.1199614766742842E-007
