   4.0000000000000000       -3.4348450135943972E-006   3.2163669347586618E-005
   8.0000000000000000       -3.6224830217593754E-006   3.3917012515925051E-005
   12.000000000000000       -3.8125332379837937E-006   3.5694088477565851E-005
   16.000000000000000       -4.0044568703552685E-006   3.7490038213972936E-005
   20.000000000000000       -4.1976892514939097E-006   3.9299761395119158E-005
   24.000000000000000       -4.4041649511684940E-006   4.1165209977608058E-005
   28.000000000000000       -4.5882831638164337E-006   4.2945452953000604E-005
   32.000000000000000       -4.8324675190357688E-006   4.5189459008591062E-005
   36.000000000000000       -5.8853734965613770E-006   5.6105476698941719E-005
   40.000000000000000       -8.8252146229338366E-006   8.6611124464194554E-005
   44.000000000000000       -1.2579582772865090E-005   1.2859184764775722E-004
   48.000000000000000       -1.7097552070052206E-005   1.7374629270387040E-004
   52.000000000000000       -2.1915466473809035E-005   2.2464413694835204E-004
   56.000000000000000       -2.9644536336277043E-005   2.9931448668862084E-004
   60.000000000000000       -3.8727522875308227E-005   3.8249253547223774E-004
   64.000000000000000       -4.7074575169445861E-005   4.6744798075922824E-004
   68.000000000000000       -5.7170561644253671E-005   5.6512191367720998E-004
   72.000000000000000       -6.8476585062085136E-005   6.5540881595201397E-004
   76.000000000000000       -8.0323580749002771E-005   7.7067937736958895E-004
   80.000000000000000       -8.8042733196602561E-005   8.3385428775827259E-004
   84.000000000000000       -9.8791385407470474E-005   9.2214234340713274E-004
   88.000000000000000       -1.0687927192369617E-004   9.8591299869151558E-004
   92.000000000000000       -1.1527636094248148E-004   1.0652464644703475E-003
   96.000000000000000       -1.2000780651028276E-004   1.1292894182653918E-003
   100.00000000000000       -1.2281364729348104E-004   1.1517064764971813E-003
   104.00000000000000       -1.2617898469781169E-004   1.1729235408071740E-003
   108.00000000000000       -1.2917005936809823E-004   1.1919717509051805E-003
   112.00000000000000       -1.3200544722385201E-004   1.2126285031645041E-003
   116.00000000000000       -1.3269436064744595E-004   1.2226180333239024E-003
   120.00000000000000       -1.3285009443640521E-004   1.2169835865201816E-003
   124.00000000000000       -1.3337392644887299E-004   1.2068738306440225E-003
   128.00000000000000       -1.3364866201196781E-004   1.2023784771231637E-003
   132.00000000000000       -1.3372480363174749E-004   1.2044019785700133E-003
   136.00000000000000       -1.3320825501913084E-004   1.1934823392489658E-003
   140.00000000000000       -1.3069254465097619E-004   1.1584766081208816E-003
   144.00000000000000       -1.2758979746075799E-004   1.1226665720293560E-003
   148.00000000000000       -1.2163279520555348E-004   1.0841293195826877E-003
   152.00000000000000       -1.1422576322142299E-004   1.0280869578446900E-003
   156.00000000000000       -1.0852352171076601E-004   9.9333389527894115E-004
   160.00000000000000       -1.0134704418420353E-004   9.3306185813882953E-004
   164.00000000000000       -9.4974123080331926E-005   8.8010113932182837E-004
   168.00000000000000       -8.8252051314507054E-005   8.2358498710477979E-004
   172.00000000000000       -7.9478693648822084E-005   7.6470911329611752E-004
   176.00000000000000       -7.3004192805840393E-005   7.2297182590579827E-004
   180.00000000000000       -6.6442347432386204E-005   6.6048115489136154E-004
   184.00000000000000       -6.2156351373309876E-005   6.1142777142862204E-004
   188.00000000000000       -5.3469049739644369E-005   5.5978474699032010E-004
   192.00000000000000       -4.6058941243068186E-005   5.0043111327975826E-004
   196.00000000000000       -4.0318734970794839E-005   4.5756201467740616E-004
   200.00000000000000       -3.5280302416617702E-005   4.1044272001997893E-004
   204.00000000000000       -3.0500699797102884E-005   3.7109925668713753E-004
   208.00000000000000       -2.7017682203589378E-005   3.3482681785058964E-004
   212.00000000000000       -2.3101317138519758E-005   2.9845707123478003E-004
   216.00000000000000       -2.0457430140501536E-005   2.6636457460411667E-004
   220.00000000000000       -1.6868756708719555E-005   2.4353871959087214E-004
   224.00000000000000       -1.4715244263968504E-005   2.1557080991839927E-004
   228.00000000000000       -1.2321799942871661E-005   1.9392255006895384E-004
   232.00000000000000       -1.0637785733036301E-005   1.6916857883574602E-004
   236.00000000000000       -8.8617048679647826E-006   1.4957432499351092E-004
   240.00000000000000       -7.9554464276714253E-006   1.3616443589894225E-004
   244.00000000000000       -6.8235362464424624E-006   1.2108363654698623E-004
   248.00000000000000       -6.2776424395622047E-006   1.0863878875210008E-004
   252.00000000000000       -5.3957557818202401E-006   9.7230499051091429E-005
   256.00000000000000       -4.8231747512744652E-006   8.6779119099562925E-005
   260.00000000000000       -4.4151982363352070E-006   7.8080878562607388E-005
   264.00000000000000       -3.8035176065396652E-006   6.9577407058792070E-005
   268.00000000000000       -3.5448381365228237E-006   6.2717930969187431E-005
   272.00000000000000       -3.1110139482585409E-006   5.5784874285275937E-005
   276.00000000000000       -2.7169224995005513E-006   5.0047811177995601E-005
   280.00000000000000       -2.6748545962920138E-006   4.4785574354386790E-005
   284.00000000000000       -2.2760792608397813E-006   4.0822309512902148E-005
   288.00000000000000       -2.2127749525621144E-006   3.6846295189898227E-005
   292.00000000000000       -1.9163234547801651E-006   3.2872195306698439E-005
   296.00000000000000       -1.7628367298681273E-006   2.9916721425984269E-005
   300.00000000000000       -1.5509895887789090E-006   2.6937808066903883E-005
   304.00000000000000       -1.4173055496697230E-006   2.4071709764398859E-005
   308.00000000000000       -1.3051938626260319E-006   2.1944117118116941E-005
   312.00000000000000       -1.2852845463096421E-006   1.9159360733525954E-005
   316.00000000000000       -1.1787773656529248E-006   1.6987918290157441E-005
   320.00000000000000       -1.0293279258785256E-006   1.5731450851105075E-005
   324.00000000000000       -9.1073380040780996E-007   1.3877484111408119E-005
   328.00000000000000       -8.1986151359090704E-007   1.2608667114965142E-005
   332.00000000000000       -7.0457996210733299E-007   1.1285413066756751E-005
   336.00000000000000       -6.4561146484327687E-007   1.0238434841439795E-005
   340.00000000000000       -6.2620452553054198E-007   9.2455844372318323E-006
   344.00000000000000       -5.9724102843058871E-007   8.1982457655496876E-006
   348.00000000000000       -5.1014443025166568E-007   7.4572894428343581E-006
   352.00000000000000       -4.5961294020333073E-007   6.6102813981361179E-006
   356.00000000000000       -4.1260952317084173E-007   5.9198994675768757E-006
   360.00000000000000       -3.8874577248502853E-007   5.4631731126303360E-006
   364.00000000000000       -3.1203690067221060E-007   4.9154534888588038E-006
   368.00000000000000       -3.2671223105232227E-007   4.4265770978929577E-006
   372.00000000000000       -2.9144260253328658E-007   3.9413014631441902E-006
   376.00000000000000       -2.3324570982150729E-007   3.5104685304611303E-006
   380.00000000000000       -2.1279468919548817E-007   3.1115728541793567E-006
   384.00000000000000       -1.9734014303545506E-007   2.8713986418315596E-006
   388.00000000000000       -1.9272256548345071E-007   2.6108739207136228E-006
   392.00000000000000       -1.5802273584069953E-007   2.3538294172164395E-006
   396.00000000000000       -1.2877281990307917E-007   2.0817306415251803E-006
   400.00000000000000       -1.2664851090900961E-007   1.8743927073797714E-006
