   4.0000000000000000        5.1096060259934546E-007   1.6111994614140420E-005
   8.0000000000000000        5.3969586802926683E-007   1.6963160439055707E-005
   12.000000000000000        5.6888171127098734E-007   1.7823041236403583E-005
   16.000000000000000        5.9843982339119666E-007   1.8689121509749054E-005
   20.000000000000000        6.2828758367782958E-007   1.9558780103452063E-005
   24.000000000000000        6.5940887775442811E-007   2.0453675745613659E-005
   28.000000000000000        6.8871312376034201E-007   2.1301554858897341E-005
   32.000000000000000        7.2464888641592516E-007   2.2396658492993118E-005
   36.000000000000000        8.7777469928850991E-007   2.8120832639062761E-005
   40.000000000000000        1.3162842236489410E-006   4.4260101123381234E-005
   44.000000000000000        1.9046635737369069E-006   6.6424047556809984E-005
   48.000000000000000        2.5367580943181882E-006   9.0298643553219987E-005
   52.000000000000000        3.2429297277178230E-006   1.1708687695764467E-004
   56.000000000000000        4.2807899241429995E-006   1.5670286893026738E-004
   60.000000000000000        5.4881921066603395E-006   2.0079033850863831E-004
   64.000000000000000        6.6828665932134161E-006   2.4533533582199430E-004
   68.000000000000000        8.0562970751464536E-006   2.9660007718588610E-004
   72.000000000000000        9.5226777318414740E-006   3.4373026422196363E-004
   76.000000000000000        1.1158928671496916E-005   4.0370625184488705E-004
   80.000000000000000        1.2289186870390942E-005   4.3566332666268354E-004
   84.000000000000000        1.3747553100674823E-005   4.8070869532434145E-004
   88.000000000000000        1.4958853038619656E-005   5.1178232111586167E-004
   92.000000000000000        1.6206239297621070E-005   5.5172724960989732E-004
   96.000000000000000        1.7330538155772740E-005   5.8314965052799295E-004
   100.00000000000000        1.7817141201064434E-005   5.9199195053582935E-004
   104.00000000000000        1.8541025876239567E-005   5.9925741525540847E-004
   108.00000000000000        1.9020183860643833E-005   6.0551053115991973E-004
   112.00000000000000        1.9634565853921413E-005   6.1318082952644738E-004
   116.00000000000000        2.0062115339128936E-005   6.1529458375845396E-004
   120.00000000000000        2.0141632073891456E-005   6.0774365805827692E-004
   124.00000000000000        2.0349491657479911E-005   5.9844779653127464E-004
   128.00000000000000        2.0496201660076714E-005   5.9266379749075779E-004
   132.00000000000000        2.0719447971752666E-005   5.8793202901324753E-004
   136.00000000000000        2.0624260135076577E-005   5.7963346168010720E-004
   140.00000000000000        2.0495453578128425E-005   5.5467100246199108E-004
   144.00000000000000        1.9818498497341004E-005   5.3036131642242692E-004
   148.00000000000000        1.9292463357711349E-005   5.0637810342396854E-004
   152.00000000000000        1.8355939305512131E-005   4.7220101680231155E-004
   156.00000000000000        1.7645515660904091E-005   4.5271070361456721E-004
   160.00000000000000        1.6730119294594884E-005   4.1591034448630045E-004
   164.00000000000000        1.5919370950977893E-005   3.8316131640088376E-004
   168.00000000000000        1.4908028014637024E-005   3.5275779888640916E-004
   172.00000000000000        1.3712353199747329E-005   3.1926909953217190E-004
   176.00000000000000        1.2814183172079590E-005   2.9514430302444403E-004
   180.00000000000000        1.1758353922636932E-005   2.6257912815458236E-004
   184.00000000000000        1.1034540463953629E-005   2.3800572329146791E-004
   188.00000000000000        9.8636738115189119E-006   2.1266330430044295E-004
   192.00000000000000        8.7005865079736657E-006   1.8283570845784716E-004
   196.00000000000000        7.7668438331248653E-006   1.6428290032290382E-004
   200.00000000000000        6.8214880124382760E-006   1.4128530153144670E-004
   204.00000000000000        6.1184880253075162E-006   1.2502236530487988E-004
   208.00000000000000        5.4985753542816168E-006   1.0926392310386185E-004
   212.00000000000000        4.8247538362158797E-006   9.6323561741613355E-005
   216.00000000000000        4.2256077460974975E-006   8.3322629262826240E-005
   220.00000000000000        3.6392964674089818E-006   7.4948575036278280E-005
   224.00000000000000        3.2090030001416976E-006   6.5202652749780568E-005
   228.00000000000000        2.7647069829999581E-006   5.7274260300755289E-005
   232.00000000000000        2.3625782711810534E-006   4.9586636517073542E-005
   236.00000000000000        2.0197490589599278E-006   4.4349860104984819E-005
   240.00000000000000        1.8264765039142855E-006   3.9991207429838785E-005
   244.00000000000000        1.5774527153334466E-006   3.5713613062635110E-005
   248.00000000000000        1.4157476553068072E-006   3.1899009919429516E-005
   252.00000000000000        1.2103530485898545E-006   2.8947679956919511E-005
   256.00000000000000        1.0417367695784286E-006   2.6020624431522661E-005
   260.00000000000000        9.1637164666688416E-007   2.3394824440677823E-005
   264.00000000000000        8.4023870238733145E-007   2.1553015973240744E-005
   268.00000000000000        7.6181058602568270E-007   1.9690133439090055E-005
   272.00000000000000        6.5120125037901240E-007   1.7610979129113416E-005
   276.00000000000000        5.9720859873309085E-007   1.6133415774496798E-005
   280.00000000000000        5.4767621833657297E-007   1.4732444329574589E-005
   284.00000000000000        4.6643049692178575E-007   1.3427898658128955E-005
   288.00000000000000        4.3641444958690147E-007   1.2412661583543363E-005
   292.00000000000000        3.7976965758535609E-007   1.1191710995089010E-005
   296.00000000000000        3.5471293051901596E-007   1.0199752578135002E-005
   300.00000000000000        3.1548266619722987E-007   9.2963709807466992E-006
   304.00000000000000        2.7907009020103282E-007   8.3270782436674741E-006
   308.00000000000000        2.5360122270776430E-007   7.5998118932759196E-006
   312.00000000000000        2.3081308122429538E-007   6.7498126376543441E-006
   316.00000000000000        2.1720789603330842E-007   6.0500824179204529E-006
   320.00000000000000        2.0456949074598791E-007   5.5859938090961038E-006
   324.00000000000000        1.8374876816403531E-007   4.9464735775007000E-006
   328.00000000000000        1.5012276095802521E-007   4.4139570994759757E-006
   332.00000000000000        1.3561185837697638E-007   3.9867430544720328E-006
   336.00000000000000        1.1991572412251652E-007   3.6266986324067482E-006
   340.00000000000000        1.1997655252932524E-007   3.2790815362228252E-006
   344.00000000000000        1.1953309898574076E-007   2.8926294302232896E-006
   348.00000000000000        1.0494690826734536E-007   2.6307568376544904E-006
   352.00000000000000        8.9177134354231642E-008   2.3027040048244537E-006
   356.00000000000000        9.4468050277521840E-008   2.0788434348456372E-006
   360.00000000000000        7.7031303178243311E-008   1.9049809288079560E-006
   364.00000000000000        6.8930125023652283E-008   1.7084653603087778E-006
   368.00000000000000        7.1545709495044158E-008   1.5583828815333273E-006
   372.00000000000000        6.1017928080142315E-008   1.3654374688254540E-006
   376.00000000000000        4.7957941019909922E-008   1.2079715205968816E-006
   380.00000000000000        4.2915431626738815E-008   1.0748093195244107E-006
   384.00000000000000        4.2654704658021521E-008   9.8971691479072577E-007
   388.00000000000000        4.0879134745666074E-008   8.9899365339496781E-007
   392.00000000000000        3.5174960019342781E-008   8.0411180374953108E-007
   396.00000000000000        2.8555619823386949E-008   7.1309744681446141E-007
   400.00000000000000        2.5978986474865440E-008   6.4441834345364784E-007
