   4.0000000000000000       -3.3544310902706935E-006   3.1729216125119280E-005
   8.0000000000000000       -3.5309347436301598E-006   3.3482884285816659E-005
   12.000000000000000       -3.7090523885377489E-006   3.5262024904033021E-005
   16.000000000000000       -3.8882401069718338E-006   3.7061826038752072E-005
   20.000000000000000       -4.0679321352597459E-006   3.8877224778396993E-005
   24.000000000000000       -4.2613211532435391E-006   4.0744865425070191E-005
   28.000000000000000       -4.4287635924651862E-006   4.2540554925865143E-005
   32.000000000000000       -4.6676165694666578E-006   4.4749547761948675E-005
   36.000000000000000       -5.9507950235630102E-006   5.4728702944229750E-005
   40.000000000000000       -9.6176010916156073E-006   8.2229464632260172E-005
   44.000000000000000       -1.4174677961136985E-005   1.2053810397945163E-004
   48.000000000000000       -1.9245729084180838E-005   1.6245002145612438E-004
   52.000000000000000       -2.4565077402275805E-005   2.0968477883655579E-004
   56.000000000000000       -3.2813174977372563E-005   2.8004516220434694E-004
   60.000000000000000       -4.2111701354294415E-005   3.5925944217272678E-004
   64.000000000000000       -5.0678887265716436E-005   4.4013244105514296E-004
   68.000000000000000       -6.0790384669148320E-005   5.3386129501784485E-004
   72.000000000000000       -7.1634944865013554E-005   6.2265935852172112E-004
   76.000000000000000       -8.3163762793629181E-005   7.3514910502652073E-004
   80.000000000000000       -9.0081265434105746E-005   7.9981387430970387E-004
   84.000000000000000       -9.9988155793336001E-005   8.8886381201501658E-004
   88.000000000000000       -1.0731811849084835E-004   9.5514103056781137E-004
   92.000000000000000       -1.1481604867314351E-004   1.0360559936942017E-003
   96.000000000000000       -1.1858855486134053E-004   1.1037381144604862E-003
   100.00000000000000       -1.2051046441036208E-004   1.1310584877477305E-003
   104.00000000000000       -1.2284505907405726E-004   1.1582550883005131E-003
   108.00000000000000       -1.2496437732779729E-004   1.1816948726348054E-003
   112.00000000000000       -1.2695491065180435E-004   1.2082298436036322E-003
   116.00000000000000       -1.2663888829081950E-004   1.2251274749252579E-003
   120.00000000000000       -1.2604671684280746E-004   1.2232735914777223E-003
   124.00000000000000       -1.2600459994646150E-004   1.2194666594756184E-003
   128.00000000000000       -1.2534902459660182E-004   1.2200468409919885E-003
   132.00000000000000       -1.2456150036563537E-004   1.2270943818105961E-003
   136.00000000000000       -1.2323245481553685E-004   1.2196930550428507E-003
   140.00000000000000       -1.2042619511315586E-004   1.1891013543154183E-003
   144.00000000000000       -1.1665833139377411E-004   1.1558469100986493E-003
   148.00000000000000       -1.1026809055536064E-004   1.1202351281438267E-003
   152.00000000000000       -1.0261784517270753E-004   1.0640792516273846E-003
   156.00000000000000       -9.6556141613562499E-005   1.0302524638068702E-003
   160.00000000000000       -8.8765994447335847E-005   9.6982731931129977E-004
   164.00000000000000       -8.2509360352788793E-005   9.1500774434970223E-004
   168.00000000000000       -7.5410574861274195E-005   8.5704821312933136E-004
   172.00000000000000       -6.6439807688734951E-005   7.9446696915520506E-004
   176.00000000000000       -5.9819259056024568E-005   7.5114559101865756E-004
   180.00000000000000       -5.2781989457599948E-005   6.8489519932822063E-004
   184.00000000000000       -4.8066832029931684E-005   6.3495736031273550E-004
   188.00000000000000       -3.9623004106430097E-005   5.7965570808540877E-004
   192.00000000000000       -3.2231670874301380E-005   5.1546823107561398E-004
   196.00000000000000       -2.6653998436001763E-005   4.6945576492447188E-004
   200.00000000000000       -2.1522588337746439E-005   4.1871349286564671E-004
   204.00000000000000       -1.6996567529700899E-005   3.7734277879638694E-004
   208.00000000000000       -1.3574551976151973E-005   3.3836939096189479E-004
   212.00000000000000       -1.0429859638983855E-005   3.0087854928882702E-004
   216.00000000000000       -7.8617028864514738E-006   2.6629026883093633E-004
   220.00000000000000       -4.6632511674873297E-006   2.4241764301773398E-004
   224.00000000000000       -3.1702213485385822E-006   2.1327996472271521E-004
   228.00000000000000       -1.1752081453787792E-006   1.9050712206197950E-004
   232.00000000000000       -4.3615840235970634E-007   1.6514208466431995E-004
   236.00000000000000        5.0768100523767474E-007   1.4553277435110369E-004
   240.00000000000000        9.3976773933711896E-007   1.3220070190659460E-004
   244.00000000000000        1.5122708994967428E-006   1.1660069748321110E-004
   248.00000000000000        1.5420593941965658E-006   1.0425187206587435E-004
   252.00000000000000        1.7980882869899370E-006   9.3284365754600391E-005
   256.00000000000000        1.6971511947248800E-006   8.2772271234203310E-005
   260.00000000000000        1.4810813106074101E-006   7.4297749803559028E-005
   264.00000000000000        1.5285221903346285E-006   6.6259471447658111E-005
   268.00000000000000        1.2688000484186229E-006   5.9804970459559960E-005
   272.00000000000000        1.2570290635676909E-006   5.2977157532485542E-005
   276.00000000000000        1.1557356449240017E-006   4.7708468089572391E-005
   280.00000000000000        7.3252690326202419E-007   4.2666682360656627E-005
   284.00000000000000        9.0308380456077731E-007   3.8947525563012616E-005
   288.00000000000000        6.5562182476423600E-007   3.5166562342156071E-005
   292.00000000000000        6.0858692671857764E-007   3.1437216883819536E-005
   296.00000000000000        5.1392401148019000E-007   2.8572137580770544E-005
   300.00000000000000        4.8899015121818198E-007   2.5975573422139898E-005
   304.00000000000000        3.4223174277683894E-007   2.3141396169689679E-005
   308.00000000000000        3.4298235213457911E-007   2.1008180588611694E-005
   312.00000000000000        3.0820303759288111E-008   1.8418163908947764E-005
   316.00000000000000       -2.6113886848252809E-008   1.6532894974253043E-005
   320.00000000000000        7.4631191787471344E-008   1.5280228023179748E-005
   324.00000000000000        8.0290989014070197E-011   1.3529693597003779E-005
   328.00000000000000        4.0324697902747252E-008   1.2216892084904685E-005
   332.00000000000000        2.8846328807678544E-008   1.0978888522086018E-005
   336.00000000000000        3.4072962188502297E-008   9.9630735309040042E-006
   340.00000000000000       -2.7185354010448206E-008   9.0643149590165243E-006
   344.00000000000000       -9.6264959836867737E-008   8.0663166701944041E-006
   348.00000000000000       -4.2013912543379888E-008   7.3448386117383230E-006
   352.00000000000000       -5.1775949628479309E-008   6.4924485432193132E-006
   356.00000000000000       -6.0143971221972435E-008   5.8537106491238967E-006
   360.00000000000000       -4.2662546981603147E-008   5.3947688239215749E-006
   364.00000000000000       -8.1467371771261820E-010   4.8585471725324709E-006
   368.00000000000000       -5.3412001120178086E-008   4.4181676619045446E-006
   372.00000000000000       -4.9113736755397225E-008   3.8894131525939842E-006
   376.00000000000000       -1.8035557808318371E-008   3.4659951365404664E-006
   380.00000000000000       -2.9703255843536974E-008   3.0858441641573146E-006
   384.00000000000000       -1.7951182285610707E-008   2.8424817056577727E-006
   388.00000000000000       -2.7015204703348935E-008   2.5846073408870656E-006
   392.00000000000000       -6.9950892405645826E-009   2.3229176765689825E-006
   396.00000000000000       -4.9369874623339908E-009   2.0517218807741504E-006
   400.00000000000000       -1.2568789342899346E-008   1.8454476307945689E-006
