   4.0000000000000000        5.6318161254340209E-007   2.0250651231115117E-005
   8.0000000000000000        5.9571624163821266E-007   2.1346446938846977E-005
   12.000000000000000        6.2883300871601824E-007   2.2456472964505010E-005
   16.000000000000000        6.6244656864659440E-007   2.3577674062767921E-005
   20.000000000000000        6.9646637775810362E-007   2.4706847388174438E-005
   24.000000000000000        7.3202351826067737E-007   2.5870880221674077E-005
   28.000000000000000        7.6558153674348207E-007   2.6979830885955156E-005
   32.000000000000000        8.0551752919475989E-007   2.8399341729013509E-005
   36.000000000000000        9.4133260818322340E-007   3.5532092314330257E-005
   40.000000000000000        1.3227379459340367E-006   5.5512561569649079E-005
   44.000000000000000        1.8402617819560016E-006   8.2814662075896776E-005
   48.000000000000000        2.4369456143677224E-006   1.1212538141205979E-004
   52.000000000000000        3.1220776316220335E-006   1.4504570535964019E-004
   56.000000000000000        4.1884080115142159E-006   1.9336843270048874E-004
   60.000000000000000        5.4405907654851918E-006   2.4733268319588963E-004
   64.000000000000000        6.6547433325557875E-006   3.0154883943424738E-004
   68.000000000000000        8.1606558934637188E-006   3.6427797473830508E-004
   72.000000000000000        9.7565834051711317E-006   4.2131618977448283E-004
   76.000000000000000        1.1609409001383041E-005   4.9440788493712996E-004
   80.000000000000000        1.2910440345376251E-005   5.3331969935034411E-004
   84.000000000000000        1.4595225539568950E-005   5.8835875094818448E-004
   88.000000000000000        1.6024979706166234E-005   6.2692291072549353E-004
   92.000000000000000        1.7581388176258521E-005   6.7611830798868140E-004
   96.000000000000000        1.8856928137607925E-005   7.1464155626887603E-004
   100.00000000000000        1.9569069557997412E-005   7.2647739416916476E-004
   104.00000000000000        2.0495791408087941E-005   7.3762705947417984E-004
   108.00000000000000        2.1198242977869662E-005   7.4694594033293451E-004
   112.00000000000000        2.2030297587665184E-005   7.5744317688243427E-004
   116.00000000000000        2.2611129212253152E-005   7.6242945173445769E-004
   120.00000000000000        2.2852500978341548E-005   7.5705354898531884E-004
   124.00000000000000        2.3172055886245621E-005   7.4835131419572810E-004
   128.00000000000000        2.3485970869844368E-005   7.4474546612986908E-004
   132.00000000000000        2.3828321368875240E-005   7.4450669880199124E-004
   136.00000000000000        2.3913490942173982E-005   7.3801542780184686E-004
   140.00000000000000        2.3843954521648664E-005   7.1368614154310726E-004
   144.00000000000000        2.3191277456843642E-005   6.9199039438451264E-004
   148.00000000000000        2.2580063067470680E-005   6.6702843857100683E-004
   152.00000000000000        2.1641391903980312E-005   6.3175550112242189E-004
   156.00000000000000        2.0800231873843996E-005   6.1078018499799349E-004
   160.00000000000000        1.9823997510590611E-005   5.7297498029919530E-004
   164.00000000000000        1.8956213862907384E-005   5.3923027400187644E-004
   168.00000000000000        1.7917361150636799E-005   5.0496882706690981E-004
   172.00000000000000        1.6527962855419235E-005   4.6845881789841609E-004
   176.00000000000000        1.5528981398276211E-005   4.4239421914503733E-004
   180.00000000000000        1.4372377659450796E-005   4.0469487980151212E-004
   184.00000000000000        1.3568511138366920E-005   3.7531608279028677E-004
   188.00000000000000        1.2163274630687222E-005   3.4345850793206538E-004
   192.00000000000000        1.0896355061351633E-005   3.0695807664216464E-004
   196.00000000000000        9.7973037601833592E-006   2.8101644568609337E-004
   200.00000000000000        8.6935202113169771E-006   2.5231460485965218E-004
   204.00000000000000        7.8777403192423677E-006   2.2836459019032104E-004
   208.00000000000000        7.1636939424172780E-006   2.0646384567144809E-004
   212.00000000000000        6.2610905422323241E-006   1.8417813994700609E-004
   216.00000000000000        5.6129083528215033E-006   1.6510793036298861E-004
   220.00000000000000        4.9005298323708290E-006   1.5102250709065588E-004
   224.00000000000000        4.3355891902002788E-006   1.3380766663243740E-004
   228.00000000000000        3.8285048829467257E-006   1.2064357640748682E-004
   232.00000000000000        3.3119400032909092E-006   1.0558500595699472E-004
   236.00000000000000        2.8825544561111558E-006   9.3538252560666443E-005
   240.00000000000000        2.6061554942884510E-006   8.5278339939523896E-005
   244.00000000000000        2.3072225551881911E-006   7.6148659503677543E-005
   248.00000000000000        2.0800849808155859E-006   6.8488347860611978E-005
   252.00000000000000        1.7747390966093899E-006   6.1235948499013319E-005
   256.00000000000000        1.5505591611839690E-006   5.4870169849884796E-005
   260.00000000000000        1.3740459707512672E-006   4.9321400536411924E-005
   264.00000000000000        1.2800490672766967E-006   4.4050834453969668E-005
   268.00000000000000        1.1336933972862539E-006   3.9710760125804813E-005
   272.00000000000000        9.8414286222329681E-007   3.5377360050632582E-005
   276.00000000000000        8.8391291170072585E-007   3.1688189745807580E-005
   280.00000000000000        8.0545579228275198E-007   2.8364617389644327E-005
   284.00000000000000        6.9637503201551709E-007   2.5850157235259465E-005
   288.00000000000000        6.4649119042036561E-007   2.3402910337124053E-005
   292.00000000000000        5.7287085114428643E-007   2.0868292883939453E-005
   296.00000000000000        5.2791721435183709E-007   1.8986044800889917E-005
   300.00000000000000        4.5706749031351628E-007   1.7031771503618180E-005
   304.00000000000000        4.0673929127310287E-007   1.5214721215542037E-005
   308.00000000000000        3.7940067029927942E-007   1.3908365801231556E-005
   312.00000000000000        3.3246845558312842E-007   1.2120739492286117E-005
   316.00000000000000        2.9984701356877378E-007   1.0709021728606611E-005
   320.00000000000000        2.8943639630600916E-007   9.9281620385693000E-006
   324.00000000000000        2.5780383407386628E-007   8.7296061784208242E-006
   328.00000000000000        2.1646855123387669E-007   7.9345785491460711E-006
   332.00000000000000        1.9026983859463125E-007   7.0744463845637996E-006
   336.00000000000000        1.7415820998376715E-007   6.4349272811753318E-006
   340.00000000000000        1.6370390072461048E-007   5.7903907715882247E-006
   344.00000000000000        1.5943834524863041E-007   5.1215870610289768E-006
   348.00000000000000        1.4202618390036900E-007   4.6634135591152853E-006
   352.00000000000000        1.2263267028587572E-007   4.1326300523726346E-006
   356.00000000000000        1.2910142295671173E-007   3.7025179837898949E-006
   360.00000000000000        1.0008748660983383E-007   3.4101248972900437E-006
   364.00000000000000        9.1368476893867670E-008   3.0630713688263698E-006
   368.00000000000000        8.8155657549282468E-008   2.7499748333809336E-006
   372.00000000000000        8.0851456531007536E-008   2.4654283753380253E-006
   376.00000000000000        6.3915457743519476E-008   2.1924017433401253E-006
   380.00000000000000        5.5996244138306014E-008   1.9417256648117421E-006
   384.00000000000000        5.4938458595024670E-008   1.7940555729129214E-006
   388.00000000000000        5.2462049538237884E-008   1.6332736157560226E-006
   392.00000000000000        4.5022931313974652E-008   1.4639087279654226E-006
   396.00000000000000        3.7703347945152064E-008   1.2984018390102410E-006
   400.00000000000000        3.4314721840915153E-008   1.1740926249877548E-006
