   4.0000000000000000        2.4899225729698536E-007   7.3411336584276456E-006
   8.0000000000000000        2.6355797616778497E-007   7.8131926333615881E-006
   12.000000000000000        2.7841134345741501E-007   8.2987494778385360E-006
   16.000000000000000        2.9351614618163197E-007   8.7968739560980834E-006
   20.000000000000000        3.0883375666314137E-007   9.3065409342668503E-006
   24.000000000000000        3.2490727636855709E-007   9.8325447275250245E-006
   28.000000000000000        3.4004596880250974E-007   1.0358136011097990E-005
   32.000000000000000        3.5820045871232378E-007   1.0941739012218005E-005
   36.000000000000000        4.2990420341659384E-007   1.2492461593389603E-005
   40.000000000000000        6.2904930131716253E-007   1.6244279705872673E-005
   44.000000000000000        8.9934815250376828E-007   2.1562133770080734E-005
   48.000000000000000        1.1904997666289631E-006   2.7838035829681873E-005
   52.000000000000000        1.5132940717017587E-006   3.4884673409132012E-005
   56.000000000000000        1.9949708363193581E-006   4.5705205847606305E-005
   60.000000000000000        2.5425913467352667E-006   5.8737759606090156E-005
   64.000000000000000        3.0722603093096029E-006   7.2011692667940026E-005
   68.000000000000000        3.6997473408817868E-006   8.7894475807884760E-005
   72.000000000000000        4.3554284915695661E-006   1.0491989273421389E-004
   76.000000000000000        5.1412503990575605E-006   1.2537826006567810E-004
   80.000000000000000        5.6408857766792541E-006   1.4038038049835286E-004
   84.000000000000000        6.3210541931578798E-006   1.6002333733856973E-004
   88.000000000000000        6.9054291546597612E-006   1.7743827664900164E-004
   92.000000000000000        7.4952234142996162E-006   1.9631388820105672E-004
   96.000000000000000        8.0066808163694696E-006   2.1401829963165633E-004
   100.00000000000000        8.3184452732707906E-006   2.2621673181684435E-004
   104.00000000000000        8.6693678613949229E-006   2.4129783897817983E-004
   108.00000000000000        9.0153013331899535E-006   2.5455256464027660E-004
   112.00000000000000        9.3525359340767191E-006   2.6820830021588381E-004
   116.00000000000000        9.6184193397292903E-006   2.8136623087706743E-004
   120.00000000000000        9.7498084800730478E-006   2.9099242640477239E-004
   124.00000000000000        9.9546324181497427E-006   3.0207331568072725E-004
   128.00000000000000        1.0101188691559362E-005   3.1223170995585458E-004
   132.00000000000000        1.0357213664765350E-005   3.2710720400405696E-004
   136.00000000000000        1.0410339091866907E-005   3.3518636518079902E-004
   140.00000000000000        1.0526352951429892E-005   3.4491249106589927E-004
   144.00000000000000        1.0331861270589400E-005   3.5089907200484317E-004
   148.00000000000000        1.0177804369628145E-005   3.5469938290407215E-004
   152.00000000000000        9.8118363020959438E-006   3.5408258446213410E-004
   156.00000000000000        9.5321503570354850E-006   3.5162986263661736E-004
   160.00000000000000        9.2457698007808680E-006   3.5150665161762674E-004
   164.00000000000000        8.9689930922644182E-006   3.5046423097124428E-004
   168.00000000000000        8.6035412424336912E-006   3.4171003956560584E-004
   172.00000000000000        8.0398757304202924E-006   3.3355747061271704E-004
   176.00000000000000        7.6424725479088610E-006   3.2891827436494985E-004
   180.00000000000000        7.2128052516399227E-006   3.1700084646989581E-004
   184.00000000000000        6.9845375161976576E-006   3.0679505551855027E-004
   188.00000000000000        6.2854372454309300E-006   2.9194998017443034E-004
   192.00000000000000        5.7370711232497952E-006   2.7448525507792741E-004
   196.00000000000000        5.2115006380192496E-006   2.5743102704633167E-004
   200.00000000000000        4.7280595829281243E-006   2.4243568147857598E-004
   204.00000000000000        4.3024662156434238E-006   2.2608618379420372E-004
   208.00000000000000        4.0390625660495294E-006   2.1187171663356375E-004
   212.00000000000000        3.5910846238134130E-006   1.9114335772587560E-004
   216.00000000000000        3.2478456431152559E-006   1.7685394391899601E-004
   220.00000000000000        2.8296151353837825E-006   1.6393731792194318E-004
   224.00000000000000        2.5491526812473242E-006   1.4753601485201158E-004
   228.00000000000000        2.2668316567916943E-006   1.3542056622139169E-004
   232.00000000000000        1.9721005306792460E-006   1.1901680735386086E-004
   236.00000000000000        1.6786932551984820E-006   1.0472454217889073E-004
   240.00000000000000        1.5264860432474912E-006   9.6467500258101230E-005
   244.00000000000000        1.3635716643147444E-006   8.5497182006172461E-005
   248.00000000000000        1.2347100212062015E-006   7.7296806410623864E-005
   252.00000000000000        1.0508465805623762E-006   6.8696661619851076E-005
   256.00000000000000        9.0204548684645150E-007   6.1123397992252142E-005
   260.00000000000000        8.0664585268346710E-007   5.4409661186148780E-005
   264.00000000000000        7.3025276331840517E-007   4.7709012318061779E-005
   268.00000000000000        6.5111655341189498E-007   4.2729559147176697E-005
   272.00000000000000        5.6666714931917214E-007   3.7516004287812623E-005
   276.00000000000000        5.0527940961184388E-007   3.3066400592867612E-005
   280.00000000000000        4.5918260911079546E-007   2.9103086261781425E-005
   284.00000000000000        3.8925753662555923E-007   2.6507734383468075E-005
   288.00000000000000        3.5600693029611415E-007   2.3578909046709036E-005
   292.00000000000000        3.0483901639685320E-007   2.0740643548035393E-005
   296.00000000000000        2.8813403970338374E-007   1.8825734361898050E-005
   300.00000000000000        2.4167472345524739E-007   1.6802501622145828E-005
   304.00000000000000        2.1527138336137965E-007   1.4803902613346069E-005
   308.00000000000000        1.9774074338881117E-007   1.3488620801974272E-005
   312.00000000000000        1.7669745574228750E-007   1.1548260698645805E-005
   316.00000000000000        1.6048008794711054E-007   1.0113295754262931E-005
   320.00000000000000        1.5571235082087454E-007   9.4376517655071480E-006
   324.00000000000000        1.3740272834171339E-007   8.2317940996448186E-006
   328.00000000000000        1.1201336245411722E-007   7.5303279960574433E-006
   332.00000000000000        9.7809538878150336E-008   6.6810769836667626E-006
   336.00000000000000        8.7771751199958668E-008   6.0729779875863450E-006
   340.00000000000000        9.0706600970703858E-008   5.5148635125713925E-006
   344.00000000000000        9.0970368044183195E-008   4.8851764059659675E-006
   348.00000000000000        7.9850296505742983E-008   4.4757014044836734E-006
   352.00000000000000        6.6241551134560373E-008   3.9744180194763729E-006
   356.00000000000000        7.3108692048119747E-008   3.5599280427722322E-006
   360.00000000000000        5.8517786684505079E-008   3.3317249864832700E-006
   364.00000000000000        5.2850677341086318E-008   2.9979276293681403E-006
   368.00000000000000        5.5617698008428744E-008   2.7136725952211084E-006
   372.00000000000000        4.7785863391735375E-008   2.4278308480373910E-006
   376.00000000000000        3.5966591370613647E-008   2.1642547613912177E-006
   380.00000000000000        3.1829937829855143E-008   1.9178679562415244E-006
   384.00000000000000        3.2946471835451622E-008   1.7854307596247418E-006
   388.00000000000000        3.2620353059070695E-008   1.6291569937309140E-006
   392.00000000000000        2.8101620574633210E-008   1.4627445645236757E-006
   396.00000000000000        2.1379300792215025E-008   1.2842986839160838E-006
   400.00000000000000        1.9737641074240935E-008   1.1578017259161951E-006
