   4.0000000000000000       -1.7984814105154502E-006   1.1219459485484993E-005
   8.0000000000000000       -1.9000485451930977E-006   1.1939721424133345E-005
   12.000000000000000       -2.0032720621079709E-006   1.2680443582144529E-005
   16.000000000000000       -2.1078788814544092E-006   1.3440197192337969E-005
   20.000000000000000       -2.2135803731023128E-006   1.4217409150846173E-005
   24.000000000000000       -2.3257988764260643E-006   1.5019611294131367E-005
   28.000000000000000       -2.4281288736131389E-006   1.5820497600400081E-005
   32.000000000000000       -2.5595026104612795E-006   1.6708088590675438E-005
   36.000000000000000       -3.1666097226021763E-006   1.9063440926627550E-005
   40.000000000000000       -4.8306918975676026E-006   2.4767922833547953E-005
   44.000000000000000       -6.9663665387078361E-006   3.2894220884185922E-005
   48.000000000000000       -9.3614984056326533E-006   4.2471893232449398E-005
   52.000000000000000       -1.1824422082067054E-005   5.3274336735965790E-005
   56.000000000000000       -1.5710157510385675E-005   6.9779773965406844E-005
   60.000000000000000       -2.0046834376940818E-005   8.9606875106583141E-005
   64.000000000000000       -2.4061020186988978E-005   1.1001685006063028E-004
   68.000000000000000       -2.8849166598259701E-005   1.3429284909518511E-004
   72.000000000000000       -3.3985100937071399E-005   1.6044509084130022E-004
   76.000000000000000       -3.9667687975242000E-005   1.9181225544563437E-004
   80.000000000000000       -4.3336947714513860E-005   2.1492903415010266E-004
   84.000000000000000       -4.8434391018207068E-005   2.4501729284195131E-004
   88.000000000000000       -5.2489754602710184E-005   2.7186631741013735E-004
   92.000000000000000       -5.6612896850890793E-005   3.0075572262843446E-004
   96.000000000000000       -5.9184375513333896E-005   3.2803554354627994E-004
   100.00000000000000       -6.1302419447837130E-005   3.4685721735496096E-004
   104.00000000000000       -6.3468693162099031E-005   3.6992474897828032E-004
   108.00000000000000       -6.5421977979644597E-005   3.9037578595397875E-004
   112.00000000000000       -6.7210218139908442E-005   4.1144164272560681E-004
   116.00000000000000       -6.8301532278726353E-005   4.3129750982312867E-004
   120.00000000000000       -6.8903502502767099E-005   4.4597442293113827E-004
   124.00000000000000       -6.9769630379193088E-005   4.6289315398543798E-004
   128.00000000000000       -7.0379576067001160E-005   4.7808702929526709E-004
   132.00000000000000       -7.1682606881743097E-005   5.0055152177841064E-004
   136.00000000000000       -7.2339405624891531E-005   5.1234555726432625E-004
   140.00000000000000       -7.1956356812357127E-005   5.2711001926139122E-004
   144.00000000000000       -7.0939099832009311E-005   5.3527437915328806E-004
   148.00000000000000       -6.9291639889405051E-005   5.4079638833555541E-004
   152.00000000000000       -6.5848029418245465E-005   5.3946557130998927E-004
   156.00000000000000       -6.3516713369183677E-005   5.3528500673561026E-004
   160.00000000000000       -6.1311188890375126E-005   5.3447520540299710E-004
   164.00000000000000       -5.8111026183847177E-005   5.3270457047534009E-004
   168.00000000000000       -5.5809620629045281E-005   5.1887469332802434E-004
   172.00000000000000       -5.0755151832220215E-005   5.0614851077770832E-004
   176.00000000000000       -4.8060740190387475E-005   4.9877018658587571E-004
   180.00000000000000       -4.4422947092128521E-005   4.8025723651157133E-004
   184.00000000000000       -4.2408220464861771E-005   4.6440159126902644E-004
   188.00000000000000       -3.7410827820613270E-005   4.4177444541297465E-004
   192.00000000000000       -3.2898090637156101E-005   4.1505759479743893E-004
   196.00000000000000       -2.9255706011806323E-005   3.8909715134408926E-004
   200.00000000000000       -2.6335852725316527E-005   3.6615148878310080E-004
   204.00000000000000       -2.3030053218305791E-005   3.4141030589941458E-004
   208.00000000000000       -2.1507676516205739E-005   3.1971630420229514E-004
   212.00000000000000       -1.8676995883787923E-005   2.8835777837665240E-004
   216.00000000000000       -1.6233765401835755E-005   2.6663033857225130E-004
   220.00000000000000       -1.3782807231408363E-005   2.4709285406611885E-004
   224.00000000000000       -1.2293951024052507E-005   2.2234768267715435E-004
   228.00000000000000       -1.0243247172419063E-005   2.0403682920826788E-004
   232.00000000000000       -8.7616811522862808E-006   1.7922023358899633E-004
   236.00000000000000       -6.8588037357143452E-006   1.5773646657479601E-004
   240.00000000000000       -6.1825096370133084E-006   1.4525070709442672E-004
   244.00000000000000       -5.0577126734921139E-006   1.2869774894700149E-004
   248.00000000000000       -4.6986533269538276E-006   1.1632608213850925E-004
   252.00000000000000       -3.6688125356382044E-006   1.0343957624360110E-004
   256.00000000000000       -3.1620428475112213E-006   9.1972314996314615E-005
   260.00000000000000       -3.0942963967415403E-006   8.1856150485737624E-005
   264.00000000000000       -2.2361618433277133E-006   7.1801580358510421E-005
   268.00000000000000       -2.1563800086903781E-006   6.4321273818381742E-005
   272.00000000000000       -1.7729596189219721E-006   5.6456632175817570E-005
   276.00000000000000       -1.5054651634613199E-006   4.9793994168550586E-005
   280.00000000000000       -1.4977349053992040E-006   4.3824702252856038E-005
   284.00000000000000       -1.1682418040786236E-006   3.9922078022387896E-005
   288.00000000000000       -9.8271709872744175E-007   3.5511566049257779E-005
   292.00000000000000       -8.1979568455960246E-007   3.1231481363583921E-005
   296.00000000000000       -8.4174519767024550E-007   2.8342694071574331E-005
   300.00000000000000       -6.1782298101514778E-007   2.5336273124279753E-005
   304.00000000000000       -6.5890535703510846E-007   2.2304792916878551E-005
   308.00000000000000       -5.4179898957326267E-007   2.0314825454744504E-005
   312.00000000000000       -6.3976075378182119E-007   1.7388656926033608E-005
   316.00000000000000       -5.7371388218401311E-007   1.5252470794309522E-005
   320.00000000000000       -4.4920453873436689E-007   1.4232976533983834E-005
   324.00000000000000       -4.6272083082064856E-007   1.2416673014068254E-005
   328.00000000000000       -3.7917397150466554E-007   1.1350878836014134E-005
   332.00000000000000       -3.0763895997497516E-007   1.0081991504211596E-005
   336.00000000000000       -2.5144763357419351E-007   9.1599384046381310E-006
   340.00000000000000       -3.2160987271855636E-007   8.3275234713609203E-006
   344.00000000000000       -3.7971619967150812E-007   7.3751908201948441E-006
   348.00000000000000       -3.0388979595645870E-007   6.7570753035981780E-006
   352.00000000000000       -2.6005999202851551E-007   5.9989044114548629E-006
   356.00000000000000       -2.5640887836488185E-007   5.3750863128117370E-006
   360.00000000000000       -2.3481210290037630E-007   5.0348011568262341E-006
   364.00000000000000       -1.7315977692288420E-007   4.5332902679521097E-006
   368.00000000000000       -2.2112331366450522E-007   4.1120104213573786E-006
   372.00000000000000       -1.8810415552495339E-007   3.6671285019596544E-006
   376.00000000000000       -1.3285822368331956E-007   3.2690741977227648E-006
   380.00000000000000       -1.3105456459108483E-007   2.8973129229960585E-006
   384.00000000000000       -1.2020479013543632E-007   2.6990004729015441E-006
   388.00000000000000       -1.3768190690896840E-007   2.4609989745704569E-006
   392.00000000000000       -1.0200714134298180E-007   2.2148354192308451E-006
   396.00000000000000       -8.2502824582093103E-008   1.9405941827989193E-006
   400.00000000000000       -7.7811062352388345E-008   1.7482535088399449E-006
