   4.0000000000000000       -1.7821446908896175E-006   5.2629625020651809E-006
   8.0000000000000000       -1.8847145590028728E-006   5.6096443451907254E-006
   12.000000000000000       -1.9891557550749968E-006   5.9671347754952073E-006
   16.000000000000000       -2.0952043807362860E-006   6.3348141893863601E-006
   20.000000000000000       -2.2025800875682365E-006   6.7119904574017899E-006
   24.000000000000000       -2.3132370498827296E-006   7.1032683076184024E-006
   28.000000000000000       -2.4209975458252944E-006   7.4934722339774505E-006
   32.000000000000000       -2.5481967229587754E-006   7.9268091824050924E-006
   36.000000000000000       -3.1167358457249430E-006   9.0804464023994420E-006
   40.000000000000000       -4.6775891734686518E-006   1.1927049496853615E-005
   44.000000000000000       -6.8308678153929097E-006   1.5804455227437811E-005
   48.000000000000000       -9.1044123289409268E-006   2.0213403316119662E-005
   52.000000000000000       -1.1503169250912415E-005   2.5157925070295468E-005
   56.000000000000000       -1.4998992323122278E-005   3.2449198462643591E-005
   60.000000000000000       -1.9162877024808070E-005   4.0949698644851163E-005
   64.000000000000000       -2.3178590844033253E-005   5.0139813866625849E-005
   68.000000000000000       -2.7654932008957173E-005   6.0457859257912354E-005
   72.000000000000000       -3.2626480333117054E-005   7.2276718595374649E-005
   76.000000000000000       -3.7671001661511131E-005   8.5756389694163559E-005
   80.000000000000000       -4.1663723791963671E-005   9.6069652657592702E-005
   84.000000000000000       -4.6255236695752892E-005   1.0953416333384727E-004
   88.000000000000000       -5.0322819056015885E-005   1.2164486690471834E-004
   92.000000000000000       -5.4165286131061526E-005   1.3443519098196952E-004
   96.000000000000000       -5.7941561767249743E-005   1.4669659148874704E-004
   100.00000000000000       -5.9898166862895383E-005   1.5578878292499916E-004
   104.00000000000000       -6.3154591197638315E-005   1.6685912582499316E-004
   108.00000000000000       -6.4319982110049283E-005   1.7820989222881118E-004
   112.00000000000000       -6.6338260903712115E-005   1.8894994236565450E-004
   116.00000000000000       -6.8261465624408539E-005   1.9817553244762056E-004
   120.00000000000000       -6.8711558265525442E-005   2.0632612842122453E-004
   124.00000000000000       -6.9115154986386116E-005   2.1638332129317881E-004
   128.00000000000000       -7.0577577236595191E-005   2.2414932574628716E-004
   132.00000000000000       -7.2201612898187601E-005   2.3591829494180226E-004
   136.00000000000000       -7.3378692993677079E-005   2.4287824799293120E-004
   140.00000000000000       -7.2764188824554134E-005   2.5306302156726559E-004
   144.00000000000000       -7.1576182946326674E-005   2.5665242237809356E-004
   148.00000000000000       -7.1213344798989203E-005   2.6205917012777768E-004
   152.00000000000000       -6.7763714770502167E-005   2.6388014017942728E-004
   156.00000000000000       -6.6235310370909249E-005   2.6227983791161799E-004
   160.00000000000000       -6.4908697653831443E-005   2.6492865455199490E-004
   164.00000000000000       -6.1285571710125076E-005   2.6725482123308959E-004
   168.00000000000000       -5.9618156243408400E-005   2.6215554280848048E-004
   172.00000000000000       -5.4523415483005124E-005   2.5855700932279874E-004
   176.00000000000000       -5.2191732721351003E-005   2.5639797612708412E-004
   180.00000000000000       -4.8264000923518238E-005   2.5060684531723147E-004
   184.00000000000000       -4.6271171346578471E-005   2.4396726612679591E-004
   188.00000000000000       -4.1902205465350096E-005   2.3482758657216991E-004
   192.00000000000000       -3.7208335807886957E-005   2.2316440563165845E-004
   196.00000000000000       -3.3384885419177454E-005   2.1147091103466731E-004
   200.00000000000000       -3.0219816859822452E-005   2.0081922270080314E-004
   204.00000000000000       -2.7259044324213148E-005   1.8941501945629385E-004
   208.00000000000000       -2.5864527982478174E-005   1.7968508360958620E-004
   212.00000000000000       -2.2868830241373401E-005   1.6279716080690003E-004
   216.00000000000000       -2.0000528525925460E-005   1.5251503907655106E-004
   220.00000000000000       -1.7562356884026646E-005   1.4217753694613236E-004
   224.00000000000000       -1.5956241542278930E-005   1.2912410303513166E-004
   228.00000000000000       -1.3660717675368155E-005   1.1940415099086109E-004
   232.00000000000000       -1.1894324041388538E-005   1.0547396397342956E-004
   236.00000000000000       -9.4982073815318956E-006   9.3597744226255619E-005
   240.00000000000000       -8.7749186264145109E-006   8.6501894484798639E-005
   244.00000000000000       -7.3219741154508102E-006   7.7298950064066255E-005
   248.00000000000000       -6.9169046155158838E-006   7.0218414354921276E-005
   252.00000000000000       -5.4556107277095633E-006   6.2885704338597380E-005
   256.00000000000000       -4.8635525976386944E-006   5.6150522788269322E-005
   260.00000000000000       -4.6919807376066137E-006   4.9768782901657229E-005
   264.00000000000000       -3.5417952205360191E-006   4.4095169791352843E-005
   268.00000000000000       -3.4463411406290436E-006   3.9599901017931318E-005
   272.00000000000000       -2.8586027865304563E-006   3.4715517661117201E-005
   276.00000000000000       -2.5132642683697211E-006   3.0637499639939819E-005
   280.00000000000000       -2.3851589227288705E-006   2.7052593871100524E-005
   284.00000000000000       -1.9602850424350364E-006   2.4604607237850169E-005
   288.00000000000000       -1.5918676649767602E-006   2.2022280524444169E-005
   292.00000000000000       -1.3933654914008860E-006   1.9287521216514583E-005
   296.00000000000000       -1.4158016137922345E-006   1.7502931327515385E-005
   300.00000000000000       -1.0504269414676752E-006   1.5597225414667319E-005
   304.00000000000000       -1.0998339651168902E-006   1.3643657768560790E-005
   308.00000000000000       -9.1925327239634878E-007   1.2472699458905245E-005
   312.00000000000000       -9.6705461363638435E-007   1.0600381572487406E-005
   316.00000000000000       -8.2514689329652094E-007   9.2195798094717776E-006
   320.00000000000000       -6.8951440574813420E-007   8.6454631013387415E-006
   324.00000000000000       -7.0330878214100366E-007   7.4719591406635497E-006
   328.00000000000000       -5.7290428537400489E-007   6.8064803003687813E-006
   332.00000000000000       -4.7110853938399199E-007   6.0417754249602797E-006
   336.00000000000000       -3.8001493336097985E-007   5.5019647584536627E-006
   340.00000000000000       -4.7009692081449106E-007   4.9931575944515965E-006
   344.00000000000000       -5.3740356089587692E-007   4.3766603910419476E-006
   348.00000000000000       -4.5023390911830437E-007   4.0225007314922890E-006
   352.00000000000000       -3.6626360162900549E-007   3.5504842543936285E-006
   356.00000000000000       -3.6592677993510411E-007   3.1757016669911580E-006
   360.00000000000000       -3.3246081235207060E-007   3.0020906036385954E-006
   364.00000000000000       -2.5798424610401923E-007   2.7016222710734328E-006
   368.00000000000000       -3.1606432082188781E-007   2.4616197928636954E-006
   372.00000000000000       -2.6078370432646241E-007   2.1869961626935745E-006
   376.00000000000000       -1.8647290606395737E-007   1.9427231073893909E-006
   380.00000000000000       -1.8227510096327271E-007   1.7157357844501374E-006
   384.00000000000000       -1.7016457812815423E-007   1.6126311905925498E-006
   388.00000000000000       -1.9751370934964941E-007   1.4700424591593850E-006
   392.00000000000000       -1.4922713261064928E-007   1.3262446600957047E-006
   396.00000000000000       -1.2275340239422617E-007   1.1529550102177064E-006
   400.00000000000000       -1.0949485513593161E-007   1.0413979473985561E-006
