   10.000000000000000        0.0000000000000000        0.0000000000000000     
   20.000000000000000        2.6872205454349829E-013  -2.7752407659096545E-012
   30.000000000000000       -3.4351385618569912E-008   2.9179476204057442E-007
   40.000000000000000       -4.3028016572191682E-006   4.7359667594727334E-005
   50.000000000000000       -1.5243742698777137E-005   1.6172809381384933E-004
   60.000000000000000       -3.5658303845075656E-005   3.6904572356717100E-004
   70.000000000000000       -6.5778400348846989E-005   6.3204360146314686E-004
   80.000000000000000       -9.3914552118475053E-005   8.9113612819354015E-004
   90.000000000000000       -1.1678526577528534E-004   1.0813102110440937E-003
   100.00000000000000       -1.3423426763336179E-004   1.2309413722219791E-003
   110.00000000000000       -1.4274919777821255E-004   1.3059704311763982E-003
   120.00000000000000       -1.4264669196619129E-004   1.2968892333171521E-003
   130.00000000000000       -1.4394522203836098E-004   1.2881865399685787E-003
   140.00000000000000       -1.3512692464826473E-004   1.2175184037894597E-003
   150.00000000000000       -1.2864046842886394E-004   1.1369999053892465E-003
   160.00000000000000       -1.0900971886675035E-004   9.9525255607679948E-004
   170.00000000000000       -8.9797028705157494E-005   8.4844897845896166E-004
   180.00000000000000       -6.8981690808916292E-005   6.6977079679017147E-004
   190.00000000000000       -4.9768623947276626E-005   5.4211793214599228E-004
   200.00000000000000       -3.4723817816764524E-005   4.0162385008690147E-004
   210.00000000000000       -2.2560664574394360E-005   2.9626109991818606E-004
   220.00000000000000       -1.3913948787746239E-005   2.2003261093201060E-004
   230.00000000000000       -8.5855861835782651E-006   1.5249377890224792E-004
   240.00000000000000       -4.1143965214150744E-006   1.0961610009268824E-004
   250.00000000000000       -1.9265551351035861E-006   7.4917238389815037E-005
   260.00000000000000       -1.4755114509302200E-006   5.1151709282826630E-005
   270.00000000000000       -7.0632341335725905E-007   3.6212594589474585E-005
   280.00000000000000       -4.5313267746826883E-007   2.5644731531689879E-005
   290.00000000000000       -2.8227455525843495E-007   1.5849063885014971E-005
   300.00000000000000       -2.4154189899788902E-008   1.0524626659074373E-005
   310.00000000000000        2.4254330232967954E-008   7.0577657591677578E-006
   320.00000000000000        1.3220614454949745E-010   4.1601704424409346E-006
   330.00000000000000       -1.2799441489105637E-008   2.8781437477257781E-006
   340.00000000000000        3.8844716244458450E-008   1.4418960687318134E-006
   350.00000000000000       -3.7613054045441294E-009   1.1820082609885857E-006
   360.00000000000000        1.4147213753758342E-008   6.2208014210746583E-007
   370.00000000000000        1.5057626724837289E-008   4.0176698159579375E-007
   380.00000000000000        6.9836773253415677E-009   1.4825094033523604E-007
   390.00000000000000        6.6187241098449690E-009   1.8019919585922149E-007
   400.00000000000000       -8.9848549501084665E-009   4.6860514024508007E-008
   410.00000000000000        1.5243656674326249E-009   8.2321213175478246E-008
   420.00000000000000       -1.1756799284102261E-008   8.2431308749913497E-008
   430.00000000000000       -2.5164378283041673E-009   1.2438041692491525E-007
   440.00000000000000       -7.3118068109369027E-009   7.5641339036926819E-008
   450.00000000000000       -9.6577573119159784E-009   1.4374058753860266E-007
   460.00000000000000       -7.5408024180759786E-009   7.6444491611829646E-008
   470.00000000000000        1.1931331019791220E-008   8.0286662318779435E-008
   480.00000000000000       -2.7715095813860568E-009   1.5218076931699577E-007
   490.00000000000000       -6.6980799944248297E-009   6.6392947038902103E-008
   500.00000000000000        4.0294062288555485E-009   1.1351930939236638E-007
   10.000000000000000       -3.7353070406382192E-006   3.4881800158279133E-005
   20.000000000000000       -4.2185539929254501E-006   3.9390190796657967E-005
   30.000000000000000       -4.7366180411151425E-006   4.4208293369292903E-005
   40.000000000000000       -8.9751055464756304E-006   9.0149405091475155E-005
   50.000000000000000       -1.9069302357611892E-005   1.9517992977060227E-004
   60.000000000000000       -3.7473486342366389E-005   3.8177299919327993E-004
   70.000000000000000       -6.4381465363715193E-005   6.1704188084965594E-004
   80.000000000000000       -8.9497981869421448E-005   8.4846783391509864E-004
   90.000000000000000       -1.0992681581028676E-004   1.0187639511093039E-003
   100.00000000000000       -1.2552281823105004E-004   1.1528260496185378E-003
   110.00000000000000       -1.3318931397821076E-004   1.2206268432859704E-003
   120.00000000000000       -1.3320046113250429E-004   1.2137565293586299E-003
   130.00000000000000       -1.3436891035572434E-004   1.2065295821589472E-003
   140.00000000000000       -1.2655953797922011E-004   1.1440805320949066E-003
   150.00000000000000       -1.2072728708685623E-004   1.0722739925570772E-003
   160.00000000000000       -1.0325809904956173E-004   9.4592851992014769E-004
   170.00000000000000       -8.6090593715963462E-005   8.1451308867415938E-004
   180.00000000000000       -6.7453522133878593E-005   6.5448808391037631E-004
   190.00000000000000       -5.0175005106936656E-005   5.3886739302469325E-004
   200.00000000000000       -3.6522029516029073E-005   4.1153572154867339E-004
   210.00000000000000       -2.5372417979080743E-005   3.1479182568751925E-004
   220.00000000000000       -1.7294991789500343E-005   2.4345088615995315E-004
   230.00000000000000       -1.2125751355645151E-005   1.7961671168125203E-004
   240.00000000000000       -7.7090830321459648E-006   1.3743342012058647E-004
   250.00000000000000       -5.3092071592302330E-006   1.0248416990495273E-004
   260.00000000000000       -4.4536376524264267E-006   7.7271103108956038E-005
   270.00000000000000       -3.3415241658232305E-006   6.0009248296094088E-005
   280.00000000000000       -2.7128089757904771E-006   4.6836263563085307E-005
   290.00000000000000       -2.1904881222731405E-006   3.4630864870934268E-005
   300.00000000000000       -1.6284625347152683E-006   2.6680591799161517E-005
   310.00000000000000       -1.2897355676696440E-006   2.0705754248567617E-005
   320.00000000000000       -1.0539452699317889E-006   1.5580646799545201E-005
   330.00000000000000       -8.4654140222164577E-007   1.2222586590997058E-005
   340.00000000000000       -6.1860492817341769E-007   9.0611837233126577E-006
   350.00000000000000       -5.0707610586055627E-007   7.2458589262539361E-006
   360.00000000000000       -3.7231778542620861E-007   5.4498141479292177E-006
   370.00000000000000       -2.7864465341955432E-007   4.2037101298533229E-006
   380.00000000000000       -2.1490616493475469E-007   3.1447862445033303E-006
   390.00000000000000       -1.6230472324708091E-007   2.5179455545925130E-006
   400.00000000000000       -1.3712944982224638E-007   1.8923396625488818E-006
   410.00000000000000       -9.9498529977286347E-008   1.5308161652329452E-006
   420.00000000000000       -9.0387044160941582E-008   1.2272270346549061E-006
   430.00000000000000       -6.6774254246960656E-008   1.0281689056859136E-006
   440.00000000000000       -5.9147979861190830E-008   8.0049951765214871E-007
   450.00000000000000       -5.1795694859018422E-008   7.1404666519395248E-007
   460.00000000000000       -4.2138876305506419E-008   5.3736324522040327E-007
   470.00000000000000       -1.8325688919435929E-008   4.4531805150818535E-007
   480.00000000000000       -2.5383873904239779E-008   4.3004462548120466E-007
   490.00000000000000       -2.3659839834963406E-008   2.8958877778757462E-007
   500.00000000000000       -9.7356824103488235E-009   2.7753211165400018E-007
