   4.0000000000000000        0.0000000000000000        0.0000000000000000     
   8.0000000000000000        0.0000000000000000        0.0000000000000000     
   12.000000000000000        0.0000000000000000        0.0000000000000000     
   16.000000000000000        0.0000000000000000        0.0000000000000000     
   20.000000000000000        0.0000000000000000        0.0000000000000000     
   24.000000000000000        0.0000000000000000        0.0000000000000000     
   28.000000000000000        0.0000000000000000        0.0000000000000000     
   32.000000000000000        0.0000000000000000        0.0000000000000000     
   36.000000000000000        0.0000000000000000        0.0000000000000000     
   40.000000000000000        0.0000000000000000        0.0000000000000000     
   44.000000000000000        0.0000000000000000        0.0000000000000000     
   48.000000000000000        0.0000000000000000        0.0000000000000000     
   52.000000000000000        0.0000000000000000        0.0000000000000000     
   56.000000000000000        0.0000000000000000        0.0000000000000000     
   60.000000000000000        0.0000000000000000        0.0000000000000000     
   64.000000000000000        0.0000000000000000        0.0000000000000000     
   68.000000000000000        0.0000000000000000        0.0000000000000000     
   72.000000000000000        0.0000000000000000        0.0000000000000000     
   76.000000000000000        0.0000000000000000        0.0000000000000000     
   80.000000000000000        0.0000000000000000        0.0000000000000000     
   84.000000000000000        0.0000000000000000        0.0000000000000000     
   88.000000000000000        0.0000000000000000        0.0000000000000000     
   92.000000000000000        0.0000000000000000        1.0714553239263240     
   96.000000000000000        0.0000000000000000        1.3574024730096284     
   100.00000000000000        0.0000000000000000        2.6991986583176644     
   104.00000000000000        0.0000000000000000        3.7348064545182509     
   108.00000000000000        0.0000000000000000        7.8724873867106933     
   112.00000000000000        0.0000000000000000        8.5388331689591830     
   116.00000000000000        0.0000000000000000        14.303142133715740     
   120.00000000000000        0.0000000000000000        16.307909245418543     
   124.00000000000000        0.0000000000000000        25.484546345355366     
   128.00000000000000        0.0000000000000000        28.503925212867063     
   132.00000000000000        0.0000000000000000        44.277342811984099     
   136.00000000000000        0.0000000000000000        44.008082493232813     
   140.00000000000000        0.0000000000000000        62.838320750376631     
   144.00000000000000        0.0000000000000000        67.702033309024202     
   148.00000000000000        0.0000000000000000        92.331726361222280     
   152.00000000000000        0.0000000000000000        96.145518390067025     
   156.00000000000000        0.0000000000000000        115.94613879266112     
   160.00000000000000        0.0000000000000000        121.58486094974256     
   164.00000000000000        0.0000000000000000        137.24023031106552     
   168.00000000000000        0.0000000000000000        159.87707816796274     
   172.00000000000000        0.0000000000000000        167.11949573773268     
   176.00000000000000        0.0000000000000000        201.99433156706345     
   180.00000000000000        0.0000000000000000        201.61569118141102     
   184.00000000000000        0.0000000000000000        202.35738103430063     
   188.00000000000000        0.0000000000000000        231.14520078408512     
   192.00000000000000        0.0000000000000000        240.53342280737354     
   196.00000000000000        0.0000000000000000        259.96846667916498     
   200.00000000000000        0.0000000000000000        266.35200124125083     
   204.00000000000000        0.0000000000000000        261.88450876946769     
   208.00000000000000        0.0000000000000000        273.28812312278876     
   212.00000000000000        0.0000000000000000        283.82245799814001     
   216.00000000000000        0.0000000000000000        275.16366618907421     
   220.00000000000000        0.0000000000000000        286.58028179503020     
   224.00000000000000        0.0000000000000000        295.26287488624507     
   228.00000000000000        0.0000000000000000        283.59954386303053     
   232.00000000000000        0.0000000000000000        292.61695812733984     
   236.00000000000000        0.0000000000000000        287.06498584615514     
   240.00000000000000        0.0000000000000000        296.39823732504101     
   244.00000000000000        0.0000000000000000        296.99141238545349     
   248.00000000000000        0.0000000000000000        292.67490730921065     
   252.00000000000000        0.0000000000000000        289.59739939186301     
   256.00000000000000        0.0000000000000000        280.33302026688386     
   260.00000000000000        0.0000000000000000        284.44909566608226     
   264.00000000000000        0.0000000000000000        279.42916843527473     
   268.00000000000000        0.0000000000000000        262.46458660932052     
   272.00000000000000        0.0000000000000000        261.17658372276912     
   276.00000000000000        0.0000000000000000        258.59481026634575     
   280.00000000000000        0.0000000000000000        248.91158420068993     
   284.00000000000000        0.0000000000000000        244.08319909127715     
   288.00000000000000        0.0000000000000000        244.74788875469287     
   292.00000000000000        0.0000000000000000        223.53614972849311     
   296.00000000000000        0.0000000000000000        207.45268533934890     
   300.00000000000000        0.0000000000000000        208.06114432658882     
   304.00000000000000        0.0000000000000000        198.74011125982835     
   308.00000000000000        0.0000000000000000        184.29246803741006     
   312.00000000000000        0.0000000000000000        178.49215564889988     
   316.00000000000000        0.0000000000000000        168.49029148626789     
   320.00000000000000        0.0000000000000000        152.26751574336399     
   324.00000000000000        0.0000000000000000        151.05905560474196     
   328.00000000000000        0.0000000000000000        141.14834123782518     
   332.00000000000000        0.0000000000000000        141.08410085937371     
   336.00000000000000        0.0000000000000000        119.00422255114557     
   340.00000000000000        0.0000000000000000        112.94198575944412     
   344.00000000000000        0.0000000000000000        108.89019889279868     
   348.00000000000000        0.0000000000000000        112.26962006952949     
   352.00000000000000        0.0000000000000000        89.083282107322731     
   356.00000000000000        0.0000000000000000        81.142600051039224     
   360.00000000000000        0.0000000000000000        78.242684365237196     
   364.00000000000000        0.0000000000000000        71.846213721885675     
   368.00000000000000        0.0000000000000000        65.014733212553082     
   372.00000000000000        0.0000000000000000        63.597838054988941     
   376.00000000000000        0.0000000000000000        59.213445540730760     
   380.00000000000000        0.0000000000000000        56.434808485356314     
   384.00000000000000        0.0000000000000000        46.262288701890789     
   388.00000000000000        0.0000000000000000        41.368333796837277     
   392.00000000000000        0.0000000000000000        41.565618818841294     
   396.00000000000000        0.0000000000000000        40.509118562269940     
   400.00000000000000        0.0000000000000000        30.204659482786884     
