   4.0000000000000000        0.0000000000000000        0.0000000000000000     
   8.0000000000000000        0.0000000000000000        0.0000000000000000     
   12.000000000000000        0.0000000000000000        0.0000000000000000     
   16.000000000000000        0.0000000000000000        0.0000000000000000     
   20.000000000000000        0.0000000000000000        0.0000000000000000     
   24.000000000000000       0.60205907099750922        0.0000000000000000     
   28.000000000000000        1.5123309903103661        0.0000000000000000     
   32.000000000000000        146.72337684193789        0.0000000000000000     
   36.000000000000000        353.80761498845612        0.0000000000000000     
   40.000000000000000        690.38536943715144        0.0000000000000000     
   44.000000000000000        1291.5818477139549        0.0000000000000000     
   48.000000000000000        1963.6258471934889        0.0000000000000000     
   52.000000000000000        2162.3668185659858        0.0000000000000000     
   56.000000000000000        3339.1099944448492        0.0000000000000000     
   60.000000000000000        4837.5061409764658        0.0000000000000000     
   64.000000000000000        6739.6882257759198        0.0000000000000000     
   68.000000000000000        7103.7188672521634        0.0000000000000000     
   72.000000000000000        9143.0026825827499        0.0000000000000000     
   76.000000000000000        11215.616167097347        0.0000000000000000     
   80.000000000000000        11896.017264340056        0.0000000000000000     
   84.000000000000000        14034.590210549293        0.0000000000000000     
   88.000000000000000        14914.967686873773        0.0000000000000000     
   92.000000000000000        16443.633336900857        0.0000000000000000     
   96.000000000000000        17075.808707468197        0.0000000000000000     
   100.00000000000000        18448.647500754640        0.0000000000000000     
   104.00000000000000        19297.643491255913        0.0000000000000000     
   108.00000000000000        19910.451664444972        0.0000000000000000     
   112.00000000000000        20659.023489914984        0.0000000000000000     
   116.00000000000000        21183.011862269086        0.0000000000000000     
   120.00000000000000        21597.133754827690        0.0000000000000000     
   124.00000000000000        22124.174146265628        0.0000000000000000     
   128.00000000000000        22301.132133186584        0.0000000000000000     
   132.00000000000000        22371.683334299101        0.0000000000000000     
   136.00000000000000        22482.447966246880        0.0000000000000000     
   140.00000000000000        22011.938407622732        0.0000000000000000     
   144.00000000000000        21877.722768818116        0.0000000000000000     
   148.00000000000000        21028.987197035240        0.0000000000000000     
   152.00000000000000        20575.247422715420        0.0000000000000000     
   156.00000000000000        20226.092362018335        0.0000000000000000     
   160.00000000000000        18709.727543664783        0.0000000000000000     
   164.00000000000000        17923.515519349032        0.0000000000000000     
   168.00000000000000        16109.915971497987        0.0000000000000000     
   172.00000000000000        15407.001678573386        0.0000000000000000     
   176.00000000000000        15031.335701724489        0.0000000000000000     
   180.00000000000000        13156.039840889445        0.0000000000000000     
   184.00000000000000        12186.195878175095        0.0000000000000000     
   188.00000000000000        11549.699477040702        0.0000000000000000     
   192.00000000000000        10256.795282386825        0.0000000000000000     
   196.00000000000000        9368.5767627233672        0.0000000000000000     
   200.00000000000000        7725.0595944177503        0.0000000000000000     
   204.00000000000000        7446.7313755399809        0.0000000000000000     
   208.00000000000000        6926.8118632754977        0.0000000000000000     
   212.00000000000000        5677.0602671321303        0.0000000000000000     
   216.00000000000000        5268.7368529549376        0.0000000000000000     
   220.00000000000000        4934.4557841393816        0.0000000000000000     
   224.00000000000000        4561.7301567605828        0.0000000000000000     
   228.00000000000000        3806.2939329643891        0.0000000000000000     
   232.00000000000000        3464.8914119758674        0.0000000000000000     
   236.00000000000000        3229.0972753638480        0.0000000000000000     
   240.00000000000000        2666.5328673579579        0.0000000000000000     
   244.00000000000000        2427.5479657456945        0.0000000000000000     
   248.00000000000000        2272.7804834628541        0.0000000000000000     
   252.00000000000000        1933.9010763845818        0.0000000000000000     
   256.00000000000000        1776.9502341551454        0.0000000000000000     
   260.00000000000000        1648.4007480898933        0.0000000000000000     
   264.00000000000000        1549.5459562235053        0.0000000000000000     
   268.00000000000000        1308.9569257208202        0.0000000000000000     
   272.00000000000000        1189.4219152251680        0.0000000000000000     
   276.00000000000000        1113.7976782971512        0.0000000000000000     
   280.00000000000000        987.00398142985080        0.0000000000000000     
   284.00000000000000        935.10424087786339        0.0000000000000000     
   288.00000000000000        888.33090803536891        0.0000000000000000     
   292.00000000000000        843.53593717169122        0.0000000000000000     
   296.00000000000000        737.61199484826568        0.0000000000000000     
   300.00000000000000        703.38892794899652        0.0000000000000000     
   304.00000000000000        688.69455279087322        0.0000000000000000     
   308.00000000000000        638.68149200012294        0.0000000000000000     
   312.00000000000000        642.43202678204170        0.0000000000000000     
   316.00000000000000        601.12985264159261        0.0000000000000000     
   320.00000000000000        569.84559656188958        0.0000000000000000     
   324.00000000000000        558.77178612972614        0.0000000000000000     
   328.00000000000000        564.75634182613578        0.0000000000000000     
   332.00000000000000        524.81877523668584        0.0000000000000000     
   336.00000000000000        521.24852595031905        0.0000000000000000     
   340.00000000000000        506.68250779805311        0.0000000000000000     
   344.00000000000000        477.09512283056659        0.0000000000000000     
   348.00000000000000        468.05333961765047        0.0000000000000000     
   352.00000000000000        465.35198047419306        0.0000000000000000     
   356.00000000000000        437.75108069468570        0.0000000000000000     
   360.00000000000000        436.35678463017535        0.0000000000000000     
   364.00000000000000        430.33850837815623        0.0000000000000000     
   368.00000000000000        418.18504665632651        0.0000000000000000     
   372.00000000000000        404.64508701559896        0.0000000000000000     
   376.00000000000000        404.81581144776925        0.0000000000000000     
   380.00000000000000        390.33037575812563        0.0000000000000000     
   384.00000000000000        376.41322508620220        0.0000000000000000     
   388.00000000000000        357.28295117091682        0.0000000000000000     
   392.00000000000000        342.62975534094261        0.0000000000000000     
   396.00000000000000        338.98642913954103        0.0000000000000000     
   400.00000000000000        336.28263600483882        0.0000000000000000     
