   4.0000000000000000        0.0000000000000000        0.0000000000000000     
   8.0000000000000000        0.0000000000000000        0.0000000000000000     
   12.000000000000000        0.0000000000000000        0.0000000000000000     
   16.000000000000000        0.0000000000000000        0.0000000000000000     
   20.000000000000000        0.0000000000000000        0.0000000000000000     
   24.000000000000000        0.0000000000000000        0.0000000000000000     
   28.000000000000000        0.0000000000000000        0.0000000000000000     
   32.000000000000000        0.0000000000000000        0.0000000000000000     
   36.000000000000000        0.0000000000000000        0.0000000000000000     
   40.000000000000000        0.0000000000000000        0.0000000000000000     
   44.000000000000000        0.0000000000000000        0.0000000000000000     
   48.000000000000000        0.0000000000000000        0.0000000000000000     
   52.000000000000000        0.0000000000000000        0.0000000000000000     
   56.000000000000000        0.0000000000000000        0.0000000000000000     
   60.000000000000000        0.0000000000000000        0.0000000000000000     
   64.000000000000000       0.27012604336127805        0.0000000000000000     
   68.000000000000000       0.28923789685565299        0.0000000000000000     
   72.000000000000000       0.58701224646281003        0.0000000000000000     
   76.000000000000000       0.89483731639014297        0.0000000000000000     
   80.000000000000000        1.4767406472056535        0.0000000000000000     
   84.000000000000000        2.0494828585696121        0.0000000000000000     
   88.000000000000000        3.5231105412148498        0.0000000000000000     
   92.000000000000000        11.365045363279989        0.0000000000000000     
   96.000000000000000        16.038233528152197        0.0000000000000000     
   100.00000000000000        35.479767455895882        0.0000000000000000     
   104.00000000000000        44.139823476836156        0.0000000000000000     
   108.00000000000000        74.622164141459265        0.0000000000000000     
   112.00000000000000        84.893290041201837        0.0000000000000000     
   116.00000000000000        141.38689907242062        0.0000000000000000     
   120.00000000000000        167.16072301974268        0.0000000000000000     
   124.00000000000000        252.76095352930537        0.0000000000000000     
   128.00000000000000        279.71354486547966        0.0000000000000000     
   132.00000000000000        405.84571571086991        0.0000000000000000     
   136.00000000000000        443.50380924297281        0.0000000000000000     
   140.00000000000000        628.85184794727240        0.0000000000000000     
   144.00000000000000        669.55091151083013        0.0000000000000000     
   148.00000000000000        893.56611769602910        0.0000000000000000     
   152.00000000000000        974.05788459892733        0.0000000000000000     
   156.00000000000000        1206.2163647962229        0.0000000000000000     
   160.00000000000000        1277.5456400282419        0.0000000000000000     
   164.00000000000000        1364.4883382728574        0.0000000000000000     
   168.00000000000000        1656.3123319446138        0.0000000000000000     
   172.00000000000000        1781.0173831573532        0.0000000000000000     
   176.00000000000000        2140.1501604672339        0.0000000000000000     
   180.00000000000000        2199.1237276967668        0.0000000000000000     
   184.00000000000000        2251.2574836746148        0.0000000000000000     
   188.00000000000000        2531.8859002094459        0.0000000000000000     
   192.00000000000000        2710.1838927177405        0.0000000000000000     
   196.00000000000000        2897.2676066485405        0.0000000000000000     
   200.00000000000000        2973.7276471120836        0.0000000000000000     
   204.00000000000000        3017.4245236055813        0.0000000000000000     
   208.00000000000000        3261.9371924722500        0.0000000000000000     
   212.00000000000000        3381.4017567737724        0.0000000000000000     
   216.00000000000000        3476.2546477043625        0.0000000000000000     
   220.00000000000000        3508.7877609150296        0.0000000000000000     
   224.00000000000000        3583.6284882886207        0.0000000000000000     
   228.00000000000000        3684.9136128923797        0.0000000000000000     
   232.00000000000000        3757.7825149508158        0.0000000000000000     
   236.00000000000000        3775.2882866896375        0.0000000000000000     
   240.00000000000000        3918.9399561851319        0.0000000000000000     
   244.00000000000000        3851.5648991606172        0.0000000000000000     
   248.00000000000000        3900.6353919325347        0.0000000000000000     
   252.00000000000000        3985.1580342279976        0.0000000000000000     
   256.00000000000000        3963.7627236254680        0.0000000000000000     
   260.00000000000000        3899.5655427698498        0.0000000000000000     
   264.00000000000000        3900.2865968081433        0.0000000000000000     
   268.00000000000000        3847.6545404607855        0.0000000000000000     
   272.00000000000000        3797.8112120234478        0.0000000000000000     
   276.00000000000000        3748.0177216028023        0.0000000000000000     
   280.00000000000000        3643.3623345123156        0.0000000000000000     
   284.00000000000000        3479.4119242960273        0.0000000000000000     
   288.00000000000000        3498.7675624497460        0.0000000000000000     
   292.00000000000000        3232.2735784717402        0.0000000000000000     
   296.00000000000000        3167.1221376348608        0.0000000000000000     
   300.00000000000000        3076.0036774930281        0.0000000000000000     
   304.00000000000000        3006.8223878534413        0.0000000000000000     
   308.00000000000000        2765.2683280217111        0.0000000000000000     
   312.00000000000000        2635.3904477605770        0.0000000000000000     
   316.00000000000000        2538.8343487347292        0.0000000000000000     
   320.00000000000000        2281.4790181327271        0.0000000000000000     
   324.00000000000000        2200.5587010107897        0.0000000000000000     
   328.00000000000000        2071.5721347571771        0.0000000000000000     
   332.00000000000000        2000.8082720285040        0.0000000000000000     
   336.00000000000000        1743.7869143839816        0.0000000000000000     
   340.00000000000000        1653.2087196948189        0.0000000000000000     
   344.00000000000000        1587.2136320373168        0.0000000000000000     
   348.00000000000000        1495.7855176068188        0.0000000000000000     
   352.00000000000000        1298.7219319947064        0.0000000000000000     
   356.00000000000000        1207.5788590095276        0.0000000000000000     
   360.00000000000000        1160.0386550794979        0.0000000000000000     
   364.00000000000000        969.67713210503632        0.0000000000000000     
   368.00000000000000        944.72110796145955        0.0000000000000000     
   372.00000000000000        869.10936879215683        0.0000000000000000     
   376.00000000000000        832.42292275241107        0.0000000000000000     
   380.00000000000000        806.66207469953054        0.0000000000000000     
   384.00000000000000        686.76151211058470        0.0000000000000000     
   388.00000000000000        622.63530724238842        0.0000000000000000     
   392.00000000000000        585.90881731966135        0.0000000000000000     
   396.00000000000000        569.40061513854664        0.0000000000000000     
   400.00000000000000        479.45121870914369        0.0000000000000000     
