   4.0000000000000000        0.0000000000000000        0.0000000000000000     
   8.0000000000000000        0.0000000000000000        0.0000000000000000     
   12.000000000000000        0.0000000000000000        0.0000000000000000     
   16.000000000000000        0.0000000000000000        0.0000000000000000     
   20.000000000000000        0.0000000000000000        0.0000000000000000     
   24.000000000000000        0.0000000000000000        0.0000000000000000     
   28.000000000000000        0.0000000000000000        0.0000000000000000     
   32.000000000000000        4.3010930088226033E-002   0.0000000000000000     
   36.000000000000000        0.0000000000000000        0.0000000000000000     
   40.000000000000000       0.14379659509488721        0.0000000000000000     
   44.000000000000000       0.10826764064758068        0.0000000000000000     
   48.000000000000000       0.56868436104355136        0.0000000000000000     
   52.000000000000000       0.88737167261525429        0.0000000000000000     
   56.000000000000000       0.76757423579544881        0.0000000000000000     
   60.000000000000000        7.8024565959148235        0.0000000000000000     
   64.000000000000000        10.714600384271195        0.0000000000000000     
   68.000000000000000        24.826511101626245        0.0000000000000000     
   72.000000000000000        55.826231033520465        0.0000000000000000     
   76.000000000000000        102.39917232944508        0.0000000000000000     
   80.000000000000000        116.29928850523862        0.0000000000000000     
   84.000000000000000        178.65765986445001        0.0000000000000000     
   88.000000000000000        217.72710235921741        0.0000000000000000     
   92.000000000000000        321.84816018803531        0.0000000000000000     
   96.000000000000000        468.95295200307675        0.0000000000000000     
   100.00000000000000        538.49101335125260        0.0000000000000000     
   104.00000000000000        718.37486946431056        0.0000000000000000     
   108.00000000000000        786.64418037750954        0.0000000000000000     
   112.00000000000000        1004.6364643307918        0.0000000000000000     
   116.00000000000000        1321.3179863503167        0.0000000000000000     
   120.00000000000000        1392.7510642926231        0.0000000000000000     
   124.00000000000000        1679.6838503715833        0.0000000000000000     
   128.00000000000000        1837.2744367443026        0.0000000000000000     
   132.00000000000000        2039.3372401136849        0.0000000000000000     
   136.00000000000000        2179.4525588792840        0.0000000000000000     
   140.00000000000000        2376.7406128759394        0.0000000000000000     
   144.00000000000000        2468.6479366547851        0.0000000000000000     
   148.00000000000000        2666.5631505841056        0.0000000000000000     
   152.00000000000000        2789.2543789744991        0.0000000000000000     
   156.00000000000000        2855.5250234023497        0.0000000000000000     
   160.00000000000000        2975.8697928433990        0.0000000000000000     
   164.00000000000000        3093.8238551050708        0.0000000000000000     
   168.00000000000000        3100.0045336872518        0.0000000000000000     
   172.00000000000000        3203.1681451382478        0.0000000000000000     
   176.00000000000000        3311.6777536855184        0.0000000000000000     
   180.00000000000000        3349.4766762863937        0.0000000000000000     
   184.00000000000000        3362.9029434312670        0.0000000000000000     
   188.00000000000000        3371.9407725762835        0.0000000000000000     
   192.00000000000000        3422.0671397243991        0.0000000000000000     
   196.00000000000000        3328.6102739342746        0.0000000000000000     
   200.00000000000000        3324.6206695463056        0.0000000000000000     
   204.00000000000000        3197.4908317011509        0.0000000000000000     
   208.00000000000000        3169.5316534466197        0.0000000000000000     
   212.00000000000000        3095.0088869482565        0.0000000000000000     
   216.00000000000000        2861.3084998155637        0.0000000000000000     
   220.00000000000000        2771.7119782602886        0.0000000000000000     
   224.00000000000000        2531.7766349503372        0.0000000000000000     
   228.00000000000000        2412.0510494775745        0.0000000000000000     
   232.00000000000000        2378.3016454680337        0.0000000000000000     
   236.00000000000000        2055.8014364507872        0.0000000000000000     
   240.00000000000000        1933.7483748652537        0.0000000000000000     
   244.00000000000000        1842.9252011419671        0.0000000000000000     
   248.00000000000000        1593.5937899286121        0.0000000000000000     
   252.00000000000000        1502.9060370510529        0.0000000000000000     
   256.00000000000000        1271.4468833525730        0.0000000000000000     
   260.00000000000000        1219.2588081977187        0.0000000000000000     
   264.00000000000000        1098.1376264464607        0.0000000000000000     
   268.00000000000000        916.45290266544941        0.0000000000000000     
   272.00000000000000        837.92567418785939        0.0000000000000000     
   276.00000000000000        812.10384051933136        0.0000000000000000     
   280.00000000000000        675.95969739538464        0.0000000000000000     
   284.00000000000000        624.07669117003957        0.0000000000000000     
   288.00000000000000        582.29873155942005        0.0000000000000000     
   292.00000000000000        489.31329705980539        0.0000000000000000     
   296.00000000000000        468.35132452303952        0.0000000000000000     
   300.00000000000000        409.41935969982546        0.0000000000000000     
   304.00000000000000        357.81639948619733        0.0000000000000000     
   308.00000000000000        318.83322951025139        0.0000000000000000     
   312.00000000000000        296.84155768134468        0.0000000000000000     
   316.00000000000000        285.53210524580180        0.0000000000000000     
   320.00000000000000        243.88650562471094        0.0000000000000000     
   324.00000000000000        223.17043122695571        0.0000000000000000     
   328.00000000000000        218.78962118653067        0.0000000000000000     
   332.00000000000000        189.81733556814288        0.0000000000000000     
   336.00000000000000        180.69702533055997        0.0000000000000000     
   340.00000000000000        167.46831973465706        0.0000000000000000     
   344.00000000000000        164.70543991670786        0.0000000000000000     
   348.00000000000000        152.82650426123985        0.0000000000000000     
   352.00000000000000        163.94289981141245        0.0000000000000000     
   356.00000000000000        134.64672954697363        0.0000000000000000     
   360.00000000000000        137.53624154099356        0.0000000000000000     
   364.00000000000000        135.80831519900684        0.0000000000000000     
   368.00000000000000        138.95513997085726        0.0000000000000000     
   372.00000000000000        133.09384553853465        0.0000000000000000     
   376.00000000000000        135.02219038560975        0.0000000000000000     
   380.00000000000000        113.46760258559715        0.0000000000000000     
   384.00000000000000        132.25711344508457        0.0000000000000000     
   388.00000000000000        126.72887862705767        0.0000000000000000     
   392.00000000000000        105.95937540244597        0.0000000000000000     
   396.00000000000000        112.90453812083513        0.0000000000000000     
   400.00000000000000        110.11973403640465        0.0000000000000000     
