   4.0000000000000000        0.0000000000000000        0.0000000000000000     
   8.0000000000000000        0.0000000000000000        0.0000000000000000     
   12.000000000000000        0.0000000000000000        0.0000000000000000     
   16.000000000000000        0.0000000000000000        0.0000000000000000     
   20.000000000000000        0.0000000000000000        0.0000000000000000     
   24.000000000000000       0.38955475386416366        0.0000000000000000     
   28.000000000000000        1.2281177823031817        0.0000000000000000     
   32.000000000000000        45.539568423384551        0.0000000000000000     
   36.000000000000000        158.53559348300391        0.0000000000000000     
   40.000000000000000        357.14752506156105        0.0000000000000000     
   44.000000000000000        704.41953489910679        0.0000000000000000     
   48.000000000000000        1245.0556996493465        0.0000000000000000     
   52.000000000000000        2000.7132557766781        0.0000000000000000     
   56.000000000000000        3080.1338954252587        0.0000000000000000     
   60.000000000000000        4463.0726789783685        0.0000000000000000     
   64.000000000000000        4743.4099200774126        0.0000000000000000     
   68.000000000000000        6259.2481411941035        0.0000000000000000     
   72.000000000000000        8312.4770505427314        0.0000000000000000     
   76.000000000000000        9189.4477766247746        0.0000000000000000     
   80.000000000000000        10835.480346204960        0.0000000000000000     
   84.000000000000000        12686.500010353098        0.0000000000000000     
   88.000000000000000        13319.344510387766        0.0000000000000000     
   92.000000000000000        14995.538226545552        0.0000000000000000     
   96.000000000000000        15625.241303645409        0.0000000000000000     
   100.00000000000000        16789.848855132077        0.0000000000000000     
   104.00000000000000        17516.440280128427        0.0000000000000000     
   108.00000000000000        18426.401502422344        0.0000000000000000     
   112.00000000000000        18880.068220162357        0.0000000000000000     
   116.00000000000000        19416.496558757553        0.0000000000000000     
   120.00000000000000        19984.478624481668        0.0000000000000000     
   124.00000000000000        20346.341124725270        0.0000000000000000     
   128.00000000000000        20668.465910352643        0.0000000000000000     
   132.00000000000000        20701.721473966245        0.0000000000000000     
   136.00000000000000        20908.427914853120        0.0000000000000000     
   140.00000000000000        20544.096329809752        0.0000000000000000     
   144.00000000000000        20588.132688219634        0.0000000000000000     
   148.00000000000000        20308.864304319719        0.0000000000000000     
   152.00000000000000        19411.768105697869        0.0000000000000000     
   156.00000000000000        18877.998799320172        0.0000000000000000     
   160.00000000000000        17539.044705875403        0.0000000000000000     
   164.00000000000000        17382.387527552677        0.0000000000000000     
   168.00000000000000        16676.742195826835        0.0000000000000000     
   172.00000000000000        14932.247531565525        0.0000000000000000     
   176.00000000000000        14062.395000686913        0.0000000000000000     
   180.00000000000000        12360.939601368878        0.0000000000000000     
   184.00000000000000        12206.239183232912        0.0000000000000000     
   188.00000000000000        11319.818133433861        0.0000000000000000     
   192.00000000000000        9620.8314702080970        0.0000000000000000     
   196.00000000000000        9131.3535599268653        0.0000000000000000     
   200.00000000000000        8663.5191404376747        0.0000000000000000     
   204.00000000000000        7239.5404909637982        0.0000000000000000     
   208.00000000000000        6513.6377076506160        0.0000000000000000     
   212.00000000000000        6286.4602946448249        0.0000000000000000     
   216.00000000000000        5299.6517424923386        0.0000000000000000     
   220.00000000000000        4720.9538192532445        0.0000000000000000     
   224.00000000000000        4476.4098490858169        0.0000000000000000     
   228.00000000000000        3711.8083806697509        0.0000000000000000     
   232.00000000000000        3484.5519957383212        0.0000000000000000     
   236.00000000000000        3180.6525270342709        0.0000000000000000     
   240.00000000000000        2612.9743145011234        0.0000000000000000     
   244.00000000000000        2446.8565288912155        0.0000000000000000     
   248.00000000000000        2219.1630015649430        0.0000000000000000     
   252.00000000000000        2090.4289327268243        0.0000000000000000     
   256.00000000000000        1732.6195077632494        0.0000000000000000     
   260.00000000000000        1607.3731226055552        0.0000000000000000     
   264.00000000000000        1506.5519547177771        0.0000000000000000     
   268.00000000000000        1276.5742857449666        0.0000000000000000     
   272.00000000000000        1184.0763935584655        0.0000000000000000     
   276.00000000000000        1093.8993197544910        0.0000000000000000     
   280.00000000000000        1020.4039321115749        0.0000000000000000     
   284.00000000000000        910.00668679126125        0.0000000000000000     
   288.00000000000000        877.05111471085218        0.0000000000000000     
   292.00000000000000        810.63896246119384        0.0000000000000000     
   296.00000000000000        747.34257769368173        0.0000000000000000     
   300.00000000000000        683.83348021382051        0.0000000000000000     
   304.00000000000000        676.05041950632801        0.0000000000000000     
   308.00000000000000        615.63841296063003        0.0000000000000000     
   312.00000000000000        621.40813677179983        0.0000000000000000     
   316.00000000000000        583.67604723718239        0.0000000000000000     
   320.00000000000000        551.93866178140149        0.0000000000000000     
   324.00000000000000        535.81047860152341        0.0000000000000000     
   328.00000000000000        548.71178228220936        0.0000000000000000     
   332.00000000000000        509.06373981994483        0.0000000000000000     
   336.00000000000000        504.12371331069892        0.0000000000000000     
   340.00000000000000        486.97360958016162        0.0000000000000000     
   344.00000000000000        458.05887858550966        0.0000000000000000     
   348.00000000000000        451.69543962613028        0.0000000000000000     
   352.00000000000000        450.94841864097185        0.0000000000000000     
   356.00000000000000        422.56180365555019        0.0000000000000000     
   360.00000000000000        420.98033226980101        0.0000000000000000     
   364.00000000000000        414.37485417033315        0.0000000000000000     
   368.00000000000000        403.22393892695794        0.0000000000000000     
   372.00000000000000        390.84403647084440        0.0000000000000000     
   376.00000000000000        390.92262013563408        0.0000000000000000     
   380.00000000000000        376.95927920570961        0.0000000000000000     
   384.00000000000000        364.17984662002311        0.0000000000000000     
   388.00000000000000        345.07599443484452        0.0000000000000000     
   392.00000000000000        330.54231743879808        0.0000000000000000     
   396.00000000000000        327.29589269361122        0.0000000000000000     
   400.00000000000000        325.30932445912009        0.0000000000000000     
