   4.0000000000000000        0.0000000000000000        0.0000000000000000     
   8.0000000000000000        0.0000000000000000        0.0000000000000000     
   12.000000000000000        0.0000000000000000        0.0000000000000000     
   16.000000000000000        0.0000000000000000        0.0000000000000000     
   20.000000000000000        0.0000000000000000        0.0000000000000000     
   24.000000000000000        0.0000000000000000        0.0000000000000000     
   28.000000000000000        0.0000000000000000        0.0000000000000000     
   32.000000000000000        0.0000000000000000        0.0000000000000000     
   36.000000000000000        0.0000000000000000        0.0000000000000000     
   40.000000000000000        0.0000000000000000        0.0000000000000000     
   44.000000000000000        0.0000000000000000        0.0000000000000000     
   48.000000000000000        0.0000000000000000        0.0000000000000000     
   52.000000000000000        0.0000000000000000        0.0000000000000000     
   56.000000000000000        0.0000000000000000        0.0000000000000000     
   60.000000000000000        0.0000000000000000       0.30834123253989715     
   64.000000000000000        0.0000000000000000       0.38180828984110110     
   68.000000000000000        0.0000000000000000        1.0675995614648326     
   72.000000000000000        0.0000000000000000        2.8879717695979625     
   76.000000000000000        0.0000000000000000        4.9650568828910568     
   80.000000000000000        0.0000000000000000        5.3256259624493794     
   84.000000000000000        0.0000000000000000        10.294435195973906     
   88.000000000000000        0.0000000000000000        11.318542360863997     
   92.000000000000000        0.0000000000000000        17.435720743267083     
   96.000000000000000        0.0000000000000000        27.211566581797346     
   100.00000000000000        0.0000000000000000        29.031544547406071     
   104.00000000000000        0.0000000000000000        41.458274497768159     
   108.00000000000000        0.0000000000000000        43.543117167307997     
   112.00000000000000        0.0000000000000000        57.472969868388496     
   116.00000000000000        0.0000000000000000        74.565558620297580     
   120.00000000000000        0.0000000000000000        79.770624479708502     
   124.00000000000000        0.0000000000000000        102.69554792212979     
   128.00000000000000        0.0000000000000000        107.09619426225900     
   132.00000000000000        0.0000000000000000        120.35821571296610     
   136.00000000000000        0.0000000000000000        128.41947006244948     
   140.00000000000000        0.0000000000000000        147.65625635584414     
   144.00000000000000        0.0000000000000000        156.33559508104440     
   148.00000000000000        0.0000000000000000        165.95354156397380     
   152.00000000000000        0.0000000000000000        172.25283513297430     
   156.00000000000000        0.0000000000000000        176.74174643571010     
   160.00000000000000        0.0000000000000000        192.81545975894625     
   164.00000000000000        0.0000000000000000        201.36196430279122     
   168.00000000000000        0.0000000000000000        202.30942922083818     
   172.00000000000000        0.0000000000000000        217.07450632824717     
   176.00000000000000        0.0000000000000000        223.98666956575875     
   180.00000000000000        0.0000000000000000        223.01425683364764     
   184.00000000000000        0.0000000000000000        226.15110630973163     
   188.00000000000000        0.0000000000000000        240.25498490381352     
   192.00000000000000        0.0000000000000000        239.44533063841857     
   196.00000000000000        0.0000000000000000        237.01080302353108     
   200.00000000000000        0.0000000000000000        241.85442701703468     
   204.00000000000000        0.0000000000000000        231.44602063304285     
   208.00000000000000        0.0000000000000000        228.06687645369607     
   212.00000000000000        0.0000000000000000        236.15124082844389     
   216.00000000000000        0.0000000000000000        210.78893508062194     
   220.00000000000000        0.0000000000000000        217.45026527519465     
   224.00000000000000        0.0000000000000000        195.36113182982916     
   228.00000000000000        0.0000000000000000        187.76421413412061     
   232.00000000000000        0.0000000000000000        189.58360241624683     
   236.00000000000000        0.0000000000000000        166.45398824898072     
   240.00000000000000        0.0000000000000000        160.44512821532135     
   244.00000000000000        0.0000000000000000        160.01029311525448     
   248.00000000000000        0.0000000000000000        136.84721079288238     
   252.00000000000000        0.0000000000000000        125.17229258256026     
   256.00000000000000        0.0000000000000000        106.35987847220747     
   260.00000000000000        0.0000000000000000        101.47794649575334     
   264.00000000000000        0.0000000000000000        91.661936573654842     
   268.00000000000000        0.0000000000000000        78.890804354172118     
   272.00000000000000        0.0000000000000000        72.030520626357855     
   276.00000000000000        0.0000000000000000        65.552849218140082     
   280.00000000000000        0.0000000000000000        53.555272843310696     
   284.00000000000000        0.0000000000000000        49.844565074183478     
   288.00000000000000        0.0000000000000000        45.720772937448409     
   292.00000000000000        0.0000000000000000        37.277655397251600     
   296.00000000000000        0.0000000000000000        34.309171123814735     
   300.00000000000000        0.0000000000000000        30.321634111566933     
   304.00000000000000        0.0000000000000000        20.489665650641079     
   308.00000000000000        0.0000000000000000        19.185335661789299     
   312.00000000000000        0.0000000000000000        18.844849057056894     
   316.00000000000000        0.0000000000000000        18.262516497066876     
   320.00000000000000        0.0000000000000000        11.429673362855373     
   324.00000000000000        0.0000000000000000        11.630391933225708     
   328.00000000000000        0.0000000000000000        9.7109022520179860     
   332.00000000000000        0.0000000000000000        6.6760724720068163     
   336.00000000000000        0.0000000000000000        5.7079976216175954     
   340.00000000000000        0.0000000000000000        4.5935890874536529     
   344.00000000000000        0.0000000000000000        3.5931124910796064     
   348.00000000000000        0.0000000000000000        2.8713812441891000     
   352.00000000000000        0.0000000000000000        1.8707078573128346     
   356.00000000000000        0.0000000000000000        1.2575924827226270     
   360.00000000000000        0.0000000000000000        1.2652471801198901     
   364.00000000000000        0.0000000000000000       0.69727223953202544     
   368.00000000000000        0.0000000000000000       0.64121650259135166     
   372.00000000000000        0.0000000000000000       0.72452983667343462     
   376.00000000000000        0.0000000000000000       0.35182549048881839     
   380.00000000000000        0.0000000000000000       0.47751926279648488     
   384.00000000000000        0.0000000000000000       0.38074886845165262     
   388.00000000000000        0.0000000000000000       0.26283829653443996     
   392.00000000000000        0.0000000000000000       0.12407301284011324     
   396.00000000000000        0.0000000000000000        3.3140599197186926E-002
   400.00000000000000        0.0000000000000000       0.18805478170843484     
