   4.0000000000000000        0.0000000000000000        0.0000000000000000     
   8.0000000000000000        0.0000000000000000        0.0000000000000000     
   12.000000000000000        0.0000000000000000        0.0000000000000000     
   16.000000000000000        0.0000000000000000        0.0000000000000000     
   20.000000000000000        0.0000000000000000        0.0000000000000000     
   24.000000000000000        0.0000000000000000        0.0000000000000000     
   28.000000000000000        0.0000000000000000        0.0000000000000000     
   32.000000000000000        0.0000000000000000        0.0000000000000000     
   36.000000000000000        0.0000000000000000        0.0000000000000000     
   40.000000000000000       0.10933060946292981        0.0000000000000000     
   44.000000000000000        3.9698513638240826E-002   0.0000000000000000     
   48.000000000000000        0.0000000000000000        0.0000000000000000     
   52.000000000000000       0.13073024469132691        0.0000000000000000     
   56.000000000000000        0.0000000000000000        0.0000000000000000     
   60.000000000000000       0.21648490538048931        0.0000000000000000     
   64.000000000000000       0.56467421680656871        0.0000000000000000     
   68.000000000000000       0.72053619291803661        0.0000000000000000     
   72.000000000000000        1.0554599788053680        0.0000000000000000     
   76.000000000000000        1.1793585376334870        0.0000000000000000     
   80.000000000000000        2.0509455048517320        0.0000000000000000     
   84.000000000000000        2.5706034223741510        0.0000000000000000     
   88.000000000000000        4.1998647480447451        0.0000000000000000     
   92.000000000000000        12.345315766435309        0.0000000000000000     
   96.000000000000000        16.753845186653592        0.0000000000000000     
   100.00000000000000        36.148687775264264        0.0000000000000000     
   104.00000000000000        45.088627856664665        0.0000000000000000     
   108.00000000000000        75.779136910077938        0.0000000000000000     
   112.00000000000000        86.139338845767824        0.0000000000000000     
   116.00000000000000        142.65282585410705        0.0000000000000000     
   120.00000000000000        168.59808122452489        0.0000000000000000     
   124.00000000000000        254.66861633488745        0.0000000000000000     
   128.00000000000000        281.58001665354800        0.0000000000000000     
   132.00000000000000        407.23841310984045        0.0000000000000000     
   136.00000000000000        445.07150802590087        0.0000000000000000     
   140.00000000000000        630.46080054297897        0.0000000000000000     
   144.00000000000000        671.91633233160519        0.0000000000000000     
   148.00000000000000        895.94590521718158        0.0000000000000000     
   152.00000000000000        976.14616305579000        0.0000000000000000     
   156.00000000000000        1208.2449513224401        0.0000000000000000     
   160.00000000000000        1279.2646259687351        0.0000000000000000     
   164.00000000000000        1366.6070645840398        0.0000000000000000     
   168.00000000000000        1659.2706256472231        0.0000000000000000     
   172.00000000000000        1783.0730153142276        0.0000000000000000     
   176.00000000000000        2142.7109386932580        0.0000000000000000     
   180.00000000000000        2201.2873704937324        0.0000000000000000     
   184.00000000000000        2254.3878215896930        0.0000000000000000     
   188.00000000000000        2534.8548094625967        0.0000000000000000     
   192.00000000000000        2712.9038036722700        0.0000000000000000     
   196.00000000000000        2900.0277075063200        0.0000000000000000     
   200.00000000000000        2976.9207696623835        0.0000000000000000     
   204.00000000000000        3020.1336636335918        0.0000000000000000     
   208.00000000000000        3264.0564547043596        0.0000000000000000     
   212.00000000000000        3383.1647461391049        0.0000000000000000     
   216.00000000000000        3478.9777252805497        0.0000000000000000     
   220.00000000000000        3510.9807321560961        0.0000000000000000     
   224.00000000000000        3587.6829604048671        0.0000000000000000     
   228.00000000000000        3687.9388930936830        0.0000000000000000     
   232.00000000000000        3759.6569817039099        0.0000000000000000     
   236.00000000000000        3777.6217238783452        0.0000000000000000     
   240.00000000000000        3921.6893964432616        0.0000000000000000     
   244.00000000000000        3855.1902207646144        0.0000000000000000     
   248.00000000000000        3903.2728273783378        0.0000000000000000     
   252.00000000000000        3986.8368062119553        0.0000000000000000     
   256.00000000000000        3966.0236990320514        0.0000000000000000     
   260.00000000000000        3901.8655939829810        0.0000000000000000     
   264.00000000000000        3903.0377707798184        0.0000000000000000     
   268.00000000000000        3849.4997066461710        0.0000000000000000     
   272.00000000000000        3799.1821410312737        0.0000000000000000     
   276.00000000000000        3749.5381815485762        0.0000000000000000     
   280.00000000000000        3645.1669478901249        0.0000000000000000     
   284.00000000000000        3482.1736649131130        0.0000000000000000     
   288.00000000000000        3500.9427126573396        0.0000000000000000     
   292.00000000000000        3234.0860654917115        0.0000000000000000     
   296.00000000000000        3168.7467971862420        0.0000000000000000     
   300.00000000000000        3077.5324832081742        0.0000000000000000     
   304.00000000000000        3008.4016359355519        0.0000000000000000     
   308.00000000000000        2767.1364017836304        0.0000000000000000     
   312.00000000000000        2636.6590785172539        0.0000000000000000     
   316.00000000000000        2539.7469711764511        0.0000000000000000     
   320.00000000000000        2282.5055345294941        0.0000000000000000     
   324.00000000000000        2201.9337208438337        0.0000000000000000     
   328.00000000000000        2072.7922275852720        0.0000000000000000     
   332.00000000000000        2001.9176475019442        0.0000000000000000     
   336.00000000000000        1744.7765634582747        0.0000000000000000     
   340.00000000000000        1654.0163886917489        0.0000000000000000     
   344.00000000000000        1588.7210750162701        0.0000000000000000     
   348.00000000000000        1497.1882307242481        0.0000000000000000     
   352.00000000000000        1299.9304044236005        0.0000000000000000     
   356.00000000000000        1208.4406715080165        0.0000000000000000     
   360.00000000000000        1160.3290303792562        0.0000000000000000     
   364.00000000000000        970.81044736770264        0.0000000000000000     
   368.00000000000000        945.54818389066327        0.0000000000000000     
   372.00000000000000        869.90632140104799        0.0000000000000000     
   376.00000000000000        833.44282155044334        0.0000000000000000     
   380.00000000000000        806.95183805476233        0.0000000000000000     
   384.00000000000000        687.70581048247914        0.0000000000000000     
   388.00000000000000        623.09883531937771        0.0000000000000000     
   392.00000000000000        586.54289794668136        0.0000000000000000     
   396.00000000000000        570.08551531461626        0.0000000000000000     
   400.00000000000000        479.75703578315671        0.0000000000000000     
