   4.0000000000000000        0.0000000000000000        0.0000000000000000     
   8.0000000000000000        0.0000000000000000        0.0000000000000000     
   12.000000000000000        0.0000000000000000        0.0000000000000000     
   16.000000000000000        0.0000000000000000        0.0000000000000000     
   20.000000000000000        0.0000000000000000        0.0000000000000000     
   24.000000000000000        0.0000000000000000        0.0000000000000000     
   28.000000000000000        0.0000000000000000        0.0000000000000000     
   32.000000000000000        0.0000000000000000        0.0000000000000000     
   36.000000000000000        0.0000000000000000        0.0000000000000000     
   40.000000000000000        0.0000000000000000        0.0000000000000000     
   44.000000000000000        0.0000000000000000        0.0000000000000000     
   48.000000000000000        0.0000000000000000        0.0000000000000000     
   52.000000000000000        0.0000000000000000        0.0000000000000000     
   56.000000000000000        0.0000000000000000        0.0000000000000000     
   60.000000000000000        0.0000000000000000       0.77664550891226325     
   64.000000000000000        0.0000000000000000       0.94856927177648021     
   68.000000000000000        0.0000000000000000        2.5989511405103398     
   72.000000000000000        0.0000000000000000        7.0701464437243287     
   76.000000000000000        0.0000000000000000        12.102871045348811     
   80.000000000000000        0.0000000000000000        12.686503985432353     
   84.000000000000000        0.0000000000000000        24.200157309760979     
   88.000000000000000        0.0000000000000000        25.989717932366922     
   92.000000000000000        0.0000000000000000        39.204599422818774     
   96.000000000000000        0.0000000000000000        60.118296707141539     
   100.00000000000000        0.0000000000000000        62.455548208282160     
   104.00000000000000        0.0000000000000000        87.700707352278911     
   108.00000000000000        0.0000000000000000        90.767197286338941     
   112.00000000000000        0.0000000000000000        116.71780595210852     
   116.00000000000000        0.0000000000000000        150.07165941790342     
   120.00000000000000        0.0000000000000000        156.31918889460172     
   124.00000000000000        0.0000000000000000        194.70989505100448     
   128.00000000000000        0.0000000000000000        198.98688486913301     
   132.00000000000000        0.0000000000000000        217.77141032331289     
   136.00000000000000        0.0000000000000000        224.01859859566065     
   140.00000000000000        0.0000000000000000        249.21314794775665     
   144.00000000000000        0.0000000000000000        258.79491075515318     
   148.00000000000000        0.0000000000000000        264.75956754518313     
   152.00000000000000        0.0000000000000000        268.97751352967151     
   156.00000000000000        0.0000000000000000        270.53230172059199     
   160.00000000000000        0.0000000000000000        282.75797365433885     
   164.00000000000000        0.0000000000000000        286.38972292111401     
   168.00000000000000        0.0000000000000000        279.70008713709620     
   172.00000000000000        0.0000000000000000        288.28452890274372     
   176.00000000000000        0.0000000000000000        294.21150634556074     
   180.00000000000000        0.0000000000000000        277.65012732697818     
   184.00000000000000        0.0000000000000000        274.20417672812465     
   188.00000000000000        0.0000000000000000        277.82259993337374     
   192.00000000000000        0.0000000000000000        265.93887050062972     
   196.00000000000000        0.0000000000000000        257.67937096680720     
   200.00000000000000        0.0000000000000000        251.29729293068610     
   204.00000000000000        0.0000000000000000        236.93510607216629     
   208.00000000000000        0.0000000000000000        223.29747562190965     
   212.00000000000000        0.0000000000000000        222.24705884680600     
   216.00000000000000        0.0000000000000000        193.01384102635024     
   220.00000000000000        0.0000000000000000        191.70854700782223     
   224.00000000000000        0.0000000000000000        171.96794438168789     
   228.00000000000000        0.0000000000000000        159.01484695591034     
   232.00000000000000        0.0000000000000000        155.03565876324609     
   236.00000000000000        0.0000000000000000        132.90481949240476     
   240.00000000000000        0.0000000000000000        124.06055901986089     
   244.00000000000000        0.0000000000000000        120.11440958319125     
   248.00000000000000        0.0000000000000000        105.98644465509186     
   252.00000000000000        0.0000000000000000        92.112434992134169     
   256.00000000000000        0.0000000000000000        79.469079495884941     
   260.00000000000000        0.0000000000000000        74.792372780134841     
   264.00000000000000        0.0000000000000000        67.348761669031006     
   268.00000000000000        0.0000000000000000        56.957756082142076     
   272.00000000000000        0.0000000000000000        50.749877997911014     
   276.00000000000000        0.0000000000000000        45.715051550542164     
   280.00000000000000        0.0000000000000000        38.197742265288042     
   284.00000000000000        0.0000000000000000        34.819500745021784     
   288.00000000000000        0.0000000000000000        31.242153738411051     
   292.00000000000000        0.0000000000000000        26.112276535695855     
   296.00000000000000        0.0000000000000000        23.555913438228345     
   300.00000000000000        0.0000000000000000        20.636906580198907     
   304.00000000000000        0.0000000000000000        13.900670100084749     
   308.00000000000000        0.0000000000000000        12.819238583110563     
   312.00000000000000        0.0000000000000000        12.639036961390216     
   316.00000000000000        0.0000000000000000        12.076097503695832     
   320.00000000000000        0.0000000000000000        7.9247444031045990     
   324.00000000000000        0.0000000000000000        8.2638016545740438     
   328.00000000000000        0.0000000000000000        6.3119276323863085     
   332.00000000000000        0.0000000000000000        4.5291210442687522     
   336.00000000000000        0.0000000000000000        3.7466497533051073     
   340.00000000000000        0.0000000000000000        3.0386872061568910     
   344.00000000000000        0.0000000000000000        2.3846537952234073     
   348.00000000000000        0.0000000000000000        2.0438940700243444     
   352.00000000000000        0.0000000000000000        1.2370820864691097     
   356.00000000000000        0.0000000000000000       0.85317453139516919     
   360.00000000000000        0.0000000000000000       0.89209391435644236     
   364.00000000000000        0.0000000000000000       0.45740233230614430     
   368.00000000000000        0.0000000000000000       0.41113937088972746     
   372.00000000000000        0.0000000000000000       0.50503999116193254     
   376.00000000000000        0.0000000000000000       0.22665043808463409     
   380.00000000000000        0.0000000000000000       0.31163544070405969     
   384.00000000000000        0.0000000000000000       0.24938588442544574     
   388.00000000000000        0.0000000000000000       0.16711414475289069     
   392.00000000000000        0.0000000000000000        9.5751209119760899E-002
   396.00000000000000        0.0000000000000000        2.9361532436888781E-002
   400.00000000000000        0.0000000000000000       0.11195198713761907     
