   4.0000000000000000        0.0000000000000000        0.0000000000000000     
   8.0000000000000000        0.0000000000000000        0.0000000000000000     
   12.000000000000000        0.0000000000000000        0.0000000000000000     
   16.000000000000000        0.0000000000000000        0.0000000000000000     
   20.000000000000000        0.0000000000000000        0.0000000000000000     
   24.000000000000000        0.0000000000000000        0.0000000000000000     
   28.000000000000000        0.0000000000000000        0.0000000000000000     
   32.000000000000000        0.0000000000000000        0.0000000000000000     
   36.000000000000000        0.0000000000000000        0.0000000000000000     
   40.000000000000000        0.0000000000000000        0.0000000000000000     
   44.000000000000000        0.0000000000000000        0.0000000000000000     
   48.000000000000000        0.0000000000000000        0.0000000000000000     
   52.000000000000000        0.0000000000000000        0.0000000000000000     
   56.000000000000000        0.0000000000000000        0.0000000000000000     
   60.000000000000000        0.0000000000000000        0.0000000000000000     
   64.000000000000000        0.0000000000000000        8.2389296386396944E-004
   68.000000000000000        0.0000000000000000        5.9190248877090706E-002
   72.000000000000000        0.0000000000000000        6.9053499117627801E-002
   76.000000000000000        0.0000000000000000        4.3955948159665637E-002
   80.000000000000000        0.0000000000000000       0.14731691868355579     
   84.000000000000000        0.0000000000000000        5.5851318442302650E-002
   88.000000000000000        0.0000000000000000       0.35052294371783410     
   92.000000000000000        0.0000000000000000        1.3817442394371291     
   96.000000000000000        0.0000000000000000        1.9482430326976525     
   100.00000000000000        0.0000000000000000        3.3496129267101424     
   104.00000000000000        0.0000000000000000        4.7630026948224753     
   108.00000000000000        0.0000000000000000        8.3314776798923944     
   112.00000000000000        0.0000000000000000        10.640651191738577     
   116.00000000000000        0.0000000000000000        16.807483147411585     
   120.00000000000000        0.0000000000000000        20.034905056220278     
   124.00000000000000        0.0000000000000000        29.510975430882571     
   128.00000000000000        0.0000000000000000        33.343478453364476     
   132.00000000000000        0.0000000000000000        51.815638974203488     
   136.00000000000000        0.0000000000000000        54.052147413436309     
   140.00000000000000        0.0000000000000000        75.628430348683622     
   144.00000000000000        0.0000000000000000        81.697254063634048     
   148.00000000000000        0.0000000000000000        105.84718325645272     
   152.00000000000000        0.0000000000000000        116.10023206691518     
   156.00000000000000        0.0000000000000000        144.00745328706682     
   160.00000000000000        0.0000000000000000        147.95257931753187     
   164.00000000000000        0.0000000000000000        160.41293899275144     
   168.00000000000000        0.0000000000000000        192.69638025318670     
   172.00000000000000        0.0000000000000000        203.23104755344986     
   176.00000000000000        0.0000000000000000        245.22636909010436     
   180.00000000000000        0.0000000000000000        248.83857322771570     
   184.00000000000000        0.0000000000000000        252.19965822581102     
   188.00000000000000        0.0000000000000000        272.54868382591383     
   192.00000000000000        0.0000000000000000        293.07978330739303     
   196.00000000000000        0.0000000000000000        312.92224045246383     
   200.00000000000000        0.0000000000000000        308.21083678893189     
   204.00000000000000        0.0000000000000000        300.79288773439310     
   208.00000000000000        0.0000000000000000        332.33795472073149     
   212.00000000000000        0.0000000000000000        347.68242109214231     
   216.00000000000000        0.0000000000000000        343.04294891454612     
   220.00000000000000        0.0000000000000000        353.10862873836294     
   224.00000000000000        0.0000000000000000        347.72535327825796     
   228.00000000000000        0.0000000000000000        362.66321323709138     
   232.00000000000000        0.0000000000000000        362.51306214873313     
   236.00000000000000        0.0000000000000000        361.82916816577290     
   240.00000000000000        0.0000000000000000        369.34032631664860     
   244.00000000000000        0.0000000000000000        359.47520620122469     
   248.00000000000000        0.0000000000000000        346.98041367261089     
   252.00000000000000        0.0000000000000000        357.96802592945573     
   256.00000000000000        0.0000000000000000        353.76002022624789     
   260.00000000000000        0.0000000000000000        356.42706885436519     
   264.00000000000000        0.0000000000000000        344.16489212465586     
   268.00000000000000        0.0000000000000000        342.54608590629118     
   272.00000000000000        0.0000000000000000        343.12137285424865     
   276.00000000000000        0.0000000000000000        328.12393743893034     
   280.00000000000000        0.0000000000000000        320.26130341330207     
   284.00000000000000        0.0000000000000000        304.65113175917060     
   288.00000000000000        0.0000000000000000        304.35282712035701     
   292.00000000000000        0.0000000000000000        288.63199123253844     
   296.00000000000000        0.0000000000000000        270.84413422949535     
   300.00000000000000        0.0000000000000000        267.73537355886583     
   304.00000000000000        0.0000000000000000        262.25665471009467     
   308.00000000000000        0.0000000000000000        241.20845481849318     
   312.00000000000000        0.0000000000000000        228.46959988266278     
   316.00000000000000        0.0000000000000000        223.85731161433944     
   320.00000000000000        0.0000000000000000        205.26305642482862     
   324.00000000000000        0.0000000000000000        199.76927387040004     
   328.00000000000000        0.0000000000000000        192.52608663635752     
   332.00000000000000        0.0000000000000000        177.83620432453372     
   336.00000000000000        0.0000000000000000        164.60328613975841     
   340.00000000000000        0.0000000000000000        154.49402130230089     
   344.00000000000000        0.0000000000000000        147.45157310333641     
   348.00000000000000        0.0000000000000000        140.28000169176948     
   352.00000000000000        0.0000000000000000        127.45129486788635     
   356.00000000000000        0.0000000000000000        116.19672317951361     
   360.00000000000000        0.0000000000000000        116.14511130944182     
   364.00000000000000        0.0000000000000000        95.443062653503688     
   368.00000000000000        0.0000000000000000        95.762466494355351     
   372.00000000000000        0.0000000000000000        88.989109892119629     
   376.00000000000000        0.0000000000000000        84.466929410578118     
   380.00000000000000        0.0000000000000000        84.111139204839887     
   384.00000000000000        0.0000000000000000        72.860177003929948     
   388.00000000000000        0.0000000000000000        70.090807628238963     
   392.00000000000000        0.0000000000000000        62.259326699699301     
   396.00000000000000        0.0000000000000000        63.370653946805099     
   400.00000000000000        0.0000000000000000        54.278364445720172     
