   4.0000000000000000        0.0000000000000000        0.0000000000000000     
   8.0000000000000000        0.0000000000000000        0.0000000000000000     
   12.000000000000000        0.0000000000000000        0.0000000000000000     
   16.000000000000000        0.0000000000000000        0.0000000000000000     
   20.000000000000000        0.0000000000000000        0.0000000000000000     
   24.000000000000000       0.65159097409491162        0.0000000000000000     
   28.000000000000000        56.060328430341976        0.0000000000000000     
   32.000000000000000        158.83044565008271        0.0000000000000000     
   36.000000000000000        412.19953006833032        0.0000000000000000     
   40.000000000000000        802.04012603401361        0.0000000000000000     
   44.000000000000000        1419.1614656313536        0.0000000000000000     
   48.000000000000000        2289.1276063812206        0.0000000000000000     
   52.000000000000000        3508.0150076584118        0.0000000000000000     
   56.000000000000000        3942.2147875782302        0.0000000000000000     
   60.000000000000000        5238.6189021364944        0.0000000000000000     
   64.000000000000000        7297.1105719478373        0.0000000000000000     
   68.000000000000000        9559.9169374182620        0.0000000000000000     
   72.000000000000000        10203.491261100135        0.0000000000000000     
   76.000000000000000        12393.062612148367        0.0000000000000000     
   80.000000000000000        13326.293339463749        0.0000000000000000     
   84.000000000000000        15365.901033880720        0.0000000000000000     
   88.000000000000000        17110.105065361462        0.0000000000000000     
   92.000000000000000        18303.490994013475        0.0000000000000000     
   96.000000000000000        19187.232690595665        0.0000000000000000     
   100.00000000000000        20371.241927038300        0.0000000000000000     
   104.00000000000000        21052.839493090185        0.0000000000000000     
   108.00000000000000        21843.174530040451        0.0000000000000000     
   112.00000000000000        22567.912989414464        0.0000000000000000     
   116.00000000000000        22877.470750809509        0.0000000000000000     
   120.00000000000000        23520.545141783423        0.0000000000000000     
   124.00000000000000        23934.384873142259        0.0000000000000000     
   128.00000000000000        23917.825329883941        0.0000000000000000     
   132.00000000000000        24081.735339196111        0.0000000000000000     
   136.00000000000000        23837.729409124418        0.0000000000000000     
   140.00000000000000        23711.970005453964        0.0000000000000000     
   144.00000000000000        23491.696388490389        0.0000000000000000     
   148.00000000000000        22390.795834855518        0.0000000000000000     
   152.00000000000000        21808.490322317506        0.0000000000000000     
   156.00000000000000        20254.961651585203        0.0000000000000000     
   160.00000000000000        19520.717025151498        0.0000000000000000     
   164.00000000000000        19190.267362160332        0.0000000000000000     
   168.00000000000000        17216.813042817230        0.0000000000000000     
   172.00000000000000        16211.824490112005        0.0000000000000000     
   176.00000000000000        14089.905046681777        0.0000000000000000     
   180.00000000000000        13232.873164526833        0.0000000000000000     
   184.00000000000000        13004.946489794434        0.0000000000000000     
   188.00000000000000        11047.027461410345        0.0000000000000000     
   192.00000000000000        10087.030694203340        0.0000000000000000     
   196.00000000000000        9611.6916941193977        0.0000000000000000     
   200.00000000000000        8227.3894561410452        0.0000000000000000     
   204.00000000000000        7490.0837800532227        0.0000000000000000     
   208.00000000000000        6893.7867174734984        0.0000000000000000     
   212.00000000000000        5927.1339968972188        0.0000000000000000     
   216.00000000000000        5379.7218630184443        0.0000000000000000     
   220.00000000000000        4950.1262042502467        0.0000000000000000     
   224.00000000000000        4159.3376306762366        0.0000000000000000     
   228.00000000000000        3812.5555660451414        0.0000000000000000     
   232.00000000000000        3531.8388225467215        0.0000000000000000     
   236.00000000000000        2927.7002308008487        0.0000000000000000     
   240.00000000000000        2741.8951251754702        0.0000000000000000     
   244.00000000000000        2471.9688949379656        0.0000000000000000     
   248.00000000000000        2082.0410518876583        0.0000000000000000     
   252.00000000000000        1940.3060226387879        0.0000000000000000     
   256.00000000000000        1760.7097727067201        0.0000000000000000     
   260.00000000000000        1661.2195502956606        0.0000000000000000     
   264.00000000000000        1422.3711755835579        0.0000000000000000     
   268.00000000000000        1333.9038404719872        0.0000000000000000     
   272.00000000000000        1198.3364445743787        0.0000000000000000     
   276.00000000000000        1137.0830211733432        0.0000000000000000     
   280.00000000000000        1009.2299221223094        0.0000000000000000     
   284.00000000000000        937.18256758464167        0.0000000000000000     
   288.00000000000000        900.62087573835288        0.0000000000000000     
   292.00000000000000        863.71666659937898        0.0000000000000000     
   296.00000000000000        757.39681758263009        0.0000000000000000     
   300.00000000000000        712.67912621986170        0.0000000000000000     
   304.00000000000000        709.06560647862261        0.0000000000000000     
   308.00000000000000        662.71165154515325        0.0000000000000000     
   312.00000000000000        665.37964670573331        0.0000000000000000     
   316.00000000000000        620.54390294196912        0.0000000000000000     
   320.00000000000000        589.77595237864193        0.0000000000000000     
   324.00000000000000        578.51289459323868        0.0000000000000000     
   328.00000000000000        587.48912814024152        0.0000000000000000     
   332.00000000000000        543.97956605903539        0.0000000000000000     
   336.00000000000000        540.24186523602850        0.0000000000000000     
   340.00000000000000        525.61808648117369        0.0000000000000000     
   344.00000000000000        493.95455835243820        0.0000000000000000     
   348.00000000000000        488.43695687711420        0.0000000000000000     
   352.00000000000000        484.77911021433005        0.0000000000000000     
   356.00000000000000        454.03726667346348        0.0000000000000000     
   360.00000000000000        452.67836602613090        0.0000000000000000     
   364.00000000000000        444.97101763149112        0.0000000000000000     
   368.00000000000000        432.42287182257439        0.0000000000000000     
   372.00000000000000        419.68933134708129        0.0000000000000000     
   376.00000000000000        419.74793119817997        0.0000000000000000     
   380.00000000000000        403.78800724811953        0.0000000000000000     
   384.00000000000000        388.29323645931288        0.0000000000000000     
   388.00000000000000        369.12064959961674        0.0000000000000000     
   392.00000000000000        353.40811086145413        0.0000000000000000     
   396.00000000000000        350.51491840825582        0.0000000000000000     
   400.00000000000000        345.72676217532677        0.0000000000000000     
