   4.0000000000000000        0.0000000000000000        0.0000000000000000     
   8.0000000000000000        0.0000000000000000        0.0000000000000000     
   12.000000000000000        0.0000000000000000        0.0000000000000000     
   16.000000000000000        0.0000000000000000        0.0000000000000000     
   20.000000000000000        0.0000000000000000        0.0000000000000000     
   24.000000000000000        0.0000000000000000        0.0000000000000000     
   28.000000000000000        0.0000000000000000        0.0000000000000000     
   32.000000000000000        0.0000000000000000        0.0000000000000000     
   36.000000000000000        0.0000000000000000        0.0000000000000000     
   40.000000000000000        0.0000000000000000        0.0000000000000000     
   44.000000000000000        0.0000000000000000        0.0000000000000000     
   48.000000000000000        0.0000000000000000        0.0000000000000000     
   52.000000000000000        0.0000000000000000        0.0000000000000000     
   56.000000000000000        0.0000000000000000        0.0000000000000000     
   60.000000000000000        0.0000000000000000       0.47608862949536462     
   64.000000000000000        0.0000000000000000       0.57632384781865631     
   68.000000000000000        0.0000000000000000        1.5567158725722734     
   72.000000000000000        0.0000000000000000        4.2519349482494277     
   76.000000000000000        0.0000000000000000        7.2579244941382806     
   80.000000000000000        0.0000000000000000        7.4861517459859090     
   84.000000000000000        0.0000000000000000        14.146428457869286     
   88.000000000000000        0.0000000000000000        14.929800817577672     
   92.000000000000000        0.0000000000000000        22.159190795904184     
   96.000000000000000        0.0000000000000000        33.506054423572749     
   100.00000000000000        0.0000000000000000        34.044431324732436     
   104.00000000000000        0.0000000000000000        47.118662704088820     
   108.00000000000000        0.0000000000000000        48.127482661816749     
   112.00000000000000        0.0000000000000000        60.414565146895605     
   116.00000000000000        0.0000000000000000        77.015299090652647     
   120.00000000000000        0.0000000000000000        78.120781499129365     
   124.00000000000000        0.0000000000000000        93.967734633987433     
   128.00000000000000        0.0000000000000000        93.885355556957194     
   132.00000000000000        0.0000000000000000        99.592096834461401     
   136.00000000000000        0.0000000000000000        97.837371912204304     
   140.00000000000000        0.0000000000000000        104.03947507721773     
   144.00000000000000        0.0000000000000000        105.04280134586708     
   148.00000000000000        0.0000000000000000        101.43239136632927     
   152.00000000000000        0.0000000000000000        99.392576351774792     
   156.00000000000000        0.0000000000000000        96.474256203326178     
   160.00000000000000        0.0000000000000000        92.727384430380454     
   164.00000000000000        0.0000000000000000        87.843581594413166     
   168.00000000000000        0.0000000000000000        80.132697430884733     
   172.00000000000000        0.0000000000000000        74.029292925325805     
   176.00000000000000        0.0000000000000000        73.092686666059066     
   180.00000000000000        0.0000000000000000        57.325547457139209     
   184.00000000000000        0.0000000000000000        50.707759748195443     
   188.00000000000000        0.0000000000000000        40.232851830786174     
   192.00000000000000        0.0000000000000000        29.030216230580209     
   196.00000000000000        0.0000000000000000        23.115207725546746     
   200.00000000000000        0.0000000000000000        11.816653959308489     
   204.00000000000000        0.0000000000000000        7.7210238099393278     
   208.00000000000000        0.0000000000000000       -2.6829202502375065     
   212.00000000000000        0.0000000000000000       -11.844599103064223     
   216.00000000000000        0.0000000000000000       -15.991104782537139     
   220.00000000000000        0.0000000000000000       -23.983210367529956     
   224.00000000000000        0.0000000000000000       -21.816699872602769     
   228.00000000000000        0.0000000000000000       -27.305604218689975     
   232.00000000000000        0.0000000000000000       -33.149169426120750     
   236.00000000000000        0.0000000000000000       -32.354754423793551     
   240.00000000000000        0.0000000000000000       -35.280965705827384     
   244.00000000000000        0.0000000000000000       -38.827832305725359     
   248.00000000000000        0.0000000000000000       -29.913634280858695     
   252.00000000000000        0.0000000000000000       -32.244822164996975     
   256.00000000000000        0.0000000000000000       -26.184861693100398     
   260.00000000000000        0.0000000000000000       -26.026538633058149     
   264.00000000000000        0.0000000000000000       -23.718537263662483     
   268.00000000000000        0.0000000000000000       -21.435572919696185     
   272.00000000000000        0.0000000000000000       -20.839267884435181     
   276.00000000000000        0.0000000000000000       -19.441038725666015     
   280.00000000000000        0.0000000000000000       -15.025053244897995     
   284.00000000000000        0.0000000000000000       -14.722445100137014     
   288.00000000000000        0.0000000000000000       -14.208972947959456     
   292.00000000000000        0.0000000000000000       -10.940178505481011     
   296.00000000000000        0.0000000000000000       -10.550761217067061     
   300.00000000000000        0.0000000000000000       -9.5088270256556005     
   304.00000000000000        0.0000000000000000       -6.4702994778741658     
   308.00000000000000        0.0000000000000000       -6.2576479841664137     
   312.00000000000000        0.0000000000000000       -6.1003693158990782     
   316.00000000000000        0.0000000000000000       -6.0873670993773308     
   320.00000000000000        0.0000000000000000       -3.4393522790781508     
   324.00000000000000        0.0000000000000000       -3.2961596066317740     
   328.00000000000000        0.0000000000000000       -3.3466964176500507     
   332.00000000000000        0.0000000000000000       -2.1104575781830208     
   336.00000000000000        0.0000000000000000       -1.9306549486653393     
   340.00000000000000        0.0000000000000000       -1.5295711078072347     
   344.00000000000000        0.0000000000000000       -1.1891887943375952     
   348.00000000000000        0.0000000000000000      -0.80984433826251734     
   352.00000000000000        0.0000000000000000      -0.62348156169811131     
   356.00000000000000        0.0000000000000000      -0.39777381305345827     
   360.00000000000000        0.0000000000000000      -0.36631670368485708     
   364.00000000000000        0.0000000000000000      -0.23587978999006248     
   368.00000000000000        0.0000000000000000      -0.22661074869269557     
   372.00000000000000        0.0000000000000000      -0.21495941623414905     
   376.00000000000000        0.0000000000000000      -0.12322897945246199     
   380.00000000000000        0.0000000000000000      -0.16332469647978234     
   384.00000000000000        0.0000000000000000      -0.12917155783748424     
   388.00000000000000        0.0000000000000000       -9.4271837727352162E-002
   392.00000000000000        0.0000000000000000       -2.7448054204000379E-002
   396.00000000000000        0.0000000000000000       -3.5077764814277798E-003
   400.00000000000000        0.0000000000000000       -7.5124134960195502E-002
