   11.400000000000000        1.1539235728502827E-004   2.2280486898606448E-004
   22.800000000000001        1.4166294758122030E-004   2.7216570675365635E-004
   34.200000000000003        1.7113213870433559E-004   3.2710583701869156E-004
   45.600000000000001        2.1865604751579662E-004   4.1905493667137141E-004
   57.000000000000000        3.1860807150830314E-004   6.2145966809541622E-004
   68.400000000000006        5.3447028858629310E-004   1.0674017692711394E-003
   79.799999999999997        9.5099153859139782E-004   1.9274582148536008E-003
   91.200000000000003        1.6104902115757567E-003   3.2747004988627868E-003
   102.60000000000001        2.4987394922802316E-003   5.0562909911153068E-003
   114.00000000000000        3.5037856537223516E-003   7.0207614186524776E-003
   125.40000000000001        4.5452852529957368E-003   8.9927501289521448E-003
   136.80000000000001        5.4981424151139113E-003   1.0722341456482839E-002
   148.20000000000002        6.3289164214834050E-003   1.2148599537032337E-002
   159.59999999999999        7.1158599430897534E-003   1.3425865413326060E-002
   171.00000000000000        7.7002885781696038E-003   1.4260792110238394E-002
   182.40000000000001        8.1065481049736356E-003   1.4716808029260352E-002
   193.80000000000001        8.2695189695802529E-003   1.4695798165559172E-002
   205.20000000000002        8.0758522541463703E-003   1.4039915869899819E-002
   216.59999999999999        7.6275903450641882E-003   1.2958008577133220E-002
   228.00000000000000        6.8488094291532147E-003   1.1376362523086433E-002
   239.40000000000001        5.8938699179872898E-003   9.5837493773977336E-003
   250.80000000000001        4.9334412141837196E-003   7.8542158454988700E-003
   262.19999999999999        3.9876959053267323E-003   6.2326731717058451E-003
   273.60000000000002        3.1772566865420665E-003   4.8901563412841438E-003
   285.00000000000000        2.4800166673149540E-003   3.7721787084800530E-003
   296.40000000000003        1.9461257753172327E-003   2.9476588759365274E-003
   307.80000000000001        1.5379062826279383E-003   2.3235841604420213E-003
   319.19999999999999        1.2335427390504786E-003   1.8688302544513252E-003
   330.60000000000002        1.0158939182625779E-003   1.5458152067735829E-003
   342.00000000000000        8.5971789495962992E-004   1.3172587445774283E-003
   353.40000000000003        7.2738561505920354E-004   1.1144234952673361E-003
   364.80000000000001        6.5107381533919271E-004   9.9954090074440326E-004
   376.19999999999999        5.6769448350066517E-004   8.6803228809157059E-004
   387.60000000000002        5.3391034040529072E-004   8.1623337140613044E-004
   399.00000000000000        4.8387227385364179E-004   7.3213223329935296E-004
   410.40000000000003        4.3671642785398496E-004   6.5461114587484284E-004
   421.80000000000001        4.1406565138937498E-004   6.1259327948000634E-004
   433.19999999999999        3.7305865049733520E-004   5.4452003622052967E-004
   444.60000000000002        3.5224345060022773E-004   5.0499842708051211E-004
   456.00000000000000        3.3504922513123817E-004   4.7318861990270820E-004
   467.40000000000003        3.1114333615903989E-004   4.3243195842435805E-004
   478.80000000000001        3.0283413332708655E-004   4.1369440595207690E-004
   490.19999999999999        2.8470832786538697E-004   3.8106132544255217E-004
   501.60000000000002        2.6928248564351523E-004   3.5476087849730292E-004
   513.00000000000000        2.4441273884446885E-004   3.1515367704991741E-004
   524.39999999999998        2.2771619633753573E-004   2.8787629169818189E-004
   535.80000000000007        2.2989689647043906E-004   2.8696093537607076E-004
   547.20000000000005        2.1095253942342125E-004   2.5664927383810027E-004
   558.60000000000002        2.0736019323776457E-004   2.4734060435342166E-004
   570.00000000000000        1.9596169351557570E-004   2.3066715777604030E-004
