   12.980000000000000        3.6797424821796969E-005   9.1406332212816974E-005
   25.960000000000001        4.8972099668861880E-005   1.2103900409277025E-004
   38.939999999999998        6.3887098558058409E-005   1.5699148329159862E-004
   51.920000000000002        8.2174193857865297E-005   2.0080520176881842E-004
   64.900000000000006        1.0763044791257373E-004   2.6279670803626420E-004
   77.879999999999995        1.5378585908605970E-004   3.7944954289896376E-004
   90.859999999999999        2.4502916065114155E-004   6.1669082013993972E-004
   103.84000000000000        4.1856157795888346E-004   1.0728501118832596E-003
   116.82000000000001        7.3158723727978340E-004   1.8935088634988834E-003
   129.80000000000001        1.1874282251811035E-003   3.0673311677600623E-003
   142.78000000000000        1.8007100126806981E-003   4.6084082836620778E-003
   155.75999999999999        2.4818036606865626E-003   6.2631073238119030E-003
   168.74000000000001        3.1738213064674784E-003   7.8748422810118023E-003
   181.72000000000000        3.8486609136308652E-003   9.3741026880427153E-003
   194.70000000000002        4.4416834536205674E-003   1.0604838601670264E-002
   207.68000000000001        4.9389740170483858E-003   1.1543465912492541E-002
   220.66000000000000        5.3477735705611575E-003   1.2218108418186577E-002
   233.64000000000001        5.5536534001776813E-003   1.2385799078782386E-002
   246.62000000000000        5.5921749324167663E-003   1.2155187812669079E-002
   259.60000000000002        5.3723356712385983E-003   1.1379403429082001E-002
   272.57999999999998        4.9172289447985554E-003   1.0151355369739514E-002
   285.56000000000000        4.3177570646991013E-003   8.6835670666734737E-003
   298.54000000000002        3.6333362981281051E-003   7.1288981105503959E-003
   311.51999999999998        2.9367510874102995E-003   5.6357523248386681E-003
   324.50000000000000        2.3027970818899732E-003   4.3333850455865826E-003
   337.48000000000002        1.7823501540039333E-003   3.3092396298908932E-003
   350.46000000000004        1.3719314027536189E-003   2.5216536632206685E-003
   363.44000000000000        1.0563694411302945E-003   1.9350052943809465E-003
   376.42000000000002        8.3274947037836823E-004   1.5246070424919809E-003
   389.40000000000003        6.7758013496152741E-004   1.2449605385679275E-003
   402.38000000000000        5.5509160612339926E-004   1.0174795084200005E-003
   415.36000000000001        4.8259680730324461E-004   8.8497802681656104E-004
   428.34000000000003        4.1080866054428960E-004   7.4841876557953330E-004
   441.31999999999999        3.8049853834065239E-004   6.9122746957397865E-004
   454.30000000000001        3.4069436124074695E-004   6.1054483689137128E-004
   467.28000000000003        3.0463594507620852E-004   5.3869580954919640E-004
   480.25999999999999        2.8704505786563653E-004   4.9829502211349056E-004
   493.24000000000001        2.5621209082852181E-004   4.3640363256543951E-004
   506.22000000000003        2.4250299080096803E-004   4.0381920028704506E-004
   519.20000000000005        2.3010007817216227E-004   3.7520588855529096E-004
   532.18000000000006        2.1270866696301795E-004   3.3939818447302093E-004
   545.15999999999997        2.0697804624583366E-004   3.2290005983033355E-004
   558.13999999999999        1.9543634388425273E-004   2.9705642654013174E-004
   571.12000000000000        1.8294151290168073E-004   2.7257323546801815E-004
   584.10000000000002        1.6679274790820615E-004   2.4163343232911464E-004
   597.08000000000004        1.5460180109105645E-004   2.1863203769386107E-004
   610.06000000000006        1.5501938388096920E-004   2.1587832979476739E-004
   623.03999999999996        1.4289253506509763E-004   1.9280686752577538E-004
   636.01999999999998        1.3893667977805217E-004   1.8314444963617928E-004
   649.00000000000000        1.3113334765724798E-004   1.7003218027322926E-004
