   33.180000000000000        5.0098845199123798E-013   1.0913255779723496E-011
   66.359999999999999        1.1997715576221227E-012   2.5636230777783693E-011
   99.539999999999992        3.2088448120235256E-012   6.7798265962751910E-011
   132.72000000000000        8.2016434424316611E-012   1.7222653513361583E-010
   165.90000000000001        1.9368468288394790E-011   4.0405257852312757E-010
   199.07999999999998        4.3319995330480073E-011   8.8800193736297384E-010
   232.25999999999999        9.0992702074908064E-011   1.8328986105254354E-009
   265.44000000000000        2.4786187792689235E-010   5.0590176867773300E-009
   298.62000000000000        7.4244936112540476E-010   1.6217004443629026E-008
   331.80000000000001        1.9165114008018301E-009   4.0547482615870073E-008
   364.98000000000002        3.4730256676965546E-009   6.9119981144582923E-008
   398.15999999999997        6.4886366866431964E-009   1.2743261713595436E-007
   431.33999999999997        1.3517752151499598E-008   2.5504952275837227E-007
   464.51999999999998        2.3172836436924743E-008   4.2182590784439464E-007
   497.69999999999999        3.7694713957713431E-008   6.6420807730591855E-007
   530.88000000000000        6.2798383009517266E-008   1.0304754246397730E-006
   564.05999999999995        9.1228791464278901E-008   1.4603683483705955E-006
   597.24000000000001        1.5389093328673786E-007   2.3334963984698844E-006
   630.41999999999996        2.3167519510498360E-007   3.3551121393153889E-006
   663.60000000000002        3.8106498712436957E-007   5.3165293318047487E-006
   696.77999999999997        6.3059082083773601E-007   8.6282675798152856E-006
   729.96000000000004        1.1121401368030391E-006   1.5221849317858097E-005
   763.13999999999999        2.2574371222780686E-006   3.1357320947201133E-005
   796.31999999999994        4.9236978656532667E-006   6.8819238082745297E-005
   829.50000000000000        1.0858703749152572E-005   1.4852848530989211E-004
   862.67999999999995        2.1791247498632634E-005   2.8289970484394312E-004
   895.86000000000001        3.8422274888726405E-005   4.6751736509988867E-004
   929.03999999999996        5.8094470914838215E-005   6.5647068886817163E-004
   962.22000000000003        7.8242015583571042E-005   8.1892537417496637E-004
   995.39999999999998        9.5662386242350786E-005   9.2678247360530343E-004
   1028.5799999999999        1.0673665170711129E-004   9.5644228996023914E-004
   1061.7600000000000        1.0439581734761692E-004   8.6427340680280513E-004
   1094.9400000000001        8.7921717988334748E-005   6.7158890500229769E-004
   1128.1199999999999        6.3656467168874781E-005   4.4957605387427254E-004
   1161.3000000000000        4.1437235150610460E-005   2.7156964413492871E-004
   1194.4800000000000        2.5470382535910285E-005   1.5614361352143182E-004
   1227.6600000000001        1.6719219457378119E-005   9.5897185948046057E-005
   1260.8399999999999        1.1740827229482794E-005   6.2856101238999547E-005
   1294.0200000000000        9.4908826606600778E-006   4.6541215841429325E-005
   1327.2000000000000        8.4157638607688693E-006   3.7926435309162200E-005
   1360.3799999999999        7.6603034515933644E-006   3.1663708042524288E-005
   1393.5599999999999        7.4970893305467028E-006   2.8545495659518819E-005
   1426.7400000000000        7.1868552192596207E-006   2.5072811283647866E-005
   1459.9200000000001        6.7846188961891689E-006   2.1969460883560668E-005
   1493.0999999999999        6.2469649605263611E-006   1.8765852458709959E-005
   1526.2800000000000        5.7497739303111301E-006   1.6129055668424823E-005
   1559.4600000000000        5.6513021257628866E-006   1.4978514281727706E-005
   1592.6399999999999        4.9310881935544974E-006   1.2291416312350742E-005
   1625.8199999999999        4.6247225944549841E-006   1.0864006537884225E-005
   1659.0000000000000        4.2743917179913475E-006   9.4830192391998436E-006
