   19.820000000000000       -1.4696122657332426E-009   3.4220285645316650E-008
   39.640000000000001       -2.4283109853825624E-009   5.7755188950592576E-008
   59.460000000000001       -3.8296154302150963E-009   9.2676202735263357E-008
   79.280000000000001       -6.0305487255064008E-009   1.4755152391937770E-007
   99.099999999999994       -1.0189678130136936E-008   2.4452245496750727E-007
   118.92000000000000       -1.6905955496999819E-008   4.1187983488821578E-007
   138.74000000000001       -2.7964612504527292E-008   6.8371104648500816E-007
   158.56000000000000       -4.5864614819926454E-008   1.1303596555956053E-006
   178.38000000000000       -7.3283632784519267E-008   1.8435178298448717E-006
   198.19999999999999       -1.1362728484783660E-007   2.8665833041791265E-006
   218.02000000000001       -1.8897975255257339E-007   4.6729600462043824E-006
   237.84000000000000       -3.1785575599036349E-007   7.7743861979380876E-006
   257.66000000000003       -5.8489840874824492E-007   1.4012928022613239E-005
   277.48000000000002       -1.1698016318607378E-006   2.7319415419996783E-005
   297.30000000000001       -2.1798650844113218E-006   5.2236908348721652E-005
   317.12000000000000       -3.9106707013578062E-006   9.4432911981306858E-005
   336.94000000000000       -6.2709961651218323E-006   1.5506251762796759E-004
   356.75999999999999       -8.7925143060702200E-006   2.2248460268938666E-004
   376.57999999999998       -1.1135476831692160E-005   2.9746893379676263E-004
   396.39999999999998       -1.2192663158121978E-005   3.4629139771509001E-004
   416.22000000000003       -1.2787681840927709E-005   3.9177620059269354E-004
   436.04000000000002       -1.2111771481853754E-005   4.2154229382377186E-004
   455.86000000000001       -1.0531688221630385E-005   4.4835120686108451E-004
   475.68000000000001       -8.2236118611551875E-006   4.5795619974301090E-004
   495.50000000000000       -5.4694651311304496E-006   4.4223771233521951E-004
   515.32000000000005       -3.5897134735408642E-006   4.1486343019788428E-004
   535.13999999999999       -7.3229486524539378E-007   3.6030963841733046E-004
   554.96000000000004        5.2555875471286397E-007   2.8207007028035840E-004
   574.77999999999997        6.5949625665871314E-007   2.0996668096940862E-004
   594.60000000000002        1.2730998883159100E-006   1.3781444091224391E-004
   614.41999999999996        7.4653215279790760E-007   9.1179818990160644E-005
   634.24000000000001        7.1237241172771303E-007   5.1061088256788059E-005
   654.06000000000006        4.5534429129108753E-007   3.0144680782441570E-005
   673.88000000000000        9.5466300500326274E-008   1.6404651644176107E-005
   693.70000000000005        8.6425555741552156E-008   9.5562970496111894E-006
   713.51999999999998        5.4567035003646116E-008   5.1358949937115053E-006
   733.34000000000003        7.8295954527796229E-008   2.8808503755075615E-006
   753.15999999999997        8.1735944832874633E-009   1.8127828723834234E-006
   772.98000000000002        1.7557142388371083E-009   1.2290226578300526E-006
   792.79999999999995        6.4699776965364199E-009   7.0502887086614406E-007
   812.62000000000000       -1.1384222437175263E-008   4.9600353937303534E-007
   832.44000000000005        2.2016461469365300E-008   2.6489387567703763E-007
   852.25999999999999       -8.2799042371389053E-009   2.0324101848222062E-007
   872.08000000000004        8.4796809716039663E-009   1.2383883340015166E-007
   891.89999999999998        2.2631837376504799E-010   5.0859921626204991E-008
   911.72000000000003       -6.7298461618539146E-009   6.1045941081588662E-008
   931.53999999999996       -3.9801993736136480E-009   6.5373100995847866E-008
   951.36000000000001       -3.6206806751313224E-011  -1.0850214641440778E-008
   971.18000000000006        2.6046536024215711E-010  -1.2284717785345165E-008
   991.00000000000000        2.5345047960156304E-009  -8.4597338024527581E-009
