   15.119999999999999       -1.2647346908098575E-007   2.5136084201915006E-006
   30.239999999999998       -1.8740537311305524E-007   3.7311602676811034E-006
   45.359999999999999       -2.7114988264534015E-007   5.4174011641509730E-006
   60.479999999999997       -3.8433150744860666E-007   7.6952223606022805E-006
   75.599999999999994       -5.2477051524403879E-007   1.0609528965057306E-005
   90.719999999999999       -7.0944839344596511E-007   1.4400327158771854E-005
   105.83999999999999       -1.0016526198338121E-006   2.0160182396772565E-005
   120.95999999999999       -1.5571389500805820E-006   3.0232278309208759E-005
   136.07999999999998       -2.7552548772055988E-006   5.2326739643487449E-005
   151.19999999999999       -4.8638554321803429E-006   9.1474910303903381E-005
   166.31999999999999       -9.0828745725564367E-006   1.7419668365645686E-004
   181.44000000000000       -1.5206648821146583E-005   2.9096493827643973E-004
   196.56000000000000       -2.2640097782744694E-005   4.4493883643757900E-004
   211.67999999999998       -3.0219853735020226E-005   6.0450467687064911E-004
   226.79999999999998       -3.7406636912871402E-005   7.6112751528755449E-004
   241.91999999999999       -4.0947153201618966E-005   8.7184133010223758E-004
   257.03999999999996       -4.3314987455361103E-005   9.4444800328461246E-004
   272.15999999999997       -4.1900245860956541E-005   9.6285663836619703E-004
   287.27999999999997       -4.0892747458807326E-005   1.0083592222788714E-003
   302.39999999999998       -3.6009585350386089E-005   9.7599862316549409E-004
   317.51999999999998       -2.9975224444645500E-005   9.2331916429580128E-004
   332.63999999999999       -2.2363807270010641E-005   8.5121134296204401E-004
   347.75999999999999       -1.3709144347594775E-005   7.5359485067116351E-004
   362.88000000000000       -6.9223735044476099E-006   6.3765910562236345E-004
   378.00000000000000       -3.6089309561782927E-007   5.0652262693865456E-004
   393.12000000000000        8.3100583054749450E-007   4.0539080431981035E-004
   408.23999999999995        2.5041776890405279E-006   2.9646188281014652E-004
   423.35999999999996        2.9939364325440021E-006   2.2140428194350990E-004
   438.47999999999996        2.5265614235319151E-006   1.5011753959433827E-004
   453.59999999999997        2.1312037314899922E-006   9.9996922852972923E-005
   468.71999999999997        1.5447145666775909E-006   6.9176520917877223E-005
   483.83999999999997        1.1222572348238489E-006   4.5603797009601156E-005
   498.95999999999998        5.4610082834892949E-007   3.0945545818329318E-005
   514.07999999999993        1.5525733642253542E-007   1.7999638205722395E-005
   529.19999999999993        2.5108190392557071E-007   1.2956406431146889E-005
   544.31999999999994        9.1536696622240187E-008   8.2140357733136950E-006
   559.43999999999994        9.1890234571348670E-008   5.6058101640375454E-006
   574.55999999999995        7.8440854869443223E-008   3.5759017365527194E-006
   589.67999999999995        4.7943690061178076E-008   2.6644458628575425E-006
   604.79999999999995       -6.2022926130268163E-009   1.8482360327324531E-006
   619.91999999999996        1.6920431486557758E-008   1.4218683790342488E-006
   635.03999999999996        9.4641242965920253E-009   1.0232752042868429E-006
   650.15999999999997        6.4248335930175946E-008   7.8669054614171489E-007
   665.27999999999997        2.8917289694856172E-008   4.8634197759078094E-007
   680.39999999999998        9.2150773552195022E-009   4.8979692879953709E-007
   695.51999999999998        2.2416562946585254E-009   3.2134695514157983E-007
   710.63999999999999        7.6681407788258338E-009   2.8020800114840874E-007
   725.75999999999999        1.5546688557560639E-008   1.4460551090203973E-007
   740.88000000000000       -7.4479052440394671E-010   1.1923180428010921E-007
   756.00000000000000       -1.1830901841204672E-008   5.6938601158906286E-008
