   15.119999999999999        5.8885282938069036E-006   1.9451866236880786E-005
   30.239999999999998        8.6637507021254185E-006   2.8630996062434985E-005
   45.359999999999999        1.2575350264261460E-005   4.1474240697671690E-005
   60.479999999999997        1.7935720324215440E-005   5.8910381680389914E-005
   75.599999999999994        2.5633161184864433E-005   8.3871701020768450E-005
   90.719999999999999        3.7724871856001985E-005   1.2309094940705052E-004
   105.83999999999999        5.5380393735122958E-005   1.8061005430890475E-004
   120.95999999999999        8.2771809363173295E-005   2.7178234121301773E-004
   136.07999999999998        1.2882320074285921E-004   4.3050370427624046E-004
   151.19999999999999        2.1255057109224391E-004   7.2173212883390285E-004
   166.31999999999999        3.6580203738660925E-004   1.2531019024046258E-003
   181.44000000000000        6.0285402580719167E-004   2.0582836314882507E-003
   196.56000000000000        9.4070968511349097E-004   3.1721051733699722E-003
   211.67999999999998        1.3487977949696189E-003   4.4684445369467226E-003
   226.79999999999998        1.7865706881561869E-003   5.7944049346380106E-003
   241.91999999999999        2.2097782991795699E-003   7.0015383121663135E-003
   257.03999999999996        2.6078876192543923E-003   8.0611185648342843E-003
   272.15999999999997        2.9276903567450269E-003   8.8138808930493702E-003
   287.27999999999997        3.2082381534684849E-003   9.3921416644146341E-003
   302.39999999999998        3.3586896154947409E-003   9.5512762798099383E-003
   317.51999999999998        3.3686136283543455E-003   9.2972810403414204E-003
   332.63999999999999        3.2457163000794821E-003   8.6830888437348548E-003
   347.75999999999999        2.9545781301448019E-003   7.6619288980383834E-003
   362.88000000000000        2.5260147715557594E-003   6.3550734384906857E-003
   378.00000000000000        2.0770409325864725E-003   5.0755258824377852E-003
   393.12000000000000        1.6209682500382509E-003   3.8638784747737636E-003
   408.23999999999995        1.2386571049662043E-003   2.8888957416007030E-003
   423.35999999999996        9.2773959843950120E-004   2.1300645683450478E-003
   438.47999999999996        6.9897026348023170E-004   1.5880270625503561E-003
   453.59999999999997        5.3854628766532352E-004   1.2183698029796190E-003
   468.71999999999997        4.1767829215995876E-004   9.3876381060223921E-004
   483.83999999999997        3.4468301578592783E-004   7.7300870156208983E-004
   498.95999999999998        2.8458027284097832E-004   6.3207625235335932E-004
   514.07999999999993        2.5406442782621768E-004   5.6072244919098946E-004
   529.19999999999993        2.2256266370988907E-004   4.8292107544909324E-004
   544.31999999999994        1.9510835934963771E-004   4.1567507912850676E-004
   559.43999999999994        1.8354732173799475E-004   3.8145061277589478E-004
   574.55999999999995        1.6265004074720888E-004   3.2997510231608186E-004
   589.67999999999995        1.5312244421840935E-004   3.0123110894509839E-004
   604.79999999999995        1.4455000445247598E-004   2.7661153979743761E-004
   619.91999999999996        1.3308748981026764E-004   2.4748996792963086E-004
   635.03999999999996        1.3019504030305904E-004   2.3521557013009422E-004
   650.15999999999997        1.2308012442906552E-004   2.1511879715155135E-004
   665.27999999999997        1.1449558803512939E-004   1.9471833521208148E-004
   680.39999999999998        1.0462075150673966E-004   1.7205411186064002E-004
   695.51999999999998        9.7327064436832957E-005   1.5554844382603821E-004
   710.63999999999999        9.6387639881805268E-005   1.5084324885077617E-004
   725.75999999999999        8.8236647314229603E-005   1.3310511265338237E-004
   740.88000000000000        8.6014786989385288E-005   1.2625286886626961E-004
   756.00000000000000        8.1885051166781620E-005   1.1739929824867367E-004
