   33.180000000000000       -1.7119432862103247E-016   6.0533401679962821E-015
   66.359999999999999       -2.1464418307847888E-016   7.8166562648504858E-015
   99.539999999999992       -7.9074219631339356E-016   2.4916959184493798E-014
   132.72000000000000       -1.8490260829972272E-015   5.7088544003613825E-014
   165.90000000000001       -3.7831705271232667E-015   1.2374843590061070E-013
   199.07999999999998       -1.2428070870964517E-014   3.9532845860417825E-013
   232.25999999999999       -2.6800223562985530E-014   8.8804503191028036E-013
   265.44000000000000       -4.9829420507841625E-014   1.6952449229760477E-012
   298.62000000000000       -9.3571754547617180E-014   3.1990390897083557E-012
   331.80000000000001       -5.8995870479306009E-013   1.7218585704620289E-011
   364.98000000000002       -1.6062487542041421E-012   5.7825158517541453E-011
   398.15999999999997       -1.6685774488228427E-012   4.3806657522374435E-011
   431.33999999999997       -1.0673633787409726E-011   2.9615368235035059E-010
   464.51999999999998       -2.0173153892911164E-011   5.2820935154332348E-010
   497.69999999999999       -5.1358851640623525E-011   1.3938290989761641E-009
   530.88000000000000       -1.5742654526541849E-010   4.5285924711680518E-009
   564.05999999999995       -2.8171532112464099E-010   8.9977746653431886E-009
   597.24000000000001       -6.1761631476300511E-010   2.0005278633096048E-008
   630.41999999999996       -1.3869537564423093E-009   4.4994398065073776E-008
   663.60000000000002       -3.1625290651062118E-009   9.9503475584445008E-008
   696.77999999999997       -7.4134853091251157E-009   2.2791771558174894E-007
   729.96000000000004       -1.9243888890780496E-008   5.6837136344407218E-007
   763.13999999999999       -4.9636463575761720E-008   1.4307264456252846E-006
   796.31999999999994       -1.2422622018035163E-007   3.6950236548973304E-006
   829.50000000000000       -2.8085872695570195E-007   8.3959769442850909E-006
   862.67999999999995       -4.4355322710155266E-007   1.6078137937226898E-005
   895.86000000000001       -5.9446311622247364E-007   2.5816975128999528E-005
   929.03999999999996       -6.3140231144471117E-007   3.5878991527407343E-005
   962.22000000000003       -6.2404696662873857E-007   4.5265864069971248E-005
   995.39999999999998       -5.9113868450457666E-007   5.3348673074069879E-005
   1028.5799999999999       -1.0287420364805188E-006   5.7351142644857108E-005
   1061.7600000000000       -1.3665234153240349E-006   5.2127763829415344E-005
   1094.9400000000001       -1.1613866984823252E-006   3.5928329653831344E-005
   1128.1199999999999       -6.2868840505449088E-007   1.6839473868178535E-005
   1161.3000000000000       -6.1512827971711422E-007   7.2734025553243202E-006
   1194.4800000000000       -1.6778079989352288E-007   1.7119424761209241E-006
   1227.6600000000001       -2.4171207599996164E-008   2.2075153354293744E-007
   1260.8399999999999       -1.3862472264420668E-008  -1.8409112687993548E-007
   1294.0200000000000        2.4323198735510726E-008  -1.0835466885360294E-007
   1327.2000000000000        5.7298493384130705E-009  -3.0726074933387153E-008
   1360.3799999999999        4.8250717687744475E-010  -2.6101801649540791E-009
   1393.5599999999999        3.5240834439735839E-009  -2.7850177467033234E-009
   1426.7400000000000        2.5089284567189292E-010  -1.5676834619804807E-008
   1459.9200000000001       -4.8722570192120344E-010  -9.5628376331397096E-009
   1493.0999999999999        4.8628853295238728E-009  -2.2010698475483934E-008
   1526.2800000000000        2.4601775676366170E-009  -8.9451447815112178E-009
   1559.4600000000000        4.1981244918049552E-009  -8.6418720501089052E-009
   1592.6399999999999        5.5637997493176503E-010  -3.6548922507933372E-009
   1625.8199999999999        2.4665217650043355E-010  -1.2265191227373789E-009
   1659.0000000000000        2.5733629068892645E-010  -2.1014390739911770E-009
