   12.980000000000000       -7.9528524448784617E-007   1.3724913716721814E-005
   25.960000000000001       -1.0337126241240230E-006   1.7948898686504904E-005
   38.939999999999998       -1.3126440764273488E-006   2.2961496194307731E-005
   51.920000000000002       -1.6546427693459317E-006   2.9011784007142177E-005
   64.900000000000006       -2.1551523569414061E-006   3.7521094775211546E-005
   77.879999999999995       -3.1229689220708350E-006   5.3327244585865578E-005
   90.859999999999999       -5.4934514758188948E-006   9.0284645970923445E-005
   103.84000000000000       -1.0569808472284387E-005   1.6993550834384344E-004
   116.82000000000001       -1.9155319587868026E-005   3.1268697197066255E-004
   129.80000000000001       -3.0734019049205729E-005   5.1120755489121453E-004
   142.78000000000000       -4.4771306174294599E-005   7.5428721980651248E-004
   155.75999999999999       -5.7699938758149616E-005   9.8482414482536505E-004
   168.74000000000001       -6.7872523138712935E-005   1.1817918514723852E-003
   181.72000000000000       -7.2986270280918993E-005   1.3107786325512549E-003
   194.70000000000002       -7.7466817149600420E-005   1.4081392637588677E-003
   207.68000000000001       -7.6530099081905794E-005   1.4485747653333774E-003
   220.66000000000000       -7.4290481957075020E-005   1.4500098998825402E-003
   233.64000000000001       -6.6460937314873894E-005   1.3801774490191006E-003
   246.62000000000000       -5.6920244873559828E-005   1.3109086062983665E-003
   259.60000000000002       -4.6008613841099001E-005   1.1642749559335375E-003
   272.57999999999998       -3.3147028370963686E-005   1.0133836396918688E-003
   285.56000000000000       -2.1095124974012344E-005   8.4448524743369199E-004
   298.54000000000002       -1.1597966098198417E-005   6.9505886039108382E-004
   311.51999999999998       -4.2274277998694701E-006   5.4528338592651658E-004
   324.50000000000000        1.3704744141285660E-006   4.0945642261570804E-004
   337.48000000000002        6.7164605327668134E-007   3.0938954979962318E-004
   350.46000000000004        2.5867197600830315E-006   2.2460224381321388E-004
   363.44000000000000        2.0917813379879127E-006   1.6952826531805245E-004
   376.42000000000002        2.4565176262260590E-006   1.1584065663628634E-004
   389.40000000000003        1.5172797358709251E-006   8.1420238405666888E-005
   402.38000000000000        1.1330478846842616E-006   5.7634156421705433E-005
   415.36000000000001        5.3496476484457924E-007   3.9837383818771611E-005
   428.34000000000003        4.5968427017144384E-007   2.9133942460526745E-005
   441.31999999999999        1.6521646911225857E-007   1.8436814103722709E-005
   454.30000000000001        2.4130063169193516E-007   1.3889373645824390E-005
   467.28000000000003        8.8157351408719565E-008   9.4805282970505142E-006
   480.25999999999999        1.1439480694733929E-007   7.0314337494075893E-006
   493.24000000000001        6.3615757939711293E-008   4.7316218093535951E-006
   506.22000000000003        5.7992630762519894E-008   3.6667573533590589E-006
   519.20000000000005       -1.2664928984277955E-008   2.5834917870203024E-006
   532.18000000000006        1.6584577388986855E-008   2.0362211686100058E-006
   545.15999999999997        2.6752170221403641E-008   1.6006756451427211E-006
   558.13999999999999        7.3573465370666434E-008   1.2883970414476192E-006
   571.12000000000000        2.4783503336052522E-008   8.9313542808698282E-007
   584.10000000000002        1.7521102175616166E-008   8.8435983628305506E-007
   597.08000000000004       -8.4794178644682304E-009   5.3854010301796409E-007
   610.06000000000006        7.4947991205219663E-009   4.3066572098174911E-007
   623.03999999999996        3.4578202391053762E-008   4.2255185320540955E-007
   636.01999999999998        4.4093665528642732E-008   2.7870140515178485E-007
   649.00000000000000        3.9000904094463704E-008   2.3365416378526126E-007
