   11.400000000000000       -2.2876062883873540E-006   3.5311488141546093E-005
   22.800000000000001       -2.7328197054498695E-006   4.2489329038312912E-005
   34.200000000000003       -3.2097160599461073E-006   5.0293680801561957E-005
   45.600000000000001       -4.2366251441819604E-006   6.4482187279122532E-005
   57.000000000000000       -7.0047066045117450E-006   1.0184211495534032E-004
   68.400000000000006       -1.3274769410236685E-005   1.9087749559850383E-004
   79.799999999999997       -2.4997216878690213E-005   3.5708429504358600E-004
   91.200000000000003       -4.3490181919403151E-005   6.2367207962431813E-004
   102.60000000000001       -6.4242940690539609E-005   9.3948420795424668E-004
   114.00000000000000       -8.4364129725309929E-005   1.2635959597374347E-003
   125.40000000000001       -1.0120394888952318E-004   1.5360523367206761E-003
   136.80000000000001       -1.1006588387641819E-004   1.6956628730709559E-003
   148.20000000000002       -1.1633522412685864E-004   1.8344436839303261E-003
   159.59999999999999       -1.1434900395058451E-004   1.8636848388127077E-003
   171.00000000000000       -1.1584761741186305E-004   1.9017881351344162E-003
   182.40000000000001       -1.0824595756713537E-004   1.8490098957836907E-003
   193.80000000000001       -9.8256730095616805E-005   1.7370326111571623E-003
   205.20000000000002       -8.0500812648431422E-005   1.5440214565303810E-003
   216.59999999999999       -6.3075757946780861E-005   1.3718795130660023E-003
   228.00000000000000       -4.8047029632531857E-005   1.1435784501443859E-003
   239.40000000000001       -3.1282424610346900E-005   9.3238379564474796E-004
   250.80000000000001       -1.9005895405652085E-005   7.4650053295555793E-004
   262.19999999999999       -9.9721434600891607E-006   5.7576424005140170E-004
   273.60000000000002       -3.4623871366877463E-006   4.4424516716688793E-004
   285.00000000000000        5.1848060154874440E-007   3.2841467915420370E-004
   296.40000000000003       -8.0835541170498753E-007   2.4582941460183570E-004
   307.80000000000001        1.1239185339580435E-006   1.8205250271270698E-004
   319.19999999999999        8.9900910577658298E-007   1.3885268249153461E-004
   330.60000000000002        1.1845174661190050E-006   9.6972523595559589E-005
   342.00000000000000        8.6247889775704057E-007   7.1111679672402239E-005
   353.40000000000003        4.5856236404419394E-007   5.2452489145163927E-005
   364.80000000000001        2.6242960500548237E-007   3.7674592150246336E-005
   376.19999999999999        1.2986286866294426E-007   2.8680988048923538E-005
   387.60000000000002        2.4740364834812795E-008   1.9746817023655840E-005
   399.00000000000000       -1.2839404587590418E-008   1.5545895874254769E-005
   410.40000000000003        6.7150336762891358E-009   1.1095129746890994E-005
   421.80000000000001        2.1270311618829653E-008   8.4172617203479975E-006
   433.19999999999999       -2.2282711320207543E-009   6.0182912877393665E-006
   444.60000000000002        1.5078245811427606E-008   4.7585263606584404E-006
   456.00000000000000       -4.0967443022793926E-008   3.4528560448938644E-006
   467.40000000000003       -2.5900392107695289E-009   2.7646883374526120E-006
   478.80000000000001        1.2773280457877048E-008   2.2133644558262393E-006
   490.19999999999999        6.2411132010787393E-008   1.8564243973560715E-006
   501.60000000000002        1.8183177483942538E-008   1.3733346546385616E-006
   513.00000000000000       -3.6615330751546774E-009   1.3026365811217087E-006
   524.39999999999998       -2.8367144526619555E-008   9.2833563302069434E-007
   535.80000000000007        3.1353531583335282E-008   7.4991703598058397E-007
   547.20000000000005        4.0082891171811929E-008   6.8134273174208794E-007
   558.60000000000002        3.1865948199315150E-008   4.7206293967709053E-007
   570.00000000000000        7.0866096142452596E-008   5.3631452140458582E-007
