   19.820000000000000        9.1055806959370456E-008   5.1515611137369134E-007
   39.640000000000001        1.5250978253175755E-007   8.5025252712470124E-007
   59.460000000000001        2.4421020179987722E-007   1.3449403242435607E-006
   79.280000000000001        3.8189873726556645E-007   2.0868513036177449E-006
   99.099999999999994        6.7622039649635205E-007   3.7135404774794307E-006
   118.92000000000000        1.4012539738503527E-006   7.7407191254926531E-006
   138.74000000000001        2.4677387703628180E-006   1.3774472127717762E-005
   158.56000000000000        4.0983281099006294E-006   2.2816259224975402E-005
   178.38000000000000        6.0708247324235011E-006   3.3517206331082629E-005
   198.19999999999999        9.0237911463482472E-006   4.9486948453814815E-005
   218.02000000000001        1.3298061543458640E-005   7.2518323796936623E-005
   237.84000000000000        1.9610424124718734E-005   1.0688061946484835E-004
   257.66000000000003        3.2036482273287254E-005   1.7623241477442446E-004
   277.48000000000002        5.3577816814510620E-005   2.9804135206345784E-004
   297.30000000000001        9.5029651927135771E-005   5.3107997529844222E-004
   317.12000000000000        1.6693546793798017E-004   9.2428596107629825E-004
   336.94000000000000        2.7381026319453635E-004   1.4861143490514559E-003
   356.75999999999999        4.1909249590837104E-004   2.2118861778316068E-003
   376.57999999999998        5.9117611598612067E-004   3.0222419906219319E-003
   396.39999999999998        7.5771946803778573E-004   3.7394743205740174E-003
   416.22000000000003        9.1143870935741914E-004   4.3365086310685509E-003
   436.04000000000002        1.0560475378911089E-003   4.8363927386214506E-003
   455.86000000000001        1.1577477481111316E-003   5.0957788892396320E-003
   475.68000000000001        1.2107248941972447E-003   5.1152502471098179E-003
   495.50000000000000        1.1946311602701570E-003   4.8412030424129894E-003
   515.32000000000005        1.0886402947856547E-003   4.2285428099377740E-003
   535.13999999999999        9.3389318209567880E-004   3.4794621210449497E-003
   554.96000000000004        7.3961988977030134E-004   2.6482859050481239E-003
   574.77999999999997        5.5414272264497444E-004   1.9132369622334852E-003
   594.60000000000002        3.9979067204800228E-004   1.3400830644518099E-003
   614.41999999999996        2.8461590903473117E-004   9.2900999528703558E-004
   634.24000000000001        2.0713152197815565E-004   6.6497430914560227E-004
   654.06000000000006        1.5400136150626196E-004   4.8489155325807942E-004
   673.88000000000000        1.2369770412680369E-004   3.8361828859482015E-004
   693.70000000000005        1.0084667026631617E-004   3.0561347510548505E-004
   713.51999999999998        8.4668541733376674E-005   2.4949201080639997E-004
   733.34000000000003        7.6691580416509114E-005   2.1771454667907767E-004
   753.15999999999997        6.7144899403148644E-005   1.8383636228120213E-004
   772.98000000000002        6.2606938268710424E-005   1.6357706834035170E-004
   792.79999999999995        5.9237965210277449E-005   1.4873836663738545E-004
   812.62000000000000        5.4028651295575026E-005   1.2969010255125236E-004
   832.44000000000005        5.3072798169636365E-005   1.2242625483220977E-004
   852.25999999999999        5.0247586856450088E-005   1.1050439550380864E-004
   872.08000000000004        4.6769338536527884E-005   9.8859769734418968E-005
   891.89999999999998        4.2971271413477114E-005   8.6929849834165219E-005
   911.72000000000003        3.9310316190283233E-005   7.6633952149442308E-005
   931.53999999999996        3.9159428294781418E-005   7.3791942288704162E-005
   951.36000000000001        3.4947882512015305E-005   6.3296913682879557E-005
   971.18000000000006        3.4099627459681143E-005   5.9459735737860671E-005
   991.00000000000000        3.2301348185868566E-005   5.4497439049504845E-005
